ARM GAS  C:\Users\ikui753\AppData\Local\Temp\ccrnTAM4.s 			page 1


   1              		.syntax unified
   2              		.cpu cortex-m3
   3              		.fpu softvfp
   4              		.eabi_attribute 20, 1
   5              		.eabi_attribute 21, 1
   6              		.eabi_attribute 23, 3
   7              		.eabi_attribute 24, 1
   8              		.eabi_attribute 25, 1
   9              		.eabi_attribute 26, 1
  10              		.eabi_attribute 30, 6
  11              		.eabi_attribute 34, 1
  12              		.eabi_attribute 18, 4
  13              		.thumb
  14              		.syntax unified
  15              		.file	"initialise.c"
  16              		.text
  17              	.Ltext0:
  18              		.cfi_sections	.debug_frame
  19              		.section	.text.init,"ax",%progbits
  20              		.align	2
  21              		.global	init
  22              		.thumb
  23              		.thumb_func
  24              		.type	init, %function
  25              	init:
  26              	.LFB64:
  27              		.file 1 "initialise.c"
   1:initialise.c  **** /* ========================================
   2:initialise.c  ****  *
   3:initialise.c  ****  * Copyright YOUR COMPANY, THE YEAR
   4:initialise.c  ****  * All Rights Reserved
   5:initialise.c  ****  * UNPUBLISHED, LICENSED SOFTWARE.
   6:initialise.c  ****  *
   7:initialise.c  ****  * CONFIDENTIAL AND PROPRIETARY INFORMATION
   8:initialise.c  ****  * WHICH IS THE PROPERTY OF your company.
   9:initialise.c  ****  *
  10:initialise.c  ****  * ========================================
  11:initialise.c  ****  */
  12:initialise.c  **** #include <project.h>
  13:initialise.c  **** #include "initialise.h"
  14:initialise.c  **** 
  15:initialise.c  **** void init()
  16:initialise.c  **** {
  28              		.loc 1 16 0
  29              		.cfi_startproc
  30              		@ args = 0, pretend = 0, frame = 0
  31              		@ frame_needed = 1, uses_anonymous_args = 0
  32 0000 80B5     		push	{r7, lr}
  33              		.cfi_def_cfa_offset 8
  34              		.cfi_offset 7, -8
  35              		.cfi_offset 14, -4
  36 0002 00AF     		add	r7, sp, #0
  37              		.cfi_def_cfa_register 7
  17:initialise.c  ****     Clock_PWM_Start();
  38              		.loc 1 17 0
  39 0004 FFF7FEFF 		bl	Clock_PWM_Start
  18:initialise.c  ****     PWM_1_Start();
ARM GAS  C:\Users\ikui753\AppData\Local\Temp\ccrnTAM4.s 			page 2


  40              		.loc 1 18 0
  41 0008 FFF7FEFF 		bl	PWM_1_Start
  19:initialise.c  ****     PWM_1_WritePeriod(MAX_PWM_COUNT);
  42              		.loc 1 19 0
  43 000c 4FF6FF70 		movw	r0, #65535
  44 0010 FFF7FEFF 		bl	PWM_1_WritePeriod
  20:initialise.c  ****     PWM_2_Start();
  45              		.loc 1 20 0
  46 0014 FFF7FEFF 		bl	PWM_2_Start
  21:initialise.c  ****     PWM_2_WritePeriod(MAX_PWM_COUNT);
  47              		.loc 1 21 0
  48 0018 4FF6FF70 		movw	r0, #65535
  49 001c FFF7FEFF 		bl	PWM_2_WritePeriod
  22:initialise.c  **** 
  23:initialise.c  ****     // start quadrature decoders
  24:initialise.c  ****     QuadDec_M1_Start();
  50              		.loc 1 24 0
  51 0020 FFF7FEFF 		bl	QuadDec_M1_Start
  25:initialise.c  ****     QuadDec_M2_Start();
  52              		.loc 1 25 0
  53 0024 FFF7FEFF 		bl	QuadDec_M2_Start
  26:initialise.c  ****     SpeedTimer_Start();
  54              		.loc 1 26 0
  55 0028 FFF7FEFF 		bl	SpeedTimer_Start
  27:initialise.c  ****     SpeedClock_Start();
  56              		.loc 1 27 0
  57 002c FFF7FEFF 		bl	SpeedClock_Start
  28:initialise.c  **** }
  58              		.loc 1 28 0
  59 0030 00BF     		nop
  60 0032 80BD     		pop	{r7, pc}
  61              		.cfi_endproc
  62              	.LFE64:
  63              		.size	init, .-init
  64              		.text
  65              	.Letext0:
  66              		.file 2 "c:\\program files (x86)\\cypress\\psoc creator\\4.2\\psoc creator\\import\\gnu\\arm\\5.4.
  67              		.file 3 "c:\\program files (x86)\\cypress\\psoc creator\\4.2\\psoc creator\\import\\gnu\\arm\\5.4.
  68              		.file 4 "Generated_Source\\PSoC5/core_cm3.h"
  69              		.section	.debug_info,"",%progbits
  70              	.Ldebug_info0:
  71 0000 BC000000 		.4byte	0xbc
  72 0004 0400     		.2byte	0x4
  73 0006 00000000 		.4byte	.Ldebug_abbrev0
  74 000a 04       		.byte	0x4
  75 000b 01       		.uleb128 0x1
  76 000c 33000000 		.4byte	.LASF15
  77 0010 0C       		.byte	0xc
  78 0011 06010000 		.4byte	.LASF16
  79 0015 13010000 		.4byte	.LASF17
  80 0019 00000000 		.4byte	.Ldebug_ranges0+0
  81 001d 00000000 		.4byte	0
  82 0021 00000000 		.4byte	.Ldebug_line0
  83 0025 02       		.uleb128 0x2
  84 0026 01       		.byte	0x1
  85 0027 06       		.byte	0x6
  86 0028 81010000 		.4byte	.LASF0
ARM GAS  C:\Users\ikui753\AppData\Local\Temp\ccrnTAM4.s 			page 3


  87 002c 02       		.uleb128 0x2
  88 002d 01       		.byte	0x1
  89 002e 08       		.byte	0x8
  90 002f F3000000 		.4byte	.LASF1
  91 0033 02       		.uleb128 0x2
  92 0034 02       		.byte	0x2
  93 0035 05       		.byte	0x5
  94 0036 9D010000 		.4byte	.LASF2
  95 003a 02       		.uleb128 0x2
  96 003b 02       		.byte	0x2
  97 003c 07       		.byte	0x7
  98 003d 0E000000 		.4byte	.LASF3
  99 0041 03       		.uleb128 0x3
 100 0042 8D010000 		.4byte	.LASF9
 101 0046 02       		.byte	0x2
 102 0047 3F       		.byte	0x3f
 103 0048 4C000000 		.4byte	0x4c
 104 004c 02       		.uleb128 0x2
 105 004d 04       		.byte	0x4
 106 004e 05       		.byte	0x5
 107 004f 64010000 		.4byte	.LASF4
 108 0053 02       		.uleb128 0x2
 109 0054 04       		.byte	0x4
 110 0055 07       		.byte	0x7
 111 0056 CA000000 		.4byte	.LASF5
 112 005a 02       		.uleb128 0x2
 113 005b 08       		.byte	0x8
 114 005c 05       		.byte	0x5
 115 005d 00000000 		.4byte	.LASF6
 116 0061 02       		.uleb128 0x2
 117 0062 08       		.byte	0x8
 118 0063 07       		.byte	0x7
 119 0064 DC000000 		.4byte	.LASF7
 120 0068 04       		.uleb128 0x4
 121 0069 04       		.byte	0x4
 122 006a 05       		.byte	0x5
 123 006b 696E7400 		.ascii	"int\000"
 124 006f 02       		.uleb128 0x2
 125 0070 04       		.byte	0x4
 126 0071 07       		.byte	0x7
 127 0072 21000000 		.4byte	.LASF8
 128 0076 03       		.uleb128 0x3
 129 0077 A7010000 		.4byte	.LASF10
 130 007b 03       		.byte	0x3
 131 007c 2C       		.byte	0x2c
 132 007d 41000000 		.4byte	0x41
 133 0081 02       		.uleb128 0x2
 134 0082 04       		.byte	0x4
 135 0083 04       		.byte	0x4
 136 0084 97010000 		.4byte	.LASF11
 137 0088 02       		.uleb128 0x2
 138 0089 08       		.byte	0x8
 139 008a 04       		.byte	0x4
 140 008b 6D010000 		.4byte	.LASF12
 141 008f 02       		.uleb128 0x2
 142 0090 01       		.byte	0x1
 143 0091 08       		.byte	0x8
ARM GAS  C:\Users\ikui753\AppData\Local\Temp\ccrnTAM4.s 			page 4


 144 0092 01010000 		.4byte	.LASF13
 145 0096 02       		.uleb128 0x2
 146 0097 04       		.byte	0x4
 147 0098 07       		.byte	0x7
 148 0099 AF010000 		.4byte	.LASF14
 149 009d 05       		.uleb128 0x5
 150 009e 2E000000 		.4byte	.LASF18
 151 00a2 01       		.byte	0x1
 152 00a3 0F       		.byte	0xf
 153 00a4 00000000 		.4byte	.LFB64
 154 00a8 34000000 		.4byte	.LFE64-.LFB64
 155 00ac 01       		.uleb128 0x1
 156 00ad 9C       		.byte	0x9c
 157 00ae 06       		.uleb128 0x6
 158 00af 74010000 		.4byte	.LASF19
 159 00b3 04       		.byte	0x4
 160 00b4 1207     		.2byte	0x712
 161 00b6 BA000000 		.4byte	0xba
 162 00ba 07       		.uleb128 0x7
 163 00bb 76000000 		.4byte	0x76
 164 00bf 00       		.byte	0
 165              		.section	.debug_abbrev,"",%progbits
 166              	.Ldebug_abbrev0:
 167 0000 01       		.uleb128 0x1
 168 0001 11       		.uleb128 0x11
 169 0002 01       		.byte	0x1
 170 0003 25       		.uleb128 0x25
 171 0004 0E       		.uleb128 0xe
 172 0005 13       		.uleb128 0x13
 173 0006 0B       		.uleb128 0xb
 174 0007 03       		.uleb128 0x3
 175 0008 0E       		.uleb128 0xe
 176 0009 1B       		.uleb128 0x1b
 177 000a 0E       		.uleb128 0xe
 178 000b 55       		.uleb128 0x55
 179 000c 17       		.uleb128 0x17
 180 000d 11       		.uleb128 0x11
 181 000e 01       		.uleb128 0x1
 182 000f 10       		.uleb128 0x10
 183 0010 17       		.uleb128 0x17
 184 0011 00       		.byte	0
 185 0012 00       		.byte	0
 186 0013 02       		.uleb128 0x2
 187 0014 24       		.uleb128 0x24
 188 0015 00       		.byte	0
 189 0016 0B       		.uleb128 0xb
 190 0017 0B       		.uleb128 0xb
 191 0018 3E       		.uleb128 0x3e
 192 0019 0B       		.uleb128 0xb
 193 001a 03       		.uleb128 0x3
 194 001b 0E       		.uleb128 0xe
 195 001c 00       		.byte	0
 196 001d 00       		.byte	0
 197 001e 03       		.uleb128 0x3
 198 001f 16       		.uleb128 0x16
 199 0020 00       		.byte	0
 200 0021 03       		.uleb128 0x3
ARM GAS  C:\Users\ikui753\AppData\Local\Temp\ccrnTAM4.s 			page 5


 201 0022 0E       		.uleb128 0xe
 202 0023 3A       		.uleb128 0x3a
 203 0024 0B       		.uleb128 0xb
 204 0025 3B       		.uleb128 0x3b
 205 0026 0B       		.uleb128 0xb
 206 0027 49       		.uleb128 0x49
 207 0028 13       		.uleb128 0x13
 208 0029 00       		.byte	0
 209 002a 00       		.byte	0
 210 002b 04       		.uleb128 0x4
 211 002c 24       		.uleb128 0x24
 212 002d 00       		.byte	0
 213 002e 0B       		.uleb128 0xb
 214 002f 0B       		.uleb128 0xb
 215 0030 3E       		.uleb128 0x3e
 216 0031 0B       		.uleb128 0xb
 217 0032 03       		.uleb128 0x3
 218 0033 08       		.uleb128 0x8
 219 0034 00       		.byte	0
 220 0035 00       		.byte	0
 221 0036 05       		.uleb128 0x5
 222 0037 2E       		.uleb128 0x2e
 223 0038 00       		.byte	0
 224 0039 3F       		.uleb128 0x3f
 225 003a 19       		.uleb128 0x19
 226 003b 03       		.uleb128 0x3
 227 003c 0E       		.uleb128 0xe
 228 003d 3A       		.uleb128 0x3a
 229 003e 0B       		.uleb128 0xb
 230 003f 3B       		.uleb128 0x3b
 231 0040 0B       		.uleb128 0xb
 232 0041 11       		.uleb128 0x11
 233 0042 01       		.uleb128 0x1
 234 0043 12       		.uleb128 0x12
 235 0044 06       		.uleb128 0x6
 236 0045 40       		.uleb128 0x40
 237 0046 18       		.uleb128 0x18
 238 0047 9642     		.uleb128 0x2116
 239 0049 19       		.uleb128 0x19
 240 004a 00       		.byte	0
 241 004b 00       		.byte	0
 242 004c 06       		.uleb128 0x6
 243 004d 34       		.uleb128 0x34
 244 004e 00       		.byte	0
 245 004f 03       		.uleb128 0x3
 246 0050 0E       		.uleb128 0xe
 247 0051 3A       		.uleb128 0x3a
 248 0052 0B       		.uleb128 0xb
 249 0053 3B       		.uleb128 0x3b
 250 0054 05       		.uleb128 0x5
 251 0055 49       		.uleb128 0x49
 252 0056 13       		.uleb128 0x13
 253 0057 3F       		.uleb128 0x3f
 254 0058 19       		.uleb128 0x19
 255 0059 3C       		.uleb128 0x3c
 256 005a 19       		.uleb128 0x19
 257 005b 00       		.byte	0
ARM GAS  C:\Users\ikui753\AppData\Local\Temp\ccrnTAM4.s 			page 6


 258 005c 00       		.byte	0
 259 005d 07       		.uleb128 0x7
 260 005e 35       		.uleb128 0x35
 261 005f 00       		.byte	0
 262 0060 49       		.uleb128 0x49
 263 0061 13       		.uleb128 0x13
 264 0062 00       		.byte	0
 265 0063 00       		.byte	0
 266 0064 00       		.byte	0
 267              		.section	.debug_aranges,"",%progbits
 268 0000 1C000000 		.4byte	0x1c
 269 0004 0200     		.2byte	0x2
 270 0006 00000000 		.4byte	.Ldebug_info0
 271 000a 04       		.byte	0x4
 272 000b 00       		.byte	0
 273 000c 0000     		.2byte	0
 274 000e 0000     		.2byte	0
 275 0010 00000000 		.4byte	.LFB64
 276 0014 34000000 		.4byte	.LFE64-.LFB64
 277 0018 00000000 		.4byte	0
 278 001c 00000000 		.4byte	0
 279              		.section	.debug_ranges,"",%progbits
 280              	.Ldebug_ranges0:
 281 0000 00000000 		.4byte	.LFB64
 282 0004 34000000 		.4byte	.LFE64
 283 0008 00000000 		.4byte	0
 284 000c 00000000 		.4byte	0
 285              		.section	.debug_line,"",%progbits
 286              	.Ldebug_line0:
 287 0000 64010000 		.section	.debug_str,"MS",%progbits,1
 287      02004501 
 287      00000201 
 287      FB0E0D00 
 287      01010101 
 288              	.LASF6:
 289 0000 6C6F6E67 		.ascii	"long long int\000"
 289      206C6F6E 
 289      6720696E 
 289      7400
 290              	.LASF3:
 291 000e 73686F72 		.ascii	"short unsigned int\000"
 291      7420756E 
 291      7369676E 
 291      65642069 
 291      6E7400
 292              	.LASF8:
 293 0021 756E7369 		.ascii	"unsigned int\000"
 293      676E6564 
 293      20696E74 
 293      00
 294              	.LASF18:
 295 002e 696E6974 		.ascii	"init\000"
 295      00
 296              	.LASF15:
 297 0033 474E5520 		.ascii	"GNU C99 5.4.1 20160609 (release) [ARM/embedded-5-br"
 297      43393920 
 297      352E342E 
ARM GAS  C:\Users\ikui753\AppData\Local\Temp\ccrnTAM4.s 			page 7


 297      31203230 
 297      31363036 
 298 0066 616E6368 		.ascii	"anch revision 237715] -mcpu=cortex-m3 -mthumb -g -O"
 298      20726576 
 298      6973696F 
 298      6E203233 
 298      37373135 
 299 0099 30202D73 		.ascii	"0 -std=c99 -ffunction-sections -ffat-lto-objects\000"
 299      74643D63 
 299      3939202D 
 299      6666756E 
 299      6374696F 
 300              	.LASF5:
 301 00ca 6C6F6E67 		.ascii	"long unsigned int\000"
 301      20756E73 
 301      69676E65 
 301      6420696E 
 301      7400
 302              	.LASF7:
 303 00dc 6C6F6E67 		.ascii	"long long unsigned int\000"
 303      206C6F6E 
 303      6720756E 
 303      7369676E 
 303      65642069 
 304              	.LASF1:
 305 00f3 756E7369 		.ascii	"unsigned char\000"
 305      676E6564 
 305      20636861 
 305      7200
 306              	.LASF13:
 307 0101 63686172 		.ascii	"char\000"
 307      00
 308              	.LASF16:
 309 0106 696E6974 		.ascii	"initialise.c\000"
 309      69616C69 
 309      73652E63 
 309      00
 310              	.LASF17:
 311 0113 483A5C44 		.ascii	"H:\\Documents\\GitHub\\301-Robot\\psoc student pack"
 311      6F63756D 
 311      656E7473 
 311      5C476974 
 311      4875625C 
 312 0142 5C70736F 		.ascii	"\\psoc_code_base\\CS301_Class.cydsn\000"
 312      635F636F 
 312      64655F62 
 312      6173655C 
 312      43533330 
 313              	.LASF4:
 314 0164 6C6F6E67 		.ascii	"long int\000"
 314      20696E74 
 314      00
 315              	.LASF12:
 316 016d 646F7562 		.ascii	"double\000"
 316      6C6500
 317              	.LASF19:
 318 0174 49544D5F 		.ascii	"ITM_RxBuffer\000"
ARM GAS  C:\Users\ikui753\AppData\Local\Temp\ccrnTAM4.s 			page 8


 318      52784275 
 318      66666572 
 318      00
 319              	.LASF0:
 320 0181 7369676E 		.ascii	"signed char\000"
 320      65642063 
 320      68617200 
 321              	.LASF9:
 322 018d 5F5F696E 		.ascii	"__int32_t\000"
 322      7433325F 
 322      7400
 323              	.LASF11:
 324 0197 666C6F61 		.ascii	"float\000"
 324      7400
 325              	.LASF2:
 326 019d 73686F72 		.ascii	"short int\000"
 326      7420696E 
 326      7400
 327              	.LASF10:
 328 01a7 696E7433 		.ascii	"int32_t\000"
 328      325F7400 
 329              	.LASF14:
 330 01af 73697A65 		.ascii	"sizetype\000"
 330      74797065 
 330      00
 331              		.ident	"GCC: (GNU Tools for ARM Embedded Processors) 5.4.1 20160609 (release) [ARM/embedded-5-bran
