ARM GAS  C:\Users\rshu284\AppData\Local\Temp\ccdo75jC.s 			page 1


   1              		.syntax unified
   2              		.cpu cortex-m3
   3              		.fpu softvfp
   4              		.eabi_attribute 20, 1
   5              		.eabi_attribute 21, 1
   6              		.eabi_attribute 23, 3
   7              		.eabi_attribute 24, 1
   8              		.eabi_attribute 25, 1
   9              		.eabi_attribute 26, 1
  10              		.eabi_attribute 30, 6
  11              		.eabi_attribute 34, 1
  12              		.eabi_attribute 18, 4
  13              		.thumb
  14              		.syntax unified
  15              		.file	"movement.c"
  16              		.text
  17              	.Ltext0:
  18              		.cfi_sections	.debug_frame
  19              		.global	turnCount
  20              		.bss
  21              		.align	1
  22              		.type	turnCount, %object
  23              		.size	turnCount, 2
  24              	turnCount:
  25 0000 0000     		.space	2
  26              		.global	maxTurnCount
  27              		.data
  28              		.align	1
  29              		.type	maxTurnCount, %object
  30              		.size	maxTurnCount, 2
  31              	maxTurnCount:
  32 0000 1900     		.short	25
  33              		.section	.text.stopMoving,"ax",%progbits
  34              		.align	2
  35              		.global	stopMoving
  36              		.thumb
  37              		.thumb_func
  38              		.type	stopMoving, %function
  39              	stopMoving:
  40              	.LFB64:
  41              		.file 1 "movement.c"
   1:movement.c    **** /* ========================================
   2:movement.c    ****  *
   3:movement.c    ****  * Copyright YOUR COMPANY, THE YEAR
   4:movement.c    ****  * All Rights Reserved
   5:movement.c    ****  * UNPUBLISHED, LICENSED SOFTWARE.
   6:movement.c    ****  *
   7:movement.c    ****  * CONFIDENTIAL AND PROPRIETARY INFORMATION
   8:movement.c    ****  * WHICH IS THE PROPERTY OF your company.
   9:movement.c    ****  *
  10:movement.c    ****  * ========================================
  11:movement.c    **** */
  12:movement.c    **** #include "project.h"
  13:movement.c    **** 
  14:movement.c    **** #include <stdio.h>
  15:movement.c    **** #include <string.h>
  16:movement.c    **** #include <stdlib.h>
ARM GAS  C:\Users\rshu284\AppData\Local\Temp\ccdo75jC.s 			page 2


  17:movement.c    **** 
  18:movement.c    **** uint16 turnCount = 0;
  19:movement.c    **** uint16 maxTurnCount = 25; // clock counts for one complete 90 deg turn
  20:movement.c    **** 
  21:movement.c    **** 
  22:movement.c    **** // Direction/ Movement macros
  23:movement.c    **** //* ========================================
  24:movement.c    **** // stop moving
  25:movement.c    **** void stopMoving() {
  42              		.loc 1 25 0
  43              		.cfi_startproc
  44              		@ args = 0, pretend = 0, frame = 0
  45              		@ frame_needed = 1, uses_anonymous_args = 0
  46 0000 80B5     		push	{r7, lr}
  47              		.cfi_def_cfa_offset 8
  48              		.cfi_offset 7, -8
  49              		.cfi_offset 14, -4
  50 0002 00AF     		add	r7, sp, #0
  51              		.cfi_def_cfa_register 7
  26:movement.c    ****     PWM_1_WriteCompare(32768); // 50%
  52              		.loc 1 26 0
  53 0004 4FF40040 		mov	r0, #32768
  54 0008 FFF7FEFF 		bl	PWM_1_WriteCompare
  27:movement.c    ****     PWM_2_WriteCompare(32768); // 50%
  55              		.loc 1 27 0
  56 000c 4FF40040 		mov	r0, #32768
  57 0010 FFF7FEFF 		bl	PWM_2_WriteCompare
  28:movement.c    **** }
  58              		.loc 1 28 0
  59 0014 00BF     		nop
  60 0016 80BD     		pop	{r7, pc}
  61              		.cfi_endproc
  62              	.LFE64:
  63              		.size	stopMoving, .-stopMoving
  64              		.section	.text.adjustRight,"ax",%progbits
  65              		.align	2
  66              		.global	adjustRight
  67              		.thumb
  68              		.thumb_func
  69              		.type	adjustRight, %function
  70              	adjustRight:
  71              	.LFB65:
  29:movement.c    **** 
  30:movement.c    **** // keep rotating clockwise
  31:movement.c    **** // used for adjusting deviations
  32:movement.c    **** void adjustRight() {
  72              		.loc 1 32 0
  73              		.cfi_startproc
  74              		@ args = 0, pretend = 0, frame = 0
  75              		@ frame_needed = 1, uses_anonymous_args = 0
  76 0000 80B5     		push	{r7, lr}
  77              		.cfi_def_cfa_offset 8
  78              		.cfi_offset 7, -8
  79              		.cfi_offset 14, -4
  80 0002 00AF     		add	r7, sp, #0
  81              		.cfi_def_cfa_register 7
  33:movement.c    ****     PWM_1_WriteCompare(42598); // 65% - Left Wheel Clockwise
ARM GAS  C:\Users\rshu284\AppData\Local\Temp\ccdo75jC.s 			page 3


  82              		.loc 1 33 0
  83 0004 4AF26660 		movw	r0, #42598
  84 0008 FFF7FEFF 		bl	PWM_1_WriteCompare
  34:movement.c    ****     PWM_2_WriteCompare(26214); // 40% - Right Wheel Clockwise
  85              		.loc 1 34 0
  86 000c 46F26660 		movw	r0, #26214
  87 0010 FFF7FEFF 		bl	PWM_2_WriteCompare
  35:movement.c    **** }
  88              		.loc 1 35 0
  89 0014 00BF     		nop
  90 0016 80BD     		pop	{r7, pc}
  91              		.cfi_endproc
  92              	.LFE65:
  93              		.size	adjustRight, .-adjustRight
  94              		.section	.text.adjustLeft,"ax",%progbits
  95              		.align	2
  96              		.global	adjustLeft
  97              		.thumb
  98              		.thumb_func
  99              		.type	adjustLeft, %function
 100              	adjustLeft:
 101              	.LFB66:
  36:movement.c    **** 
  37:movement.c    **** // keep rotating anticlockwise
  38:movement.c    **** // used for adjusting deviations
  39:movement.c    **** void adjustLeft() {
 102              		.loc 1 39 0
 103              		.cfi_startproc
 104              		@ args = 0, pretend = 0, frame = 0
 105              		@ frame_needed = 1, uses_anonymous_args = 0
 106 0000 80B5     		push	{r7, lr}
 107              		.cfi_def_cfa_offset 8
 108              		.cfi_offset 7, -8
 109              		.cfi_offset 14, -4
 110 0002 00AF     		add	r7, sp, #0
 111              		.cfi_def_cfa_register 7
  40:movement.c    ****     PWM_1_WriteCompare(39321); // 60% - Left Wheel Clockwise
 112              		.loc 1 40 0
 113 0004 49F69910 		movw	r0, #39321
 114 0008 FFF7FEFF 		bl	PWM_1_WriteCompare
  41:movement.c    ****     PWM_2_WriteCompare(22937); // 35% - Right Wheel Clockwise
 115              		.loc 1 41 0
 116 000c 45F69910 		movw	r0, #22937
 117 0010 FFF7FEFF 		bl	PWM_2_WriteCompare
  42:movement.c    **** }
 118              		.loc 1 42 0
 119 0014 00BF     		nop
 120 0016 80BD     		pop	{r7, pc}
 121              		.cfi_endproc
 122              	.LFE66:
 123              		.size	adjustLeft, .-adjustLeft
 124              		.section	.text.turnLeft,"ax",%progbits
 125              		.align	2
 126              		.global	turnLeft
 127              		.thumb
 128              		.thumb_func
 129              		.type	turnLeft, %function
ARM GAS  C:\Users\rshu284\AppData\Local\Temp\ccdo75jC.s 			page 4


 130              	turnLeft:
 131              	.LFB67:
  43:movement.c    **** 
  44:movement.c    **** // Anti-clockwise
  45:movement.c    **** void turnLeft() {
 132              		.loc 1 45 0
 133              		.cfi_startproc
 134              		@ args = 0, pretend = 0, frame = 0
 135              		@ frame_needed = 1, uses_anonymous_args = 0
 136 0000 80B5     		push	{r7, lr}
 137              		.cfi_def_cfa_offset 8
 138              		.cfi_offset 7, -8
 139              		.cfi_offset 14, -4
 140 0002 00AF     		add	r7, sp, #0
 141              		.cfi_def_cfa_register 7
  46:movement.c    ****     PWM_1_WriteCompare(26214); // 40% -- Left Wheel spins Clockwise
 142              		.loc 1 46 0
 143 0004 46F26660 		movw	r0, #26214
 144 0008 FFF7FEFF 		bl	PWM_1_WriteCompare
  47:movement.c    ****     PWM_2_WriteCompare(26214); // 40% -- Right wheel spins clockwise
 145              		.loc 1 47 0
 146 000c 46F26660 		movw	r0, #26214
 147 0010 FFF7FEFF 		bl	PWM_2_WriteCompare
  48:movement.c    **** }
 148              		.loc 1 48 0
 149 0014 00BF     		nop
 150 0016 80BD     		pop	{r7, pc}
 151              		.cfi_endproc
 152              	.LFE67:
 153              		.size	turnLeft, .-turnLeft
 154              		.section	.text.turnRight,"ax",%progbits
 155              		.align	2
 156              		.global	turnRight
 157              		.thumb
 158              		.thumb_func
 159              		.type	turnRight, %function
 160              	turnRight:
 161              	.LFB68:
  49:movement.c    **** 
  50:movement.c    **** // Clockwise
  51:movement.c    **** void turnRight() {
 162              		.loc 1 51 0
 163              		.cfi_startproc
 164              		@ args = 0, pretend = 0, frame = 0
 165              		@ frame_needed = 1, uses_anonymous_args = 0
 166 0000 80B5     		push	{r7, lr}
 167              		.cfi_def_cfa_offset 8
 168              		.cfi_offset 7, -8
 169              		.cfi_offset 14, -4
 170 0002 00AF     		add	r7, sp, #0
 171              		.cfi_def_cfa_register 7
  52:movement.c    ****     PWM_1_WriteCompare(39321); // 60% -- Left wheel spins clockwise
 172              		.loc 1 52 0
 173 0004 49F69910 		movw	r0, #39321
 174 0008 FFF7FEFF 		bl	PWM_1_WriteCompare
  53:movement.c    ****     PWM_2_WriteCompare(39321); // 60% - Right wheel spins Anti Clockwise
 175              		.loc 1 53 0
ARM GAS  C:\Users\rshu284\AppData\Local\Temp\ccdo75jC.s 			page 5


 176 000c 49F69910 		movw	r0, #39321
 177 0010 FFF7FEFF 		bl	PWM_2_WriteCompare
  54:movement.c    **** }
 178              		.loc 1 54 0
 179 0014 00BF     		nop
 180 0016 80BD     		pop	{r7, pc}
 181              		.cfi_endproc
 182              	.LFE68:
 183              		.size	turnRight, .-turnRight
 184              		.section	.text.moveForward,"ax",%progbits
 185              		.align	2
 186              		.global	moveForward
 187              		.thumb
 188              		.thumb_func
 189              		.type	moveForward, %function
 190              	moveForward:
 191              	.LFB69:
  55:movement.c    **** 
  56:movement.c    **** void moveForward() {
 192              		.loc 1 56 0
 193              		.cfi_startproc
 194              		@ args = 0, pretend = 0, frame = 0
 195              		@ frame_needed = 1, uses_anonymous_args = 0
 196 0000 80B5     		push	{r7, lr}
 197              		.cfi_def_cfa_offset 8
 198              		.cfi_offset 7, -8
 199              		.cfi_offset 14, -4
 200 0002 00AF     		add	r7, sp, #0
 201              		.cfi_def_cfa_register 7
  57:movement.c    ****     PWM_1_WriteCompare(42598); // 65% - Left Wheel Clockwise
 202              		.loc 1 57 0
 203 0004 4AF26660 		movw	r0, #42598
 204 0008 FFF7FEFF 		bl	PWM_1_WriteCompare
  58:movement.c    ****     PWM_2_WriteCompare(22937); // 35% - Right Wheel Clockwise
 205              		.loc 1 58 0
 206 000c 45F69910 		movw	r0, #22937
 207 0010 FFF7FEFF 		bl	PWM_2_WriteCompare
  59:movement.c    **** }
 208              		.loc 1 59 0
 209 0014 00BF     		nop
 210 0016 80BD     		pop	{r7, pc}
 211              		.cfi_endproc
 212              	.LFE69:
 213              		.size	moveForward, .-moveForward
 214              		.section	.text.moveBackward,"ax",%progbits
 215              		.align	2
 216              		.global	moveBackward
 217              		.thumb
 218              		.thumb_func
 219              		.type	moveBackward, %function
 220              	moveBackward:
 221              	.LFB70:
  60:movement.c    **** 
  61:movement.c    **** void moveBackward() {
 222              		.loc 1 61 0
 223              		.cfi_startproc
 224              		@ args = 0, pretend = 0, frame = 0
ARM GAS  C:\Users\rshu284\AppData\Local\Temp\ccdo75jC.s 			page 6


 225              		@ frame_needed = 1, uses_anonymous_args = 0
 226 0000 80B5     		push	{r7, lr}
 227              		.cfi_def_cfa_offset 8
 228              		.cfi_offset 7, -8
 229              		.cfi_offset 14, -4
 230 0002 00AF     		add	r7, sp, #0
 231              		.cfi_def_cfa_register 7
  62:movement.c    ****     PWM_1_WriteCompare(22937); // 35% - Left Wheel Anti Clockwise
 232              		.loc 1 62 0
 233 0004 45F69910 		movw	r0, #22937
 234 0008 FFF7FEFF 		bl	PWM_1_WriteCompare
  63:movement.c    ****     PWM_2_WriteCompare(42598); // 65% - Right Wheel Anti Clockwise
 235              		.loc 1 63 0
 236 000c 4AF26660 		movw	r0, #42598
 237 0010 FFF7FEFF 		bl	PWM_2_WriteCompare
  64:movement.c    **** }
 238              		.loc 1 64 0
 239 0014 00BF     		nop
 240 0016 80BD     		pop	{r7, pc}
 241              		.cfi_endproc
 242              	.LFE70:
 243              		.size	moveBackward, .-moveBackward
 244              		.text
 245              	.Letext0:
 246              		.file 2 "c:\\program files (x86)\\cypress\\psoc creator\\4.2\\psoc creator\\import\\gnu\\arm\\5.4.
 247              		.file 3 "c:\\program files (x86)\\cypress\\psoc creator\\4.2\\psoc creator\\import\\gnu\\arm\\5.4.
 248              		.file 4 "Generated_Source\\PSoC5/cytypes.h"
 249              		.file 5 "Generated_Source\\PSoC5/core_cm3.h"
 250              		.section	.debug_info,"",%progbits
 251              	.Ldebug_info0:
 252 0000 57010000 		.4byte	0x157
 253 0004 0400     		.2byte	0x4
 254 0006 00000000 		.4byte	.Ldebug_abbrev0
 255 000a 04       		.byte	0x4
 256 000b 01       		.uleb128 0x1
 257 000c 0B000000 		.4byte	.LASF27
 258 0010 0C       		.byte	0xc
 259 0011 AA010000 		.4byte	.LASF28
 260 0015 AD000000 		.4byte	.LASF29
 261 0019 00000000 		.4byte	.Ldebug_ranges0+0
 262 001d 00000000 		.4byte	0
 263 0021 00000000 		.4byte	.Ldebug_line0
 264 0025 02       		.uleb128 0x2
 265 0026 01       		.byte	0x1
 266 0027 06       		.byte	0x6
 267 0028 48020000 		.4byte	.LASF0
 268 002c 02       		.uleb128 0x2
 269 002d 01       		.byte	0x1
 270 002e 08       		.byte	0x8
 271 002f 38010000 		.4byte	.LASF1
 272 0033 02       		.uleb128 0x2
 273 0034 02       		.byte	0x2
 274 0035 05       		.byte	0x5
 275 0036 29020000 		.4byte	.LASF2
 276 003a 02       		.uleb128 0x2
 277 003b 02       		.byte	0x2
 278 003c 07       		.byte	0x7
ARM GAS  C:\Users\rshu284\AppData\Local\Temp\ccdo75jC.s 			page 7


 279 003d 65010000 		.4byte	.LASF3
 280 0041 03       		.uleb128 0x3
 281 0042 99000000 		.4byte	.LASF9
 282 0046 02       		.byte	0x2
 283 0047 3F       		.byte	0x3f
 284 0048 4C000000 		.4byte	0x4c
 285 004c 02       		.uleb128 0x2
 286 004d 04       		.byte	0x4
 287 004e 05       		.byte	0x5
 288 004f 33020000 		.4byte	.LASF4
 289 0053 02       		.uleb128 0x2
 290 0054 04       		.byte	0x4
 291 0055 07       		.byte	0x7
 292 0056 46010000 		.4byte	.LASF5
 293 005a 02       		.uleb128 0x2
 294 005b 08       		.byte	0x8
 295 005c 05       		.byte	0x5
 296 005d 00020000 		.4byte	.LASF6
 297 0061 02       		.uleb128 0x2
 298 0062 08       		.byte	0x8
 299 0063 07       		.byte	0x7
 300 0064 C2010000 		.4byte	.LASF7
 301 0068 04       		.uleb128 0x4
 302 0069 04       		.byte	0x4
 303 006a 05       		.byte	0x5
 304 006b 696E7400 		.ascii	"int\000"
 305 006f 02       		.uleb128 0x2
 306 0070 04       		.byte	0x4
 307 0071 07       		.byte	0x7
 308 0072 B5010000 		.4byte	.LASF8
 309 0076 03       		.uleb128 0x3
 310 0077 EF010000 		.4byte	.LASF10
 311 007b 03       		.byte	0x3
 312 007c 2C       		.byte	0x2c
 313 007d 41000000 		.4byte	0x41
 314 0081 05       		.uleb128 0x5
 315 0082 A3010000 		.4byte	.LASF11
 316 0086 04       		.byte	0x4
 317 0087 E801     		.2byte	0x1e8
 318 0089 3A000000 		.4byte	0x3a
 319 008d 02       		.uleb128 0x2
 320 008e 04       		.byte	0x4
 321 008f 04       		.byte	0x4
 322 0090 32010000 		.4byte	.LASF12
 323 0094 02       		.uleb128 0x2
 324 0095 08       		.byte	0x8
 325 0096 04       		.byte	0x4
 326 0097 91010000 		.4byte	.LASF13
 327 009b 02       		.uleb128 0x2
 328 009c 01       		.byte	0x1
 329 009d 08       		.byte	0x8
 330 009e 0E020000 		.4byte	.LASF14
 331 00a2 02       		.uleb128 0x2
 332 00a3 08       		.byte	0x8
 333 00a4 04       		.byte	0x4
 334 00a5 3C020000 		.4byte	.LASF15
 335 00a9 02       		.uleb128 0x2
ARM GAS  C:\Users\rshu284\AppData\Local\Temp\ccdo75jC.s 			page 8


 336 00aa 04       		.byte	0x4
 337 00ab 07       		.byte	0x7
 338 00ac F7010000 		.4byte	.LASF16
 339 00b0 06       		.uleb128 0x6
 340 00b1 00000000 		.4byte	.LASF17
 341 00b5 01       		.byte	0x1
 342 00b6 19       		.byte	0x19
 343 00b7 00000000 		.4byte	.LFB64
 344 00bb 18000000 		.4byte	.LFE64-.LFB64
 345 00bf 01       		.uleb128 0x1
 346 00c0 9C       		.byte	0x9c
 347 00c1 06       		.uleb128 0x6
 348 00c2 85010000 		.4byte	.LASF18
 349 00c6 01       		.byte	0x1
 350 00c7 20       		.byte	0x20
 351 00c8 00000000 		.4byte	.LFB65
 352 00cc 18000000 		.4byte	.LFE65-.LFB65
 353 00d0 01       		.uleb128 0x1
 354 00d1 9C       		.byte	0x9c
 355 00d2 06       		.uleb128 0x6
 356 00d3 98010000 		.4byte	.LASF19
 357 00d7 01       		.byte	0x1
 358 00d8 27       		.byte	0x27
 359 00d9 00000000 		.4byte	.LFB66
 360 00dd 18000000 		.4byte	.LFE66-.LFB66
 361 00e1 01       		.uleb128 0x1
 362 00e2 9C       		.byte	0x9c
 363 00e3 06       		.uleb128 0x6
 364 00e4 E6010000 		.4byte	.LASF20
 365 00e8 01       		.byte	0x1
 366 00e9 2D       		.byte	0x2d
 367 00ea 00000000 		.4byte	.LFB67
 368 00ee 18000000 		.4byte	.LFE67-.LFB67
 369 00f2 01       		.uleb128 0x1
 370 00f3 9C       		.byte	0x9c
 371 00f4 06       		.uleb128 0x6
 372 00f5 A3000000 		.4byte	.LASF21
 373 00f9 01       		.byte	0x1
 374 00fa 33       		.byte	0x33
 375 00fb 00000000 		.4byte	.LFB68
 376 00ff 18000000 		.4byte	.LFE68-.LFB68
 377 0103 01       		.uleb128 0x1
 378 0104 9C       		.byte	0x9c
 379 0105 06       		.uleb128 0x6
 380 0106 13020000 		.4byte	.LASF22
 381 010a 01       		.byte	0x1
 382 010b 38       		.byte	0x38
 383 010c 00000000 		.4byte	.LFB69
 384 0110 18000000 		.4byte	.LFE69-.LFB69
 385 0114 01       		.uleb128 0x1
 386 0115 9C       		.byte	0x9c
 387 0116 06       		.uleb128 0x6
 388 0117 58010000 		.4byte	.LASF23
 389 011b 01       		.byte	0x1
 390 011c 3D       		.byte	0x3d
 391 011d 00000000 		.4byte	.LFB70
 392 0121 18000000 		.4byte	.LFE70-.LFB70
ARM GAS  C:\Users\rshu284\AppData\Local\Temp\ccdo75jC.s 			page 9


 393 0125 01       		.uleb128 0x1
 394 0126 9C       		.byte	0x9c
 395 0127 07       		.uleb128 0x7
 396 0128 78010000 		.4byte	.LASF24
 397 012c 05       		.byte	0x5
 398 012d 1207     		.2byte	0x712
 399 012f 33010000 		.4byte	0x133
 400 0133 08       		.uleb128 0x8
 401 0134 76000000 		.4byte	0x76
 402 0138 09       		.uleb128 0x9
 403 0139 1F020000 		.4byte	.LASF25
 404 013d 01       		.byte	0x1
 405 013e 12       		.byte	0x12
 406 013f 81000000 		.4byte	0x81
 407 0143 05       		.uleb128 0x5
 408 0144 03       		.byte	0x3
 409 0145 00000000 		.4byte	turnCount
 410 0149 09       		.uleb128 0x9
 411 014a D9010000 		.4byte	.LASF26
 412 014e 01       		.byte	0x1
 413 014f 13       		.byte	0x13
 414 0150 81000000 		.4byte	0x81
 415 0154 05       		.uleb128 0x5
 416 0155 03       		.byte	0x3
 417 0156 00000000 		.4byte	maxTurnCount
 418 015a 00       		.byte	0
 419              		.section	.debug_abbrev,"",%progbits
 420              	.Ldebug_abbrev0:
 421 0000 01       		.uleb128 0x1
 422 0001 11       		.uleb128 0x11
 423 0002 01       		.byte	0x1
 424 0003 25       		.uleb128 0x25
 425 0004 0E       		.uleb128 0xe
 426 0005 13       		.uleb128 0x13
 427 0006 0B       		.uleb128 0xb
 428 0007 03       		.uleb128 0x3
 429 0008 0E       		.uleb128 0xe
 430 0009 1B       		.uleb128 0x1b
 431 000a 0E       		.uleb128 0xe
 432 000b 55       		.uleb128 0x55
 433 000c 17       		.uleb128 0x17
 434 000d 11       		.uleb128 0x11
 435 000e 01       		.uleb128 0x1
 436 000f 10       		.uleb128 0x10
 437 0010 17       		.uleb128 0x17
 438 0011 00       		.byte	0
 439 0012 00       		.byte	0
 440 0013 02       		.uleb128 0x2
 441 0014 24       		.uleb128 0x24
 442 0015 00       		.byte	0
 443 0016 0B       		.uleb128 0xb
 444 0017 0B       		.uleb128 0xb
 445 0018 3E       		.uleb128 0x3e
 446 0019 0B       		.uleb128 0xb
 447 001a 03       		.uleb128 0x3
 448 001b 0E       		.uleb128 0xe
 449 001c 00       		.byte	0
ARM GAS  C:\Users\rshu284\AppData\Local\Temp\ccdo75jC.s 			page 10


 450 001d 00       		.byte	0
 451 001e 03       		.uleb128 0x3
 452 001f 16       		.uleb128 0x16
 453 0020 00       		.byte	0
 454 0021 03       		.uleb128 0x3
 455 0022 0E       		.uleb128 0xe
 456 0023 3A       		.uleb128 0x3a
 457 0024 0B       		.uleb128 0xb
 458 0025 3B       		.uleb128 0x3b
 459 0026 0B       		.uleb128 0xb
 460 0027 49       		.uleb128 0x49
 461 0028 13       		.uleb128 0x13
 462 0029 00       		.byte	0
 463 002a 00       		.byte	0
 464 002b 04       		.uleb128 0x4
 465 002c 24       		.uleb128 0x24
 466 002d 00       		.byte	0
 467 002e 0B       		.uleb128 0xb
 468 002f 0B       		.uleb128 0xb
 469 0030 3E       		.uleb128 0x3e
 470 0031 0B       		.uleb128 0xb
 471 0032 03       		.uleb128 0x3
 472 0033 08       		.uleb128 0x8
 473 0034 00       		.byte	0
 474 0035 00       		.byte	0
 475 0036 05       		.uleb128 0x5
 476 0037 16       		.uleb128 0x16
 477 0038 00       		.byte	0
 478 0039 03       		.uleb128 0x3
 479 003a 0E       		.uleb128 0xe
 480 003b 3A       		.uleb128 0x3a
 481 003c 0B       		.uleb128 0xb
 482 003d 3B       		.uleb128 0x3b
 483 003e 05       		.uleb128 0x5
 484 003f 49       		.uleb128 0x49
 485 0040 13       		.uleb128 0x13
 486 0041 00       		.byte	0
 487 0042 00       		.byte	0
 488 0043 06       		.uleb128 0x6
 489 0044 2E       		.uleb128 0x2e
 490 0045 00       		.byte	0
 491 0046 3F       		.uleb128 0x3f
 492 0047 19       		.uleb128 0x19
 493 0048 03       		.uleb128 0x3
 494 0049 0E       		.uleb128 0xe
 495 004a 3A       		.uleb128 0x3a
 496 004b 0B       		.uleb128 0xb
 497 004c 3B       		.uleb128 0x3b
 498 004d 0B       		.uleb128 0xb
 499 004e 11       		.uleb128 0x11
 500 004f 01       		.uleb128 0x1
 501 0050 12       		.uleb128 0x12
 502 0051 06       		.uleb128 0x6
 503 0052 40       		.uleb128 0x40
 504 0053 18       		.uleb128 0x18
 505 0054 9642     		.uleb128 0x2116
 506 0056 19       		.uleb128 0x19
ARM GAS  C:\Users\rshu284\AppData\Local\Temp\ccdo75jC.s 			page 11


 507 0057 00       		.byte	0
 508 0058 00       		.byte	0
 509 0059 07       		.uleb128 0x7
 510 005a 34       		.uleb128 0x34
 511 005b 00       		.byte	0
 512 005c 03       		.uleb128 0x3
 513 005d 0E       		.uleb128 0xe
 514 005e 3A       		.uleb128 0x3a
 515 005f 0B       		.uleb128 0xb
 516 0060 3B       		.uleb128 0x3b
 517 0061 05       		.uleb128 0x5
 518 0062 49       		.uleb128 0x49
 519 0063 13       		.uleb128 0x13
 520 0064 3F       		.uleb128 0x3f
 521 0065 19       		.uleb128 0x19
 522 0066 3C       		.uleb128 0x3c
 523 0067 19       		.uleb128 0x19
 524 0068 00       		.byte	0
 525 0069 00       		.byte	0
 526 006a 08       		.uleb128 0x8
 527 006b 35       		.uleb128 0x35
 528 006c 00       		.byte	0
 529 006d 49       		.uleb128 0x49
 530 006e 13       		.uleb128 0x13
 531 006f 00       		.byte	0
 532 0070 00       		.byte	0
 533 0071 09       		.uleb128 0x9
 534 0072 34       		.uleb128 0x34
 535 0073 00       		.byte	0
 536 0074 03       		.uleb128 0x3
 537 0075 0E       		.uleb128 0xe
 538 0076 3A       		.uleb128 0x3a
 539 0077 0B       		.uleb128 0xb
 540 0078 3B       		.uleb128 0x3b
 541 0079 0B       		.uleb128 0xb
 542 007a 49       		.uleb128 0x49
 543 007b 13       		.uleb128 0x13
 544 007c 3F       		.uleb128 0x3f
 545 007d 19       		.uleb128 0x19
 546 007e 02       		.uleb128 0x2
 547 007f 18       		.uleb128 0x18
 548 0080 00       		.byte	0
 549 0081 00       		.byte	0
 550 0082 00       		.byte	0
 551              		.section	.debug_aranges,"",%progbits
 552 0000 4C000000 		.4byte	0x4c
 553 0004 0200     		.2byte	0x2
 554 0006 00000000 		.4byte	.Ldebug_info0
 555 000a 04       		.byte	0x4
 556 000b 00       		.byte	0
 557 000c 0000     		.2byte	0
 558 000e 0000     		.2byte	0
 559 0010 00000000 		.4byte	.LFB64
 560 0014 18000000 		.4byte	.LFE64-.LFB64
 561 0018 00000000 		.4byte	.LFB65
 562 001c 18000000 		.4byte	.LFE65-.LFB65
 563 0020 00000000 		.4byte	.LFB66
ARM GAS  C:\Users\rshu284\AppData\Local\Temp\ccdo75jC.s 			page 12


 564 0024 18000000 		.4byte	.LFE66-.LFB66
 565 0028 00000000 		.4byte	.LFB67
 566 002c 18000000 		.4byte	.LFE67-.LFB67
 567 0030 00000000 		.4byte	.LFB68
 568 0034 18000000 		.4byte	.LFE68-.LFB68
 569 0038 00000000 		.4byte	.LFB69
 570 003c 18000000 		.4byte	.LFE69-.LFB69
 571 0040 00000000 		.4byte	.LFB70
 572 0044 18000000 		.4byte	.LFE70-.LFB70
 573 0048 00000000 		.4byte	0
 574 004c 00000000 		.4byte	0
 575              		.section	.debug_ranges,"",%progbits
 576              	.Ldebug_ranges0:
 577 0000 00000000 		.4byte	.LFB64
 578 0004 18000000 		.4byte	.LFE64
 579 0008 00000000 		.4byte	.LFB65
 580 000c 18000000 		.4byte	.LFE65
 581 0010 00000000 		.4byte	.LFB66
 582 0014 18000000 		.4byte	.LFE66
 583 0018 00000000 		.4byte	.LFB67
 584 001c 18000000 		.4byte	.LFE67
 585 0020 00000000 		.4byte	.LFB68
 586 0024 18000000 		.4byte	.LFE68
 587 0028 00000000 		.4byte	.LFB69
 588 002c 18000000 		.4byte	.LFE69
 589 0030 00000000 		.4byte	.LFB70
 590 0034 18000000 		.4byte	.LFE70
 591 0038 00000000 		.4byte	0
 592 003c 00000000 		.4byte	0
 593              		.section	.debug_line,"",%progbits
 594              	.Ldebug_line0:
 595 0000 D4010000 		.section	.debug_str,"MS",%progbits,1
 595      02005001 
 595      00000201 
 595      FB0E0D00 
 595      01010101 
 596              	.LASF17:
 597 0000 73746F70 		.ascii	"stopMoving\000"
 597      4D6F7669 
 597      6E6700
 598              	.LASF27:
 599 000b 474E5520 		.ascii	"GNU C11 5.4.1 20160609 (release) [ARM/embedded-5-br"
 599      43313120 
 599      352E342E 
 599      31203230 
 599      31363036 
 600 003e 616E6368 		.ascii	"anch revision 237715] -mcpu=cortex-m3 -mthumb -g -O"
 600      20726576 
 600      6973696F 
 600      6E203233 
 600      37373135 
 601 0071 30202D66 		.ascii	"0 -ffunction-sections -ffat-lto-objects\000"
 601      66756E63 
 601      74696F6E 
 601      2D736563 
 601      74696F6E 
 602              	.LASF9:
ARM GAS  C:\Users\rshu284\AppData\Local\Temp\ccdo75jC.s 			page 13


 603 0099 5F5F696E 		.ascii	"__int32_t\000"
 603      7433325F 
 603      7400
 604              	.LASF21:
 605 00a3 7475726E 		.ascii	"turnRight\000"
 605      52696768 
 605      7400
 606              	.LASF29:
 607 00ad 433A5C55 		.ascii	"C:\\Users\\rshu284\\OneDrive - The University of Au"
 607      73657273 
 607      5C727368 
 607      75323834 
 607      5C4F6E65 
 608 00dd 636B6C61 		.ascii	"ckland\\Documents\\GitHub\\301-Robot\\psoc student "
 608      6E645C44 
 608      6F63756D 
 608      656E7473 
 608      5C476974 
 609 010c 7061636B 		.ascii	"pack\\psoc_code_base\\CS301_Class.cydsn\000"
 609      5C70736F 
 609      635F636F 
 609      64655F62 
 609      6173655C 
 610              	.LASF12:
 611 0132 666C6F61 		.ascii	"float\000"
 611      7400
 612              	.LASF1:
 613 0138 756E7369 		.ascii	"unsigned char\000"
 613      676E6564 
 613      20636861 
 613      7200
 614              	.LASF5:
 615 0146 6C6F6E67 		.ascii	"long unsigned int\000"
 615      20756E73 
 615      69676E65 
 615      6420696E 
 615      7400
 616              	.LASF23:
 617 0158 6D6F7665 		.ascii	"moveBackward\000"
 617      4261636B 
 617      77617264 
 617      00
 618              	.LASF3:
 619 0165 73686F72 		.ascii	"short unsigned int\000"
 619      7420756E 
 619      7369676E 
 619      65642069 
 619      6E7400
 620              	.LASF24:
 621 0178 49544D5F 		.ascii	"ITM_RxBuffer\000"
 621      52784275 
 621      66666572 
 621      00
 622              	.LASF18:
 623 0185 61646A75 		.ascii	"adjustRight\000"
 623      73745269 
 623      67687400 
ARM GAS  C:\Users\rshu284\AppData\Local\Temp\ccdo75jC.s 			page 14


 624              	.LASF13:
 625 0191 646F7562 		.ascii	"double\000"
 625      6C6500
 626              	.LASF19:
 627 0198 61646A75 		.ascii	"adjustLeft\000"
 627      73744C65 
 627      667400
 628              	.LASF11:
 629 01a3 75696E74 		.ascii	"uint16\000"
 629      313600
 630              	.LASF28:
 631 01aa 6D6F7665 		.ascii	"movement.c\000"
 631      6D656E74 
 631      2E6300
 632              	.LASF8:
 633 01b5 756E7369 		.ascii	"unsigned int\000"
 633      676E6564 
 633      20696E74 
 633      00
 634              	.LASF7:
 635 01c2 6C6F6E67 		.ascii	"long long unsigned int\000"
 635      206C6F6E 
 635      6720756E 
 635      7369676E 
 635      65642069 
 636              	.LASF26:
 637 01d9 6D617854 		.ascii	"maxTurnCount\000"
 637      75726E43 
 637      6F756E74 
 637      00
 638              	.LASF20:
 639 01e6 7475726E 		.ascii	"turnLeft\000"
 639      4C656674 
 639      00
 640              	.LASF10:
 641 01ef 696E7433 		.ascii	"int32_t\000"
 641      325F7400 
 642              	.LASF16:
 643 01f7 73697A65 		.ascii	"sizetype\000"
 643      74797065 
 643      00
 644              	.LASF6:
 645 0200 6C6F6E67 		.ascii	"long long int\000"
 645      206C6F6E 
 645      6720696E 
 645      7400
 646              	.LASF14:
 647 020e 63686172 		.ascii	"char\000"
 647      00
 648              	.LASF22:
 649 0213 6D6F7665 		.ascii	"moveForward\000"
 649      466F7277 
 649      61726400 
 650              	.LASF25:
 651 021f 7475726E 		.ascii	"turnCount\000"
 651      436F756E 
 651      7400
ARM GAS  C:\Users\rshu284\AppData\Local\Temp\ccdo75jC.s 			page 15


 652              	.LASF2:
 653 0229 73686F72 		.ascii	"short int\000"
 653      7420696E 
 653      7400
 654              	.LASF4:
 655 0233 6C6F6E67 		.ascii	"long int\000"
 655      20696E74 
 655      00
 656              	.LASF15:
 657 023c 6C6F6E67 		.ascii	"long double\000"
 657      20646F75 
 657      626C6500 
 658              	.LASF0:
 659 0248 7369676E 		.ascii	"signed char\000"
 659      65642063 
 659      68617200 
 660              		.ident	"GCC: (GNU Tools for ARM Embedded Processors) 5.4.1 20160609 (release) [ARM/embedded-5-bran
