ARM GAS  C:\Users\ikui753\AppData\Local\Temp\ccXGiqE3.s 			page 1


   1              		.syntax unified
   2              		.cpu cortex-m3
   3              		.fpu softvfp
   4              		.eabi_attribute 20, 1
   5              		.eabi_attribute 21, 1
   6              		.eabi_attribute 23, 3
   7              		.eabi_attribute 24, 1
   8              		.eabi_attribute 25, 1
   9              		.eabi_attribute 26, 1
  10              		.eabi_attribute 30, 6
  11              		.eabi_attribute 34, 1
  12              		.eabi_attribute 18, 4
  13              		.thumb
  14              		.syntax unified
  15              		.file	"PWM_2_PM.c"
  16              		.text
  17              	.Ltext0:
  18              		.cfi_sections	.debug_frame
  19              		.bss
  20              		.align	2
  21              	PWM_2_backup:
  22 0000 00       		.space	1
  23              		.section	.text.PWM_2_SaveConfig,"ax",%progbits
  24              		.align	2
  25              		.global	PWM_2_SaveConfig
  26              		.thumb
  27              		.thumb_func
  28              		.type	PWM_2_SaveConfig, %function
  29              	PWM_2_SaveConfig:
  30              	.LFB0:
  31              		.file 1 "Generated_Source\\PSoC5\\PWM_2_PM.c"
   1:Generated_Source\PSoC5/PWM_2_PM.c **** /*******************************************************************************
   2:Generated_Source\PSoC5/PWM_2_PM.c **** * File Name: PWM_2_PM.c
   3:Generated_Source\PSoC5/PWM_2_PM.c **** * Version 3.30
   4:Generated_Source\PSoC5/PWM_2_PM.c **** *
   5:Generated_Source\PSoC5/PWM_2_PM.c **** * Description:
   6:Generated_Source\PSoC5/PWM_2_PM.c **** *  This file provides the power management source code to API for the
   7:Generated_Source\PSoC5/PWM_2_PM.c **** *  PWM.
   8:Generated_Source\PSoC5/PWM_2_PM.c **** *
   9:Generated_Source\PSoC5/PWM_2_PM.c **** * Note:
  10:Generated_Source\PSoC5/PWM_2_PM.c **** *
  11:Generated_Source\PSoC5/PWM_2_PM.c **** ********************************************************************************
  12:Generated_Source\PSoC5/PWM_2_PM.c **** * Copyright 2008-2014, Cypress Semiconductor Corporation.  All rights reserved.
  13:Generated_Source\PSoC5/PWM_2_PM.c **** * You may use this file only in accordance with the license, terms, conditions,
  14:Generated_Source\PSoC5/PWM_2_PM.c **** * disclaimers, and limitations in the end user license agreement accompanying
  15:Generated_Source\PSoC5/PWM_2_PM.c **** * the software package with which this file was provided.
  16:Generated_Source\PSoC5/PWM_2_PM.c **** *******************************************************************************/
  17:Generated_Source\PSoC5/PWM_2_PM.c **** 
  18:Generated_Source\PSoC5/PWM_2_PM.c **** #include "PWM_2.h"
  19:Generated_Source\PSoC5/PWM_2_PM.c **** 
  20:Generated_Source\PSoC5/PWM_2_PM.c **** static PWM_2_backupStruct PWM_2_backup;
  21:Generated_Source\PSoC5/PWM_2_PM.c **** 
  22:Generated_Source\PSoC5/PWM_2_PM.c **** 
  23:Generated_Source\PSoC5/PWM_2_PM.c **** /*******************************************************************************
  24:Generated_Source\PSoC5/PWM_2_PM.c **** * Function Name: PWM_2_SaveConfig
  25:Generated_Source\PSoC5/PWM_2_PM.c **** ********************************************************************************
  26:Generated_Source\PSoC5/PWM_2_PM.c **** *
ARM GAS  C:\Users\ikui753\AppData\Local\Temp\ccXGiqE3.s 			page 2


  27:Generated_Source\PSoC5/PWM_2_PM.c **** * Summary:
  28:Generated_Source\PSoC5/PWM_2_PM.c **** *  Saves the current user configuration of the component.
  29:Generated_Source\PSoC5/PWM_2_PM.c **** *
  30:Generated_Source\PSoC5/PWM_2_PM.c **** * Parameters:
  31:Generated_Source\PSoC5/PWM_2_PM.c **** *  None
  32:Generated_Source\PSoC5/PWM_2_PM.c **** *
  33:Generated_Source\PSoC5/PWM_2_PM.c **** * Return:
  34:Generated_Source\PSoC5/PWM_2_PM.c **** *  None
  35:Generated_Source\PSoC5/PWM_2_PM.c **** *
  36:Generated_Source\PSoC5/PWM_2_PM.c **** * Global variables:
  37:Generated_Source\PSoC5/PWM_2_PM.c **** *  PWM_2_backup:  Variables of this global structure are modified to
  38:Generated_Source\PSoC5/PWM_2_PM.c **** *  store the values of non retention configuration registers when Sleep() API is
  39:Generated_Source\PSoC5/PWM_2_PM.c **** *  called.
  40:Generated_Source\PSoC5/PWM_2_PM.c **** *
  41:Generated_Source\PSoC5/PWM_2_PM.c **** *******************************************************************************/
  42:Generated_Source\PSoC5/PWM_2_PM.c **** void PWM_2_SaveConfig(void) 
  43:Generated_Source\PSoC5/PWM_2_PM.c **** {
  32              		.loc 1 43 0
  33              		.cfi_startproc
  34              		@ args = 0, pretend = 0, frame = 0
  35              		@ frame_needed = 1, uses_anonymous_args = 0
  36              		@ link register save eliminated.
  37 0000 80B4     		push	{r7}
  38              		.cfi_def_cfa_offset 4
  39              		.cfi_offset 7, -4
  40 0002 00AF     		add	r7, sp, #0
  41              		.cfi_def_cfa_register 7
  44:Generated_Source\PSoC5/PWM_2_PM.c **** 
  45:Generated_Source\PSoC5/PWM_2_PM.c ****     #if(!PWM_2_UsingFixedFunction)
  46:Generated_Source\PSoC5/PWM_2_PM.c ****         #if(!PWM_2_PWMModeIsCenterAligned)
  47:Generated_Source\PSoC5/PWM_2_PM.c ****             PWM_2_backup.PWMPeriod = PWM_2_ReadPeriod();
  48:Generated_Source\PSoC5/PWM_2_PM.c ****         #endif /* (!PWM_2_PWMModeIsCenterAligned) */
  49:Generated_Source\PSoC5/PWM_2_PM.c ****         PWM_2_backup.PWMUdb = PWM_2_ReadCounter();
  50:Generated_Source\PSoC5/PWM_2_PM.c ****         #if (PWM_2_UseStatus)
  51:Generated_Source\PSoC5/PWM_2_PM.c ****             PWM_2_backup.InterruptMaskValue = PWM_2_STATUS_MASK;
  52:Generated_Source\PSoC5/PWM_2_PM.c ****         #endif /* (PWM_2_UseStatus) */
  53:Generated_Source\PSoC5/PWM_2_PM.c **** 
  54:Generated_Source\PSoC5/PWM_2_PM.c ****         #if(PWM_2_DeadBandMode == PWM_2__B_PWM__DBM_256_CLOCKS || \
  55:Generated_Source\PSoC5/PWM_2_PM.c ****             PWM_2_DeadBandMode == PWM_2__B_PWM__DBM_2_4_CLOCKS)
  56:Generated_Source\PSoC5/PWM_2_PM.c ****             PWM_2_backup.PWMdeadBandValue = PWM_2_ReadDeadTime();
  57:Generated_Source\PSoC5/PWM_2_PM.c ****         #endif /*  deadband count is either 2-4 clocks or 256 clocks */
  58:Generated_Source\PSoC5/PWM_2_PM.c **** 
  59:Generated_Source\PSoC5/PWM_2_PM.c ****         #if(PWM_2_KillModeMinTime)
  60:Generated_Source\PSoC5/PWM_2_PM.c ****              PWM_2_backup.PWMKillCounterPeriod = PWM_2_ReadKillTime();
  61:Generated_Source\PSoC5/PWM_2_PM.c ****         #endif /* (PWM_2_KillModeMinTime) */
  62:Generated_Source\PSoC5/PWM_2_PM.c **** 
  63:Generated_Source\PSoC5/PWM_2_PM.c ****         #if(PWM_2_UseControl)
  64:Generated_Source\PSoC5/PWM_2_PM.c ****             PWM_2_backup.PWMControlRegister = PWM_2_ReadControlRegister();
  65:Generated_Source\PSoC5/PWM_2_PM.c ****         #endif /* (PWM_2_UseControl) */
  66:Generated_Source\PSoC5/PWM_2_PM.c ****     #endif  /* (!PWM_2_UsingFixedFunction) */
  67:Generated_Source\PSoC5/PWM_2_PM.c **** }
  42              		.loc 1 67 0
  43 0004 00BF     		nop
  44 0006 BD46     		mov	sp, r7
  45              		.cfi_def_cfa_register 13
  46              		@ sp needed
  47 0008 80BC     		pop	{r7}
ARM GAS  C:\Users\ikui753\AppData\Local\Temp\ccXGiqE3.s 			page 3


  48              		.cfi_restore 7
  49              		.cfi_def_cfa_offset 0
  50 000a 7047     		bx	lr
  51              		.cfi_endproc
  52              	.LFE0:
  53              		.size	PWM_2_SaveConfig, .-PWM_2_SaveConfig
  54              		.section	.text.PWM_2_RestoreConfig,"ax",%progbits
  55              		.align	2
  56              		.global	PWM_2_RestoreConfig
  57              		.thumb
  58              		.thumb_func
  59              		.type	PWM_2_RestoreConfig, %function
  60              	PWM_2_RestoreConfig:
  61              	.LFB1:
  68:Generated_Source\PSoC5/PWM_2_PM.c **** 
  69:Generated_Source\PSoC5/PWM_2_PM.c **** 
  70:Generated_Source\PSoC5/PWM_2_PM.c **** /*******************************************************************************
  71:Generated_Source\PSoC5/PWM_2_PM.c **** * Function Name: PWM_2_RestoreConfig
  72:Generated_Source\PSoC5/PWM_2_PM.c **** ********************************************************************************
  73:Generated_Source\PSoC5/PWM_2_PM.c **** *
  74:Generated_Source\PSoC5/PWM_2_PM.c **** * Summary:
  75:Generated_Source\PSoC5/PWM_2_PM.c **** *  Restores the current user configuration of the component.
  76:Generated_Source\PSoC5/PWM_2_PM.c **** *
  77:Generated_Source\PSoC5/PWM_2_PM.c **** * Parameters:
  78:Generated_Source\PSoC5/PWM_2_PM.c **** *  None
  79:Generated_Source\PSoC5/PWM_2_PM.c **** *
  80:Generated_Source\PSoC5/PWM_2_PM.c **** * Return:
  81:Generated_Source\PSoC5/PWM_2_PM.c **** *  None
  82:Generated_Source\PSoC5/PWM_2_PM.c **** *
  83:Generated_Source\PSoC5/PWM_2_PM.c **** * Global variables:
  84:Generated_Source\PSoC5/PWM_2_PM.c **** *  PWM_2_backup:  Variables of this global structure are used to
  85:Generated_Source\PSoC5/PWM_2_PM.c **** *  restore the values of non retention registers on wakeup from sleep mode.
  86:Generated_Source\PSoC5/PWM_2_PM.c **** *
  87:Generated_Source\PSoC5/PWM_2_PM.c **** *******************************************************************************/
  88:Generated_Source\PSoC5/PWM_2_PM.c **** void PWM_2_RestoreConfig(void) 
  89:Generated_Source\PSoC5/PWM_2_PM.c **** {
  62              		.loc 1 89 0
  63              		.cfi_startproc
  64              		@ args = 0, pretend = 0, frame = 0
  65              		@ frame_needed = 1, uses_anonymous_args = 0
  66              		@ link register save eliminated.
  67 0000 80B4     		push	{r7}
  68              		.cfi_def_cfa_offset 4
  69              		.cfi_offset 7, -4
  70 0002 00AF     		add	r7, sp, #0
  71              		.cfi_def_cfa_register 7
  90:Generated_Source\PSoC5/PWM_2_PM.c ****         #if(!PWM_2_UsingFixedFunction)
  91:Generated_Source\PSoC5/PWM_2_PM.c ****             #if(!PWM_2_PWMModeIsCenterAligned)
  92:Generated_Source\PSoC5/PWM_2_PM.c ****                 PWM_2_WritePeriod(PWM_2_backup.PWMPeriod);
  93:Generated_Source\PSoC5/PWM_2_PM.c ****             #endif /* (!PWM_2_PWMModeIsCenterAligned) */
  94:Generated_Source\PSoC5/PWM_2_PM.c **** 
  95:Generated_Source\PSoC5/PWM_2_PM.c ****             PWM_2_WriteCounter(PWM_2_backup.PWMUdb);
  96:Generated_Source\PSoC5/PWM_2_PM.c **** 
  97:Generated_Source\PSoC5/PWM_2_PM.c ****             #if (PWM_2_UseStatus)
  98:Generated_Source\PSoC5/PWM_2_PM.c ****                 PWM_2_STATUS_MASK = PWM_2_backup.InterruptMaskValue;
  99:Generated_Source\PSoC5/PWM_2_PM.c ****             #endif /* (PWM_2_UseStatus) */
 100:Generated_Source\PSoC5/PWM_2_PM.c **** 
ARM GAS  C:\Users\ikui753\AppData\Local\Temp\ccXGiqE3.s 			page 4


 101:Generated_Source\PSoC5/PWM_2_PM.c ****             #if(PWM_2_DeadBandMode == PWM_2__B_PWM__DBM_256_CLOCKS || \
 102:Generated_Source\PSoC5/PWM_2_PM.c ****                 PWM_2_DeadBandMode == PWM_2__B_PWM__DBM_2_4_CLOCKS)
 103:Generated_Source\PSoC5/PWM_2_PM.c ****                 PWM_2_WriteDeadTime(PWM_2_backup.PWMdeadBandValue);
 104:Generated_Source\PSoC5/PWM_2_PM.c ****             #endif /* deadband count is either 2-4 clocks or 256 clocks */
 105:Generated_Source\PSoC5/PWM_2_PM.c **** 
 106:Generated_Source\PSoC5/PWM_2_PM.c ****             #if(PWM_2_KillModeMinTime)
 107:Generated_Source\PSoC5/PWM_2_PM.c ****                 PWM_2_WriteKillTime(PWM_2_backup.PWMKillCounterPeriod);
 108:Generated_Source\PSoC5/PWM_2_PM.c ****             #endif /* (PWM_2_KillModeMinTime) */
 109:Generated_Source\PSoC5/PWM_2_PM.c **** 
 110:Generated_Source\PSoC5/PWM_2_PM.c ****             #if(PWM_2_UseControl)
 111:Generated_Source\PSoC5/PWM_2_PM.c ****                 PWM_2_WriteControlRegister(PWM_2_backup.PWMControlRegister);
 112:Generated_Source\PSoC5/PWM_2_PM.c ****             #endif /* (PWM_2_UseControl) */
 113:Generated_Source\PSoC5/PWM_2_PM.c ****         #endif  /* (!PWM_2_UsingFixedFunction) */
 114:Generated_Source\PSoC5/PWM_2_PM.c ****     }
  72              		.loc 1 114 0
  73 0004 00BF     		nop
  74 0006 BD46     		mov	sp, r7
  75              		.cfi_def_cfa_register 13
  76              		@ sp needed
  77 0008 80BC     		pop	{r7}
  78              		.cfi_restore 7
  79              		.cfi_def_cfa_offset 0
  80 000a 7047     		bx	lr
  81              		.cfi_endproc
  82              	.LFE1:
  83              		.size	PWM_2_RestoreConfig, .-PWM_2_RestoreConfig
  84              		.section	.text.PWM_2_Sleep,"ax",%progbits
  85              		.align	2
  86              		.global	PWM_2_Sleep
  87              		.thumb
  88              		.thumb_func
  89              		.type	PWM_2_Sleep, %function
  90              	PWM_2_Sleep:
  91              	.LFB2:
 115:Generated_Source\PSoC5/PWM_2_PM.c **** 
 116:Generated_Source\PSoC5/PWM_2_PM.c **** 
 117:Generated_Source\PSoC5/PWM_2_PM.c **** /*******************************************************************************
 118:Generated_Source\PSoC5/PWM_2_PM.c **** * Function Name: PWM_2_Sleep
 119:Generated_Source\PSoC5/PWM_2_PM.c **** ********************************************************************************
 120:Generated_Source\PSoC5/PWM_2_PM.c **** *
 121:Generated_Source\PSoC5/PWM_2_PM.c **** * Summary:
 122:Generated_Source\PSoC5/PWM_2_PM.c **** *  Disables block's operation and saves the user configuration. Should be called
 123:Generated_Source\PSoC5/PWM_2_PM.c **** *  just prior to entering sleep.
 124:Generated_Source\PSoC5/PWM_2_PM.c **** *
 125:Generated_Source\PSoC5/PWM_2_PM.c **** * Parameters:
 126:Generated_Source\PSoC5/PWM_2_PM.c **** *  None
 127:Generated_Source\PSoC5/PWM_2_PM.c **** *
 128:Generated_Source\PSoC5/PWM_2_PM.c **** * Return:
 129:Generated_Source\PSoC5/PWM_2_PM.c **** *  None
 130:Generated_Source\PSoC5/PWM_2_PM.c **** *
 131:Generated_Source\PSoC5/PWM_2_PM.c **** * Global variables:
 132:Generated_Source\PSoC5/PWM_2_PM.c **** *  PWM_2_backup.PWMEnableState:  Is modified depending on the enable
 133:Generated_Source\PSoC5/PWM_2_PM.c **** *  state of the block before entering sleep mode.
 134:Generated_Source\PSoC5/PWM_2_PM.c **** *
 135:Generated_Source\PSoC5/PWM_2_PM.c **** *******************************************************************************/
 136:Generated_Source\PSoC5/PWM_2_PM.c **** void PWM_2_Sleep(void) 
 137:Generated_Source\PSoC5/PWM_2_PM.c **** {
ARM GAS  C:\Users\ikui753\AppData\Local\Temp\ccXGiqE3.s 			page 5


  92              		.loc 1 137 0
  93              		.cfi_startproc
  94              		@ args = 0, pretend = 0, frame = 0
  95              		@ frame_needed = 1, uses_anonymous_args = 0
  96 0000 80B5     		push	{r7, lr}
  97              		.cfi_def_cfa_offset 8
  98              		.cfi_offset 7, -8
  99              		.cfi_offset 14, -4
 100 0002 00AF     		add	r7, sp, #0
 101              		.cfi_def_cfa_register 7
 138:Generated_Source\PSoC5/PWM_2_PM.c ****     #if(PWM_2_UseControl)
 139:Generated_Source\PSoC5/PWM_2_PM.c ****         if(PWM_2_CTRL_ENABLE == (PWM_2_CONTROL & PWM_2_CTRL_ENABLE))
 102              		.loc 1 139 0
 103 0004 094B     		ldr	r3, .L6
 104 0006 1B78     		ldrb	r3, [r3]
 105 0008 DBB2     		uxtb	r3, r3
 106 000a 03F00103 		and	r3, r3, #1
 107 000e 002B     		cmp	r3, #0
 108 0010 03D0     		beq	.L4
 140:Generated_Source\PSoC5/PWM_2_PM.c ****         {
 141:Generated_Source\PSoC5/PWM_2_PM.c ****             /*Component is enabled */
 142:Generated_Source\PSoC5/PWM_2_PM.c ****             PWM_2_backup.PWMEnableState = 1u;
 109              		.loc 1 142 0
 110 0012 074B     		ldr	r3, .L6+4
 111 0014 0122     		movs	r2, #1
 112 0016 1A70     		strb	r2, [r3]
 113 0018 02E0     		b	.L5
 114              	.L4:
 143:Generated_Source\PSoC5/PWM_2_PM.c ****         }
 144:Generated_Source\PSoC5/PWM_2_PM.c ****         else
 145:Generated_Source\PSoC5/PWM_2_PM.c ****         {
 146:Generated_Source\PSoC5/PWM_2_PM.c ****             /* Component is disabled */
 147:Generated_Source\PSoC5/PWM_2_PM.c ****             PWM_2_backup.PWMEnableState = 0u;
 115              		.loc 1 147 0
 116 001a 054B     		ldr	r3, .L6+4
 117 001c 0022     		movs	r2, #0
 118 001e 1A70     		strb	r2, [r3]
 119              	.L5:
 148:Generated_Source\PSoC5/PWM_2_PM.c ****         }
 149:Generated_Source\PSoC5/PWM_2_PM.c ****     #endif /* (PWM_2_UseControl) */
 150:Generated_Source\PSoC5/PWM_2_PM.c **** 
 151:Generated_Source\PSoC5/PWM_2_PM.c ****     /* Stop component */
 152:Generated_Source\PSoC5/PWM_2_PM.c ****     PWM_2_Stop();
 120              		.loc 1 152 0
 121 0020 FFF7FEFF 		bl	PWM_2_Stop
 153:Generated_Source\PSoC5/PWM_2_PM.c **** 
 154:Generated_Source\PSoC5/PWM_2_PM.c ****     /* Save registers configuration */
 155:Generated_Source\PSoC5/PWM_2_PM.c ****     PWM_2_SaveConfig();
 122              		.loc 1 155 0
 123 0024 FFF7FEFF 		bl	PWM_2_SaveConfig
 156:Generated_Source\PSoC5/PWM_2_PM.c **** }
 124              		.loc 1 156 0
 125 0028 00BF     		nop
 126 002a 80BD     		pop	{r7, pc}
 127              	.L7:
 128              		.align	2
 129              	.L6:
ARM GAS  C:\Users\ikui753\AppData\Local\Temp\ccXGiqE3.s 			page 6


 130 002c 0C4F0040 		.word	1073762060
 131 0030 00000000 		.word	PWM_2_backup
 132              		.cfi_endproc
 133              	.LFE2:
 134              		.size	PWM_2_Sleep, .-PWM_2_Sleep
 135              		.section	.text.PWM_2_Wakeup,"ax",%progbits
 136              		.align	2
 137              		.global	PWM_2_Wakeup
 138              		.thumb
 139              		.thumb_func
 140              		.type	PWM_2_Wakeup, %function
 141              	PWM_2_Wakeup:
 142              	.LFB3:
 157:Generated_Source\PSoC5/PWM_2_PM.c **** 
 158:Generated_Source\PSoC5/PWM_2_PM.c **** 
 159:Generated_Source\PSoC5/PWM_2_PM.c **** /*******************************************************************************
 160:Generated_Source\PSoC5/PWM_2_PM.c **** * Function Name: PWM_2_Wakeup
 161:Generated_Source\PSoC5/PWM_2_PM.c **** ********************************************************************************
 162:Generated_Source\PSoC5/PWM_2_PM.c **** *
 163:Generated_Source\PSoC5/PWM_2_PM.c **** * Summary:
 164:Generated_Source\PSoC5/PWM_2_PM.c **** *  Restores and enables the user configuration. Should be called just after
 165:Generated_Source\PSoC5/PWM_2_PM.c **** *  awaking from sleep.
 166:Generated_Source\PSoC5/PWM_2_PM.c **** *
 167:Generated_Source\PSoC5/PWM_2_PM.c **** * Parameters:
 168:Generated_Source\PSoC5/PWM_2_PM.c **** *  None
 169:Generated_Source\PSoC5/PWM_2_PM.c **** *
 170:Generated_Source\PSoC5/PWM_2_PM.c **** * Return:
 171:Generated_Source\PSoC5/PWM_2_PM.c **** *  None
 172:Generated_Source\PSoC5/PWM_2_PM.c **** *
 173:Generated_Source\PSoC5/PWM_2_PM.c **** * Global variables:
 174:Generated_Source\PSoC5/PWM_2_PM.c **** *  PWM_2_backup.pwmEnable:  Is used to restore the enable state of
 175:Generated_Source\PSoC5/PWM_2_PM.c **** *  block on wakeup from sleep mode.
 176:Generated_Source\PSoC5/PWM_2_PM.c **** *
 177:Generated_Source\PSoC5/PWM_2_PM.c **** *******************************************************************************/
 178:Generated_Source\PSoC5/PWM_2_PM.c **** void PWM_2_Wakeup(void) 
 179:Generated_Source\PSoC5/PWM_2_PM.c **** {
 143              		.loc 1 179 0
 144              		.cfi_startproc
 145              		@ args = 0, pretend = 0, frame = 0
 146              		@ frame_needed = 1, uses_anonymous_args = 0
 147 0000 80B5     		push	{r7, lr}
 148              		.cfi_def_cfa_offset 8
 149              		.cfi_offset 7, -8
 150              		.cfi_offset 14, -4
 151 0002 00AF     		add	r7, sp, #0
 152              		.cfi_def_cfa_register 7
 180:Generated_Source\PSoC5/PWM_2_PM.c ****      /* Restore registers values */
 181:Generated_Source\PSoC5/PWM_2_PM.c ****     PWM_2_RestoreConfig();
 153              		.loc 1 181 0
 154 0004 FFF7FEFF 		bl	PWM_2_RestoreConfig
 182:Generated_Source\PSoC5/PWM_2_PM.c **** 
 183:Generated_Source\PSoC5/PWM_2_PM.c ****     if(PWM_2_backup.PWMEnableState != 0u)
 155              		.loc 1 183 0
 156 0008 034B     		ldr	r3, .L11
 157 000a 1B78     		ldrb	r3, [r3]	@ zero_extendqisi2
 158 000c 002B     		cmp	r3, #0
 159 000e 01D0     		beq	.L10
ARM GAS  C:\Users\ikui753\AppData\Local\Temp\ccXGiqE3.s 			page 7


 184:Generated_Source\PSoC5/PWM_2_PM.c ****     {
 185:Generated_Source\PSoC5/PWM_2_PM.c ****         /* Enable component's operation */
 186:Generated_Source\PSoC5/PWM_2_PM.c ****         PWM_2_Enable();
 160              		.loc 1 186 0
 161 0010 FFF7FEFF 		bl	PWM_2_Enable
 162              	.L10:
 187:Generated_Source\PSoC5/PWM_2_PM.c ****     } /* Do nothing if component's block was disabled before */
 188:Generated_Source\PSoC5/PWM_2_PM.c **** 
 189:Generated_Source\PSoC5/PWM_2_PM.c **** }
 163              		.loc 1 189 0
 164 0014 00BF     		nop
 165 0016 80BD     		pop	{r7, pc}
 166              	.L12:
 167              		.align	2
 168              	.L11:
 169 0018 00000000 		.word	PWM_2_backup
 170              		.cfi_endproc
 171              	.LFE3:
 172              		.size	PWM_2_Wakeup, .-PWM_2_Wakeup
 173              		.text
 174              	.Letext0:
 175              		.file 2 "Generated_Source\\PSoC5\\cytypes.h"
 176              		.file 3 "Generated_Source\\PSoC5\\PWM_2.h"
 177              		.section	.debug_info,"",%progbits
 178              	.Ldebug_info0:
 179 0000 16010000 		.4byte	0x116
 180 0004 0400     		.2byte	0x4
 181 0006 00000000 		.4byte	.Ldebug_abbrev0
 182 000a 04       		.byte	0x4
 183 000b 01       		.uleb128 0x1
 184 000c 0E000000 		.4byte	.LASF20
 185 0010 0C       		.byte	0xc
 186 0011 DE000000 		.4byte	.LASF21
 187 0015 63010000 		.4byte	.LASF22
 188 0019 00000000 		.4byte	.Ldebug_ranges0+0
 189 001d 00000000 		.4byte	0
 190 0021 00000000 		.4byte	.Ldebug_line0
 191 0025 02       		.uleb128 0x2
 192 0026 01       		.byte	0x1
 193 0027 06       		.byte	0x6
 194 0028 F7010000 		.4byte	.LASF0
 195 002c 02       		.uleb128 0x2
 196 002d 01       		.byte	0x1
 197 002e 08       		.byte	0x8
 198 002f 50010000 		.4byte	.LASF1
 199 0033 02       		.uleb128 0x2
 200 0034 02       		.byte	0x2
 201 0035 05       		.byte	0x5
 202 0036 09020000 		.4byte	.LASF2
 203 003a 02       		.uleb128 0x2
 204 003b 02       		.byte	0x2
 205 003c 07       		.byte	0x7
 206 003d E4010000 		.4byte	.LASF3
 207 0041 02       		.uleb128 0x2
 208 0042 04       		.byte	0x4
 209 0043 05       		.byte	0x5
 210 0044 B4010000 		.4byte	.LASF4
ARM GAS  C:\Users\ikui753\AppData\Local\Temp\ccXGiqE3.s 			page 8


 211 0048 02       		.uleb128 0x2
 212 0049 04       		.byte	0x4
 213 004a 07       		.byte	0x7
 214 004b 1A010000 		.4byte	.LASF5
 215 004f 02       		.uleb128 0x2
 216 0050 08       		.byte	0x8
 217 0051 05       		.byte	0x5
 218 0052 00000000 		.4byte	.LASF6
 219 0056 02       		.uleb128 0x2
 220 0057 08       		.byte	0x8
 221 0058 07       		.byte	0x7
 222 0059 39010000 		.4byte	.LASF7
 223 005d 03       		.uleb128 0x3
 224 005e 04       		.byte	0x4
 225 005f 05       		.byte	0x5
 226 0060 696E7400 		.ascii	"int\000"
 227 0064 02       		.uleb128 0x2
 228 0065 04       		.byte	0x4
 229 0066 07       		.byte	0x7
 230 0067 A5000000 		.4byte	.LASF8
 231 006b 04       		.uleb128 0x4
 232 006c 14010000 		.4byte	.LASF12
 233 0070 02       		.byte	0x2
 234 0071 E701     		.2byte	0x1e7
 235 0073 2C000000 		.4byte	0x2c
 236 0077 02       		.uleb128 0x2
 237 0078 04       		.byte	0x4
 238 0079 04       		.byte	0x4
 239 007a 03020000 		.4byte	.LASF9
 240 007e 02       		.uleb128 0x2
 241 007f 08       		.byte	0x8
 242 0080 04       		.byte	0x4
 243 0081 BD010000 		.4byte	.LASF10
 244 0085 02       		.uleb128 0x2
 245 0086 01       		.byte	0x1
 246 0087 08       		.byte	0x8
 247 0088 5E010000 		.4byte	.LASF11
 248 008c 04       		.uleb128 0x4
 249 008d 13020000 		.4byte	.LASF13
 250 0091 02       		.byte	0x2
 251 0092 9102     		.2byte	0x291
 252 0094 98000000 		.4byte	0x98
 253 0098 05       		.uleb128 0x5
 254 0099 6B000000 		.4byte	0x6b
 255 009d 02       		.uleb128 0x2
 256 009e 04       		.byte	0x4
 257 009f 07       		.byte	0x7
 258 00a0 18020000 		.4byte	.LASF14
 259 00a4 06       		.uleb128 0x6
 260 00a5 01       		.byte	0x1
 261 00a6 03       		.byte	0x3
 262 00a7 6B       		.byte	0x6b
 263 00a8 B9000000 		.4byte	0xb9
 264 00ac 07       		.uleb128 0x7
 265 00ad B2000000 		.4byte	.LASF23
 266 00b1 03       		.byte	0x3
 267 00b2 6E       		.byte	0x6e
ARM GAS  C:\Users\ikui753\AppData\Local\Temp\ccXGiqE3.s 			page 9


 268 00b3 6B000000 		.4byte	0x6b
 269 00b7 00       		.byte	0
 270 00b8 00       		.byte	0
 271 00b9 08       		.uleb128 0x8
 272 00ba C4010000 		.4byte	.LASF15
 273 00be 03       		.byte	0x3
 274 00bf 8B       		.byte	0x8b
 275 00c0 A4000000 		.4byte	0xa4
 276 00c4 09       		.uleb128 0x9
 277 00c5 CD000000 		.4byte	.LASF16
 278 00c9 01       		.byte	0x1
 279 00ca 2A       		.byte	0x2a
 280 00cb 00000000 		.4byte	.LFB0
 281 00cf 0C000000 		.4byte	.LFE0-.LFB0
 282 00d3 01       		.uleb128 0x1
 283 00d4 9C       		.byte	0x9c
 284 00d5 09       		.uleb128 0x9
 285 00d6 00010000 		.4byte	.LASF17
 286 00da 01       		.byte	0x1
 287 00db 58       		.byte	0x58
 288 00dc 00000000 		.4byte	.LFB1
 289 00e0 0C000000 		.4byte	.LFE1-.LFB1
 290 00e4 01       		.uleb128 0x1
 291 00e5 9C       		.byte	0x9c
 292 00e6 0A       		.uleb128 0xa
 293 00e7 C1000000 		.4byte	.LASF18
 294 00eb 01       		.byte	0x1
 295 00ec 88       		.byte	0x88
 296 00ed 00000000 		.4byte	.LFB2
 297 00f1 34000000 		.4byte	.LFE2-.LFB2
 298 00f5 01       		.uleb128 0x1
 299 00f6 9C       		.byte	0x9c
 300 00f7 0A       		.uleb128 0xa
 301 00f8 D7010000 		.4byte	.LASF19
 302 00fc 01       		.byte	0x1
 303 00fd B2       		.byte	0xb2
 304 00fe 00000000 		.4byte	.LFB3
 305 0102 1C000000 		.4byte	.LFE3-.LFB3
 306 0106 01       		.uleb128 0x1
 307 0107 9C       		.byte	0x9c
 308 0108 0B       		.uleb128 0xb
 309 0109 2C010000 		.4byte	.LASF24
 310 010d 01       		.byte	0x1
 311 010e 14       		.byte	0x14
 312 010f B9000000 		.4byte	0xb9
 313 0113 05       		.uleb128 0x5
 314 0114 03       		.byte	0x3
 315 0115 00000000 		.4byte	PWM_2_backup
 316 0119 00       		.byte	0
 317              		.section	.debug_abbrev,"",%progbits
 318              	.Ldebug_abbrev0:
 319 0000 01       		.uleb128 0x1
 320 0001 11       		.uleb128 0x11
 321 0002 01       		.byte	0x1
 322 0003 25       		.uleb128 0x25
 323 0004 0E       		.uleb128 0xe
 324 0005 13       		.uleb128 0x13
ARM GAS  C:\Users\ikui753\AppData\Local\Temp\ccXGiqE3.s 			page 10


 325 0006 0B       		.uleb128 0xb
 326 0007 03       		.uleb128 0x3
 327 0008 0E       		.uleb128 0xe
 328 0009 1B       		.uleb128 0x1b
 329 000a 0E       		.uleb128 0xe
 330 000b 55       		.uleb128 0x55
 331 000c 17       		.uleb128 0x17
 332 000d 11       		.uleb128 0x11
 333 000e 01       		.uleb128 0x1
 334 000f 10       		.uleb128 0x10
 335 0010 17       		.uleb128 0x17
 336 0011 00       		.byte	0
 337 0012 00       		.byte	0
 338 0013 02       		.uleb128 0x2
 339 0014 24       		.uleb128 0x24
 340 0015 00       		.byte	0
 341 0016 0B       		.uleb128 0xb
 342 0017 0B       		.uleb128 0xb
 343 0018 3E       		.uleb128 0x3e
 344 0019 0B       		.uleb128 0xb
 345 001a 03       		.uleb128 0x3
 346 001b 0E       		.uleb128 0xe
 347 001c 00       		.byte	0
 348 001d 00       		.byte	0
 349 001e 03       		.uleb128 0x3
 350 001f 24       		.uleb128 0x24
 351 0020 00       		.byte	0
 352 0021 0B       		.uleb128 0xb
 353 0022 0B       		.uleb128 0xb
 354 0023 3E       		.uleb128 0x3e
 355 0024 0B       		.uleb128 0xb
 356 0025 03       		.uleb128 0x3
 357 0026 08       		.uleb128 0x8
 358 0027 00       		.byte	0
 359 0028 00       		.byte	0
 360 0029 04       		.uleb128 0x4
 361 002a 16       		.uleb128 0x16
 362 002b 00       		.byte	0
 363 002c 03       		.uleb128 0x3
 364 002d 0E       		.uleb128 0xe
 365 002e 3A       		.uleb128 0x3a
 366 002f 0B       		.uleb128 0xb
 367 0030 3B       		.uleb128 0x3b
 368 0031 05       		.uleb128 0x5
 369 0032 49       		.uleb128 0x49
 370 0033 13       		.uleb128 0x13
 371 0034 00       		.byte	0
 372 0035 00       		.byte	0
 373 0036 05       		.uleb128 0x5
 374 0037 35       		.uleb128 0x35
 375 0038 00       		.byte	0
 376 0039 49       		.uleb128 0x49
 377 003a 13       		.uleb128 0x13
 378 003b 00       		.byte	0
 379 003c 00       		.byte	0
 380 003d 06       		.uleb128 0x6
 381 003e 13       		.uleb128 0x13
ARM GAS  C:\Users\ikui753\AppData\Local\Temp\ccXGiqE3.s 			page 11


 382 003f 01       		.byte	0x1
 383 0040 0B       		.uleb128 0xb
 384 0041 0B       		.uleb128 0xb
 385 0042 3A       		.uleb128 0x3a
 386 0043 0B       		.uleb128 0xb
 387 0044 3B       		.uleb128 0x3b
 388 0045 0B       		.uleb128 0xb
 389 0046 01       		.uleb128 0x1
 390 0047 13       		.uleb128 0x13
 391 0048 00       		.byte	0
 392 0049 00       		.byte	0
 393 004a 07       		.uleb128 0x7
 394 004b 0D       		.uleb128 0xd
 395 004c 00       		.byte	0
 396 004d 03       		.uleb128 0x3
 397 004e 0E       		.uleb128 0xe
 398 004f 3A       		.uleb128 0x3a
 399 0050 0B       		.uleb128 0xb
 400 0051 3B       		.uleb128 0x3b
 401 0052 0B       		.uleb128 0xb
 402 0053 49       		.uleb128 0x49
 403 0054 13       		.uleb128 0x13
 404 0055 38       		.uleb128 0x38
 405 0056 0B       		.uleb128 0xb
 406 0057 00       		.byte	0
 407 0058 00       		.byte	0
 408 0059 08       		.uleb128 0x8
 409 005a 16       		.uleb128 0x16
 410 005b 00       		.byte	0
 411 005c 03       		.uleb128 0x3
 412 005d 0E       		.uleb128 0xe
 413 005e 3A       		.uleb128 0x3a
 414 005f 0B       		.uleb128 0xb
 415 0060 3B       		.uleb128 0x3b
 416 0061 0B       		.uleb128 0xb
 417 0062 49       		.uleb128 0x49
 418 0063 13       		.uleb128 0x13
 419 0064 00       		.byte	0
 420 0065 00       		.byte	0
 421 0066 09       		.uleb128 0x9
 422 0067 2E       		.uleb128 0x2e
 423 0068 00       		.byte	0
 424 0069 3F       		.uleb128 0x3f
 425 006a 19       		.uleb128 0x19
 426 006b 03       		.uleb128 0x3
 427 006c 0E       		.uleb128 0xe
 428 006d 3A       		.uleb128 0x3a
 429 006e 0B       		.uleb128 0xb
 430 006f 3B       		.uleb128 0x3b
 431 0070 0B       		.uleb128 0xb
 432 0071 27       		.uleb128 0x27
 433 0072 19       		.uleb128 0x19
 434 0073 11       		.uleb128 0x11
 435 0074 01       		.uleb128 0x1
 436 0075 12       		.uleb128 0x12
 437 0076 06       		.uleb128 0x6
 438 0077 40       		.uleb128 0x40
ARM GAS  C:\Users\ikui753\AppData\Local\Temp\ccXGiqE3.s 			page 12


 439 0078 18       		.uleb128 0x18
 440 0079 9742     		.uleb128 0x2117
 441 007b 19       		.uleb128 0x19
 442 007c 00       		.byte	0
 443 007d 00       		.byte	0
 444 007e 0A       		.uleb128 0xa
 445 007f 2E       		.uleb128 0x2e
 446 0080 00       		.byte	0
 447 0081 3F       		.uleb128 0x3f
 448 0082 19       		.uleb128 0x19
 449 0083 03       		.uleb128 0x3
 450 0084 0E       		.uleb128 0xe
 451 0085 3A       		.uleb128 0x3a
 452 0086 0B       		.uleb128 0xb
 453 0087 3B       		.uleb128 0x3b
 454 0088 0B       		.uleb128 0xb
 455 0089 27       		.uleb128 0x27
 456 008a 19       		.uleb128 0x19
 457 008b 11       		.uleb128 0x11
 458 008c 01       		.uleb128 0x1
 459 008d 12       		.uleb128 0x12
 460 008e 06       		.uleb128 0x6
 461 008f 40       		.uleb128 0x40
 462 0090 18       		.uleb128 0x18
 463 0091 9642     		.uleb128 0x2116
 464 0093 19       		.uleb128 0x19
 465 0094 00       		.byte	0
 466 0095 00       		.byte	0
 467 0096 0B       		.uleb128 0xb
 468 0097 34       		.uleb128 0x34
 469 0098 00       		.byte	0
 470 0099 03       		.uleb128 0x3
 471 009a 0E       		.uleb128 0xe
 472 009b 3A       		.uleb128 0x3a
 473 009c 0B       		.uleb128 0xb
 474 009d 3B       		.uleb128 0x3b
 475 009e 0B       		.uleb128 0xb
 476 009f 49       		.uleb128 0x49
 477 00a0 13       		.uleb128 0x13
 478 00a1 02       		.uleb128 0x2
 479 00a2 18       		.uleb128 0x18
 480 00a3 00       		.byte	0
 481 00a4 00       		.byte	0
 482 00a5 00       		.byte	0
 483              		.section	.debug_aranges,"",%progbits
 484 0000 34000000 		.4byte	0x34
 485 0004 0200     		.2byte	0x2
 486 0006 00000000 		.4byte	.Ldebug_info0
 487 000a 04       		.byte	0x4
 488 000b 00       		.byte	0
 489 000c 0000     		.2byte	0
 490 000e 0000     		.2byte	0
 491 0010 00000000 		.4byte	.LFB0
 492 0014 0C000000 		.4byte	.LFE0-.LFB0
 493 0018 00000000 		.4byte	.LFB1
 494 001c 0C000000 		.4byte	.LFE1-.LFB1
 495 0020 00000000 		.4byte	.LFB2
ARM GAS  C:\Users\ikui753\AppData\Local\Temp\ccXGiqE3.s 			page 13


 496 0024 34000000 		.4byte	.LFE2-.LFB2
 497 0028 00000000 		.4byte	.LFB3
 498 002c 1C000000 		.4byte	.LFE3-.LFB3
 499 0030 00000000 		.4byte	0
 500 0034 00000000 		.4byte	0
 501              		.section	.debug_ranges,"",%progbits
 502              	.Ldebug_ranges0:
 503 0000 00000000 		.4byte	.LFB0
 504 0004 0C000000 		.4byte	.LFE0
 505 0008 00000000 		.4byte	.LFB1
 506 000c 0C000000 		.4byte	.LFE1
 507 0010 00000000 		.4byte	.LFB2
 508 0014 34000000 		.4byte	.LFE2
 509 0018 00000000 		.4byte	.LFB3
 510 001c 1C000000 		.4byte	.LFE3
 511 0020 00000000 		.4byte	0
 512 0024 00000000 		.4byte	0
 513              		.section	.debug_line,"",%progbits
 514              	.Ldebug_line0:
 515 0000 A5000000 		.section	.debug_str,"MS",%progbits,1
 515      02005000 
 515      00000201 
 515      FB0E0D00 
 515      01010101 
 516              	.LASF6:
 517 0000 6C6F6E67 		.ascii	"long long int\000"
 517      206C6F6E 
 517      6720696E 
 517      7400
 518              	.LASF20:
 519 000e 474E5520 		.ascii	"GNU C99 5.4.1 20160609 (release) [ARM/embedded-5-br"
 519      43393920 
 519      352E342E 
 519      31203230 
 519      31363036 
 520 0041 616E6368 		.ascii	"anch revision 237715] -mcpu=cortex-m3 -mthumb -g -O"
 520      20726576 
 520      6973696F 
 520      6E203233 
 520      37373135 
 521 0074 30202D73 		.ascii	"0 -std=c99 -ffunction-sections -ffat-lto-objects\000"
 521      74643D63 
 521      3939202D 
 521      6666756E 
 521      6374696F 
 522              	.LASF8:
 523 00a5 756E7369 		.ascii	"unsigned int\000"
 523      676E6564 
 523      20696E74 
 523      00
 524              	.LASF23:
 525 00b2 50574D45 		.ascii	"PWMEnableState\000"
 525      6E61626C 
 525      65537461 
 525      746500
 526              	.LASF18:
 527 00c1 50574D5F 		.ascii	"PWM_2_Sleep\000"
ARM GAS  C:\Users\ikui753\AppData\Local\Temp\ccXGiqE3.s 			page 14


 527      325F536C 
 527      65657000 
 528              	.LASF16:
 529 00cd 50574D5F 		.ascii	"PWM_2_SaveConfig\000"
 529      325F5361 
 529      7665436F 
 529      6E666967 
 529      00
 530              	.LASF21:
 531 00de 47656E65 		.ascii	"Generated_Source\\PSoC5\\PWM_2_PM.c\000"
 531      72617465 
 531      645F536F 
 531      75726365 
 531      5C50536F 
 532              	.LASF17:
 533 0100 50574D5F 		.ascii	"PWM_2_RestoreConfig\000"
 533      325F5265 
 533      73746F72 
 533      65436F6E 
 533      66696700 
 534              	.LASF12:
 535 0114 75696E74 		.ascii	"uint8\000"
 535      3800
 536              	.LASF5:
 537 011a 6C6F6E67 		.ascii	"long unsigned int\000"
 537      20756E73 
 537      69676E65 
 537      6420696E 
 537      7400
 538              	.LASF24:
 539 012c 50574D5F 		.ascii	"PWM_2_backup\000"
 539      325F6261 
 539      636B7570 
 539      00
 540              	.LASF7:
 541 0139 6C6F6E67 		.ascii	"long long unsigned int\000"
 541      206C6F6E 
 541      6720756E 
 541      7369676E 
 541      65642069 
 542              	.LASF1:
 543 0150 756E7369 		.ascii	"unsigned char\000"
 543      676E6564 
 543      20636861 
 543      7200
 544              	.LASF11:
 545 015e 63686172 		.ascii	"char\000"
 545      00
 546              	.LASF22:
 547 0163 483A5C44 		.ascii	"H:\\Documents\\GitHub\\301-Robot\\psoc student pack"
 547      6F63756D 
 547      656E7473 
 547      5C476974 
 547      4875625C 
 548 0192 5C70736F 		.ascii	"\\psoc_code_base\\CS301_Class.cydsn\000"
 548      635F636F 
 548      64655F62 
ARM GAS  C:\Users\ikui753\AppData\Local\Temp\ccXGiqE3.s 			page 15


 548      6173655C 
 548      43533330 
 549              	.LASF4:
 550 01b4 6C6F6E67 		.ascii	"long int\000"
 550      20696E74 
 550      00
 551              	.LASF10:
 552 01bd 646F7562 		.ascii	"double\000"
 552      6C6500
 553              	.LASF15:
 554 01c4 50574D5F 		.ascii	"PWM_2_backupStruct\000"
 554      325F6261 
 554      636B7570 
 554      53747275 
 554      637400
 555              	.LASF19:
 556 01d7 50574D5F 		.ascii	"PWM_2_Wakeup\000"
 556      325F5761 
 556      6B657570 
 556      00
 557              	.LASF3:
 558 01e4 73686F72 		.ascii	"short unsigned int\000"
 558      7420756E 
 558      7369676E 
 558      65642069 
 558      6E7400
 559              	.LASF0:
 560 01f7 7369676E 		.ascii	"signed char\000"
 560      65642063 
 560      68617200 
 561              	.LASF9:
 562 0203 666C6F61 		.ascii	"float\000"
 562      7400
 563              	.LASF2:
 564 0209 73686F72 		.ascii	"short int\000"
 564      7420696E 
 564      7400
 565              	.LASF13:
 566 0213 72656738 		.ascii	"reg8\000"
 566      00
 567              	.LASF14:
 568 0218 73697A65 		.ascii	"sizetype\000"
 568      74797065 
 568      00
 569              		.ident	"GCC: (GNU Tools for ARM Embedded Processors) 5.4.1 20160609 (release) [ARM/embedded-5-bran
