ARM GAS  C:\Users\ikui753\AppData\Local\Temp\cc8BxojZ.s 			page 1


   1              		.syntax unified
   2              		.cpu cortex-m3
   3              		.fpu softvfp
   4              		.eabi_attribute 20, 1
   5              		.eabi_attribute 21, 1
   6              		.eabi_attribute 23, 3
   7              		.eabi_attribute 24, 1
   8              		.eabi_attribute 25, 1
   9              		.eabi_attribute 26, 1
  10              		.eabi_attribute 30, 6
  11              		.eabi_attribute 34, 1
  12              		.eabi_attribute 18, 4
  13              		.thumb
  14              		.syntax unified
  15              		.file	"QuadDec_M2_PM.c"
  16              		.text
  17              	.Ltext0:
  18              		.cfi_sections	.debug_frame
  19              		.bss
  20              		.align	2
  21              	QuadDec_M2_backup:
  22 0000 00       		.space	1
  23              		.section	.text.QuadDec_M2_SaveConfig,"ax",%progbits
  24              		.align	2
  25              		.global	QuadDec_M2_SaveConfig
  26              		.thumb
  27              		.thumb_func
  28              		.type	QuadDec_M2_SaveConfig, %function
  29              	QuadDec_M2_SaveConfig:
  30              	.LFB0:
  31              		.file 1 "Generated_Source\\PSoC5\\QuadDec_M2_PM.c"
   1:Generated_Source\PSoC5/QuadDec_M2_PM.c **** /*******************************************************************************
   2:Generated_Source\PSoC5/QuadDec_M2_PM.c **** * File Name: QuadDec_M2_PM.c
   3:Generated_Source\PSoC5/QuadDec_M2_PM.c **** * Version 3.0
   4:Generated_Source\PSoC5/QuadDec_M2_PM.c **** *
   5:Generated_Source\PSoC5/QuadDec_M2_PM.c **** * Description:
   6:Generated_Source\PSoC5/QuadDec_M2_PM.c **** *  This file contains the setup, control and status commands to support 
   7:Generated_Source\PSoC5/QuadDec_M2_PM.c **** *  component operations in low power mode.  
   8:Generated_Source\PSoC5/QuadDec_M2_PM.c **** *
   9:Generated_Source\PSoC5/QuadDec_M2_PM.c **** * Note:
  10:Generated_Source\PSoC5/QuadDec_M2_PM.c **** *  None.
  11:Generated_Source\PSoC5/QuadDec_M2_PM.c **** *
  12:Generated_Source\PSoC5/QuadDec_M2_PM.c **** ********************************************************************************
  13:Generated_Source\PSoC5/QuadDec_M2_PM.c **** * Copyright 2008-2014, Cypress Semiconductor Corporation.  All rights reserved.
  14:Generated_Source\PSoC5/QuadDec_M2_PM.c **** * You may use this file only in accordance with the license, terms, conditions,
  15:Generated_Source\PSoC5/QuadDec_M2_PM.c **** * disclaimers, and limitations in the end user license agreement accompanying
  16:Generated_Source\PSoC5/QuadDec_M2_PM.c **** * the software package with which this file was provided.
  17:Generated_Source\PSoC5/QuadDec_M2_PM.c **** *******************************************************************************/
  18:Generated_Source\PSoC5/QuadDec_M2_PM.c **** 
  19:Generated_Source\PSoC5/QuadDec_M2_PM.c **** #include "QuadDec_M2.h"
  20:Generated_Source\PSoC5/QuadDec_M2_PM.c **** 
  21:Generated_Source\PSoC5/QuadDec_M2_PM.c **** static QuadDec_M2_BACKUP_STRUCT QuadDec_M2_backup = {0u};
  22:Generated_Source\PSoC5/QuadDec_M2_PM.c **** 
  23:Generated_Source\PSoC5/QuadDec_M2_PM.c **** 
  24:Generated_Source\PSoC5/QuadDec_M2_PM.c **** /*******************************************************************************
  25:Generated_Source\PSoC5/QuadDec_M2_PM.c **** * Function Name: QuadDec_M2_SaveConfig
  26:Generated_Source\PSoC5/QuadDec_M2_PM.c **** ********************************************************************************
ARM GAS  C:\Users\ikui753\AppData\Local\Temp\cc8BxojZ.s 			page 2


  27:Generated_Source\PSoC5/QuadDec_M2_PM.c **** * Summary:
  28:Generated_Source\PSoC5/QuadDec_M2_PM.c **** *  Saves the current user configuration of the component.
  29:Generated_Source\PSoC5/QuadDec_M2_PM.c **** *
  30:Generated_Source\PSoC5/QuadDec_M2_PM.c **** * Parameters:
  31:Generated_Source\PSoC5/QuadDec_M2_PM.c **** *  None.
  32:Generated_Source\PSoC5/QuadDec_M2_PM.c **** *
  33:Generated_Source\PSoC5/QuadDec_M2_PM.c **** * Return:
  34:Generated_Source\PSoC5/QuadDec_M2_PM.c **** *  None.
  35:Generated_Source\PSoC5/QuadDec_M2_PM.c **** *
  36:Generated_Source\PSoC5/QuadDec_M2_PM.c **** *******************************************************************************/
  37:Generated_Source\PSoC5/QuadDec_M2_PM.c **** void QuadDec_M2_SaveConfig(void) 
  38:Generated_Source\PSoC5/QuadDec_M2_PM.c **** {
  32              		.loc 1 38 0
  33              		.cfi_startproc
  34              		@ args = 0, pretend = 0, frame = 0
  35              		@ frame_needed = 1, uses_anonymous_args = 0
  36 0000 80B5     		push	{r7, lr}
  37              		.cfi_def_cfa_offset 8
  38              		.cfi_offset 7, -8
  39              		.cfi_offset 14, -4
  40 0002 00AF     		add	r7, sp, #0
  41              		.cfi_def_cfa_register 7
  39:Generated_Source\PSoC5/QuadDec_M2_PM.c ****     #if (QuadDec_M2_COUNTER_SIZE == QuadDec_M2_COUNTER_SIZE_8_BIT)
  40:Generated_Source\PSoC5/QuadDec_M2_PM.c ****         QuadDec_M2_Cnt8_SaveConfig();
  41:Generated_Source\PSoC5/QuadDec_M2_PM.c ****     #else 
  42:Generated_Source\PSoC5/QuadDec_M2_PM.c ****         /* (QuadDec_M2_COUNTER_SIZE == QuadDec_M2_COUNTER_SIZE_16_BIT) || 
  43:Generated_Source\PSoC5/QuadDec_M2_PM.c ****          * (QuadDec_M2_COUNTER_SIZE == QuadDec_M2_COUNTER_SIZE_32_BIT)
  44:Generated_Source\PSoC5/QuadDec_M2_PM.c ****          */
  45:Generated_Source\PSoC5/QuadDec_M2_PM.c ****         QuadDec_M2_Cnt16_SaveConfig();
  42              		.loc 1 45 0
  43 0004 FFF7FEFF 		bl	QuadDec_M2_Cnt16_SaveConfig
  46:Generated_Source\PSoC5/QuadDec_M2_PM.c ****     #endif /* (QuadDec_M2_COUNTER_SIZE == QuadDec_M2_COUNTER_SIZE_8_BIT) */
  47:Generated_Source\PSoC5/QuadDec_M2_PM.c **** }
  44              		.loc 1 47 0
  45 0008 00BF     		nop
  46 000a 80BD     		pop	{r7, pc}
  47              		.cfi_endproc
  48              	.LFE0:
  49              		.size	QuadDec_M2_SaveConfig, .-QuadDec_M2_SaveConfig
  50              		.section	.text.QuadDec_M2_RestoreConfig,"ax",%progbits
  51              		.align	2
  52              		.global	QuadDec_M2_RestoreConfig
  53              		.thumb
  54              		.thumb_func
  55              		.type	QuadDec_M2_RestoreConfig, %function
  56              	QuadDec_M2_RestoreConfig:
  57              	.LFB1:
  48:Generated_Source\PSoC5/QuadDec_M2_PM.c **** 
  49:Generated_Source\PSoC5/QuadDec_M2_PM.c **** 
  50:Generated_Source\PSoC5/QuadDec_M2_PM.c **** /*******************************************************************************
  51:Generated_Source\PSoC5/QuadDec_M2_PM.c **** * Function Name: QuadDec_M2_RestoreConfig
  52:Generated_Source\PSoC5/QuadDec_M2_PM.c **** ********************************************************************************
  53:Generated_Source\PSoC5/QuadDec_M2_PM.c **** * Summary:
  54:Generated_Source\PSoC5/QuadDec_M2_PM.c **** *  Restores the current user configuration of the component.
  55:Generated_Source\PSoC5/QuadDec_M2_PM.c **** *
  56:Generated_Source\PSoC5/QuadDec_M2_PM.c **** * Parameters:
  57:Generated_Source\PSoC5/QuadDec_M2_PM.c **** *  None.
ARM GAS  C:\Users\ikui753\AppData\Local\Temp\cc8BxojZ.s 			page 3


  58:Generated_Source\PSoC5/QuadDec_M2_PM.c **** *
  59:Generated_Source\PSoC5/QuadDec_M2_PM.c **** * Return:
  60:Generated_Source\PSoC5/QuadDec_M2_PM.c **** *  None.
  61:Generated_Source\PSoC5/QuadDec_M2_PM.c **** *
  62:Generated_Source\PSoC5/QuadDec_M2_PM.c **** *******************************************************************************/
  63:Generated_Source\PSoC5/QuadDec_M2_PM.c **** void QuadDec_M2_RestoreConfig(void) 
  64:Generated_Source\PSoC5/QuadDec_M2_PM.c **** {
  58              		.loc 1 64 0
  59              		.cfi_startproc
  60              		@ args = 0, pretend = 0, frame = 0
  61              		@ frame_needed = 1, uses_anonymous_args = 0
  62 0000 80B5     		push	{r7, lr}
  63              		.cfi_def_cfa_offset 8
  64              		.cfi_offset 7, -8
  65              		.cfi_offset 14, -4
  66 0002 00AF     		add	r7, sp, #0
  67              		.cfi_def_cfa_register 7
  65:Generated_Source\PSoC5/QuadDec_M2_PM.c ****     #if (QuadDec_M2_COUNTER_SIZE == QuadDec_M2_COUNTER_SIZE_8_BIT)
  66:Generated_Source\PSoC5/QuadDec_M2_PM.c ****         QuadDec_M2_Cnt8_RestoreConfig();
  67:Generated_Source\PSoC5/QuadDec_M2_PM.c ****     #else 
  68:Generated_Source\PSoC5/QuadDec_M2_PM.c ****         /* (QuadDec_M2_COUNTER_SIZE == QuadDec_M2_COUNTER_SIZE_16_BIT) || 
  69:Generated_Source\PSoC5/QuadDec_M2_PM.c ****          * (QuadDec_M2_COUNTER_SIZE == QuadDec_M2_COUNTER_SIZE_32_BIT) 
  70:Generated_Source\PSoC5/QuadDec_M2_PM.c ****          */
  71:Generated_Source\PSoC5/QuadDec_M2_PM.c ****         QuadDec_M2_Cnt16_RestoreConfig();
  68              		.loc 1 71 0
  69 0004 FFF7FEFF 		bl	QuadDec_M2_Cnt16_RestoreConfig
  72:Generated_Source\PSoC5/QuadDec_M2_PM.c ****     #endif /* (QuadDec_M2_COUNTER_SIZE == QuadDec_M2_COUNTER_SIZE_8_BIT) */
  73:Generated_Source\PSoC5/QuadDec_M2_PM.c **** }
  70              		.loc 1 73 0
  71 0008 00BF     		nop
  72 000a 80BD     		pop	{r7, pc}
  73              		.cfi_endproc
  74              	.LFE1:
  75              		.size	QuadDec_M2_RestoreConfig, .-QuadDec_M2_RestoreConfig
  76              		.section	.text.QuadDec_M2_Sleep,"ax",%progbits
  77              		.align	2
  78              		.global	QuadDec_M2_Sleep
  79              		.thumb
  80              		.thumb_func
  81              		.type	QuadDec_M2_Sleep, %function
  82              	QuadDec_M2_Sleep:
  83              	.LFB2:
  74:Generated_Source\PSoC5/QuadDec_M2_PM.c **** 
  75:Generated_Source\PSoC5/QuadDec_M2_PM.c **** 
  76:Generated_Source\PSoC5/QuadDec_M2_PM.c **** /*******************************************************************************
  77:Generated_Source\PSoC5/QuadDec_M2_PM.c **** * Function Name: QuadDec_M2_Sleep
  78:Generated_Source\PSoC5/QuadDec_M2_PM.c **** ********************************************************************************
  79:Generated_Source\PSoC5/QuadDec_M2_PM.c **** * 
  80:Generated_Source\PSoC5/QuadDec_M2_PM.c **** * Summary:
  81:Generated_Source\PSoC5/QuadDec_M2_PM.c **** *  Prepare Quadrature Decoder Component goes to sleep.
  82:Generated_Source\PSoC5/QuadDec_M2_PM.c **** *
  83:Generated_Source\PSoC5/QuadDec_M2_PM.c **** * Parameters:
  84:Generated_Source\PSoC5/QuadDec_M2_PM.c **** *  None.
  85:Generated_Source\PSoC5/QuadDec_M2_PM.c **** *
  86:Generated_Source\PSoC5/QuadDec_M2_PM.c **** * Return:
  87:Generated_Source\PSoC5/QuadDec_M2_PM.c **** *  None.
  88:Generated_Source\PSoC5/QuadDec_M2_PM.c **** *
ARM GAS  C:\Users\ikui753\AppData\Local\Temp\cc8BxojZ.s 			page 4


  89:Generated_Source\PSoC5/QuadDec_M2_PM.c **** * Global Variables:
  90:Generated_Source\PSoC5/QuadDec_M2_PM.c **** *  QuadDec_M2_backup - modified when non-retention registers are saved.
  91:Generated_Source\PSoC5/QuadDec_M2_PM.c **** *
  92:Generated_Source\PSoC5/QuadDec_M2_PM.c **** * Reentrant:
  93:Generated_Source\PSoC5/QuadDec_M2_PM.c **** *  No.
  94:Generated_Source\PSoC5/QuadDec_M2_PM.c **** *
  95:Generated_Source\PSoC5/QuadDec_M2_PM.c **** *******************************************************************************/
  96:Generated_Source\PSoC5/QuadDec_M2_PM.c **** void QuadDec_M2_Sleep(void) 
  97:Generated_Source\PSoC5/QuadDec_M2_PM.c **** {
  84              		.loc 1 97 0
  85              		.cfi_startproc
  86              		@ args = 0, pretend = 0, frame = 0
  87              		@ frame_needed = 1, uses_anonymous_args = 0
  88 0000 80B5     		push	{r7, lr}
  89              		.cfi_def_cfa_offset 8
  90              		.cfi_offset 7, -8
  91              		.cfi_offset 14, -4
  92 0002 00AF     		add	r7, sp, #0
  93              		.cfi_def_cfa_register 7
  98:Generated_Source\PSoC5/QuadDec_M2_PM.c ****     if (0u != (QuadDec_M2_SR_AUX_CONTROL & QuadDec_M2_INTERRUPTS_ENABLE))
  94              		.loc 1 98 0
  95 0004 094B     		ldr	r3, .L6
  96 0006 1B78     		ldrb	r3, [r3]
  97 0008 DBB2     		uxtb	r3, r3
  98 000a 03F01003 		and	r3, r3, #16
  99 000e 002B     		cmp	r3, #0
 100 0010 03D0     		beq	.L4
  99:Generated_Source\PSoC5/QuadDec_M2_PM.c ****     {
 100:Generated_Source\PSoC5/QuadDec_M2_PM.c ****         QuadDec_M2_backup.enableState = 1u;
 101              		.loc 1 100 0
 102 0012 074B     		ldr	r3, .L6+4
 103 0014 0122     		movs	r2, #1
 104 0016 1A70     		strb	r2, [r3]
 105 0018 02E0     		b	.L5
 106              	.L4:
 101:Generated_Source\PSoC5/QuadDec_M2_PM.c ****     }
 102:Generated_Source\PSoC5/QuadDec_M2_PM.c ****     else /* The Quadrature Decoder Component is disabled */
 103:Generated_Source\PSoC5/QuadDec_M2_PM.c ****     {
 104:Generated_Source\PSoC5/QuadDec_M2_PM.c ****         QuadDec_M2_backup.enableState = 0u;
 107              		.loc 1 104 0
 108 001a 054B     		ldr	r3, .L6+4
 109 001c 0022     		movs	r2, #0
 110 001e 1A70     		strb	r2, [r3]
 111              	.L5:
 105:Generated_Source\PSoC5/QuadDec_M2_PM.c ****     }
 106:Generated_Source\PSoC5/QuadDec_M2_PM.c **** 
 107:Generated_Source\PSoC5/QuadDec_M2_PM.c ****     QuadDec_M2_Stop();
 112              		.loc 1 107 0
 113 0020 FFF7FEFF 		bl	QuadDec_M2_Stop
 108:Generated_Source\PSoC5/QuadDec_M2_PM.c ****     QuadDec_M2_SaveConfig();
 114              		.loc 1 108 0
 115 0024 FFF7FEFF 		bl	QuadDec_M2_SaveConfig
 109:Generated_Source\PSoC5/QuadDec_M2_PM.c **** }
 116              		.loc 1 109 0
 117 0028 00BF     		nop
 118 002a 80BD     		pop	{r7, pc}
 119              	.L7:
ARM GAS  C:\Users\ikui753\AppData\Local\Temp\cc8BxojZ.s 			page 5


 120              		.align	2
 121              	.L6:
 122 002c 93640040 		.word	1073767571
 123 0030 00000000 		.word	QuadDec_M2_backup
 124              		.cfi_endproc
 125              	.LFE2:
 126              		.size	QuadDec_M2_Sleep, .-QuadDec_M2_Sleep
 127              		.section	.text.QuadDec_M2_Wakeup,"ax",%progbits
 128              		.align	2
 129              		.global	QuadDec_M2_Wakeup
 130              		.thumb
 131              		.thumb_func
 132              		.type	QuadDec_M2_Wakeup, %function
 133              	QuadDec_M2_Wakeup:
 134              	.LFB3:
 110:Generated_Source\PSoC5/QuadDec_M2_PM.c **** 
 111:Generated_Source\PSoC5/QuadDec_M2_PM.c **** 
 112:Generated_Source\PSoC5/QuadDec_M2_PM.c **** /*******************************************************************************
 113:Generated_Source\PSoC5/QuadDec_M2_PM.c **** * Function Name: QuadDec_M2_Wakeup
 114:Generated_Source\PSoC5/QuadDec_M2_PM.c **** ********************************************************************************
 115:Generated_Source\PSoC5/QuadDec_M2_PM.c **** *
 116:Generated_Source\PSoC5/QuadDec_M2_PM.c **** * Summary:
 117:Generated_Source\PSoC5/QuadDec_M2_PM.c **** *  Prepare Quadrature Decoder Component to wake up.
 118:Generated_Source\PSoC5/QuadDec_M2_PM.c **** *
 119:Generated_Source\PSoC5/QuadDec_M2_PM.c **** * Parameters:
 120:Generated_Source\PSoC5/QuadDec_M2_PM.c **** *  None.
 121:Generated_Source\PSoC5/QuadDec_M2_PM.c **** *
 122:Generated_Source\PSoC5/QuadDec_M2_PM.c **** * Return:
 123:Generated_Source\PSoC5/QuadDec_M2_PM.c **** *  None.
 124:Generated_Source\PSoC5/QuadDec_M2_PM.c **** *
 125:Generated_Source\PSoC5/QuadDec_M2_PM.c **** * Global Variables:
 126:Generated_Source\PSoC5/QuadDec_M2_PM.c **** *  QuadDec_M2_backup - used when non-retention registers are restored.
 127:Generated_Source\PSoC5/QuadDec_M2_PM.c **** *
 128:Generated_Source\PSoC5/QuadDec_M2_PM.c **** *******************************************************************************/
 129:Generated_Source\PSoC5/QuadDec_M2_PM.c **** void QuadDec_M2_Wakeup(void) 
 130:Generated_Source\PSoC5/QuadDec_M2_PM.c **** {
 135              		.loc 1 130 0
 136              		.cfi_startproc
 137              		@ args = 0, pretend = 0, frame = 0
 138              		@ frame_needed = 1, uses_anonymous_args = 0
 139 0000 80B5     		push	{r7, lr}
 140              		.cfi_def_cfa_offset 8
 141              		.cfi_offset 7, -8
 142              		.cfi_offset 14, -4
 143 0002 00AF     		add	r7, sp, #0
 144              		.cfi_def_cfa_register 7
 131:Generated_Source\PSoC5/QuadDec_M2_PM.c ****     QuadDec_M2_RestoreConfig();
 145              		.loc 1 131 0
 146 0004 FFF7FEFF 		bl	QuadDec_M2_RestoreConfig
 132:Generated_Source\PSoC5/QuadDec_M2_PM.c **** 
 133:Generated_Source\PSoC5/QuadDec_M2_PM.c ****     if (QuadDec_M2_backup.enableState != 0u)
 147              		.loc 1 133 0
 148 0008 044B     		ldr	r3, .L11
 149 000a 1B78     		ldrb	r3, [r3]	@ zero_extendqisi2
 150 000c 002B     		cmp	r3, #0
 151 000e 03D0     		beq	.L10
 134:Generated_Source\PSoC5/QuadDec_M2_PM.c ****     {
ARM GAS  C:\Users\ikui753\AppData\Local\Temp\cc8BxojZ.s 			page 6


 135:Generated_Source\PSoC5/QuadDec_M2_PM.c ****         #if (QuadDec_M2_COUNTER_SIZE == QuadDec_M2_COUNTER_SIZE_8_BIT)
 136:Generated_Source\PSoC5/QuadDec_M2_PM.c ****             QuadDec_M2_Cnt8_Enable();
 137:Generated_Source\PSoC5/QuadDec_M2_PM.c ****         #else 
 138:Generated_Source\PSoC5/QuadDec_M2_PM.c ****             /* (QuadDec_M2_COUNTER_SIZE == QuadDec_M2_COUNTER_SIZE_16_BIT) || 
 139:Generated_Source\PSoC5/QuadDec_M2_PM.c ****             *  (QuadDec_M2_COUNTER_SIZE == QuadDec_M2_COUNTER_SIZE_32_BIT) 
 140:Generated_Source\PSoC5/QuadDec_M2_PM.c ****             */
 141:Generated_Source\PSoC5/QuadDec_M2_PM.c ****             QuadDec_M2_Cnt16_Enable();
 152              		.loc 1 141 0
 153 0010 FFF7FEFF 		bl	QuadDec_M2_Cnt16_Enable
 142:Generated_Source\PSoC5/QuadDec_M2_PM.c ****         #endif /* (QuadDec_M2_COUNTER_SIZE == QuadDec_M2_COUNTER_SIZE_8_BIT) */
 143:Generated_Source\PSoC5/QuadDec_M2_PM.c **** 
 144:Generated_Source\PSoC5/QuadDec_M2_PM.c ****         /* Enable component's operation */
 145:Generated_Source\PSoC5/QuadDec_M2_PM.c ****         QuadDec_M2_Enable();
 154              		.loc 1 145 0
 155 0014 FFF7FEFF 		bl	QuadDec_M2_Enable
 156              	.L10:
 146:Generated_Source\PSoC5/QuadDec_M2_PM.c ****     } /* Do nothing if component's block was disabled before */
 147:Generated_Source\PSoC5/QuadDec_M2_PM.c **** }
 157              		.loc 1 147 0
 158 0018 00BF     		nop
 159 001a 80BD     		pop	{r7, pc}
 160              	.L12:
 161              		.align	2
 162              	.L11:
 163 001c 00000000 		.word	QuadDec_M2_backup
 164              		.cfi_endproc
 165              	.LFE3:
 166              		.size	QuadDec_M2_Wakeup, .-QuadDec_M2_Wakeup
 167              		.text
 168              	.Letext0:
 169              		.file 2 "Generated_Source\\PSoC5\\cytypes.h"
 170              		.file 3 "Generated_Source\\PSoC5\\QuadDec_M2.h"
 171              		.section	.debug_info,"",%progbits
 172              	.Ldebug_info0:
 173 0000 16010000 		.4byte	0x116
 174 0004 0400     		.2byte	0x4
 175 0006 00000000 		.4byte	.Ldebug_abbrev0
 176 000a 04       		.byte	0x4
 177 000b 01       		.uleb128 0x1
 178 000c 0E000000 		.4byte	.LASF20
 179 0010 0C       		.byte	0xc
 180 0011 D4010000 		.4byte	.LASF21
 181 0015 38010000 		.4byte	.LASF22
 182 0019 00000000 		.4byte	.Ldebug_ranges0+0
 183 001d 00000000 		.4byte	0
 184 0021 00000000 		.4byte	.Ldebug_line0
 185 0025 02       		.uleb128 0x2
 186 0026 04       		.byte	0x4
 187 0027 05       		.byte	0x5
 188 0028 696E7400 		.ascii	"int\000"
 189 002c 03       		.uleb128 0x3
 190 002d 04       		.byte	0x4
 191 002e 07       		.byte	0x7
 192 002f A5000000 		.4byte	.LASF0
 193 0033 03       		.uleb128 0x3
 194 0034 01       		.byte	0x1
 195 0035 06       		.byte	0x6
ARM GAS  C:\Users\ikui753\AppData\Local\Temp\cc8BxojZ.s 			page 7


 196 0036 C2010000 		.4byte	.LASF1
 197 003a 03       		.uleb128 0x3
 198 003b 01       		.byte	0x1
 199 003c 08       		.byte	0x8
 200 003d 25010000 		.4byte	.LASF2
 201 0041 03       		.uleb128 0x3
 202 0042 02       		.byte	0x2
 203 0043 05       		.byte	0x5
 204 0044 92010000 		.4byte	.LASF3
 205 0048 03       		.uleb128 0x3
 206 0049 02       		.byte	0x2
 207 004a 07       		.byte	0x7
 208 004b AF010000 		.4byte	.LASF4
 209 004f 03       		.uleb128 0x3
 210 0050 04       		.byte	0x4
 211 0051 05       		.byte	0x5
 212 0052 89010000 		.4byte	.LASF5
 213 0056 03       		.uleb128 0x3
 214 0057 04       		.byte	0x4
 215 0058 07       		.byte	0x7
 216 0059 CA000000 		.4byte	.LASF6
 217 005d 03       		.uleb128 0x3
 218 005e 08       		.byte	0x8
 219 005f 05       		.byte	0x5
 220 0060 00000000 		.4byte	.LASF7
 221 0064 03       		.uleb128 0x3
 222 0065 08       		.byte	0x8
 223 0066 07       		.byte	0x7
 224 0067 DC000000 		.4byte	.LASF8
 225 006b 03       		.uleb128 0x3
 226 006c 04       		.byte	0x4
 227 006d 07       		.byte	0x7
 228 006e 28020000 		.4byte	.LASF9
 229 0072 03       		.uleb128 0x3
 230 0073 01       		.byte	0x1
 231 0074 08       		.byte	0x8
 232 0075 33010000 		.4byte	.LASF10
 233 0079 04       		.uleb128 0x4
 234 007a C4000000 		.4byte	.LASF13
 235 007e 02       		.byte	0x2
 236 007f E701     		.2byte	0x1e7
 237 0081 3A000000 		.4byte	0x3a
 238 0085 03       		.uleb128 0x3
 239 0086 04       		.byte	0x4
 240 0087 04       		.byte	0x4
 241 0088 CE010000 		.4byte	.LASF11
 242 008c 03       		.uleb128 0x3
 243 008d 08       		.byte	0x8
 244 008e 04       		.byte	0x4
 245 008f A8010000 		.4byte	.LASF12
 246 0093 04       		.uleb128 0x4
 247 0094 0D020000 		.4byte	.LASF14
 248 0098 02       		.byte	0x2
 249 0099 9102     		.2byte	0x291
 250 009b 9F000000 		.4byte	0x9f
 251 009f 05       		.uleb128 0x5
 252 00a0 79000000 		.4byte	0x79
ARM GAS  C:\Users\ikui753\AppData\Local\Temp\cc8BxojZ.s 			page 8


 253 00a4 06       		.uleb128 0x6
 254 00a5 01       		.byte	0x1
 255 00a6 03       		.byte	0x3
 256 00a7 3D       		.byte	0x3d
 257 00a8 B9000000 		.4byte	0xb9
 258 00ac 07       		.uleb128 0x7
 259 00ad 9C010000 		.4byte	.LASF23
 260 00b1 03       		.byte	0x3
 261 00b2 3F       		.byte	0x3f
 262 00b3 79000000 		.4byte	0x79
 263 00b7 00       		.byte	0
 264 00b8 00       		.byte	0
 265 00b9 08       		.uleb128 0x8
 266 00ba 0C010000 		.4byte	.LASF15
 267 00be 03       		.byte	0x3
 268 00bf 40       		.byte	0x40
 269 00c0 A4000000 		.4byte	0xa4
 270 00c4 09       		.uleb128 0x9
 271 00c5 12020000 		.4byte	.LASF16
 272 00c9 01       		.byte	0x1
 273 00ca 25       		.byte	0x25
 274 00cb 00000000 		.4byte	.LFB0
 275 00cf 0C000000 		.4byte	.LFE0-.LFB0
 276 00d3 01       		.uleb128 0x1
 277 00d4 9C       		.byte	0x9c
 278 00d5 09       		.uleb128 0x9
 279 00d6 F3000000 		.4byte	.LASF17
 280 00da 01       		.byte	0x1
 281 00db 3F       		.byte	0x3f
 282 00dc 00000000 		.4byte	.LFB1
 283 00e0 0C000000 		.4byte	.LFE1-.LFB1
 284 00e4 01       		.uleb128 0x1
 285 00e5 9C       		.byte	0x9c
 286 00e6 09       		.uleb128 0x9
 287 00e7 31020000 		.4byte	.LASF18
 288 00eb 01       		.byte	0x1
 289 00ec 60       		.byte	0x60
 290 00ed 00000000 		.4byte	.LFB2
 291 00f1 34000000 		.4byte	.LFE2-.LFB2
 292 00f5 01       		.uleb128 0x1
 293 00f6 9C       		.byte	0x9c
 294 00f7 09       		.uleb128 0x9
 295 00f8 B2000000 		.4byte	.LASF19
 296 00fc 01       		.byte	0x1
 297 00fd 81       		.byte	0x81
 298 00fe 00000000 		.4byte	.LFB3
 299 0102 20000000 		.4byte	.LFE3-.LFB3
 300 0106 01       		.uleb128 0x1
 301 0107 9C       		.byte	0x9c
 302 0108 0A       		.uleb128 0xa
 303 0109 FB010000 		.4byte	.LASF24
 304 010d 01       		.byte	0x1
 305 010e 15       		.byte	0x15
 306 010f B9000000 		.4byte	0xb9
 307 0113 05       		.uleb128 0x5
 308 0114 03       		.byte	0x3
 309 0115 00000000 		.4byte	QuadDec_M2_backup
ARM GAS  C:\Users\ikui753\AppData\Local\Temp\cc8BxojZ.s 			page 9


 310 0119 00       		.byte	0
 311              		.section	.debug_abbrev,"",%progbits
 312              	.Ldebug_abbrev0:
 313 0000 01       		.uleb128 0x1
 314 0001 11       		.uleb128 0x11
 315 0002 01       		.byte	0x1
 316 0003 25       		.uleb128 0x25
 317 0004 0E       		.uleb128 0xe
 318 0005 13       		.uleb128 0x13
 319 0006 0B       		.uleb128 0xb
 320 0007 03       		.uleb128 0x3
 321 0008 0E       		.uleb128 0xe
 322 0009 1B       		.uleb128 0x1b
 323 000a 0E       		.uleb128 0xe
 324 000b 55       		.uleb128 0x55
 325 000c 17       		.uleb128 0x17
 326 000d 11       		.uleb128 0x11
 327 000e 01       		.uleb128 0x1
 328 000f 10       		.uleb128 0x10
 329 0010 17       		.uleb128 0x17
 330 0011 00       		.byte	0
 331 0012 00       		.byte	0
 332 0013 02       		.uleb128 0x2
 333 0014 24       		.uleb128 0x24
 334 0015 00       		.byte	0
 335 0016 0B       		.uleb128 0xb
 336 0017 0B       		.uleb128 0xb
 337 0018 3E       		.uleb128 0x3e
 338 0019 0B       		.uleb128 0xb
 339 001a 03       		.uleb128 0x3
 340 001b 08       		.uleb128 0x8
 341 001c 00       		.byte	0
 342 001d 00       		.byte	0
 343 001e 03       		.uleb128 0x3
 344 001f 24       		.uleb128 0x24
 345 0020 00       		.byte	0
 346 0021 0B       		.uleb128 0xb
 347 0022 0B       		.uleb128 0xb
 348 0023 3E       		.uleb128 0x3e
 349 0024 0B       		.uleb128 0xb
 350 0025 03       		.uleb128 0x3
 351 0026 0E       		.uleb128 0xe
 352 0027 00       		.byte	0
 353 0028 00       		.byte	0
 354 0029 04       		.uleb128 0x4
 355 002a 16       		.uleb128 0x16
 356 002b 00       		.byte	0
 357 002c 03       		.uleb128 0x3
 358 002d 0E       		.uleb128 0xe
 359 002e 3A       		.uleb128 0x3a
 360 002f 0B       		.uleb128 0xb
 361 0030 3B       		.uleb128 0x3b
 362 0031 05       		.uleb128 0x5
 363 0032 49       		.uleb128 0x49
 364 0033 13       		.uleb128 0x13
 365 0034 00       		.byte	0
 366 0035 00       		.byte	0
ARM GAS  C:\Users\ikui753\AppData\Local\Temp\cc8BxojZ.s 			page 10


 367 0036 05       		.uleb128 0x5
 368 0037 35       		.uleb128 0x35
 369 0038 00       		.byte	0
 370 0039 49       		.uleb128 0x49
 371 003a 13       		.uleb128 0x13
 372 003b 00       		.byte	0
 373 003c 00       		.byte	0
 374 003d 06       		.uleb128 0x6
 375 003e 13       		.uleb128 0x13
 376 003f 01       		.byte	0x1
 377 0040 0B       		.uleb128 0xb
 378 0041 0B       		.uleb128 0xb
 379 0042 3A       		.uleb128 0x3a
 380 0043 0B       		.uleb128 0xb
 381 0044 3B       		.uleb128 0x3b
 382 0045 0B       		.uleb128 0xb
 383 0046 01       		.uleb128 0x1
 384 0047 13       		.uleb128 0x13
 385 0048 00       		.byte	0
 386 0049 00       		.byte	0
 387 004a 07       		.uleb128 0x7
 388 004b 0D       		.uleb128 0xd
 389 004c 00       		.byte	0
 390 004d 03       		.uleb128 0x3
 391 004e 0E       		.uleb128 0xe
 392 004f 3A       		.uleb128 0x3a
 393 0050 0B       		.uleb128 0xb
 394 0051 3B       		.uleb128 0x3b
 395 0052 0B       		.uleb128 0xb
 396 0053 49       		.uleb128 0x49
 397 0054 13       		.uleb128 0x13
 398 0055 38       		.uleb128 0x38
 399 0056 0B       		.uleb128 0xb
 400 0057 00       		.byte	0
 401 0058 00       		.byte	0
 402 0059 08       		.uleb128 0x8
 403 005a 16       		.uleb128 0x16
 404 005b 00       		.byte	0
 405 005c 03       		.uleb128 0x3
 406 005d 0E       		.uleb128 0xe
 407 005e 3A       		.uleb128 0x3a
 408 005f 0B       		.uleb128 0xb
 409 0060 3B       		.uleb128 0x3b
 410 0061 0B       		.uleb128 0xb
 411 0062 49       		.uleb128 0x49
 412 0063 13       		.uleb128 0x13
 413 0064 00       		.byte	0
 414 0065 00       		.byte	0
 415 0066 09       		.uleb128 0x9
 416 0067 2E       		.uleb128 0x2e
 417 0068 00       		.byte	0
 418 0069 3F       		.uleb128 0x3f
 419 006a 19       		.uleb128 0x19
 420 006b 03       		.uleb128 0x3
 421 006c 0E       		.uleb128 0xe
 422 006d 3A       		.uleb128 0x3a
 423 006e 0B       		.uleb128 0xb
ARM GAS  C:\Users\ikui753\AppData\Local\Temp\cc8BxojZ.s 			page 11


 424 006f 3B       		.uleb128 0x3b
 425 0070 0B       		.uleb128 0xb
 426 0071 27       		.uleb128 0x27
 427 0072 19       		.uleb128 0x19
 428 0073 11       		.uleb128 0x11
 429 0074 01       		.uleb128 0x1
 430 0075 12       		.uleb128 0x12
 431 0076 06       		.uleb128 0x6
 432 0077 40       		.uleb128 0x40
 433 0078 18       		.uleb128 0x18
 434 0079 9642     		.uleb128 0x2116
 435 007b 19       		.uleb128 0x19
 436 007c 00       		.byte	0
 437 007d 00       		.byte	0
 438 007e 0A       		.uleb128 0xa
 439 007f 34       		.uleb128 0x34
 440 0080 00       		.byte	0
 441 0081 03       		.uleb128 0x3
 442 0082 0E       		.uleb128 0xe
 443 0083 3A       		.uleb128 0x3a
 444 0084 0B       		.uleb128 0xb
 445 0085 3B       		.uleb128 0x3b
 446 0086 0B       		.uleb128 0xb
 447 0087 49       		.uleb128 0x49
 448 0088 13       		.uleb128 0x13
 449 0089 02       		.uleb128 0x2
 450 008a 18       		.uleb128 0x18
 451 008b 00       		.byte	0
 452 008c 00       		.byte	0
 453 008d 00       		.byte	0
 454              		.section	.debug_aranges,"",%progbits
 455 0000 34000000 		.4byte	0x34
 456 0004 0200     		.2byte	0x2
 457 0006 00000000 		.4byte	.Ldebug_info0
 458 000a 04       		.byte	0x4
 459 000b 00       		.byte	0
 460 000c 0000     		.2byte	0
 461 000e 0000     		.2byte	0
 462 0010 00000000 		.4byte	.LFB0
 463 0014 0C000000 		.4byte	.LFE0-.LFB0
 464 0018 00000000 		.4byte	.LFB1
 465 001c 0C000000 		.4byte	.LFE1-.LFB1
 466 0020 00000000 		.4byte	.LFB2
 467 0024 34000000 		.4byte	.LFE2-.LFB2
 468 0028 00000000 		.4byte	.LFB3
 469 002c 20000000 		.4byte	.LFE3-.LFB3
 470 0030 00000000 		.4byte	0
 471 0034 00000000 		.4byte	0
 472              		.section	.debug_ranges,"",%progbits
 473              	.Ldebug_ranges0:
 474 0000 00000000 		.4byte	.LFB0
 475 0004 0C000000 		.4byte	.LFE0
 476 0008 00000000 		.4byte	.LFB1
 477 000c 0C000000 		.4byte	.LFE1
 478 0010 00000000 		.4byte	.LFB2
 479 0014 34000000 		.4byte	.LFE2
 480 0018 00000000 		.4byte	.LFB3
ARM GAS  C:\Users\ikui753\AppData\Local\Temp\cc8BxojZ.s 			page 12


 481 001c 20000000 		.4byte	.LFE3
 482 0020 00000000 		.4byte	0
 483 0024 00000000 		.4byte	0
 484              		.section	.debug_line,"",%progbits
 485              	.Ldebug_line0:
 486 0000 AD000000 		.section	.debug_str,"MS",%progbits,1
 486      02005A00 
 486      00000201 
 486      FB0E0D00 
 486      01010101 
 487              	.LASF7:
 488 0000 6C6F6E67 		.ascii	"long long int\000"
 488      206C6F6E 
 488      6720696E 
 488      7400
 489              	.LASF20:
 490 000e 474E5520 		.ascii	"GNU C99 5.4.1 20160609 (release) [ARM/embedded-5-br"
 490      43393920 
 490      352E342E 
 490      31203230 
 490      31363036 
 491 0041 616E6368 		.ascii	"anch revision 237715] -mcpu=cortex-m3 -mthumb -g -O"
 491      20726576 
 491      6973696F 
 491      6E203233 
 491      37373135 
 492 0074 30202D73 		.ascii	"0 -std=c99 -ffunction-sections -ffat-lto-objects\000"
 492      74643D63 
 492      3939202D 
 492      6666756E 
 492      6374696F 
 493              	.LASF0:
 494 00a5 756E7369 		.ascii	"unsigned int\000"
 494      676E6564 
 494      20696E74 
 494      00
 495              	.LASF19:
 496 00b2 51756164 		.ascii	"QuadDec_M2_Wakeup\000"
 496      4465635F 
 496      4D325F57 
 496      616B6575 
 496      7000
 497              	.LASF13:
 498 00c4 75696E74 		.ascii	"uint8\000"
 498      3800
 499              	.LASF6:
 500 00ca 6C6F6E67 		.ascii	"long unsigned int\000"
 500      20756E73 
 500      69676E65 
 500      6420696E 
 500      7400
 501              	.LASF8:
 502 00dc 6C6F6E67 		.ascii	"long long unsigned int\000"
 502      206C6F6E 
 502      6720756E 
 502      7369676E 
 502      65642069 
ARM GAS  C:\Users\ikui753\AppData\Local\Temp\cc8BxojZ.s 			page 13


 503              	.LASF17:
 504 00f3 51756164 		.ascii	"QuadDec_M2_RestoreConfig\000"
 504      4465635F 
 504      4D325F52 
 504      6573746F 
 504      7265436F 
 505              	.LASF15:
 506 010c 51756164 		.ascii	"QuadDec_M2_BACKUP_STRUCT\000"
 506      4465635F 
 506      4D325F42 
 506      41434B55 
 506      505F5354 
 507              	.LASF2:
 508 0125 756E7369 		.ascii	"unsigned char\000"
 508      676E6564 
 508      20636861 
 508      7200
 509              	.LASF10:
 510 0133 63686172 		.ascii	"char\000"
 510      00
 511              	.LASF22:
 512 0138 483A5C44 		.ascii	"H:\\Documents\\GitHub\\301-Robot\\psoc student pack"
 512      6F63756D 
 512      656E7473 
 512      5C476974 
 512      4875625C 
 513 0167 5C70736F 		.ascii	"\\psoc_code_base\\CS301_Class.cydsn\000"
 513      635F636F 
 513      64655F62 
 513      6173655C 
 513      43533330 
 514              	.LASF5:
 515 0189 6C6F6E67 		.ascii	"long int\000"
 515      20696E74 
 515      00
 516              	.LASF3:
 517 0192 73686F72 		.ascii	"short int\000"
 517      7420696E 
 517      7400
 518              	.LASF23:
 519 019c 656E6162 		.ascii	"enableState\000"
 519      6C655374 
 519      61746500 
 520              	.LASF12:
 521 01a8 646F7562 		.ascii	"double\000"
 521      6C6500
 522              	.LASF4:
 523 01af 73686F72 		.ascii	"short unsigned int\000"
 523      7420756E 
 523      7369676E 
 523      65642069 
 523      6E7400
 524              	.LASF1:
 525 01c2 7369676E 		.ascii	"signed char\000"
 525      65642063 
 525      68617200 
 526              	.LASF11:
ARM GAS  C:\Users\ikui753\AppData\Local\Temp\cc8BxojZ.s 			page 14


 527 01ce 666C6F61 		.ascii	"float\000"
 527      7400
 528              	.LASF21:
 529 01d4 47656E65 		.ascii	"Generated_Source\\PSoC5\\QuadDec_M2_PM.c\000"
 529      72617465 
 529      645F536F 
 529      75726365 
 529      5C50536F 
 530              	.LASF24:
 531 01fb 51756164 		.ascii	"QuadDec_M2_backup\000"
 531      4465635F 
 531      4D325F62 
 531      61636B75 
 531      7000
 532              	.LASF14:
 533 020d 72656738 		.ascii	"reg8\000"
 533      00
 534              	.LASF16:
 535 0212 51756164 		.ascii	"QuadDec_M2_SaveConfig\000"
 535      4465635F 
 535      4D325F53 
 535      61766543 
 535      6F6E6669 
 536              	.LASF9:
 537 0228 73697A65 		.ascii	"sizetype\000"
 537      74797065 
 537      00
 538              	.LASF18:
 539 0231 51756164 		.ascii	"QuadDec_M2_Sleep\000"
 539      4465635F 
 539      4D325F53 
 539      6C656570 
 539      00
 540              		.ident	"GCC: (GNU Tools for ARM Embedded Processors) 5.4.1 20160609 (release) [ARM/embedded-5-bran
