ARM GAS  C:\Users\ikui753\AppData\Local\Temp\ccMfLwuj.s 			page 1


   1              		.syntax unified
   2              		.cpu cortex-m3
   3              		.fpu softvfp
   4              		.eabi_attribute 20, 1
   5              		.eabi_attribute 21, 1
   6              		.eabi_attribute 23, 3
   7              		.eabi_attribute 24, 1
   8              		.eabi_attribute 25, 1
   9              		.eabi_attribute 26, 1
  10              		.eabi_attribute 30, 6
  11              		.eabi_attribute 34, 1
  12              		.eabi_attribute 18, 4
  13              		.thumb
  14              		.syntax unified
  15              		.file	"QuadDec_M2.c"
  16              		.text
  17              	.Ltext0:
  18              		.cfi_sections	.debug_frame
  19              		.global	QuadDec_M2_initVar
  20              		.bss
  21              		.type	QuadDec_M2_initVar, %object
  22              		.size	QuadDec_M2_initVar, 1
  23              	QuadDec_M2_initVar:
  24 0000 00       		.space	1
  25              		.section	.text.QuadDec_M2_Init,"ax",%progbits
  26              		.align	2
  27              		.global	QuadDec_M2_Init
  28              		.thumb
  29              		.thumb_func
  30              		.type	QuadDec_M2_Init, %function
  31              	QuadDec_M2_Init:
  32              	.LFB0:
  33              		.file 1 "Generated_Source\\PSoC5\\QuadDec_M2.c"
   1:Generated_Source\PSoC5/QuadDec_M2.c **** /*******************************************************************************
   2:Generated_Source\PSoC5/QuadDec_M2.c **** * File Name: QuadDec_M2.c  
   3:Generated_Source\PSoC5/QuadDec_M2.c **** * Version 3.0
   4:Generated_Source\PSoC5/QuadDec_M2.c **** *
   5:Generated_Source\PSoC5/QuadDec_M2.c **** * Description:
   6:Generated_Source\PSoC5/QuadDec_M2.c **** *  This file provides the source code to the API for the Quadrature Decoder
   7:Generated_Source\PSoC5/QuadDec_M2.c **** *  component.
   8:Generated_Source\PSoC5/QuadDec_M2.c **** *
   9:Generated_Source\PSoC5/QuadDec_M2.c **** * Note:
  10:Generated_Source\PSoC5/QuadDec_M2.c **** *  None.
  11:Generated_Source\PSoC5/QuadDec_M2.c **** *   
  12:Generated_Source\PSoC5/QuadDec_M2.c **** ********************************************************************************
  13:Generated_Source\PSoC5/QuadDec_M2.c **** * Copyright 2008-2014, Cypress Semiconductor Corporation.  All rights reserved.
  14:Generated_Source\PSoC5/QuadDec_M2.c **** * You may use this file only in accordance with the license, terms, conditions, 
  15:Generated_Source\PSoC5/QuadDec_M2.c **** * disclaimers, and limitations in the end user license agreement accompanying 
  16:Generated_Source\PSoC5/QuadDec_M2.c **** * the software package with which this file was provided.
  17:Generated_Source\PSoC5/QuadDec_M2.c **** *******************************************************************************/
  18:Generated_Source\PSoC5/QuadDec_M2.c **** 
  19:Generated_Source\PSoC5/QuadDec_M2.c **** #include "QuadDec_M2.h"
  20:Generated_Source\PSoC5/QuadDec_M2.c **** 
  21:Generated_Source\PSoC5/QuadDec_M2.c **** #if (QuadDec_M2_COUNTER_SIZE == QuadDec_M2_COUNTER_SIZE_32_BIT)
  22:Generated_Source\PSoC5/QuadDec_M2.c ****     #include "QuadDec_M2_PVT.h"
  23:Generated_Source\PSoC5/QuadDec_M2.c **** #endif /* QuadDec_M2_COUNTER_SIZE == QuadDec_M2_COUNTER_SIZE_32_BIT */
  24:Generated_Source\PSoC5/QuadDec_M2.c **** 
ARM GAS  C:\Users\ikui753\AppData\Local\Temp\ccMfLwuj.s 			page 2


  25:Generated_Source\PSoC5/QuadDec_M2.c **** uint8 QuadDec_M2_initVar = 0u;
  26:Generated_Source\PSoC5/QuadDec_M2.c **** 
  27:Generated_Source\PSoC5/QuadDec_M2.c **** 
  28:Generated_Source\PSoC5/QuadDec_M2.c **** /*******************************************************************************
  29:Generated_Source\PSoC5/QuadDec_M2.c **** * Function Name: QuadDec_M2_Init
  30:Generated_Source\PSoC5/QuadDec_M2.c **** ********************************************************************************
  31:Generated_Source\PSoC5/QuadDec_M2.c **** *
  32:Generated_Source\PSoC5/QuadDec_M2.c **** * Summary:
  33:Generated_Source\PSoC5/QuadDec_M2.c **** *  Inits/Restores default QuadDec configuration provided with customizer.
  34:Generated_Source\PSoC5/QuadDec_M2.c **** *
  35:Generated_Source\PSoC5/QuadDec_M2.c **** * Parameters:
  36:Generated_Source\PSoC5/QuadDec_M2.c **** *  None.
  37:Generated_Source\PSoC5/QuadDec_M2.c **** *
  38:Generated_Source\PSoC5/QuadDec_M2.c **** * Return:
  39:Generated_Source\PSoC5/QuadDec_M2.c **** *  None.
  40:Generated_Source\PSoC5/QuadDec_M2.c **** *
  41:Generated_Source\PSoC5/QuadDec_M2.c **** *******************************************************************************/
  42:Generated_Source\PSoC5/QuadDec_M2.c **** void QuadDec_M2_Init(void) 
  43:Generated_Source\PSoC5/QuadDec_M2.c **** {
  34              		.loc 1 43 0
  35              		.cfi_startproc
  36              		@ args = 0, pretend = 0, frame = 0
  37              		@ frame_needed = 1, uses_anonymous_args = 0
  38              		@ link register save eliminated.
  39 0000 80B4     		push	{r7}
  40              		.cfi_def_cfa_offset 4
  41              		.cfi_offset 7, -4
  42 0002 00AF     		add	r7, sp, #0
  43              		.cfi_def_cfa_register 7
  44:Generated_Source\PSoC5/QuadDec_M2.c ****     #if (QuadDec_M2_COUNTER_SIZE == QuadDec_M2_COUNTER_SIZE_32_BIT)
  45:Generated_Source\PSoC5/QuadDec_M2.c ****         /* Disable Interrupt. */
  46:Generated_Source\PSoC5/QuadDec_M2.c ****         CyIntDisable(QuadDec_M2_ISR_NUMBER);
  47:Generated_Source\PSoC5/QuadDec_M2.c ****         /* Set the ISR to point to the QuadDec_M2_isr Interrupt. */
  48:Generated_Source\PSoC5/QuadDec_M2.c ****         (void) CyIntSetVector(QuadDec_M2_ISR_NUMBER, & QuadDec_M2_ISR);
  49:Generated_Source\PSoC5/QuadDec_M2.c ****         /* Set the priority. */
  50:Generated_Source\PSoC5/QuadDec_M2.c ****         CyIntSetPriority(QuadDec_M2_ISR_NUMBER, QuadDec_M2_ISR_PRIORITY);
  51:Generated_Source\PSoC5/QuadDec_M2.c ****     #endif /* QuadDec_M2_COUNTER_SIZE == QuadDec_M2_COUNTER_SIZE_32_BIT */
  52:Generated_Source\PSoC5/QuadDec_M2.c **** }
  44              		.loc 1 52 0
  45 0004 00BF     		nop
  46 0006 BD46     		mov	sp, r7
  47              		.cfi_def_cfa_register 13
  48              		@ sp needed
  49 0008 80BC     		pop	{r7}
  50              		.cfi_restore 7
  51              		.cfi_def_cfa_offset 0
  52 000a 7047     		bx	lr
  53              		.cfi_endproc
  54              	.LFE0:
  55              		.size	QuadDec_M2_Init, .-QuadDec_M2_Init
  56              		.section	.text.QuadDec_M2_Enable,"ax",%progbits
  57              		.align	2
  58              		.global	QuadDec_M2_Enable
  59              		.thumb
  60              		.thumb_func
  61              		.type	QuadDec_M2_Enable, %function
  62              	QuadDec_M2_Enable:
ARM GAS  C:\Users\ikui753\AppData\Local\Temp\ccMfLwuj.s 			page 3


  63              	.LFB1:
  53:Generated_Source\PSoC5/QuadDec_M2.c **** 
  54:Generated_Source\PSoC5/QuadDec_M2.c **** 
  55:Generated_Source\PSoC5/QuadDec_M2.c **** /*******************************************************************************
  56:Generated_Source\PSoC5/QuadDec_M2.c **** * Function Name: QuadDec_M2_Enable
  57:Generated_Source\PSoC5/QuadDec_M2.c **** ********************************************************************************
  58:Generated_Source\PSoC5/QuadDec_M2.c **** *
  59:Generated_Source\PSoC5/QuadDec_M2.c **** * Summary:
  60:Generated_Source\PSoC5/QuadDec_M2.c **** *  This function enable interrupts from Component and also enable Component's
  61:Generated_Source\PSoC5/QuadDec_M2.c **** *  ISR in case of 32-bit counter.
  62:Generated_Source\PSoC5/QuadDec_M2.c **** *
  63:Generated_Source\PSoC5/QuadDec_M2.c **** * Parameters:
  64:Generated_Source\PSoC5/QuadDec_M2.c **** *  None.
  65:Generated_Source\PSoC5/QuadDec_M2.c **** *
  66:Generated_Source\PSoC5/QuadDec_M2.c **** * Return:
  67:Generated_Source\PSoC5/QuadDec_M2.c **** *  None.
  68:Generated_Source\PSoC5/QuadDec_M2.c **** *
  69:Generated_Source\PSoC5/QuadDec_M2.c **** *******************************************************************************/
  70:Generated_Source\PSoC5/QuadDec_M2.c **** void QuadDec_M2_Enable(void) 
  71:Generated_Source\PSoC5/QuadDec_M2.c **** {
  64              		.loc 1 71 0
  65              		.cfi_startproc
  66              		@ args = 0, pretend = 0, frame = 8
  67              		@ frame_needed = 1, uses_anonymous_args = 0
  68 0000 80B5     		push	{r7, lr}
  69              		.cfi_def_cfa_offset 8
  70              		.cfi_offset 7, -8
  71              		.cfi_offset 14, -4
  72 0002 82B0     		sub	sp, sp, #8
  73              		.cfi_def_cfa_offset 16
  74 0004 00AF     		add	r7, sp, #0
  75              		.cfi_def_cfa_register 7
  72:Generated_Source\PSoC5/QuadDec_M2.c ****     uint8 enableInterrupts;
  73:Generated_Source\PSoC5/QuadDec_M2.c **** 
  74:Generated_Source\PSoC5/QuadDec_M2.c ****     QuadDec_M2_SetInterruptMask(QuadDec_M2_INIT_INT_MASK);
  76              		.loc 1 74 0
  77 0006 0F20     		movs	r0, #15
  78 0008 FFF7FEFF 		bl	QuadDec_M2_SetInterruptMask
  75:Generated_Source\PSoC5/QuadDec_M2.c **** 
  76:Generated_Source\PSoC5/QuadDec_M2.c ****     /* Clear pending interrupts. */
  77:Generated_Source\PSoC5/QuadDec_M2.c ****     (void) QuadDec_M2_GetEvents();
  79              		.loc 1 77 0
  80 000c FFF7FEFF 		bl	QuadDec_M2_GetEvents
  78:Generated_Source\PSoC5/QuadDec_M2.c ****     
  79:Generated_Source\PSoC5/QuadDec_M2.c ****     enableInterrupts = CyEnterCriticalSection();
  81              		.loc 1 79 0
  82 0010 FFF7FEFF 		bl	CyEnterCriticalSection
  83 0014 0346     		mov	r3, r0
  84 0016 FB71     		strb	r3, [r7, #7]
  80:Generated_Source\PSoC5/QuadDec_M2.c **** 
  81:Generated_Source\PSoC5/QuadDec_M2.c ****     /* Enable interrupts from Statusi register */
  82:Generated_Source\PSoC5/QuadDec_M2.c ****     QuadDec_M2_SR_AUX_CONTROL |= QuadDec_M2_INTERRUPTS_ENABLE;
  85              		.loc 1 82 0
  86 0018 074A     		ldr	r2, .L3
  87 001a 074B     		ldr	r3, .L3
  88 001c 1B78     		ldrb	r3, [r3]
  89 001e DBB2     		uxtb	r3, r3
ARM GAS  C:\Users\ikui753\AppData\Local\Temp\ccMfLwuj.s 			page 4


  90 0020 43F01003 		orr	r3, r3, #16
  91 0024 DBB2     		uxtb	r3, r3
  92 0026 1370     		strb	r3, [r2]
  83:Generated_Source\PSoC5/QuadDec_M2.c **** 
  84:Generated_Source\PSoC5/QuadDec_M2.c ****     CyExitCriticalSection(enableInterrupts);        
  93              		.loc 1 84 0
  94 0028 FB79     		ldrb	r3, [r7, #7]	@ zero_extendqisi2
  95 002a 1846     		mov	r0, r3
  96 002c FFF7FEFF 		bl	CyExitCriticalSection
  85:Generated_Source\PSoC5/QuadDec_M2.c **** 
  86:Generated_Source\PSoC5/QuadDec_M2.c ****     #if (QuadDec_M2_COUNTER_SIZE == QuadDec_M2_COUNTER_SIZE_32_BIT)
  87:Generated_Source\PSoC5/QuadDec_M2.c ****         /* Enable Component interrupts */
  88:Generated_Source\PSoC5/QuadDec_M2.c ****         CyIntEnable(QuadDec_M2_ISR_NUMBER);
  89:Generated_Source\PSoC5/QuadDec_M2.c ****     #endif /* QuadDec_M2_COUNTER_SIZE == QuadDec_M2_COUNTER_SIZE_32_BIT */
  90:Generated_Source\PSoC5/QuadDec_M2.c **** }
  97              		.loc 1 90 0
  98 0030 00BF     		nop
  99 0032 0837     		adds	r7, r7, #8
 100              		.cfi_def_cfa_offset 8
 101 0034 BD46     		mov	sp, r7
 102              		.cfi_def_cfa_register 13
 103              		@ sp needed
 104 0036 80BD     		pop	{r7, pc}
 105              	.L4:
 106              		.align	2
 107              	.L3:
 108 0038 93640040 		.word	1073767571
 109              		.cfi_endproc
 110              	.LFE1:
 111              		.size	QuadDec_M2_Enable, .-QuadDec_M2_Enable
 112              		.section	.text.QuadDec_M2_Start,"ax",%progbits
 113              		.align	2
 114              		.global	QuadDec_M2_Start
 115              		.thumb
 116              		.thumb_func
 117              		.type	QuadDec_M2_Start, %function
 118              	QuadDec_M2_Start:
 119              	.LFB2:
  91:Generated_Source\PSoC5/QuadDec_M2.c **** 
  92:Generated_Source\PSoC5/QuadDec_M2.c **** 
  93:Generated_Source\PSoC5/QuadDec_M2.c **** /*******************************************************************************
  94:Generated_Source\PSoC5/QuadDec_M2.c **** * Function Name: QuadDec_M2_Start
  95:Generated_Source\PSoC5/QuadDec_M2.c **** ********************************************************************************
  96:Generated_Source\PSoC5/QuadDec_M2.c **** *
  97:Generated_Source\PSoC5/QuadDec_M2.c **** * Summary:
  98:Generated_Source\PSoC5/QuadDec_M2.c **** *  Initializes UDBs and other relevant hardware.
  99:Generated_Source\PSoC5/QuadDec_M2.c **** *  Resets counter, enables or disables all relevant interrupts.
 100:Generated_Source\PSoC5/QuadDec_M2.c **** *  Starts monitoring the inputs and counting.
 101:Generated_Source\PSoC5/QuadDec_M2.c **** *
 102:Generated_Source\PSoC5/QuadDec_M2.c **** * Parameters:
 103:Generated_Source\PSoC5/QuadDec_M2.c **** *  None.
 104:Generated_Source\PSoC5/QuadDec_M2.c **** *
 105:Generated_Source\PSoC5/QuadDec_M2.c **** * Return:
 106:Generated_Source\PSoC5/QuadDec_M2.c **** *  None.
 107:Generated_Source\PSoC5/QuadDec_M2.c **** *
 108:Generated_Source\PSoC5/QuadDec_M2.c **** * Global variables:
 109:Generated_Source\PSoC5/QuadDec_M2.c **** *  QuadDec_M2_initVar - used to check initial configuration, modified on
ARM GAS  C:\Users\ikui753\AppData\Local\Temp\ccMfLwuj.s 			page 5


 110:Generated_Source\PSoC5/QuadDec_M2.c **** *  first function call.
 111:Generated_Source\PSoC5/QuadDec_M2.c **** *
 112:Generated_Source\PSoC5/QuadDec_M2.c **** * Reentrant:
 113:Generated_Source\PSoC5/QuadDec_M2.c **** *  No.
 114:Generated_Source\PSoC5/QuadDec_M2.c **** *
 115:Generated_Source\PSoC5/QuadDec_M2.c **** *******************************************************************************/
 116:Generated_Source\PSoC5/QuadDec_M2.c **** void QuadDec_M2_Start(void) 
 117:Generated_Source\PSoC5/QuadDec_M2.c **** {
 120              		.loc 1 117 0
 121              		.cfi_startproc
 122              		@ args = 0, pretend = 0, frame = 0
 123              		@ frame_needed = 1, uses_anonymous_args = 0
 124 0000 80B5     		push	{r7, lr}
 125              		.cfi_def_cfa_offset 8
 126              		.cfi_offset 7, -8
 127              		.cfi_offset 14, -4
 128 0002 00AF     		add	r7, sp, #0
 129              		.cfi_def_cfa_register 7
 118:Generated_Source\PSoC5/QuadDec_M2.c ****     #if (QuadDec_M2_COUNTER_SIZE == QuadDec_M2_COUNTER_SIZE_8_BIT)
 119:Generated_Source\PSoC5/QuadDec_M2.c ****         QuadDec_M2_Cnt8_Start();
 120:Generated_Source\PSoC5/QuadDec_M2.c ****         QuadDec_M2_Cnt8_WriteCounter(QuadDec_M2_COUNTER_INIT_VALUE);
 121:Generated_Source\PSoC5/QuadDec_M2.c ****     #else
 122:Generated_Source\PSoC5/QuadDec_M2.c ****         /* (QuadDec_M2_COUNTER_SIZE == QuadDec_M2_COUNTER_SIZE_16_BIT) || 
 123:Generated_Source\PSoC5/QuadDec_M2.c ****         *  (QuadDec_M2_COUNTER_SIZE == QuadDec_M2_COUNTER_SIZE_32_BIT) 
 124:Generated_Source\PSoC5/QuadDec_M2.c ****         */
 125:Generated_Source\PSoC5/QuadDec_M2.c ****         QuadDec_M2_Cnt16_Start();
 130              		.loc 1 125 0
 131 0004 FFF7FEFF 		bl	QuadDec_M2_Cnt16_Start
 126:Generated_Source\PSoC5/QuadDec_M2.c ****         QuadDec_M2_Cnt16_WriteCounter(QuadDec_M2_COUNTER_INIT_VALUE);
 132              		.loc 1 126 0
 133 0008 4FF40040 		mov	r0, #32768
 134 000c FFF7FEFF 		bl	QuadDec_M2_Cnt16_WriteCounter
 127:Generated_Source\PSoC5/QuadDec_M2.c ****     #endif /* QuadDec_M2_COUNTER_SIZE == QuadDec_M2_COUNTER_SIZE_8_BIT */
 128:Generated_Source\PSoC5/QuadDec_M2.c ****     
 129:Generated_Source\PSoC5/QuadDec_M2.c ****     #if (QuadDec_M2_COUNTER_SIZE == QuadDec_M2_COUNTER_SIZE_32_BIT)        
 130:Generated_Source\PSoC5/QuadDec_M2.c ****        QuadDec_M2_count32SoftPart = 0;
 131:Generated_Source\PSoC5/QuadDec_M2.c ****     #endif /* QuadDec_M2_COUNTER_SIZE == QuadDec_M2_COUNTER_SIZE_32_BIT */
 132:Generated_Source\PSoC5/QuadDec_M2.c **** 
 133:Generated_Source\PSoC5/QuadDec_M2.c ****     if (QuadDec_M2_initVar == 0u)
 135              		.loc 1 133 0
 136 0010 064B     		ldr	r3, .L7
 137 0012 1B78     		ldrb	r3, [r3]	@ zero_extendqisi2
 138 0014 002B     		cmp	r3, #0
 139 0016 04D1     		bne	.L6
 134:Generated_Source\PSoC5/QuadDec_M2.c ****     {
 135:Generated_Source\PSoC5/QuadDec_M2.c ****         QuadDec_M2_Init();
 140              		.loc 1 135 0
 141 0018 FFF7FEFF 		bl	QuadDec_M2_Init
 136:Generated_Source\PSoC5/QuadDec_M2.c ****         QuadDec_M2_initVar = 1u;
 142              		.loc 1 136 0
 143 001c 034B     		ldr	r3, .L7
 144 001e 0122     		movs	r2, #1
 145 0020 1A70     		strb	r2, [r3]
 146              	.L6:
 137:Generated_Source\PSoC5/QuadDec_M2.c ****     }
 138:Generated_Source\PSoC5/QuadDec_M2.c **** 
 139:Generated_Source\PSoC5/QuadDec_M2.c ****     QuadDec_M2_Enable();
ARM GAS  C:\Users\ikui753\AppData\Local\Temp\ccMfLwuj.s 			page 6


 147              		.loc 1 139 0
 148 0022 FFF7FEFF 		bl	QuadDec_M2_Enable
 140:Generated_Source\PSoC5/QuadDec_M2.c **** }
 149              		.loc 1 140 0
 150 0026 00BF     		nop
 151 0028 80BD     		pop	{r7, pc}
 152              	.L8:
 153 002a 00BF     		.align	2
 154              	.L7:
 155 002c 00000000 		.word	QuadDec_M2_initVar
 156              		.cfi_endproc
 157              	.LFE2:
 158              		.size	QuadDec_M2_Start, .-QuadDec_M2_Start
 159              		.section	.text.QuadDec_M2_Stop,"ax",%progbits
 160              		.align	2
 161              		.global	QuadDec_M2_Stop
 162              		.thumb
 163              		.thumb_func
 164              		.type	QuadDec_M2_Stop, %function
 165              	QuadDec_M2_Stop:
 166              	.LFB3:
 141:Generated_Source\PSoC5/QuadDec_M2.c **** 
 142:Generated_Source\PSoC5/QuadDec_M2.c **** 
 143:Generated_Source\PSoC5/QuadDec_M2.c **** /*******************************************************************************
 144:Generated_Source\PSoC5/QuadDec_M2.c **** * Function Name: QuadDec_M2_Stop
 145:Generated_Source\PSoC5/QuadDec_M2.c **** ********************************************************************************
 146:Generated_Source\PSoC5/QuadDec_M2.c **** *
 147:Generated_Source\PSoC5/QuadDec_M2.c **** * Summary:
 148:Generated_Source\PSoC5/QuadDec_M2.c **** *  Turns off UDBs and other relevant hardware.
 149:Generated_Source\PSoC5/QuadDec_M2.c **** *
 150:Generated_Source\PSoC5/QuadDec_M2.c **** * Parameters:
 151:Generated_Source\PSoC5/QuadDec_M2.c **** *  None.
 152:Generated_Source\PSoC5/QuadDec_M2.c **** *
 153:Generated_Source\PSoC5/QuadDec_M2.c **** * Return:
 154:Generated_Source\PSoC5/QuadDec_M2.c **** *  None.
 155:Generated_Source\PSoC5/QuadDec_M2.c **** *
 156:Generated_Source\PSoC5/QuadDec_M2.c **** *******************************************************************************/
 157:Generated_Source\PSoC5/QuadDec_M2.c **** void QuadDec_M2_Stop(void) 
 158:Generated_Source\PSoC5/QuadDec_M2.c **** {
 167              		.loc 1 158 0
 168              		.cfi_startproc
 169              		@ args = 0, pretend = 0, frame = 8
 170              		@ frame_needed = 1, uses_anonymous_args = 0
 171 0000 80B5     		push	{r7, lr}
 172              		.cfi_def_cfa_offset 8
 173              		.cfi_offset 7, -8
 174              		.cfi_offset 14, -4
 175 0002 82B0     		sub	sp, sp, #8
 176              		.cfi_def_cfa_offset 16
 177 0004 00AF     		add	r7, sp, #0
 178              		.cfi_def_cfa_register 7
 159:Generated_Source\PSoC5/QuadDec_M2.c ****     uint8 enableInterrupts;
 160:Generated_Source\PSoC5/QuadDec_M2.c **** 
 161:Generated_Source\PSoC5/QuadDec_M2.c ****     #if (QuadDec_M2_COUNTER_SIZE == QuadDec_M2_COUNTER_SIZE_8_BIT)
 162:Generated_Source\PSoC5/QuadDec_M2.c ****         QuadDec_M2_Cnt8_Stop();
 163:Generated_Source\PSoC5/QuadDec_M2.c ****     #else 
 164:Generated_Source\PSoC5/QuadDec_M2.c ****         /* (QuadDec_M2_COUNTER_SIZE == QuadDec_M2_COUNTER_SIZE_16_BIT) ||
ARM GAS  C:\Users\ikui753\AppData\Local\Temp\ccMfLwuj.s 			page 7


 165:Generated_Source\PSoC5/QuadDec_M2.c ****         *  (QuadDec_M2_COUNTER_SIZE == QuadDec_M2_COUNTER_SIZE_32_BIT)
 166:Generated_Source\PSoC5/QuadDec_M2.c ****         */
 167:Generated_Source\PSoC5/QuadDec_M2.c ****         QuadDec_M2_Cnt16_Stop();    /* counter disable */
 179              		.loc 1 167 0
 180 0006 FFF7FEFF 		bl	QuadDec_M2_Cnt16_Stop
 168:Generated_Source\PSoC5/QuadDec_M2.c ****     #endif /* (QuadDec_M2_COUNTER_SIZE == QuadDec_M2_COUNTER_SIZE_8_BIT) */
 169:Generated_Source\PSoC5/QuadDec_M2.c ****  
 170:Generated_Source\PSoC5/QuadDec_M2.c ****     enableInterrupts = CyEnterCriticalSection();
 181              		.loc 1 170 0
 182 000a FFF7FEFF 		bl	CyEnterCriticalSection
 183 000e 0346     		mov	r3, r0
 184 0010 FB71     		strb	r3, [r7, #7]
 171:Generated_Source\PSoC5/QuadDec_M2.c **** 
 172:Generated_Source\PSoC5/QuadDec_M2.c ****     /* Disable interrupts interrupts from Statusi register */
 173:Generated_Source\PSoC5/QuadDec_M2.c ****     QuadDec_M2_SR_AUX_CONTROL &= (uint8) (~QuadDec_M2_INTERRUPTS_ENABLE);
 185              		.loc 1 173 0
 186 0012 084A     		ldr	r2, .L10
 187 0014 074B     		ldr	r3, .L10
 188 0016 1B78     		ldrb	r3, [r3]
 189 0018 DBB2     		uxtb	r3, r3
 190 001a 23F01003 		bic	r3, r3, #16
 191 001e DBB2     		uxtb	r3, r3
 192 0020 1370     		strb	r3, [r2]
 174:Generated_Source\PSoC5/QuadDec_M2.c **** 
 175:Generated_Source\PSoC5/QuadDec_M2.c ****     CyExitCriticalSection(enableInterrupts);
 193              		.loc 1 175 0
 194 0022 FB79     		ldrb	r3, [r7, #7]	@ zero_extendqisi2
 195 0024 1846     		mov	r0, r3
 196 0026 FFF7FEFF 		bl	CyExitCriticalSection
 176:Generated_Source\PSoC5/QuadDec_M2.c **** 
 177:Generated_Source\PSoC5/QuadDec_M2.c ****     #if (QuadDec_M2_COUNTER_SIZE == QuadDec_M2_COUNTER_SIZE_32_BIT)
 178:Generated_Source\PSoC5/QuadDec_M2.c ****         CyIntDisable(QuadDec_M2_ISR_NUMBER);    /* interrupt disable */
 179:Generated_Source\PSoC5/QuadDec_M2.c ****     #endif /* QuadDec_M2_COUNTER_SIZE == QuadDec_M2_COUNTER_SIZE_32_BIT */
 180:Generated_Source\PSoC5/QuadDec_M2.c **** }
 197              		.loc 1 180 0
 198 002a 00BF     		nop
 199 002c 0837     		adds	r7, r7, #8
 200              		.cfi_def_cfa_offset 8
 201 002e BD46     		mov	sp, r7
 202              		.cfi_def_cfa_register 13
 203              		@ sp needed
 204 0030 80BD     		pop	{r7, pc}
 205              	.L11:
 206 0032 00BF     		.align	2
 207              	.L10:
 208 0034 93640040 		.word	1073767571
 209              		.cfi_endproc
 210              	.LFE3:
 211              		.size	QuadDec_M2_Stop, .-QuadDec_M2_Stop
 212              		.section	.text.QuadDec_M2_GetCounter,"ax",%progbits
 213              		.align	2
 214              		.global	QuadDec_M2_GetCounter
 215              		.thumb
 216              		.thumb_func
 217              		.type	QuadDec_M2_GetCounter, %function
 218              	QuadDec_M2_GetCounter:
 219              	.LFB4:
ARM GAS  C:\Users\ikui753\AppData\Local\Temp\ccMfLwuj.s 			page 8


 181:Generated_Source\PSoC5/QuadDec_M2.c **** 
 182:Generated_Source\PSoC5/QuadDec_M2.c **** 
 183:Generated_Source\PSoC5/QuadDec_M2.c **** /*******************************************************************************
 184:Generated_Source\PSoC5/QuadDec_M2.c **** * Function Name: QuadDec_M2_GetCounter
 185:Generated_Source\PSoC5/QuadDec_M2.c **** ********************************************************************************
 186:Generated_Source\PSoC5/QuadDec_M2.c **** *
 187:Generated_Source\PSoC5/QuadDec_M2.c **** * Summary:
 188:Generated_Source\PSoC5/QuadDec_M2.c **** *  Reports the current value of the counter.
 189:Generated_Source\PSoC5/QuadDec_M2.c **** *
 190:Generated_Source\PSoC5/QuadDec_M2.c **** * Parameters:
 191:Generated_Source\PSoC5/QuadDec_M2.c **** *  None.
 192:Generated_Source\PSoC5/QuadDec_M2.c **** *
 193:Generated_Source\PSoC5/QuadDec_M2.c **** * Return:
 194:Generated_Source\PSoC5/QuadDec_M2.c **** *  The counter value. Return type is signed and per the counter size setting.
 195:Generated_Source\PSoC5/QuadDec_M2.c **** *  A positive value indicates clockwise movement (B before A).
 196:Generated_Source\PSoC5/QuadDec_M2.c **** *
 197:Generated_Source\PSoC5/QuadDec_M2.c **** * Global variables:
 198:Generated_Source\PSoC5/QuadDec_M2.c **** *  QuadDec_M2_count32SoftPart - used to get hi 16 bit for current value
 199:Generated_Source\PSoC5/QuadDec_M2.c **** *  of the 32-bit counter, when Counter size equal 32-bit.
 200:Generated_Source\PSoC5/QuadDec_M2.c **** *
 201:Generated_Source\PSoC5/QuadDec_M2.c **** *******************************************************************************/
 202:Generated_Source\PSoC5/QuadDec_M2.c **** int16 QuadDec_M2_GetCounter(void) 
 203:Generated_Source\PSoC5/QuadDec_M2.c **** {
 220              		.loc 1 203 0
 221              		.cfi_startproc
 222              		@ args = 0, pretend = 0, frame = 8
 223              		@ frame_needed = 1, uses_anonymous_args = 0
 224 0000 80B5     		push	{r7, lr}
 225              		.cfi_def_cfa_offset 8
 226              		.cfi_offset 7, -8
 227              		.cfi_offset 14, -4
 228 0002 82B0     		sub	sp, sp, #8
 229              		.cfi_def_cfa_offset 16
 230 0004 00AF     		add	r7, sp, #0
 231              		.cfi_def_cfa_register 7
 204:Generated_Source\PSoC5/QuadDec_M2.c ****     int16 count;
 205:Generated_Source\PSoC5/QuadDec_M2.c ****     uint16 tmpCnt;
 206:Generated_Source\PSoC5/QuadDec_M2.c **** 
 207:Generated_Source\PSoC5/QuadDec_M2.c ****     #if (QuadDec_M2_COUNTER_SIZE == QuadDec_M2_COUNTER_SIZE_32_BIT)
 208:Generated_Source\PSoC5/QuadDec_M2.c ****         int16 hwCount;
 209:Generated_Source\PSoC5/QuadDec_M2.c **** 
 210:Generated_Source\PSoC5/QuadDec_M2.c ****         CyIntDisable(QuadDec_M2_ISR_NUMBER);
 211:Generated_Source\PSoC5/QuadDec_M2.c **** 
 212:Generated_Source\PSoC5/QuadDec_M2.c ****         tmpCnt = QuadDec_M2_Cnt16_ReadCounter();
 213:Generated_Source\PSoC5/QuadDec_M2.c ****         hwCount = (int16) ((int32) tmpCnt - (int32) QuadDec_M2_COUNTER_INIT_VALUE);
 214:Generated_Source\PSoC5/QuadDec_M2.c ****         count = QuadDec_M2_count32SoftPart + hwCount;
 215:Generated_Source\PSoC5/QuadDec_M2.c **** 
 216:Generated_Source\PSoC5/QuadDec_M2.c ****         CyIntEnable(QuadDec_M2_ISR_NUMBER);
 217:Generated_Source\PSoC5/QuadDec_M2.c ****     #else 
 218:Generated_Source\PSoC5/QuadDec_M2.c ****         /* (QuadDec_M2_COUNTER_SIZE == QuadDec_M2_COUNTER_SIZE_8_BIT) || 
 219:Generated_Source\PSoC5/QuadDec_M2.c ****         *  (QuadDec_M2_COUNTER_SIZE == QuadDec_M2_COUNTER_SIZE_16_BIT)
 220:Generated_Source\PSoC5/QuadDec_M2.c ****         */
 221:Generated_Source\PSoC5/QuadDec_M2.c ****         #if (QuadDec_M2_COUNTER_SIZE == QuadDec_M2_COUNTER_SIZE_8_BIT)
 222:Generated_Source\PSoC5/QuadDec_M2.c ****             tmpCnt = QuadDec_M2_Cnt8_ReadCounter();
 223:Generated_Source\PSoC5/QuadDec_M2.c ****         #else /* (QuadDec_M2_COUNTER_SIZE == QuadDec_M2_COUNTER_SIZE_16_BIT) */
 224:Generated_Source\PSoC5/QuadDec_M2.c ****             tmpCnt = QuadDec_M2_Cnt16_ReadCounter();
 232              		.loc 1 224 0
ARM GAS  C:\Users\ikui753\AppData\Local\Temp\ccMfLwuj.s 			page 9


 233 0006 FFF7FEFF 		bl	QuadDec_M2_Cnt16_ReadCounter
 234 000a 0346     		mov	r3, r0
 235 000c FB80     		strh	r3, [r7, #6]	@ movhi
 225:Generated_Source\PSoC5/QuadDec_M2.c ****         #endif  /* QuadDec_M2_COUNTER_SIZE == QuadDec_M2_COUNTER_SIZE_8_BIT */
 226:Generated_Source\PSoC5/QuadDec_M2.c **** 
 227:Generated_Source\PSoC5/QuadDec_M2.c ****         count = (int16) ((int32) tmpCnt -
 236              		.loc 1 227 0
 237 000e FB88     		ldrh	r3, [r7, #6]	@ movhi
 238 0010 A3F50043 		sub	r3, r3, #32768
 239 0014 9BB2     		uxth	r3, r3
 240 0016 BB80     		strh	r3, [r7, #4]	@ movhi
 228:Generated_Source\PSoC5/QuadDec_M2.c ****                 (int32) QuadDec_M2_COUNTER_INIT_VALUE);
 229:Generated_Source\PSoC5/QuadDec_M2.c **** 
 230:Generated_Source\PSoC5/QuadDec_M2.c ****     #endif /* QuadDec_M2_COUNTER_SIZE == QuadDec_M2_COUNTER_SIZE_32_BIT */ 
 231:Generated_Source\PSoC5/QuadDec_M2.c **** 
 232:Generated_Source\PSoC5/QuadDec_M2.c ****     return (count);
 241              		.loc 1 232 0
 242 0018 B7F90430 		ldrsh	r3, [r7, #4]
 233:Generated_Source\PSoC5/QuadDec_M2.c **** }
 243              		.loc 1 233 0
 244 001c 1846     		mov	r0, r3
 245 001e 0837     		adds	r7, r7, #8
 246              		.cfi_def_cfa_offset 8
 247 0020 BD46     		mov	sp, r7
 248              		.cfi_def_cfa_register 13
 249              		@ sp needed
 250 0022 80BD     		pop	{r7, pc}
 251              		.cfi_endproc
 252              	.LFE4:
 253              		.size	QuadDec_M2_GetCounter, .-QuadDec_M2_GetCounter
 254              		.section	.text.QuadDec_M2_SetCounter,"ax",%progbits
 255              		.align	2
 256              		.global	QuadDec_M2_SetCounter
 257              		.thumb
 258              		.thumb_func
 259              		.type	QuadDec_M2_SetCounter, %function
 260              	QuadDec_M2_SetCounter:
 261              	.LFB5:
 234:Generated_Source\PSoC5/QuadDec_M2.c **** 
 235:Generated_Source\PSoC5/QuadDec_M2.c **** 
 236:Generated_Source\PSoC5/QuadDec_M2.c **** /*******************************************************************************
 237:Generated_Source\PSoC5/QuadDec_M2.c **** * Function Name: QuadDec_M2_SetCounter
 238:Generated_Source\PSoC5/QuadDec_M2.c **** ********************************************************************************
 239:Generated_Source\PSoC5/QuadDec_M2.c **** *
 240:Generated_Source\PSoC5/QuadDec_M2.c **** * Summary:
 241:Generated_Source\PSoC5/QuadDec_M2.c **** *  Sets the current value of the counter.
 242:Generated_Source\PSoC5/QuadDec_M2.c **** *
 243:Generated_Source\PSoC5/QuadDec_M2.c **** * Parameters:
 244:Generated_Source\PSoC5/QuadDec_M2.c **** *  value:  The new value. Parameter type is signed and per the counter size
 245:Generated_Source\PSoC5/QuadDec_M2.c **** *  setting.
 246:Generated_Source\PSoC5/QuadDec_M2.c **** *
 247:Generated_Source\PSoC5/QuadDec_M2.c **** * Return:
 248:Generated_Source\PSoC5/QuadDec_M2.c **** *  None.
 249:Generated_Source\PSoC5/QuadDec_M2.c **** *
 250:Generated_Source\PSoC5/QuadDec_M2.c **** * Global variables:
 251:Generated_Source\PSoC5/QuadDec_M2.c **** *  QuadDec_M2_count32SoftPart - modified to set hi 16 bit for current
 252:Generated_Source\PSoC5/QuadDec_M2.c **** *  value of the 32-bit counter, when Counter size equal 32-bit.
ARM GAS  C:\Users\ikui753\AppData\Local\Temp\ccMfLwuj.s 			page 10


 253:Generated_Source\PSoC5/QuadDec_M2.c **** *
 254:Generated_Source\PSoC5/QuadDec_M2.c **** * Reentrant:
 255:Generated_Source\PSoC5/QuadDec_M2.c **** *  No.
 256:Generated_Source\PSoC5/QuadDec_M2.c **** *
 257:Generated_Source\PSoC5/QuadDec_M2.c **** *******************************************************************************/
 258:Generated_Source\PSoC5/QuadDec_M2.c **** void QuadDec_M2_SetCounter(int16 value) 
 259:Generated_Source\PSoC5/QuadDec_M2.c **** {
 262              		.loc 1 259 0
 263              		.cfi_startproc
 264              		@ args = 0, pretend = 0, frame = 16
 265              		@ frame_needed = 1, uses_anonymous_args = 0
 266 0000 80B5     		push	{r7, lr}
 267              		.cfi_def_cfa_offset 8
 268              		.cfi_offset 7, -8
 269              		.cfi_offset 14, -4
 270 0002 84B0     		sub	sp, sp, #16
 271              		.cfi_def_cfa_offset 24
 272 0004 00AF     		add	r7, sp, #0
 273              		.cfi_def_cfa_register 7
 274 0006 0346     		mov	r3, r0
 275 0008 FB80     		strh	r3, [r7, #6]	@ movhi
 260:Generated_Source\PSoC5/QuadDec_M2.c ****     #if ((QuadDec_M2_COUNTER_SIZE == QuadDec_M2_COUNTER_SIZE_8_BIT) || \
 261:Generated_Source\PSoC5/QuadDec_M2.c ****          (QuadDec_M2_COUNTER_SIZE == QuadDec_M2_COUNTER_SIZE_16_BIT))
 262:Generated_Source\PSoC5/QuadDec_M2.c ****         uint16 count;
 263:Generated_Source\PSoC5/QuadDec_M2.c ****         
 264:Generated_Source\PSoC5/QuadDec_M2.c ****         if (value >= 0)
 276              		.loc 1 264 0
 277 000a B7F90630 		ldrsh	r3, [r7, #6]
 278 000e 002B     		cmp	r3, #0
 279 0010 04DB     		blt	.L15
 265:Generated_Source\PSoC5/QuadDec_M2.c ****         {
 266:Generated_Source\PSoC5/QuadDec_M2.c ****             count = (uint16) value + QuadDec_M2_COUNTER_INIT_VALUE;
 280              		.loc 1 266 0
 281 0012 FB88     		ldrh	r3, [r7, #6]
 282 0014 A3F50043 		sub	r3, r3, #32768
 283 0018 FB81     		strh	r3, [r7, #14]	@ movhi
 284 001a 03E0     		b	.L16
 285              	.L15:
 267:Generated_Source\PSoC5/QuadDec_M2.c ****         }
 268:Generated_Source\PSoC5/QuadDec_M2.c ****         else
 269:Generated_Source\PSoC5/QuadDec_M2.c ****         {
 270:Generated_Source\PSoC5/QuadDec_M2.c ****             count = QuadDec_M2_COUNTER_INIT_VALUE - (uint16)(-value);
 286              		.loc 1 270 0
 287 001c FB88     		ldrh	r3, [r7, #6]
 288 001e A3F50043 		sub	r3, r3, #32768
 289 0022 FB81     		strh	r3, [r7, #14]	@ movhi
 290              	.L16:
 271:Generated_Source\PSoC5/QuadDec_M2.c ****         }
 272:Generated_Source\PSoC5/QuadDec_M2.c ****         #if (QuadDec_M2_COUNTER_SIZE == QuadDec_M2_COUNTER_SIZE_8_BIT)
 273:Generated_Source\PSoC5/QuadDec_M2.c ****             QuadDec_M2_Cnt8_WriteCounter(count);
 274:Generated_Source\PSoC5/QuadDec_M2.c ****         #else /* (QuadDec_M2_COUNTER_SIZE == QuadDec_M2_COUNTER_SIZE_16_BIT) */
 275:Generated_Source\PSoC5/QuadDec_M2.c ****             QuadDec_M2_Cnt16_WriteCounter(count);
 291              		.loc 1 275 0
 292 0024 FB89     		ldrh	r3, [r7, #14]
 293 0026 1846     		mov	r0, r3
 294 0028 FFF7FEFF 		bl	QuadDec_M2_Cnt16_WriteCounter
 276:Generated_Source\PSoC5/QuadDec_M2.c ****         #endif  /* QuadDec_M2_COUNTER_SIZE == QuadDec_M2_COUNTER_SIZE_8_BIT */
ARM GAS  C:\Users\ikui753\AppData\Local\Temp\ccMfLwuj.s 			page 11


 277:Generated_Source\PSoC5/QuadDec_M2.c ****     #else /* (QuadDec_M2_COUNTER_SIZE == QuadDec_M2_COUNTER_SIZE_32_BIT) */
 278:Generated_Source\PSoC5/QuadDec_M2.c ****         CyIntDisable(QuadDec_M2_ISR_NUMBER);
 279:Generated_Source\PSoC5/QuadDec_M2.c **** 
 280:Generated_Source\PSoC5/QuadDec_M2.c ****         QuadDec_M2_Cnt16_WriteCounter(QuadDec_M2_COUNTER_INIT_VALUE);
 281:Generated_Source\PSoC5/QuadDec_M2.c ****         QuadDec_M2_count32SoftPart = value;
 282:Generated_Source\PSoC5/QuadDec_M2.c **** 
 283:Generated_Source\PSoC5/QuadDec_M2.c ****         CyIntEnable(QuadDec_M2_ISR_NUMBER);
 284:Generated_Source\PSoC5/QuadDec_M2.c ****     #endif  /* (QuadDec_M2_COUNTER_SIZE == QuadDec_M2_COUNTER_SIZE_8_BIT) ||
 285:Generated_Source\PSoC5/QuadDec_M2.c ****              * (QuadDec_M2_COUNTER_SIZE == QuadDec_M2_COUNTER_SIZE_16_BIT)
 286:Generated_Source\PSoC5/QuadDec_M2.c ****              */
 287:Generated_Source\PSoC5/QuadDec_M2.c **** }
 295              		.loc 1 287 0
 296 002c 00BF     		nop
 297 002e 1037     		adds	r7, r7, #16
 298              		.cfi_def_cfa_offset 8
 299 0030 BD46     		mov	sp, r7
 300              		.cfi_def_cfa_register 13
 301              		@ sp needed
 302 0032 80BD     		pop	{r7, pc}
 303              		.cfi_endproc
 304              	.LFE5:
 305              		.size	QuadDec_M2_SetCounter, .-QuadDec_M2_SetCounter
 306              		.section	.text.QuadDec_M2_GetEvents,"ax",%progbits
 307              		.align	2
 308              		.global	QuadDec_M2_GetEvents
 309              		.thumb
 310              		.thumb_func
 311              		.type	QuadDec_M2_GetEvents, %function
 312              	QuadDec_M2_GetEvents:
 313              	.LFB6:
 288:Generated_Source\PSoC5/QuadDec_M2.c **** 
 289:Generated_Source\PSoC5/QuadDec_M2.c **** 
 290:Generated_Source\PSoC5/QuadDec_M2.c **** /*******************************************************************************
 291:Generated_Source\PSoC5/QuadDec_M2.c **** * Function Name: QuadDec_M2_GetEvents
 292:Generated_Source\PSoC5/QuadDec_M2.c **** ********************************************************************************
 293:Generated_Source\PSoC5/QuadDec_M2.c **** * 
 294:Generated_Source\PSoC5/QuadDec_M2.c **** * Summary:
 295:Generated_Source\PSoC5/QuadDec_M2.c **** *   Reports the current status of events. This function clears the bits of the 
 296:Generated_Source\PSoC5/QuadDec_M2.c **** *   status register.
 297:Generated_Source\PSoC5/QuadDec_M2.c **** *
 298:Generated_Source\PSoC5/QuadDec_M2.c **** * Parameters:
 299:Generated_Source\PSoC5/QuadDec_M2.c **** *  None.
 300:Generated_Source\PSoC5/QuadDec_M2.c **** *
 301:Generated_Source\PSoC5/QuadDec_M2.c **** * Return:
 302:Generated_Source\PSoC5/QuadDec_M2.c **** *  The events, as bits in an unsigned 8-bit value:
 303:Generated_Source\PSoC5/QuadDec_M2.c **** *    Bit      Description
 304:Generated_Source\PSoC5/QuadDec_M2.c **** *     0        Counter overflow.
 305:Generated_Source\PSoC5/QuadDec_M2.c **** *     1        Counter underflow.
 306:Generated_Source\PSoC5/QuadDec_M2.c **** *     2        Counter reset due to index, if index input is used.
 307:Generated_Source\PSoC5/QuadDec_M2.c **** *     3        Invalid A, B inputs state transition.
 308:Generated_Source\PSoC5/QuadDec_M2.c **** *
 309:Generated_Source\PSoC5/QuadDec_M2.c **** *******************************************************************************/
 310:Generated_Source\PSoC5/QuadDec_M2.c **** uint8 QuadDec_M2_GetEvents(void) 
 311:Generated_Source\PSoC5/QuadDec_M2.c **** {
 314              		.loc 1 311 0
 315              		.cfi_startproc
 316              		@ args = 0, pretend = 0, frame = 0
ARM GAS  C:\Users\ikui753\AppData\Local\Temp\ccMfLwuj.s 			page 12


 317              		@ frame_needed = 1, uses_anonymous_args = 0
 318              		@ link register save eliminated.
 319 0000 80B4     		push	{r7}
 320              		.cfi_def_cfa_offset 4
 321              		.cfi_offset 7, -4
 322 0002 00AF     		add	r7, sp, #0
 323              		.cfi_def_cfa_register 7
 312:Generated_Source\PSoC5/QuadDec_M2.c ****     return (QuadDec_M2_STATUS_REG & QuadDec_M2_INIT_INT_MASK);
 324              		.loc 1 312 0
 325 0004 044B     		ldr	r3, .L19
 326 0006 1B78     		ldrb	r3, [r3]
 327 0008 DBB2     		uxtb	r3, r3
 328 000a 03F00F03 		and	r3, r3, #15
 329 000e DBB2     		uxtb	r3, r3
 313:Generated_Source\PSoC5/QuadDec_M2.c **** }
 330              		.loc 1 313 0
 331 0010 1846     		mov	r0, r3
 332 0012 BD46     		mov	sp, r7
 333              		.cfi_def_cfa_register 13
 334              		@ sp needed
 335 0014 80BC     		pop	{r7}
 336              		.cfi_restore 7
 337              		.cfi_def_cfa_offset 0
 338 0016 7047     		bx	lr
 339              	.L20:
 340              		.align	2
 341              	.L19:
 342 0018 63640040 		.word	1073767523
 343              		.cfi_endproc
 344              	.LFE6:
 345              		.size	QuadDec_M2_GetEvents, .-QuadDec_M2_GetEvents
 346              		.section	.text.QuadDec_M2_SetInterruptMask,"ax",%progbits
 347              		.align	2
 348              		.global	QuadDec_M2_SetInterruptMask
 349              		.thumb
 350              		.thumb_func
 351              		.type	QuadDec_M2_SetInterruptMask, %function
 352              	QuadDec_M2_SetInterruptMask:
 353              	.LFB7:
 314:Generated_Source\PSoC5/QuadDec_M2.c **** 
 315:Generated_Source\PSoC5/QuadDec_M2.c **** 
 316:Generated_Source\PSoC5/QuadDec_M2.c **** /*******************************************************************************
 317:Generated_Source\PSoC5/QuadDec_M2.c **** * Function Name: QuadDec_M2_SetInterruptMask
 318:Generated_Source\PSoC5/QuadDec_M2.c **** ********************************************************************************
 319:Generated_Source\PSoC5/QuadDec_M2.c **** *
 320:Generated_Source\PSoC5/QuadDec_M2.c **** * Summary:
 321:Generated_Source\PSoC5/QuadDec_M2.c **** *  Enables / disables interrupts due to the events.
 322:Generated_Source\PSoC5/QuadDec_M2.c **** *  For the 32-bit counter, the overflow, underflow and reset interrupts cannot
 323:Generated_Source\PSoC5/QuadDec_M2.c **** *  be disabled, these bits are ignored.
 324:Generated_Source\PSoC5/QuadDec_M2.c **** *
 325:Generated_Source\PSoC5/QuadDec_M2.c **** * Parameters:
 326:Generated_Source\PSoC5/QuadDec_M2.c **** *  mask: Enable / disable bits in an 8-bit value, where 1 enables the interrupt.
 327:Generated_Source\PSoC5/QuadDec_M2.c **** *
 328:Generated_Source\PSoC5/QuadDec_M2.c **** * Return:
 329:Generated_Source\PSoC5/QuadDec_M2.c **** *  None.
 330:Generated_Source\PSoC5/QuadDec_M2.c **** *
 331:Generated_Source\PSoC5/QuadDec_M2.c **** *******************************************************************************/
ARM GAS  C:\Users\ikui753\AppData\Local\Temp\ccMfLwuj.s 			page 13


 332:Generated_Source\PSoC5/QuadDec_M2.c **** void QuadDec_M2_SetInterruptMask(uint8 mask) 
 333:Generated_Source\PSoC5/QuadDec_M2.c **** {
 354              		.loc 1 333 0
 355              		.cfi_startproc
 356              		@ args = 0, pretend = 0, frame = 8
 357              		@ frame_needed = 1, uses_anonymous_args = 0
 358              		@ link register save eliminated.
 359 0000 80B4     		push	{r7}
 360              		.cfi_def_cfa_offset 4
 361              		.cfi_offset 7, -4
 362 0002 83B0     		sub	sp, sp, #12
 363              		.cfi_def_cfa_offset 16
 364 0004 00AF     		add	r7, sp, #0
 365              		.cfi_def_cfa_register 7
 366 0006 0346     		mov	r3, r0
 367 0008 FB71     		strb	r3, [r7, #7]
 334:Generated_Source\PSoC5/QuadDec_M2.c ****     #if (QuadDec_M2_COUNTER_SIZE == QuadDec_M2_COUNTER_SIZE_32_BIT)
 335:Generated_Source\PSoC5/QuadDec_M2.c ****         /* Underflow, Overflow and Reset interrupts for 32-bit Counter are always enable */
 336:Generated_Source\PSoC5/QuadDec_M2.c ****         mask |= (QuadDec_M2_COUNTER_OVERFLOW | QuadDec_M2_COUNTER_UNDERFLOW |
 337:Generated_Source\PSoC5/QuadDec_M2.c ****                  QuadDec_M2_COUNTER_RESET);
 338:Generated_Source\PSoC5/QuadDec_M2.c ****     #endif /* QuadDec_M2_COUNTER_SIZE == QuadDec_M2_COUNTER_SIZE_32_BIT */
 339:Generated_Source\PSoC5/QuadDec_M2.c **** 
 340:Generated_Source\PSoC5/QuadDec_M2.c ****     QuadDec_M2_STATUS_MASK = mask;
 368              		.loc 1 340 0
 369 000a 044A     		ldr	r2, .L22
 370 000c FB79     		ldrb	r3, [r7, #7]
 371 000e 1370     		strb	r3, [r2]
 341:Generated_Source\PSoC5/QuadDec_M2.c **** }
 372              		.loc 1 341 0
 373 0010 00BF     		nop
 374 0012 0C37     		adds	r7, r7, #12
 375              		.cfi_def_cfa_offset 4
 376 0014 BD46     		mov	sp, r7
 377              		.cfi_def_cfa_register 13
 378              		@ sp needed
 379 0016 80BC     		pop	{r7}
 380              		.cfi_restore 7
 381              		.cfi_def_cfa_offset 0
 382 0018 7047     		bx	lr
 383              	.L23:
 384 001a 00BF     		.align	2
 385              	.L22:
 386 001c 83640040 		.word	1073767555
 387              		.cfi_endproc
 388              	.LFE7:
 389              		.size	QuadDec_M2_SetInterruptMask, .-QuadDec_M2_SetInterruptMask
 390              		.section	.text.QuadDec_M2_GetInterruptMask,"ax",%progbits
 391              		.align	2
 392              		.global	QuadDec_M2_GetInterruptMask
 393              		.thumb
 394              		.thumb_func
 395              		.type	QuadDec_M2_GetInterruptMask, %function
 396              	QuadDec_M2_GetInterruptMask:
 397              	.LFB8:
 342:Generated_Source\PSoC5/QuadDec_M2.c **** 
 343:Generated_Source\PSoC5/QuadDec_M2.c **** 
 344:Generated_Source\PSoC5/QuadDec_M2.c **** /*******************************************************************************
ARM GAS  C:\Users\ikui753\AppData\Local\Temp\ccMfLwuj.s 			page 14


 345:Generated_Source\PSoC5/QuadDec_M2.c **** * Function Name: QuadDec_M2_GetInterruptMask
 346:Generated_Source\PSoC5/QuadDec_M2.c **** ********************************************************************************
 347:Generated_Source\PSoC5/QuadDec_M2.c **** *
 348:Generated_Source\PSoC5/QuadDec_M2.c **** * Summary:
 349:Generated_Source\PSoC5/QuadDec_M2.c **** *  Reports the current interrupt mask settings.
 350:Generated_Source\PSoC5/QuadDec_M2.c **** *
 351:Generated_Source\PSoC5/QuadDec_M2.c **** * Parameters:
 352:Generated_Source\PSoC5/QuadDec_M2.c **** *  None.
 353:Generated_Source\PSoC5/QuadDec_M2.c **** *
 354:Generated_Source\PSoC5/QuadDec_M2.c **** * Return:
 355:Generated_Source\PSoC5/QuadDec_M2.c **** *  Enable / disable bits in an 8-bit value, where 1 enables the interrupt.
 356:Generated_Source\PSoC5/QuadDec_M2.c **** *  For the 32-bit counter, the overflow, underflow and reset enable bits are
 357:Generated_Source\PSoC5/QuadDec_M2.c **** *  always set.
 358:Generated_Source\PSoC5/QuadDec_M2.c **** *
 359:Generated_Source\PSoC5/QuadDec_M2.c **** *******************************************************************************/
 360:Generated_Source\PSoC5/QuadDec_M2.c **** uint8 QuadDec_M2_GetInterruptMask(void) 
 361:Generated_Source\PSoC5/QuadDec_M2.c **** {
 398              		.loc 1 361 0
 399              		.cfi_startproc
 400              		@ args = 0, pretend = 0, frame = 0
 401              		@ frame_needed = 1, uses_anonymous_args = 0
 402              		@ link register save eliminated.
 403 0000 80B4     		push	{r7}
 404              		.cfi_def_cfa_offset 4
 405              		.cfi_offset 7, -4
 406 0002 00AF     		add	r7, sp, #0
 407              		.cfi_def_cfa_register 7
 362:Generated_Source\PSoC5/QuadDec_M2.c ****     return (QuadDec_M2_STATUS_MASK & QuadDec_M2_INIT_INT_MASK);
 408              		.loc 1 362 0
 409 0004 044B     		ldr	r3, .L26
 410 0006 1B78     		ldrb	r3, [r3]
 411 0008 DBB2     		uxtb	r3, r3
 412 000a 03F00F03 		and	r3, r3, #15
 413 000e DBB2     		uxtb	r3, r3
 363:Generated_Source\PSoC5/QuadDec_M2.c **** }
 414              		.loc 1 363 0
 415 0010 1846     		mov	r0, r3
 416 0012 BD46     		mov	sp, r7
 417              		.cfi_def_cfa_register 13
 418              		@ sp needed
 419 0014 80BC     		pop	{r7}
 420              		.cfi_restore 7
 421              		.cfi_def_cfa_offset 0
 422 0016 7047     		bx	lr
 423              	.L27:
 424              		.align	2
 425              	.L26:
 426 0018 83640040 		.word	1073767555
 427              		.cfi_endproc
 428              	.LFE8:
 429              		.size	QuadDec_M2_GetInterruptMask, .-QuadDec_M2_GetInterruptMask
 430              		.text
 431              	.Letext0:
 432              		.file 2 "Generated_Source\\PSoC5\\cytypes.h"
 433              		.section	.debug_info,"",%progbits
 434              	.Ldebug_info0:
 435 0000 FD010000 		.4byte	0x1fd
ARM GAS  C:\Users\ikui753\AppData\Local\Temp\ccMfLwuj.s 			page 15


 436 0004 0400     		.2byte	0x4
 437 0006 00000000 		.4byte	.Ldebug_abbrev0
 438 000a 04       		.byte	0x4
 439 000b 01       		.uleb128 0x1
 440 000c 1C000000 		.4byte	.LASF31
 441 0010 0C       		.byte	0xc
 442 0011 BE010000 		.4byte	.LASF32
 443 0015 6D010000 		.4byte	.LASF33
 444 0019 00000000 		.4byte	.Ldebug_ranges0+0
 445 001d 00000000 		.4byte	0
 446 0021 00000000 		.4byte	.Ldebug_line0
 447 0025 02       		.uleb128 0x2
 448 0026 04       		.byte	0x4
 449 0027 05       		.byte	0x5
 450 0028 696E7400 		.ascii	"int\000"
 451 002c 03       		.uleb128 0x3
 452 002d 04       		.byte	0x4
 453 002e 07       		.byte	0x7
 454 002f FF010000 		.4byte	.LASF0
 455 0033 03       		.uleb128 0x3
 456 0034 01       		.byte	0x1
 457 0035 06       		.byte	0x6
 458 0036 9F020000 		.4byte	.LASF1
 459 003a 03       		.uleb128 0x3
 460 003b 01       		.byte	0x1
 461 003c 08       		.byte	0x8
 462 003d 14010000 		.4byte	.LASF2
 463 0041 03       		.uleb128 0x3
 464 0042 02       		.byte	0x2
 465 0043 05       		.byte	0x5
 466 0044 69020000 		.4byte	.LASF3
 467 0048 03       		.uleb128 0x3
 468 0049 02       		.byte	0x2
 469 004a 07       		.byte	0x7
 470 004b D6000000 		.4byte	.LASF4
 471 004f 03       		.uleb128 0x3
 472 0050 04       		.byte	0x4
 473 0051 05       		.byte	0x5
 474 0052 4C010000 		.4byte	.LASF5
 475 0056 03       		.uleb128 0x3
 476 0057 04       		.byte	0x4
 477 0058 07       		.byte	0x7
 478 0059 2D010000 		.4byte	.LASF6
 479 005d 03       		.uleb128 0x3
 480 005e 08       		.byte	0x8
 481 005f 05       		.byte	0x5
 482 0060 2C020000 		.4byte	.LASF7
 483 0064 03       		.uleb128 0x3
 484 0065 08       		.byte	0x8
 485 0066 07       		.byte	0x7
 486 0067 0C020000 		.4byte	.LASF8
 487 006b 03       		.uleb128 0x3
 488 006c 04       		.byte	0x4
 489 006d 07       		.byte	0x7
 490 006e 23020000 		.4byte	.LASF9
 491 0072 03       		.uleb128 0x3
 492 0073 01       		.byte	0x1
ARM GAS  C:\Users\ikui753\AppData\Local\Temp\ccMfLwuj.s 			page 16


 493 0074 08       		.byte	0x8
 494 0075 8A020000 		.4byte	.LASF10
 495 0079 04       		.uleb128 0x4
 496 007a 73020000 		.4byte	.LASF11
 497 007e 02       		.byte	0x2
 498 007f E701     		.2byte	0x1e7
 499 0081 3A000000 		.4byte	0x3a
 500 0085 04       		.uleb128 0x4
 501 0086 E2010000 		.4byte	.LASF12
 502 008a 02       		.byte	0x2
 503 008b E801     		.2byte	0x1e8
 504 008d 48000000 		.4byte	0x48
 505 0091 04       		.uleb128 0x4
 506 0092 27010000 		.4byte	.LASF13
 507 0096 02       		.byte	0x2
 508 0097 EB01     		.2byte	0x1eb
 509 0099 41000000 		.4byte	0x41
 510 009d 04       		.uleb128 0x4
 511 009e 3F010000 		.4byte	.LASF14
 512 00a2 02       		.byte	0x2
 513 00a3 EC01     		.2byte	0x1ec
 514 00a5 4F000000 		.4byte	0x4f
 515 00a9 03       		.uleb128 0x3
 516 00aa 04       		.byte	0x4
 517 00ab 04       		.byte	0x4
 518 00ac 0E010000 		.4byte	.LASF15
 519 00b0 03       		.uleb128 0x3
 520 00b1 08       		.byte	0x8
 521 00b2 04       		.byte	0x4
 522 00b3 66010000 		.4byte	.LASF16
 523 00b7 04       		.uleb128 0x4
 524 00b8 22010000 		.4byte	.LASF17
 525 00bc 02       		.byte	0x2
 526 00bd 9102     		.2byte	0x291
 527 00bf C3000000 		.4byte	0xc3
 528 00c3 05       		.uleb128 0x5
 529 00c4 79000000 		.4byte	0x79
 530 00c8 06       		.uleb128 0x6
 531 00c9 8F020000 		.4byte	.LASF18
 532 00cd 01       		.byte	0x1
 533 00ce 2A       		.byte	0x2a
 534 00cf 00000000 		.4byte	.LFB0
 535 00d3 0C000000 		.4byte	.LFE0-.LFB0
 536 00d7 01       		.uleb128 0x1
 537 00d8 9C       		.byte	0x9c
 538 00d9 07       		.uleb128 0x7
 539 00da C4000000 		.4byte	.LASF20
 540 00de 01       		.byte	0x1
 541 00df 46       		.byte	0x46
 542 00e0 00000000 		.4byte	.LFB1
 543 00e4 3C000000 		.4byte	.LFE1-.LFB1
 544 00e8 01       		.uleb128 0x1
 545 00e9 9C       		.byte	0x9c
 546 00ea FD000000 		.4byte	0xfd
 547 00ee 08       		.uleb128 0x8
 548 00ef 55010000 		.4byte	.LASF22
 549 00f3 01       		.byte	0x1
ARM GAS  C:\Users\ikui753\AppData\Local\Temp\ccMfLwuj.s 			page 17


 550 00f4 48       		.byte	0x48
 551 00f5 79000000 		.4byte	0x79
 552 00f9 02       		.uleb128 0x2
 553 00fa 91       		.byte	0x91
 554 00fb 77       		.sleb128 -9
 555 00fc 00       		.byte	0
 556 00fd 09       		.uleb128 0x9
 557 00fe 79020000 		.4byte	.LASF19
 558 0102 01       		.byte	0x1
 559 0103 74       		.byte	0x74
 560 0104 00000000 		.4byte	.LFB2
 561 0108 30000000 		.4byte	.LFE2-.LFB2
 562 010c 01       		.uleb128 0x1
 563 010d 9C       		.byte	0x9c
 564 010e 07       		.uleb128 0x7
 565 010f FE000000 		.4byte	.LASF21
 566 0113 01       		.byte	0x1
 567 0114 9D       		.byte	0x9d
 568 0115 00000000 		.4byte	.LFB3
 569 0119 38000000 		.4byte	.LFE3-.LFB3
 570 011d 01       		.uleb128 0x1
 571 011e 9C       		.byte	0x9c
 572 011f 32010000 		.4byte	0x132
 573 0123 08       		.uleb128 0x8
 574 0124 55010000 		.4byte	.LASF22
 575 0128 01       		.byte	0x1
 576 0129 9F       		.byte	0x9f
 577 012a 79000000 		.4byte	0x79
 578 012e 02       		.uleb128 0x2
 579 012f 91       		.byte	0x91
 580 0130 77       		.sleb128 -9
 581 0131 00       		.byte	0
 582 0132 0A       		.uleb128 0xa
 583 0133 E9010000 		.4byte	.LASF34
 584 0137 01       		.byte	0x1
 585 0138 CA       		.byte	0xca
 586 0139 91000000 		.4byte	0x91
 587 013d 00000000 		.4byte	.LFB4
 588 0141 24000000 		.4byte	.LFE4-.LFB4
 589 0145 01       		.uleb128 0x1
 590 0146 9C       		.byte	0x9c
 591 0147 68010000 		.4byte	0x168
 592 014b 08       		.uleb128 0x8
 593 014c B9000000 		.4byte	.LASF23
 594 0150 01       		.byte	0x1
 595 0151 CC       		.byte	0xcc
 596 0152 91000000 		.4byte	0x91
 597 0156 02       		.uleb128 0x2
 598 0157 91       		.byte	0x91
 599 0158 74       		.sleb128 -12
 600 0159 08       		.uleb128 0x8
 601 015a 45010000 		.4byte	.LASF24
 602 015e 01       		.byte	0x1
 603 015f CD       		.byte	0xcd
 604 0160 85000000 		.4byte	0x85
 605 0164 02       		.uleb128 0x2
 606 0165 91       		.byte	0x91
ARM GAS  C:\Users\ikui753\AppData\Local\Temp\ccMfLwuj.s 			page 18


 607 0166 76       		.sleb128 -10
 608 0167 00       		.byte	0
 609 0168 0B       		.uleb128 0xb
 610 0169 AB020000 		.4byte	.LASF25
 611 016d 01       		.byte	0x1
 612 016e 0201     		.2byte	0x102
 613 0170 00000000 		.4byte	.LFB5
 614 0174 34000000 		.4byte	.LFE5-.LFB5
 615 0178 01       		.uleb128 0x1
 616 0179 9C       		.byte	0x9c
 617 017a 9D010000 		.4byte	0x19d
 618 017e 0C       		.uleb128 0xc
 619 017f B3000000 		.4byte	.LASF27
 620 0183 01       		.byte	0x1
 621 0184 0201     		.2byte	0x102
 622 0186 91000000 		.4byte	0x91
 623 018a 02       		.uleb128 0x2
 624 018b 91       		.byte	0x91
 625 018c 6E       		.sleb128 -18
 626 018d 0D       		.uleb128 0xd
 627 018e B9000000 		.4byte	.LASF23
 628 0192 01       		.byte	0x1
 629 0193 0601     		.2byte	0x106
 630 0195 85000000 		.4byte	0x85
 631 0199 02       		.uleb128 0x2
 632 019a 91       		.byte	0x91
 633 019b 76       		.sleb128 -10
 634 019c 00       		.byte	0
 635 019d 0E       		.uleb128 0xe
 636 019e E9000000 		.4byte	.LASF29
 637 01a2 01       		.byte	0x1
 638 01a3 3601     		.2byte	0x136
 639 01a5 79000000 		.4byte	0x79
 640 01a9 00000000 		.4byte	.LFB6
 641 01ad 1C000000 		.4byte	.LFE6-.LFB6
 642 01b1 01       		.uleb128 0x1
 643 01b2 9C       		.byte	0x9c
 644 01b3 0F       		.uleb128 0xf
 645 01b4 00000000 		.4byte	.LASF26
 646 01b8 01       		.byte	0x1
 647 01b9 4C01     		.2byte	0x14c
 648 01bb 00000000 		.4byte	.LFB7
 649 01bf 20000000 		.4byte	.LFE7-.LFB7
 650 01c3 01       		.uleb128 0x1
 651 01c4 9C       		.byte	0x9c
 652 01c5 D9010000 		.4byte	0x1d9
 653 01c9 0C       		.uleb128 0xc
 654 01ca BF000000 		.4byte	.LASF28
 655 01ce 01       		.byte	0x1
 656 01cf 4C01     		.2byte	0x14c
 657 01d1 79000000 		.4byte	0x79
 658 01d5 02       		.uleb128 0x2
 659 01d6 91       		.byte	0x91
 660 01d7 77       		.sleb128 -9
 661 01d8 00       		.byte	0
 662 01d9 0E       		.uleb128 0xe
 663 01da 3A020000 		.4byte	.LASF30
ARM GAS  C:\Users\ikui753\AppData\Local\Temp\ccMfLwuj.s 			page 19


 664 01de 01       		.byte	0x1
 665 01df 6801     		.2byte	0x168
 666 01e1 79000000 		.4byte	0x79
 667 01e5 00000000 		.4byte	.LFB8
 668 01e9 1C000000 		.4byte	.LFE8-.LFB8
 669 01ed 01       		.uleb128 0x1
 670 01ee 9C       		.byte	0x9c
 671 01ef 10       		.uleb128 0x10
 672 01f0 56020000 		.4byte	.LASF35
 673 01f4 01       		.byte	0x1
 674 01f5 19       		.byte	0x19
 675 01f6 79000000 		.4byte	0x79
 676 01fa 05       		.uleb128 0x5
 677 01fb 03       		.byte	0x3
 678 01fc 00000000 		.4byte	QuadDec_M2_initVar
 679 0200 00       		.byte	0
 680              		.section	.debug_abbrev,"",%progbits
 681              	.Ldebug_abbrev0:
 682 0000 01       		.uleb128 0x1
 683 0001 11       		.uleb128 0x11
 684 0002 01       		.byte	0x1
 685 0003 25       		.uleb128 0x25
 686 0004 0E       		.uleb128 0xe
 687 0005 13       		.uleb128 0x13
 688 0006 0B       		.uleb128 0xb
 689 0007 03       		.uleb128 0x3
 690 0008 0E       		.uleb128 0xe
 691 0009 1B       		.uleb128 0x1b
 692 000a 0E       		.uleb128 0xe
 693 000b 55       		.uleb128 0x55
 694 000c 17       		.uleb128 0x17
 695 000d 11       		.uleb128 0x11
 696 000e 01       		.uleb128 0x1
 697 000f 10       		.uleb128 0x10
 698 0010 17       		.uleb128 0x17
 699 0011 00       		.byte	0
 700 0012 00       		.byte	0
 701 0013 02       		.uleb128 0x2
 702 0014 24       		.uleb128 0x24
 703 0015 00       		.byte	0
 704 0016 0B       		.uleb128 0xb
 705 0017 0B       		.uleb128 0xb
 706 0018 3E       		.uleb128 0x3e
 707 0019 0B       		.uleb128 0xb
 708 001a 03       		.uleb128 0x3
 709 001b 08       		.uleb128 0x8
 710 001c 00       		.byte	0
 711 001d 00       		.byte	0
 712 001e 03       		.uleb128 0x3
 713 001f 24       		.uleb128 0x24
 714 0020 00       		.byte	0
 715 0021 0B       		.uleb128 0xb
 716 0022 0B       		.uleb128 0xb
 717 0023 3E       		.uleb128 0x3e
 718 0024 0B       		.uleb128 0xb
 719 0025 03       		.uleb128 0x3
 720 0026 0E       		.uleb128 0xe
ARM GAS  C:\Users\ikui753\AppData\Local\Temp\ccMfLwuj.s 			page 20


 721 0027 00       		.byte	0
 722 0028 00       		.byte	0
 723 0029 04       		.uleb128 0x4
 724 002a 16       		.uleb128 0x16
 725 002b 00       		.byte	0
 726 002c 03       		.uleb128 0x3
 727 002d 0E       		.uleb128 0xe
 728 002e 3A       		.uleb128 0x3a
 729 002f 0B       		.uleb128 0xb
 730 0030 3B       		.uleb128 0x3b
 731 0031 05       		.uleb128 0x5
 732 0032 49       		.uleb128 0x49
 733 0033 13       		.uleb128 0x13
 734 0034 00       		.byte	0
 735 0035 00       		.byte	0
 736 0036 05       		.uleb128 0x5
 737 0037 35       		.uleb128 0x35
 738 0038 00       		.byte	0
 739 0039 49       		.uleb128 0x49
 740 003a 13       		.uleb128 0x13
 741 003b 00       		.byte	0
 742 003c 00       		.byte	0
 743 003d 06       		.uleb128 0x6
 744 003e 2E       		.uleb128 0x2e
 745 003f 00       		.byte	0
 746 0040 3F       		.uleb128 0x3f
 747 0041 19       		.uleb128 0x19
 748 0042 03       		.uleb128 0x3
 749 0043 0E       		.uleb128 0xe
 750 0044 3A       		.uleb128 0x3a
 751 0045 0B       		.uleb128 0xb
 752 0046 3B       		.uleb128 0x3b
 753 0047 0B       		.uleb128 0xb
 754 0048 27       		.uleb128 0x27
 755 0049 19       		.uleb128 0x19
 756 004a 11       		.uleb128 0x11
 757 004b 01       		.uleb128 0x1
 758 004c 12       		.uleb128 0x12
 759 004d 06       		.uleb128 0x6
 760 004e 40       		.uleb128 0x40
 761 004f 18       		.uleb128 0x18
 762 0050 9742     		.uleb128 0x2117
 763 0052 19       		.uleb128 0x19
 764 0053 00       		.byte	0
 765 0054 00       		.byte	0
 766 0055 07       		.uleb128 0x7
 767 0056 2E       		.uleb128 0x2e
 768 0057 01       		.byte	0x1
 769 0058 3F       		.uleb128 0x3f
 770 0059 19       		.uleb128 0x19
 771 005a 03       		.uleb128 0x3
 772 005b 0E       		.uleb128 0xe
 773 005c 3A       		.uleb128 0x3a
 774 005d 0B       		.uleb128 0xb
 775 005e 3B       		.uleb128 0x3b
 776 005f 0B       		.uleb128 0xb
 777 0060 27       		.uleb128 0x27
ARM GAS  C:\Users\ikui753\AppData\Local\Temp\ccMfLwuj.s 			page 21


 778 0061 19       		.uleb128 0x19
 779 0062 11       		.uleb128 0x11
 780 0063 01       		.uleb128 0x1
 781 0064 12       		.uleb128 0x12
 782 0065 06       		.uleb128 0x6
 783 0066 40       		.uleb128 0x40
 784 0067 18       		.uleb128 0x18
 785 0068 9642     		.uleb128 0x2116
 786 006a 19       		.uleb128 0x19
 787 006b 01       		.uleb128 0x1
 788 006c 13       		.uleb128 0x13
 789 006d 00       		.byte	0
 790 006e 00       		.byte	0
 791 006f 08       		.uleb128 0x8
 792 0070 34       		.uleb128 0x34
 793 0071 00       		.byte	0
 794 0072 03       		.uleb128 0x3
 795 0073 0E       		.uleb128 0xe
 796 0074 3A       		.uleb128 0x3a
 797 0075 0B       		.uleb128 0xb
 798 0076 3B       		.uleb128 0x3b
 799 0077 0B       		.uleb128 0xb
 800 0078 49       		.uleb128 0x49
 801 0079 13       		.uleb128 0x13
 802 007a 02       		.uleb128 0x2
 803 007b 18       		.uleb128 0x18
 804 007c 00       		.byte	0
 805 007d 00       		.byte	0
 806 007e 09       		.uleb128 0x9
 807 007f 2E       		.uleb128 0x2e
 808 0080 00       		.byte	0
 809 0081 3F       		.uleb128 0x3f
 810 0082 19       		.uleb128 0x19
 811 0083 03       		.uleb128 0x3
 812 0084 0E       		.uleb128 0xe
 813 0085 3A       		.uleb128 0x3a
 814 0086 0B       		.uleb128 0xb
 815 0087 3B       		.uleb128 0x3b
 816 0088 0B       		.uleb128 0xb
 817 0089 27       		.uleb128 0x27
 818 008a 19       		.uleb128 0x19
 819 008b 11       		.uleb128 0x11
 820 008c 01       		.uleb128 0x1
 821 008d 12       		.uleb128 0x12
 822 008e 06       		.uleb128 0x6
 823 008f 40       		.uleb128 0x40
 824 0090 18       		.uleb128 0x18
 825 0091 9642     		.uleb128 0x2116
 826 0093 19       		.uleb128 0x19
 827 0094 00       		.byte	0
 828 0095 00       		.byte	0
 829 0096 0A       		.uleb128 0xa
 830 0097 2E       		.uleb128 0x2e
 831 0098 01       		.byte	0x1
 832 0099 3F       		.uleb128 0x3f
 833 009a 19       		.uleb128 0x19
 834 009b 03       		.uleb128 0x3
ARM GAS  C:\Users\ikui753\AppData\Local\Temp\ccMfLwuj.s 			page 22


 835 009c 0E       		.uleb128 0xe
 836 009d 3A       		.uleb128 0x3a
 837 009e 0B       		.uleb128 0xb
 838 009f 3B       		.uleb128 0x3b
 839 00a0 0B       		.uleb128 0xb
 840 00a1 27       		.uleb128 0x27
 841 00a2 19       		.uleb128 0x19
 842 00a3 49       		.uleb128 0x49
 843 00a4 13       		.uleb128 0x13
 844 00a5 11       		.uleb128 0x11
 845 00a6 01       		.uleb128 0x1
 846 00a7 12       		.uleb128 0x12
 847 00a8 06       		.uleb128 0x6
 848 00a9 40       		.uleb128 0x40
 849 00aa 18       		.uleb128 0x18
 850 00ab 9642     		.uleb128 0x2116
 851 00ad 19       		.uleb128 0x19
 852 00ae 01       		.uleb128 0x1
 853 00af 13       		.uleb128 0x13
 854 00b0 00       		.byte	0
 855 00b1 00       		.byte	0
 856 00b2 0B       		.uleb128 0xb
 857 00b3 2E       		.uleb128 0x2e
 858 00b4 01       		.byte	0x1
 859 00b5 3F       		.uleb128 0x3f
 860 00b6 19       		.uleb128 0x19
 861 00b7 03       		.uleb128 0x3
 862 00b8 0E       		.uleb128 0xe
 863 00b9 3A       		.uleb128 0x3a
 864 00ba 0B       		.uleb128 0xb
 865 00bb 3B       		.uleb128 0x3b
 866 00bc 05       		.uleb128 0x5
 867 00bd 27       		.uleb128 0x27
 868 00be 19       		.uleb128 0x19
 869 00bf 11       		.uleb128 0x11
 870 00c0 01       		.uleb128 0x1
 871 00c1 12       		.uleb128 0x12
 872 00c2 06       		.uleb128 0x6
 873 00c3 40       		.uleb128 0x40
 874 00c4 18       		.uleb128 0x18
 875 00c5 9642     		.uleb128 0x2116
 876 00c7 19       		.uleb128 0x19
 877 00c8 01       		.uleb128 0x1
 878 00c9 13       		.uleb128 0x13
 879 00ca 00       		.byte	0
 880 00cb 00       		.byte	0
 881 00cc 0C       		.uleb128 0xc
 882 00cd 05       		.uleb128 0x5
 883 00ce 00       		.byte	0
 884 00cf 03       		.uleb128 0x3
 885 00d0 0E       		.uleb128 0xe
 886 00d1 3A       		.uleb128 0x3a
 887 00d2 0B       		.uleb128 0xb
 888 00d3 3B       		.uleb128 0x3b
 889 00d4 05       		.uleb128 0x5
 890 00d5 49       		.uleb128 0x49
 891 00d6 13       		.uleb128 0x13
ARM GAS  C:\Users\ikui753\AppData\Local\Temp\ccMfLwuj.s 			page 23


 892 00d7 02       		.uleb128 0x2
 893 00d8 18       		.uleb128 0x18
 894 00d9 00       		.byte	0
 895 00da 00       		.byte	0
 896 00db 0D       		.uleb128 0xd
 897 00dc 34       		.uleb128 0x34
 898 00dd 00       		.byte	0
 899 00de 03       		.uleb128 0x3
 900 00df 0E       		.uleb128 0xe
 901 00e0 3A       		.uleb128 0x3a
 902 00e1 0B       		.uleb128 0xb
 903 00e2 3B       		.uleb128 0x3b
 904 00e3 05       		.uleb128 0x5
 905 00e4 49       		.uleb128 0x49
 906 00e5 13       		.uleb128 0x13
 907 00e6 02       		.uleb128 0x2
 908 00e7 18       		.uleb128 0x18
 909 00e8 00       		.byte	0
 910 00e9 00       		.byte	0
 911 00ea 0E       		.uleb128 0xe
 912 00eb 2E       		.uleb128 0x2e
 913 00ec 00       		.byte	0
 914 00ed 3F       		.uleb128 0x3f
 915 00ee 19       		.uleb128 0x19
 916 00ef 03       		.uleb128 0x3
 917 00f0 0E       		.uleb128 0xe
 918 00f1 3A       		.uleb128 0x3a
 919 00f2 0B       		.uleb128 0xb
 920 00f3 3B       		.uleb128 0x3b
 921 00f4 05       		.uleb128 0x5
 922 00f5 27       		.uleb128 0x27
 923 00f6 19       		.uleb128 0x19
 924 00f7 49       		.uleb128 0x49
 925 00f8 13       		.uleb128 0x13
 926 00f9 11       		.uleb128 0x11
 927 00fa 01       		.uleb128 0x1
 928 00fb 12       		.uleb128 0x12
 929 00fc 06       		.uleb128 0x6
 930 00fd 40       		.uleb128 0x40
 931 00fe 18       		.uleb128 0x18
 932 00ff 9742     		.uleb128 0x2117
 933 0101 19       		.uleb128 0x19
 934 0102 00       		.byte	0
 935 0103 00       		.byte	0
 936 0104 0F       		.uleb128 0xf
 937 0105 2E       		.uleb128 0x2e
 938 0106 01       		.byte	0x1
 939 0107 3F       		.uleb128 0x3f
 940 0108 19       		.uleb128 0x19
 941 0109 03       		.uleb128 0x3
 942 010a 0E       		.uleb128 0xe
 943 010b 3A       		.uleb128 0x3a
 944 010c 0B       		.uleb128 0xb
 945 010d 3B       		.uleb128 0x3b
 946 010e 05       		.uleb128 0x5
 947 010f 27       		.uleb128 0x27
 948 0110 19       		.uleb128 0x19
ARM GAS  C:\Users\ikui753\AppData\Local\Temp\ccMfLwuj.s 			page 24


 949 0111 11       		.uleb128 0x11
 950 0112 01       		.uleb128 0x1
 951 0113 12       		.uleb128 0x12
 952 0114 06       		.uleb128 0x6
 953 0115 40       		.uleb128 0x40
 954 0116 18       		.uleb128 0x18
 955 0117 9742     		.uleb128 0x2117
 956 0119 19       		.uleb128 0x19
 957 011a 01       		.uleb128 0x1
 958 011b 13       		.uleb128 0x13
 959 011c 00       		.byte	0
 960 011d 00       		.byte	0
 961 011e 10       		.uleb128 0x10
 962 011f 34       		.uleb128 0x34
 963 0120 00       		.byte	0
 964 0121 03       		.uleb128 0x3
 965 0122 0E       		.uleb128 0xe
 966 0123 3A       		.uleb128 0x3a
 967 0124 0B       		.uleb128 0xb
 968 0125 3B       		.uleb128 0x3b
 969 0126 0B       		.uleb128 0xb
 970 0127 49       		.uleb128 0x49
 971 0128 13       		.uleb128 0x13
 972 0129 3F       		.uleb128 0x3f
 973 012a 19       		.uleb128 0x19
 974 012b 02       		.uleb128 0x2
 975 012c 18       		.uleb128 0x18
 976 012d 00       		.byte	0
 977 012e 00       		.byte	0
 978 012f 00       		.byte	0
 979              		.section	.debug_aranges,"",%progbits
 980 0000 5C000000 		.4byte	0x5c
 981 0004 0200     		.2byte	0x2
 982 0006 00000000 		.4byte	.Ldebug_info0
 983 000a 04       		.byte	0x4
 984 000b 00       		.byte	0
 985 000c 0000     		.2byte	0
 986 000e 0000     		.2byte	0
 987 0010 00000000 		.4byte	.LFB0
 988 0014 0C000000 		.4byte	.LFE0-.LFB0
 989 0018 00000000 		.4byte	.LFB1
 990 001c 3C000000 		.4byte	.LFE1-.LFB1
 991 0020 00000000 		.4byte	.LFB2
 992 0024 30000000 		.4byte	.LFE2-.LFB2
 993 0028 00000000 		.4byte	.LFB3
 994 002c 38000000 		.4byte	.LFE3-.LFB3
 995 0030 00000000 		.4byte	.LFB4
 996 0034 24000000 		.4byte	.LFE4-.LFB4
 997 0038 00000000 		.4byte	.LFB5
 998 003c 34000000 		.4byte	.LFE5-.LFB5
 999 0040 00000000 		.4byte	.LFB6
 1000 0044 1C000000 		.4byte	.LFE6-.LFB6
 1001 0048 00000000 		.4byte	.LFB7
 1002 004c 20000000 		.4byte	.LFE7-.LFB7
 1003 0050 00000000 		.4byte	.LFB8
 1004 0054 1C000000 		.4byte	.LFE8-.LFB8
 1005 0058 00000000 		.4byte	0
ARM GAS  C:\Users\ikui753\AppData\Local\Temp\ccMfLwuj.s 			page 25


 1006 005c 00000000 		.4byte	0
 1007              		.section	.debug_ranges,"",%progbits
 1008              	.Ldebug_ranges0:
 1009 0000 00000000 		.4byte	.LFB0
 1010 0004 0C000000 		.4byte	.LFE0
 1011 0008 00000000 		.4byte	.LFB1
 1012 000c 3C000000 		.4byte	.LFE1
 1013 0010 00000000 		.4byte	.LFB2
 1014 0014 30000000 		.4byte	.LFE2
 1015 0018 00000000 		.4byte	.LFB3
 1016 001c 38000000 		.4byte	.LFE3
 1017 0020 00000000 		.4byte	.LFB4
 1018 0024 24000000 		.4byte	.LFE4
 1019 0028 00000000 		.4byte	.LFB5
 1020 002c 34000000 		.4byte	.LFE5
 1021 0030 00000000 		.4byte	.LFB6
 1022 0034 1C000000 		.4byte	.LFE6
 1023 0038 00000000 		.4byte	.LFB7
 1024 003c 20000000 		.4byte	.LFE7
 1025 0040 00000000 		.4byte	.LFB8
 1026 0044 1C000000 		.4byte	.LFE8
 1027 0048 00000000 		.4byte	0
 1028 004c 00000000 		.4byte	0
 1029              		.section	.debug_line,"",%progbits
 1030              	.Ldebug_line0:
 1031 0000 06010000 		.section	.debug_str,"MS",%progbits,1
 1031      02004700 
 1031      00000201 
 1031      FB0E0D00 
 1031      01010101 
 1032              	.LASF26:
 1033 0000 51756164 		.ascii	"QuadDec_M2_SetInterruptMask\000"
 1033      4465635F 
 1033      4D325F53 
 1033      6574496E 
 1033      74657272 
 1034              	.LASF31:
 1035 001c 474E5520 		.ascii	"GNU C99 5.4.1 20160609 (release) [ARM/embedded-5-br"
 1035      43393920 
 1035      352E342E 
 1035      31203230 
 1035      31363036 
 1036 004f 616E6368 		.ascii	"anch revision 237715] -mcpu=cortex-m3 -mthumb -g -O"
 1036      20726576 
 1036      6973696F 
 1036      6E203233 
 1036      37373135 
 1037 0082 30202D73 		.ascii	"0 -std=c99 -ffunction-sections -ffat-lto-objects\000"
 1037      74643D63 
 1037      3939202D 
 1037      6666756E 
 1037      6374696F 
 1038              	.LASF27:
 1039 00b3 76616C75 		.ascii	"value\000"
 1039      6500
 1040              	.LASF23:
 1041 00b9 636F756E 		.ascii	"count\000"
ARM GAS  C:\Users\ikui753\AppData\Local\Temp\ccMfLwuj.s 			page 26


 1041      7400
 1042              	.LASF28:
 1043 00bf 6D61736B 		.ascii	"mask\000"
 1043      00
 1044              	.LASF20:
 1045 00c4 51756164 		.ascii	"QuadDec_M2_Enable\000"
 1045      4465635F 
 1045      4D325F45 
 1045      6E61626C 
 1045      6500
 1046              	.LASF4:
 1047 00d6 73686F72 		.ascii	"short unsigned int\000"
 1047      7420756E 
 1047      7369676E 
 1047      65642069 
 1047      6E7400
 1048              	.LASF29:
 1049 00e9 51756164 		.ascii	"QuadDec_M2_GetEvents\000"
 1049      4465635F 
 1049      4D325F47 
 1049      65744576 
 1049      656E7473 
 1050              	.LASF21:
 1051 00fe 51756164 		.ascii	"QuadDec_M2_Stop\000"
 1051      4465635F 
 1051      4D325F53 
 1051      746F7000 
 1052              	.LASF15:
 1053 010e 666C6F61 		.ascii	"float\000"
 1053      7400
 1054              	.LASF2:
 1055 0114 756E7369 		.ascii	"unsigned char\000"
 1055      676E6564 
 1055      20636861 
 1055      7200
 1056              	.LASF17:
 1057 0122 72656738 		.ascii	"reg8\000"
 1057      00
 1058              	.LASF13:
 1059 0127 696E7431 		.ascii	"int16\000"
 1059      3600
 1060              	.LASF6:
 1061 012d 6C6F6E67 		.ascii	"long unsigned int\000"
 1061      20756E73 
 1061      69676E65 
 1061      6420696E 
 1061      7400
 1062              	.LASF14:
 1063 013f 696E7433 		.ascii	"int32\000"
 1063      3200
 1064              	.LASF24:
 1065 0145 746D7043 		.ascii	"tmpCnt\000"
 1065      6E7400
 1066              	.LASF5:
 1067 014c 6C6F6E67 		.ascii	"long int\000"
 1067      20696E74 
 1067      00
ARM GAS  C:\Users\ikui753\AppData\Local\Temp\ccMfLwuj.s 			page 27


 1068              	.LASF22:
 1069 0155 656E6162 		.ascii	"enableInterrupts\000"
 1069      6C65496E 
 1069      74657272 
 1069      75707473 
 1069      00
 1070              	.LASF16:
 1071 0166 646F7562 		.ascii	"double\000"
 1071      6C6500
 1072              	.LASF33:
 1073 016d 483A5C44 		.ascii	"H:\\Documents\\GitHub\\301-Robot\\psoc student pack"
 1073      6F63756D 
 1073      656E7473 
 1073      5C476974 
 1073      4875625C 
 1074 019c 5C70736F 		.ascii	"\\psoc_code_base\\CS301_Class.cydsn\000"
 1074      635F636F 
 1074      64655F62 
 1074      6173655C 
 1074      43533330 
 1075              	.LASF32:
 1076 01be 47656E65 		.ascii	"Generated_Source\\PSoC5\\QuadDec_M2.c\000"
 1076      72617465 
 1076      645F536F 
 1076      75726365 
 1076      5C50536F 
 1077              	.LASF12:
 1078 01e2 75696E74 		.ascii	"uint16\000"
 1078      313600
 1079              	.LASF34:
 1080 01e9 51756164 		.ascii	"QuadDec_M2_GetCounter\000"
 1080      4465635F 
 1080      4D325F47 
 1080      6574436F 
 1080      756E7465 
 1081              	.LASF0:
 1082 01ff 756E7369 		.ascii	"unsigned int\000"
 1082      676E6564 
 1082      20696E74 
 1082      00
 1083              	.LASF8:
 1084 020c 6C6F6E67 		.ascii	"long long unsigned int\000"
 1084      206C6F6E 
 1084      6720756E 
 1084      7369676E 
 1084      65642069 
 1085              	.LASF9:
 1086 0223 73697A65 		.ascii	"sizetype\000"
 1086      74797065 
 1086      00
 1087              	.LASF7:
 1088 022c 6C6F6E67 		.ascii	"long long int\000"
 1088      206C6F6E 
 1088      6720696E 
 1088      7400
 1089              	.LASF30:
 1090 023a 51756164 		.ascii	"QuadDec_M2_GetInterruptMask\000"
ARM GAS  C:\Users\ikui753\AppData\Local\Temp\ccMfLwuj.s 			page 28


 1090      4465635F 
 1090      4D325F47 
 1090      6574496E 
 1090      74657272 
 1091              	.LASF35:
 1092 0256 51756164 		.ascii	"QuadDec_M2_initVar\000"
 1092      4465635F 
 1092      4D325F69 
 1092      6E697456 
 1092      617200
 1093              	.LASF3:
 1094 0269 73686F72 		.ascii	"short int\000"
 1094      7420696E 
 1094      7400
 1095              	.LASF11:
 1096 0273 75696E74 		.ascii	"uint8\000"
 1096      3800
 1097              	.LASF19:
 1098 0279 51756164 		.ascii	"QuadDec_M2_Start\000"
 1098      4465635F 
 1098      4D325F53 
 1098      74617274 
 1098      00
 1099              	.LASF10:
 1100 028a 63686172 		.ascii	"char\000"
 1100      00
 1101              	.LASF18:
 1102 028f 51756164 		.ascii	"QuadDec_M2_Init\000"
 1102      4465635F 
 1102      4D325F49 
 1102      6E697400 
 1103              	.LASF1:
 1104 029f 7369676E 		.ascii	"signed char\000"
 1104      65642063 
 1104      68617200 
 1105              	.LASF25:
 1106 02ab 51756164 		.ascii	"QuadDec_M2_SetCounter\000"
 1106      4465635F 
 1106      4D325F53 
 1106      6574436F 
 1106      756E7465 
 1107              		.ident	"GCC: (GNU Tools for ARM Embedded Processors) 5.4.1 20160609 (release) [ARM/embedded-5-bran
