ARM GAS  C:\Users\ikui753\AppData\Local\Temp\ccBIWTvl.s 			page 1


   1              		.syntax unified
   2              		.cpu cortex-m3
   3              		.fpu softvfp
   4              		.eabi_attribute 20, 1
   5              		.eabi_attribute 21, 1
   6              		.eabi_attribute 23, 3
   7              		.eabi_attribute 24, 1
   8              		.eabi_attribute 25, 1
   9              		.eabi_attribute 26, 1
  10              		.eabi_attribute 30, 6
  11              		.eabi_attribute 34, 1
  12              		.eabi_attribute 18, 4
  13              		.thumb
  14              		.syntax unified
  15              		.file	"tacho.c"
  16              		.text
  17              	.Ltext0:
  18              		.cfi_sections	.debug_frame
  19              		.section	.text.get_position,"ax",%progbits
  20              		.align	2
  21              		.global	get_position
  22              		.thumb
  23              		.thumb_func
  24              		.type	get_position, %function
  25              	get_position:
  26              	.LFB63:
  27              		.file 1 "tacho.c"
   1:tacho.c       **** /* ========================================
   2:tacho.c       ****  *
   3:tacho.c       ****  * Copyright YOUR COMPANY, THE YEAR
   4:tacho.c       ****  * All Rights Reserved
   5:tacho.c       ****  * UNPUBLISHED, LICENSED SOFTWARE.
   6:tacho.c       ****  *
   7:tacho.c       ****  * CONFIDENTIAL AND PROPRIETARY INFORMATION
   8:tacho.c       ****  * WHICH IS THE PROPERTY OF your company.
   9:tacho.c       ****  *
  10:tacho.c       ****  * ========================================
  11:tacho.c       ****  */
  12:tacho.c       **** 
  13:tacho.c       **** #include <project.h>
  14:tacho.c       **** #include "defines.h"
  15:tacho.c       **** 
  16:tacho.c       **** extern int16 speedL, speedR;
  17:tacho.c       **** extern int16 posL, posR;
  18:tacho.c       **** 
  19:tacho.c       **** void get_position(void);
  20:tacho.c       **** void get_speed(void);
  21:tacho.c       **** 
  22:tacho.c       **** //------------------------------------------------------
  23:tacho.c       **** void get_position()
  24:tacho.c       **** {
  28              		.loc 1 24 0
  29              		.cfi_startproc
  30              		@ args = 0, pretend = 0, frame = 8
  31              		@ frame_needed = 1, uses_anonymous_args = 0
  32 0000 80B5     		push	{r7, lr}
  33              		.cfi_def_cfa_offset 8
ARM GAS  C:\Users\ikui753\AppData\Local\Temp\ccBIWTvl.s 			page 2


  34              		.cfi_offset 7, -8
  35              		.cfi_offset 14, -4
  36 0002 82B0     		sub	sp, sp, #8
  37              		.cfi_def_cfa_offset 16
  38 0004 00AF     		add	r7, sp, #0
  39              		.cfi_def_cfa_register 7
  25:tacho.c       ****     int pl, pr;
  26:tacho.c       **** 
  27:tacho.c       ****     pl = QuadDec_M1_GetCounter();
  40              		.loc 1 27 0
  41 0006 FFF7FEFF 		bl	QuadDec_M1_GetCounter
  42 000a 0346     		mov	r3, r0
  43 000c 7B60     		str	r3, [r7, #4]
  28:tacho.c       ****     pr = QuadDec_M2_GetCounter();
  44              		.loc 1 28 0
  45 000e FFF7FEFF 		bl	QuadDec_M2_GetCounter
  46 0012 0346     		mov	r3, r0
  47 0014 3B60     		str	r3, [r7]
  29:tacho.c       **** 
  30:tacho.c       ****     posL = pl;
  48              		.loc 1 30 0
  49 0016 7B68     		ldr	r3, [r7, #4]
  50 0018 1AB2     		sxth	r2, r3
  51 001a 054B     		ldr	r3, .L2
  52 001c 1A80     		strh	r2, [r3]	@ movhi
  31:tacho.c       ****     posR = pr;
  53              		.loc 1 31 0
  54 001e 3B68     		ldr	r3, [r7]
  55 0020 1AB2     		sxth	r2, r3
  56 0022 044B     		ldr	r3, .L2+4
  57 0024 1A80     		strh	r2, [r3]	@ movhi
  32:tacho.c       **** }
  58              		.loc 1 32 0
  59 0026 00BF     		nop
  60 0028 0837     		adds	r7, r7, #8
  61              		.cfi_def_cfa_offset 8
  62 002a BD46     		mov	sp, r7
  63              		.cfi_def_cfa_register 13
  64              		@ sp needed
  65 002c 80BD     		pop	{r7, pc}
  66              	.L3:
  67 002e 00BF     		.align	2
  68              	.L2:
  69 0030 00000000 		.word	posL
  70 0034 00000000 		.word	posR
  71              		.cfi_endproc
  72              	.LFE63:
  73              		.size	get_position, .-get_position
  74              		.section	.text.get_speed,"ax",%progbits
  75              		.align	2
  76              		.global	get_speed
  77              		.thumb
  78              		.thumb_func
  79              		.type	get_speed, %function
  80              	get_speed:
  81              	.LFB64:
  33:tacho.c       **** //------------------------------------------------------
ARM GAS  C:\Users\ikui753\AppData\Local\Temp\ccBIWTvl.s 			page 3


  34:tacho.c       **** void get_speed()
  35:tacho.c       **** {
  82              		.loc 1 35 0
  83              		.cfi_startproc
  84              		@ args = 0, pretend = 0, frame = 8
  85              		@ frame_needed = 1, uses_anonymous_args = 0
  86 0000 80B5     		push	{r7, lr}
  87              		.cfi_def_cfa_offset 8
  88              		.cfi_offset 7, -8
  89              		.cfi_offset 14, -4
  90 0002 82B0     		sub	sp, sp, #8
  91              		.cfi_def_cfa_offset 16
  92 0004 00AF     		add	r7, sp, #0
  93              		.cfi_def_cfa_register 7
  36:tacho.c       ****     int16 pl, pr;
  37:tacho.c       **** 
  38:tacho.c       ****     // get current position.
  39:tacho.c       ****     pl = QuadDec_M1_GetCounter();
  94              		.loc 1 39 0
  95 0006 FFF7FEFF 		bl	QuadDec_M1_GetCounter
  96 000a 0346     		mov	r3, r0
  97 000c FB80     		strh	r3, [r7, #6]	@ movhi
  40:tacho.c       ****     pr = QuadDec_M2_GetCounter();
  98              		.loc 1 40 0
  99 000e FFF7FEFF 		bl	QuadDec_M2_GetCounter
 100 0012 0346     		mov	r3, r0
 101 0014 BB80     		strh	r3, [r7, #4]	@ movhi
  41:tacho.c       **** 
  42:tacho.c       ****     speedL = pl - posL;
 102              		.loc 1 42 0
 103 0016 FA88     		ldrh	r2, [r7, #6]
 104 0018 0E4B     		ldr	r3, .L5
 105 001a B3F90030 		ldrsh	r3, [r3]
 106 001e 9BB2     		uxth	r3, r3
 107 0020 D31A     		subs	r3, r2, r3
 108 0022 9BB2     		uxth	r3, r3
 109 0024 1AB2     		sxth	r2, r3
 110 0026 0C4B     		ldr	r3, .L5+4
 111 0028 1A80     		strh	r2, [r3]	@ movhi
  43:tacho.c       ****     speedR = pr - posR;
 112              		.loc 1 43 0
 113 002a BA88     		ldrh	r2, [r7, #4]
 114 002c 0B4B     		ldr	r3, .L5+8
 115 002e B3F90030 		ldrsh	r3, [r3]
 116 0032 9BB2     		uxth	r3, r3
 117 0034 D31A     		subs	r3, r2, r3
 118 0036 9BB2     		uxth	r3, r3
 119 0038 1AB2     		sxth	r2, r3
 120 003a 094B     		ldr	r3, .L5+12
 121 003c 1A80     		strh	r2, [r3]	@ movhi
  44:tacho.c       ****     posL = pl;
 122              		.loc 1 44 0
 123 003e 054A     		ldr	r2, .L5
 124 0040 FB88     		ldrh	r3, [r7, #6]	@ movhi
 125 0042 1380     		strh	r3, [r2]	@ movhi
  45:tacho.c       ****     posR = pr;
 126              		.loc 1 45 0
ARM GAS  C:\Users\ikui753\AppData\Local\Temp\ccBIWTvl.s 			page 4


 127 0044 054A     		ldr	r2, .L5+8
 128 0046 BB88     		ldrh	r3, [r7, #4]	@ movhi
 129 0048 1380     		strh	r3, [r2]	@ movhi
  46:tacho.c       **** 
  47:tacho.c       ****     //    // Speed of Motor 1
  48:tacho.c       ****     //    state = QuadDec_M1_GetEvents();
  49:tacho.c       ****     //    speed = pl - posL;
  50:tacho.c       ****     //    if ((state & QuadDec_M1_COUNTER_OVERFLOW) != 0x00)
  51:tacho.c       ****     //        speed += 32767;
  52:tacho.c       ****     //
  53:tacho.c       ****     //    if ((state & QuadDec_M1_COUNTER_UNDERFLOW) != 0x00)
  54:tacho.c       ****     //        speed += -32768;
  55:tacho.c       ****     //    speedL = speed;
  56:tacho.c       ****     //    posL = pl;
  57:tacho.c       ****     //
  58:tacho.c       ****     //    // Speed of Motor 2
  59:tacho.c       ****     //    state = QuadDec_M2_GetEvents();
  60:tacho.c       ****     //    speed = pr - posR;
  61:tacho.c       ****     //    if ((state & QuadDec_M2_COUNTER_OVERFLOW) != 0x00)
  62:tacho.c       ****     //        speed += 32767;
  63:tacho.c       ****     //
  64:tacho.c       ****     //    if ((state & QuadDec_M2_COUNTER_UNDERFLOW) != 0x00)
  65:tacho.c       ****     //        speed += -32768;
  66:tacho.c       ****     //    speedR = speed;
  67:tacho.c       ****     //    posR = pr;
  68:tacho.c       **** }
 130              		.loc 1 68 0
 131 004a 00BF     		nop
 132 004c 0837     		adds	r7, r7, #8
 133              		.cfi_def_cfa_offset 8
 134 004e BD46     		mov	sp, r7
 135              		.cfi_def_cfa_register 13
 136              		@ sp needed
 137 0050 80BD     		pop	{r7, pc}
 138              	.L6:
 139 0052 00BF     		.align	2
 140              	.L5:
 141 0054 00000000 		.word	posL
 142 0058 00000000 		.word	speedL
 143 005c 00000000 		.word	posR
 144 0060 00000000 		.word	speedR
 145              		.cfi_endproc
 146              	.LFE64:
 147              		.size	get_speed, .-get_speed
 148              		.text
 149              	.Letext0:
 150              		.file 2 "c:\\program files (x86)\\cypress\\psoc creator\\4.2\\psoc creator\\import\\gnu\\arm\\5.4.
 151              		.file 3 "c:\\program files (x86)\\cypress\\psoc creator\\4.2\\psoc creator\\import\\gnu\\arm\\5.4.
 152              		.file 4 "Generated_Source\\PSoC5/cytypes.h"
 153              		.file 5 "Generated_Source\\PSoC5/core_cm3.h"
 154              		.section	.debug_info,"",%progbits
 155              	.Ldebug_info0:
 156 0000 43010000 		.4byte	0x143
 157 0004 0400     		.2byte	0x4
 158 0006 00000000 		.4byte	.Ldebug_abbrev0
 159 000a 04       		.byte	0x4
 160 000b 01       		.uleb128 0x1
ARM GAS  C:\Users\ikui753\AppData\Local\Temp\ccBIWTvl.s 			page 5


 161 000c 21000000 		.4byte	.LASF23
 162 0010 0C       		.byte	0xc
 163 0011 13010000 		.4byte	.LASF24
 164 0015 2E010000 		.4byte	.LASF25
 165 0019 00000000 		.4byte	.Ldebug_ranges0+0
 166 001d 00000000 		.4byte	0
 167 0021 00000000 		.4byte	.Ldebug_line0
 168 0025 02       		.uleb128 0x2
 169 0026 01       		.byte	0x1
 170 0027 06       		.byte	0x6
 171 0028 A1010000 		.4byte	.LASF0
 172 002c 02       		.uleb128 0x2
 173 002d 01       		.byte	0x1
 174 002e 08       		.byte	0x8
 175 002f 1B010000 		.4byte	.LASF1
 176 0033 02       		.uleb128 0x2
 177 0034 02       		.byte	0x2
 178 0035 05       		.byte	0x5
 179 0036 C2010000 		.4byte	.LASF2
 180 003a 02       		.uleb128 0x2
 181 003b 02       		.byte	0x2
 182 003c 07       		.byte	0x7
 183 003d 0E000000 		.4byte	.LASF3
 184 0041 03       		.uleb128 0x3
 185 0042 AD010000 		.4byte	.LASF9
 186 0046 02       		.byte	0x2
 187 0047 3F       		.byte	0x3f
 188 0048 4C000000 		.4byte	0x4c
 189 004c 02       		.uleb128 0x2
 190 004d 04       		.byte	0x4
 191 004e 05       		.byte	0x5
 192 004f 7F010000 		.4byte	.LASF4
 193 0053 02       		.uleb128 0x2
 194 0054 04       		.byte	0x4
 195 0055 07       		.byte	0x7
 196 0056 D9000000 		.4byte	.LASF5
 197 005a 02       		.uleb128 0x2
 198 005b 08       		.byte	0x8
 199 005c 05       		.byte	0x5
 200 005d 00000000 		.4byte	.LASF6
 201 0061 02       		.uleb128 0x2
 202 0062 08       		.byte	0x8
 203 0063 07       		.byte	0x7
 204 0064 EB000000 		.4byte	.LASF7
 205 0068 04       		.uleb128 0x4
 206 0069 04       		.byte	0x4
 207 006a 05       		.byte	0x5
 208 006b 696E7400 		.ascii	"int\000"
 209 006f 02       		.uleb128 0x2
 210 0070 04       		.byte	0x4
 211 0071 07       		.byte	0x7
 212 0072 B8000000 		.4byte	.LASF8
 213 0076 03       		.uleb128 0x3
 214 0077 D2010000 		.4byte	.LASF10
 215 007b 03       		.byte	0x3
 216 007c 2C       		.byte	0x2c
 217 007d 41000000 		.4byte	0x41
ARM GAS  C:\Users\ikui753\AppData\Local\Temp\ccBIWTvl.s 			page 6


 218 0081 05       		.uleb128 0x5
 219 0082 CC010000 		.4byte	.LASF11
 220 0086 04       		.byte	0x4
 221 0087 EB01     		.2byte	0x1eb
 222 0089 33000000 		.4byte	0x33
 223 008d 02       		.uleb128 0x2
 224 008e 04       		.byte	0x4
 225 008f 04       		.byte	0x4
 226 0090 BC010000 		.4byte	.LASF12
 227 0094 02       		.uleb128 0x2
 228 0095 08       		.byte	0x8
 229 0096 04       		.byte	0x4
 230 0097 88010000 		.4byte	.LASF13
 231 009b 02       		.uleb128 0x2
 232 009c 01       		.byte	0x1
 233 009d 08       		.byte	0x8
 234 009e 29010000 		.4byte	.LASF14
 235 00a2 02       		.uleb128 0x2
 236 00a3 04       		.byte	0x4
 237 00a4 07       		.byte	0x7
 238 00a5 DA010000 		.4byte	.LASF15
 239 00a9 06       		.uleb128 0x6
 240 00aa C5000000 		.4byte	.LASF16
 241 00ae 01       		.byte	0x1
 242 00af 17       		.byte	0x17
 243 00b0 00000000 		.4byte	.LFB63
 244 00b4 38000000 		.4byte	.LFE63-.LFB63
 245 00b8 01       		.uleb128 0x1
 246 00b9 9C       		.byte	0x9c
 247 00ba D9000000 		.4byte	0xd9
 248 00be 07       		.uleb128 0x7
 249 00bf 706C00   		.ascii	"pl\000"
 250 00c2 01       		.byte	0x1
 251 00c3 19       		.byte	0x19
 252 00c4 68000000 		.4byte	0x68
 253 00c8 02       		.uleb128 0x2
 254 00c9 91       		.byte	0x91
 255 00ca 74       		.sleb128 -12
 256 00cb 07       		.uleb128 0x7
 257 00cc 707200   		.ascii	"pr\000"
 258 00cf 01       		.byte	0x1
 259 00d0 19       		.byte	0x19
 260 00d1 68000000 		.4byte	0x68
 261 00d5 02       		.uleb128 0x2
 262 00d6 91       		.byte	0x91
 263 00d7 70       		.sleb128 -16
 264 00d8 00       		.byte	0
 265 00d9 06       		.uleb128 0x6
 266 00da 02010000 		.4byte	.LASF17
 267 00de 01       		.byte	0x1
 268 00df 22       		.byte	0x22
 269 00e0 00000000 		.4byte	.LFB64
 270 00e4 64000000 		.4byte	.LFE64-.LFB64
 271 00e8 01       		.uleb128 0x1
 272 00e9 9C       		.byte	0x9c
 273 00ea 09010000 		.4byte	0x109
 274 00ee 07       		.uleb128 0x7
ARM GAS  C:\Users\ikui753\AppData\Local\Temp\ccBIWTvl.s 			page 7


 275 00ef 706C00   		.ascii	"pl\000"
 276 00f2 01       		.byte	0x1
 277 00f3 24       		.byte	0x24
 278 00f4 81000000 		.4byte	0x81
 279 00f8 02       		.uleb128 0x2
 280 00f9 91       		.byte	0x91
 281 00fa 76       		.sleb128 -10
 282 00fb 07       		.uleb128 0x7
 283 00fc 707200   		.ascii	"pr\000"
 284 00ff 01       		.byte	0x1
 285 0100 24       		.byte	0x24
 286 0101 81000000 		.4byte	0x81
 287 0105 02       		.uleb128 0x2
 288 0106 91       		.byte	0x91
 289 0107 74       		.sleb128 -12
 290 0108 00       		.byte	0
 291 0109 08       		.uleb128 0x8
 292 010a 94010000 		.4byte	.LASF18
 293 010e 05       		.byte	0x5
 294 010f 1207     		.2byte	0x712
 295 0111 15010000 		.4byte	0x115
 296 0115 09       		.uleb128 0x9
 297 0116 76000000 		.4byte	0x76
 298 011a 0A       		.uleb128 0xa
 299 011b D2000000 		.4byte	.LASF19
 300 011f 01       		.byte	0x1
 301 0120 10       		.byte	0x10
 302 0121 81000000 		.4byte	0x81
 303 0125 0A       		.uleb128 0xa
 304 0126 0C010000 		.4byte	.LASF20
 305 012a 01       		.byte	0x1
 306 012b 10       		.byte	0x10
 307 012c 81000000 		.4byte	0x81
 308 0130 0A       		.uleb128 0xa
 309 0131 B7010000 		.4byte	.LASF21
 310 0135 01       		.byte	0x1
 311 0136 11       		.byte	0x11
 312 0137 81000000 		.4byte	0x81
 313 013b 0A       		.uleb128 0xa
 314 013c 8F010000 		.4byte	.LASF22
 315 0140 01       		.byte	0x1
 316 0141 11       		.byte	0x11
 317 0142 81000000 		.4byte	0x81
 318 0146 00       		.byte	0
 319              		.section	.debug_abbrev,"",%progbits
 320              	.Ldebug_abbrev0:
 321 0000 01       		.uleb128 0x1
 322 0001 11       		.uleb128 0x11
 323 0002 01       		.byte	0x1
 324 0003 25       		.uleb128 0x25
 325 0004 0E       		.uleb128 0xe
 326 0005 13       		.uleb128 0x13
 327 0006 0B       		.uleb128 0xb
 328 0007 03       		.uleb128 0x3
 329 0008 0E       		.uleb128 0xe
 330 0009 1B       		.uleb128 0x1b
 331 000a 0E       		.uleb128 0xe
ARM GAS  C:\Users\ikui753\AppData\Local\Temp\ccBIWTvl.s 			page 8


 332 000b 55       		.uleb128 0x55
 333 000c 17       		.uleb128 0x17
 334 000d 11       		.uleb128 0x11
 335 000e 01       		.uleb128 0x1
 336 000f 10       		.uleb128 0x10
 337 0010 17       		.uleb128 0x17
 338 0011 00       		.byte	0
 339 0012 00       		.byte	0
 340 0013 02       		.uleb128 0x2
 341 0014 24       		.uleb128 0x24
 342 0015 00       		.byte	0
 343 0016 0B       		.uleb128 0xb
 344 0017 0B       		.uleb128 0xb
 345 0018 3E       		.uleb128 0x3e
 346 0019 0B       		.uleb128 0xb
 347 001a 03       		.uleb128 0x3
 348 001b 0E       		.uleb128 0xe
 349 001c 00       		.byte	0
 350 001d 00       		.byte	0
 351 001e 03       		.uleb128 0x3
 352 001f 16       		.uleb128 0x16
 353 0020 00       		.byte	0
 354 0021 03       		.uleb128 0x3
 355 0022 0E       		.uleb128 0xe
 356 0023 3A       		.uleb128 0x3a
 357 0024 0B       		.uleb128 0xb
 358 0025 3B       		.uleb128 0x3b
 359 0026 0B       		.uleb128 0xb
 360 0027 49       		.uleb128 0x49
 361 0028 13       		.uleb128 0x13
 362 0029 00       		.byte	0
 363 002a 00       		.byte	0
 364 002b 04       		.uleb128 0x4
 365 002c 24       		.uleb128 0x24
 366 002d 00       		.byte	0
 367 002e 0B       		.uleb128 0xb
 368 002f 0B       		.uleb128 0xb
 369 0030 3E       		.uleb128 0x3e
 370 0031 0B       		.uleb128 0xb
 371 0032 03       		.uleb128 0x3
 372 0033 08       		.uleb128 0x8
 373 0034 00       		.byte	0
 374 0035 00       		.byte	0
 375 0036 05       		.uleb128 0x5
 376 0037 16       		.uleb128 0x16
 377 0038 00       		.byte	0
 378 0039 03       		.uleb128 0x3
 379 003a 0E       		.uleb128 0xe
 380 003b 3A       		.uleb128 0x3a
 381 003c 0B       		.uleb128 0xb
 382 003d 3B       		.uleb128 0x3b
 383 003e 05       		.uleb128 0x5
 384 003f 49       		.uleb128 0x49
 385 0040 13       		.uleb128 0x13
 386 0041 00       		.byte	0
 387 0042 00       		.byte	0
 388 0043 06       		.uleb128 0x6
ARM GAS  C:\Users\ikui753\AppData\Local\Temp\ccBIWTvl.s 			page 9


 389 0044 2E       		.uleb128 0x2e
 390 0045 01       		.byte	0x1
 391 0046 3F       		.uleb128 0x3f
 392 0047 19       		.uleb128 0x19
 393 0048 03       		.uleb128 0x3
 394 0049 0E       		.uleb128 0xe
 395 004a 3A       		.uleb128 0x3a
 396 004b 0B       		.uleb128 0xb
 397 004c 3B       		.uleb128 0x3b
 398 004d 0B       		.uleb128 0xb
 399 004e 27       		.uleb128 0x27
 400 004f 19       		.uleb128 0x19
 401 0050 11       		.uleb128 0x11
 402 0051 01       		.uleb128 0x1
 403 0052 12       		.uleb128 0x12
 404 0053 06       		.uleb128 0x6
 405 0054 40       		.uleb128 0x40
 406 0055 18       		.uleb128 0x18
 407 0056 9642     		.uleb128 0x2116
 408 0058 19       		.uleb128 0x19
 409 0059 01       		.uleb128 0x1
 410 005a 13       		.uleb128 0x13
 411 005b 00       		.byte	0
 412 005c 00       		.byte	0
 413 005d 07       		.uleb128 0x7
 414 005e 34       		.uleb128 0x34
 415 005f 00       		.byte	0
 416 0060 03       		.uleb128 0x3
 417 0061 08       		.uleb128 0x8
 418 0062 3A       		.uleb128 0x3a
 419 0063 0B       		.uleb128 0xb
 420 0064 3B       		.uleb128 0x3b
 421 0065 0B       		.uleb128 0xb
 422 0066 49       		.uleb128 0x49
 423 0067 13       		.uleb128 0x13
 424 0068 02       		.uleb128 0x2
 425 0069 18       		.uleb128 0x18
 426 006a 00       		.byte	0
 427 006b 00       		.byte	0
 428 006c 08       		.uleb128 0x8
 429 006d 34       		.uleb128 0x34
 430 006e 00       		.byte	0
 431 006f 03       		.uleb128 0x3
 432 0070 0E       		.uleb128 0xe
 433 0071 3A       		.uleb128 0x3a
 434 0072 0B       		.uleb128 0xb
 435 0073 3B       		.uleb128 0x3b
 436 0074 05       		.uleb128 0x5
 437 0075 49       		.uleb128 0x49
 438 0076 13       		.uleb128 0x13
 439 0077 3F       		.uleb128 0x3f
 440 0078 19       		.uleb128 0x19
 441 0079 3C       		.uleb128 0x3c
 442 007a 19       		.uleb128 0x19
 443 007b 00       		.byte	0
 444 007c 00       		.byte	0
 445 007d 09       		.uleb128 0x9
ARM GAS  C:\Users\ikui753\AppData\Local\Temp\ccBIWTvl.s 			page 10


 446 007e 35       		.uleb128 0x35
 447 007f 00       		.byte	0
 448 0080 49       		.uleb128 0x49
 449 0081 13       		.uleb128 0x13
 450 0082 00       		.byte	0
 451 0083 00       		.byte	0
 452 0084 0A       		.uleb128 0xa
 453 0085 34       		.uleb128 0x34
 454 0086 00       		.byte	0
 455 0087 03       		.uleb128 0x3
 456 0088 0E       		.uleb128 0xe
 457 0089 3A       		.uleb128 0x3a
 458 008a 0B       		.uleb128 0xb
 459 008b 3B       		.uleb128 0x3b
 460 008c 0B       		.uleb128 0xb
 461 008d 49       		.uleb128 0x49
 462 008e 13       		.uleb128 0x13
 463 008f 3F       		.uleb128 0x3f
 464 0090 19       		.uleb128 0x19
 465 0091 3C       		.uleb128 0x3c
 466 0092 19       		.uleb128 0x19
 467 0093 00       		.byte	0
 468 0094 00       		.byte	0
 469 0095 00       		.byte	0
 470              		.section	.debug_aranges,"",%progbits
 471 0000 24000000 		.4byte	0x24
 472 0004 0200     		.2byte	0x2
 473 0006 00000000 		.4byte	.Ldebug_info0
 474 000a 04       		.byte	0x4
 475 000b 00       		.byte	0
 476 000c 0000     		.2byte	0
 477 000e 0000     		.2byte	0
 478 0010 00000000 		.4byte	.LFB63
 479 0014 38000000 		.4byte	.LFE63-.LFB63
 480 0018 00000000 		.4byte	.LFB64
 481 001c 64000000 		.4byte	.LFE64-.LFB64
 482 0020 00000000 		.4byte	0
 483 0024 00000000 		.4byte	0
 484              		.section	.debug_ranges,"",%progbits
 485              	.Ldebug_ranges0:
 486 0000 00000000 		.4byte	.LFB63
 487 0004 38000000 		.4byte	.LFE63
 488 0008 00000000 		.4byte	.LFB64
 489 000c 64000000 		.4byte	.LFE64
 490 0010 00000000 		.4byte	0
 491 0014 00000000 		.4byte	0
 492              		.section	.debug_line,"",%progbits
 493              	.Ldebug_line0:
 494 0000 7F010000 		.section	.debug_str,"MS",%progbits,1
 494      02004D01 
 494      00000201 
 494      FB0E0D00 
 494      01010101 
 495              	.LASF6:
 496 0000 6C6F6E67 		.ascii	"long long int\000"
 496      206C6F6E 
 496      6720696E 
ARM GAS  C:\Users\ikui753\AppData\Local\Temp\ccBIWTvl.s 			page 11


 496      7400
 497              	.LASF3:
 498 000e 73686F72 		.ascii	"short unsigned int\000"
 498      7420756E 
 498      7369676E 
 498      65642069 
 498      6E7400
 499              	.LASF23:
 500 0021 474E5520 		.ascii	"GNU C99 5.4.1 20160609 (release) [ARM/embedded-5-br"
 500      43393920 
 500      352E342E 
 500      31203230 
 500      31363036 
 501 0054 616E6368 		.ascii	"anch revision 237715] -mcpu=cortex-m3 -mthumb -g -O"
 501      20726576 
 501      6973696F 
 501      6E203233 
 501      37373135 
 502 0087 30202D73 		.ascii	"0 -std=c99 -ffunction-sections -ffat-lto-objects\000"
 502      74643D63 
 502      3939202D 
 502      6666756E 
 502      6374696F 
 503              	.LASF8:
 504 00b8 756E7369 		.ascii	"unsigned int\000"
 504      676E6564 
 504      20696E74 
 504      00
 505              	.LASF16:
 506 00c5 6765745F 		.ascii	"get_position\000"
 506      706F7369 
 506      74696F6E 
 506      00
 507              	.LASF19:
 508 00d2 73706565 		.ascii	"speedL\000"
 508      644C00
 509              	.LASF5:
 510 00d9 6C6F6E67 		.ascii	"long unsigned int\000"
 510      20756E73 
 510      69676E65 
 510      6420696E 
 510      7400
 511              	.LASF7:
 512 00eb 6C6F6E67 		.ascii	"long long unsigned int\000"
 512      206C6F6E 
 512      6720756E 
 512      7369676E 
 512      65642069 
 513              	.LASF17:
 514 0102 6765745F 		.ascii	"get_speed\000"
 514      73706565 
 514      6400
 515              	.LASF20:
 516 010c 73706565 		.ascii	"speedR\000"
 516      645200
 517              	.LASF24:
 518 0113 74616368 		.ascii	"tacho.c\000"
ARM GAS  C:\Users\ikui753\AppData\Local\Temp\ccBIWTvl.s 			page 12


 518      6F2E6300 
 519              	.LASF1:
 520 011b 756E7369 		.ascii	"unsigned char\000"
 520      676E6564 
 520      20636861 
 520      7200
 521              	.LASF14:
 522 0129 63686172 		.ascii	"char\000"
 522      00
 523              	.LASF25:
 524 012e 483A5C44 		.ascii	"H:\\Documents\\GitHub\\301-Robot\\psoc student pack"
 524      6F63756D 
 524      656E7473 
 524      5C476974 
 524      4875625C 
 525 015d 5C70736F 		.ascii	"\\psoc_code_base\\CS301_Class.cydsn\000"
 525      635F636F 
 525      64655F62 
 525      6173655C 
 525      43533330 
 526              	.LASF4:
 527 017f 6C6F6E67 		.ascii	"long int\000"
 527      20696E74 
 527      00
 528              	.LASF13:
 529 0188 646F7562 		.ascii	"double\000"
 529      6C6500
 530              	.LASF22:
 531 018f 706F7352 		.ascii	"posR\000"
 531      00
 532              	.LASF18:
 533 0194 49544D5F 		.ascii	"ITM_RxBuffer\000"
 533      52784275 
 533      66666572 
 533      00
 534              	.LASF0:
 535 01a1 7369676E 		.ascii	"signed char\000"
 535      65642063 
 535      68617200 
 536              	.LASF9:
 537 01ad 5F5F696E 		.ascii	"__int32_t\000"
 537      7433325F 
 537      7400
 538              	.LASF21:
 539 01b7 706F734C 		.ascii	"posL\000"
 539      00
 540              	.LASF12:
 541 01bc 666C6F61 		.ascii	"float\000"
 541      7400
 542              	.LASF2:
 543 01c2 73686F72 		.ascii	"short int\000"
 543      7420696E 
 543      7400
 544              	.LASF11:
 545 01cc 696E7431 		.ascii	"int16\000"
 545      3600
 546              	.LASF10:
ARM GAS  C:\Users\ikui753\AppData\Local\Temp\ccBIWTvl.s 			page 13


 547 01d2 696E7433 		.ascii	"int32_t\000"
 547      325F7400 
 548              	.LASF15:
 549 01da 73697A65 		.ascii	"sizetype\000"
 549      74797065 
 549      00
 550              		.ident	"GCC: (GNU Tools for ARM Embedded Processors) 5.4.1 20160609 (release) [ARM/embedded-5-bran
