ARM GAS  C:\Users\ikui753\AppData\Local\Temp\ccOcEBmi.s 			page 1


   1              		.syntax unified
   2              		.cpu cortex-m3
   3              		.fpu softvfp
   4              		.eabi_attribute 20, 1
   5              		.eabi_attribute 21, 1
   6              		.eabi_attribute 23, 3
   7              		.eabi_attribute 24, 1
   8              		.eabi_attribute 25, 1
   9              		.eabi_attribute 26, 1
  10              		.eabi_attribute 30, 6
  11              		.eabi_attribute 34, 1
  12              		.eabi_attribute 18, 4
  13              		.thumb
  14              		.syntax unified
  15              		.file	"Timer_LED_PM.c"
  16              		.text
  17              	.Ltext0:
  18              		.cfi_sections	.debug_frame
  19              		.bss
  20              		.align	2
  21              	Timer_LED_backup:
  22 0000 00       		.space	1
  23              		.section	.text.Timer_LED_SaveConfig,"ax",%progbits
  24              		.align	2
  25              		.global	Timer_LED_SaveConfig
  26              		.thumb
  27              		.thumb_func
  28              		.type	Timer_LED_SaveConfig, %function
  29              	Timer_LED_SaveConfig:
  30              	.LFB0:
  31              		.file 1 "Generated_Source\\PSoC5\\Timer_LED_PM.c"
   1:Generated_Source\PSoC5/Timer_LED_PM.c **** /*******************************************************************************
   2:Generated_Source\PSoC5/Timer_LED_PM.c **** * File Name: Timer_LED_PM.c
   3:Generated_Source\PSoC5/Timer_LED_PM.c **** * Version 2.80
   4:Generated_Source\PSoC5/Timer_LED_PM.c **** *
   5:Generated_Source\PSoC5/Timer_LED_PM.c **** *  Description:
   6:Generated_Source\PSoC5/Timer_LED_PM.c **** *     This file provides the power management source code to API for the
   7:Generated_Source\PSoC5/Timer_LED_PM.c **** *     Timer.
   8:Generated_Source\PSoC5/Timer_LED_PM.c **** *
   9:Generated_Source\PSoC5/Timer_LED_PM.c **** *   Note:
  10:Generated_Source\PSoC5/Timer_LED_PM.c **** *     None
  11:Generated_Source\PSoC5/Timer_LED_PM.c **** *
  12:Generated_Source\PSoC5/Timer_LED_PM.c **** *******************************************************************************
  13:Generated_Source\PSoC5/Timer_LED_PM.c **** * Copyright 2008-2017, Cypress Semiconductor Corporation.  All rights reserved.
  14:Generated_Source\PSoC5/Timer_LED_PM.c **** * You may use this file only in accordance with the license, terms, conditions,
  15:Generated_Source\PSoC5/Timer_LED_PM.c **** * disclaimers, and limitations in the end user license agreement accompanying
  16:Generated_Source\PSoC5/Timer_LED_PM.c **** * the software package with which this file was provided.
  17:Generated_Source\PSoC5/Timer_LED_PM.c **** ********************************************************************************/
  18:Generated_Source\PSoC5/Timer_LED_PM.c **** 
  19:Generated_Source\PSoC5/Timer_LED_PM.c **** #include "Timer_LED.h"
  20:Generated_Source\PSoC5/Timer_LED_PM.c **** 
  21:Generated_Source\PSoC5/Timer_LED_PM.c **** static Timer_LED_backupStruct Timer_LED_backup;
  22:Generated_Source\PSoC5/Timer_LED_PM.c **** 
  23:Generated_Source\PSoC5/Timer_LED_PM.c **** 
  24:Generated_Source\PSoC5/Timer_LED_PM.c **** /*******************************************************************************
  25:Generated_Source\PSoC5/Timer_LED_PM.c **** * Function Name: Timer_LED_SaveConfig
  26:Generated_Source\PSoC5/Timer_LED_PM.c **** ********************************************************************************
ARM GAS  C:\Users\ikui753\AppData\Local\Temp\ccOcEBmi.s 			page 2


  27:Generated_Source\PSoC5/Timer_LED_PM.c **** *
  28:Generated_Source\PSoC5/Timer_LED_PM.c **** * Summary:
  29:Generated_Source\PSoC5/Timer_LED_PM.c **** *     Save the current user configuration
  30:Generated_Source\PSoC5/Timer_LED_PM.c **** *
  31:Generated_Source\PSoC5/Timer_LED_PM.c **** * Parameters:
  32:Generated_Source\PSoC5/Timer_LED_PM.c **** *  void
  33:Generated_Source\PSoC5/Timer_LED_PM.c **** *
  34:Generated_Source\PSoC5/Timer_LED_PM.c **** * Return:
  35:Generated_Source\PSoC5/Timer_LED_PM.c **** *  void
  36:Generated_Source\PSoC5/Timer_LED_PM.c **** *
  37:Generated_Source\PSoC5/Timer_LED_PM.c **** * Global variables:
  38:Generated_Source\PSoC5/Timer_LED_PM.c **** *  Timer_LED_backup:  Variables of this global structure are modified to
  39:Generated_Source\PSoC5/Timer_LED_PM.c **** *  store the values of non retention configuration registers when Sleep() API is
  40:Generated_Source\PSoC5/Timer_LED_PM.c **** *  called.
  41:Generated_Source\PSoC5/Timer_LED_PM.c **** *
  42:Generated_Source\PSoC5/Timer_LED_PM.c **** *******************************************************************************/
  43:Generated_Source\PSoC5/Timer_LED_PM.c **** void Timer_LED_SaveConfig(void) 
  44:Generated_Source\PSoC5/Timer_LED_PM.c **** {
  32              		.loc 1 44 0
  33              		.cfi_startproc
  34              		@ args = 0, pretend = 0, frame = 0
  35              		@ frame_needed = 1, uses_anonymous_args = 0
  36              		@ link register save eliminated.
  37 0000 80B4     		push	{r7}
  38              		.cfi_def_cfa_offset 4
  39              		.cfi_offset 7, -4
  40 0002 00AF     		add	r7, sp, #0
  41              		.cfi_def_cfa_register 7
  45:Generated_Source\PSoC5/Timer_LED_PM.c ****     #if (!Timer_LED_UsingFixedFunction)
  46:Generated_Source\PSoC5/Timer_LED_PM.c ****         Timer_LED_backup.TimerUdb = Timer_LED_ReadCounter();
  47:Generated_Source\PSoC5/Timer_LED_PM.c ****         Timer_LED_backup.InterruptMaskValue = Timer_LED_STATUS_MASK;
  48:Generated_Source\PSoC5/Timer_LED_PM.c ****         #if (Timer_LED_UsingHWCaptureCounter)
  49:Generated_Source\PSoC5/Timer_LED_PM.c ****             Timer_LED_backup.TimerCaptureCounter = Timer_LED_ReadCaptureCount();
  50:Generated_Source\PSoC5/Timer_LED_PM.c ****         #endif /* Back Up capture counter register  */
  51:Generated_Source\PSoC5/Timer_LED_PM.c **** 
  52:Generated_Source\PSoC5/Timer_LED_PM.c ****         #if(!Timer_LED_UDB_CONTROL_REG_REMOVED)
  53:Generated_Source\PSoC5/Timer_LED_PM.c ****             Timer_LED_backup.TimerControlRegister = Timer_LED_ReadControlRegister();
  54:Generated_Source\PSoC5/Timer_LED_PM.c ****         #endif /* Backup the enable state of the Timer component */
  55:Generated_Source\PSoC5/Timer_LED_PM.c ****     #endif /* Backup non retention registers in UDB implementation. All fixed function registers ar
  56:Generated_Source\PSoC5/Timer_LED_PM.c **** }
  42              		.loc 1 56 0
  43 0004 00BF     		nop
  44 0006 BD46     		mov	sp, r7
  45              		.cfi_def_cfa_register 13
  46              		@ sp needed
  47 0008 80BC     		pop	{r7}
  48              		.cfi_restore 7
  49              		.cfi_def_cfa_offset 0
  50 000a 7047     		bx	lr
  51              		.cfi_endproc
  52              	.LFE0:
  53              		.size	Timer_LED_SaveConfig, .-Timer_LED_SaveConfig
  54              		.section	.text.Timer_LED_RestoreConfig,"ax",%progbits
  55              		.align	2
  56              		.global	Timer_LED_RestoreConfig
  57              		.thumb
  58              		.thumb_func
ARM GAS  C:\Users\ikui753\AppData\Local\Temp\ccOcEBmi.s 			page 3


  59              		.type	Timer_LED_RestoreConfig, %function
  60              	Timer_LED_RestoreConfig:
  61              	.LFB1:
  57:Generated_Source\PSoC5/Timer_LED_PM.c **** 
  58:Generated_Source\PSoC5/Timer_LED_PM.c **** 
  59:Generated_Source\PSoC5/Timer_LED_PM.c **** /*******************************************************************************
  60:Generated_Source\PSoC5/Timer_LED_PM.c **** * Function Name: Timer_LED_RestoreConfig
  61:Generated_Source\PSoC5/Timer_LED_PM.c **** ********************************************************************************
  62:Generated_Source\PSoC5/Timer_LED_PM.c **** *
  63:Generated_Source\PSoC5/Timer_LED_PM.c **** * Summary:
  64:Generated_Source\PSoC5/Timer_LED_PM.c **** *  Restores the current user configuration.
  65:Generated_Source\PSoC5/Timer_LED_PM.c **** *
  66:Generated_Source\PSoC5/Timer_LED_PM.c **** * Parameters:
  67:Generated_Source\PSoC5/Timer_LED_PM.c **** *  void
  68:Generated_Source\PSoC5/Timer_LED_PM.c **** *
  69:Generated_Source\PSoC5/Timer_LED_PM.c **** * Return:
  70:Generated_Source\PSoC5/Timer_LED_PM.c **** *  void
  71:Generated_Source\PSoC5/Timer_LED_PM.c **** *
  72:Generated_Source\PSoC5/Timer_LED_PM.c **** * Global variables:
  73:Generated_Source\PSoC5/Timer_LED_PM.c **** *  Timer_LED_backup:  Variables of this global structure are used to
  74:Generated_Source\PSoC5/Timer_LED_PM.c **** *  restore the values of non retention registers on wakeup from sleep mode.
  75:Generated_Source\PSoC5/Timer_LED_PM.c **** *
  76:Generated_Source\PSoC5/Timer_LED_PM.c **** *******************************************************************************/
  77:Generated_Source\PSoC5/Timer_LED_PM.c **** void Timer_LED_RestoreConfig(void) 
  78:Generated_Source\PSoC5/Timer_LED_PM.c **** {   
  62              		.loc 1 78 0
  63              		.cfi_startproc
  64              		@ args = 0, pretend = 0, frame = 0
  65              		@ frame_needed = 1, uses_anonymous_args = 0
  66              		@ link register save eliminated.
  67 0000 80B4     		push	{r7}
  68              		.cfi_def_cfa_offset 4
  69              		.cfi_offset 7, -4
  70 0002 00AF     		add	r7, sp, #0
  71              		.cfi_def_cfa_register 7
  79:Generated_Source\PSoC5/Timer_LED_PM.c ****     #if (!Timer_LED_UsingFixedFunction)
  80:Generated_Source\PSoC5/Timer_LED_PM.c **** 
  81:Generated_Source\PSoC5/Timer_LED_PM.c ****         Timer_LED_WriteCounter(Timer_LED_backup.TimerUdb);
  82:Generated_Source\PSoC5/Timer_LED_PM.c ****         Timer_LED_STATUS_MASK =Timer_LED_backup.InterruptMaskValue;
  83:Generated_Source\PSoC5/Timer_LED_PM.c ****         #if (Timer_LED_UsingHWCaptureCounter)
  84:Generated_Source\PSoC5/Timer_LED_PM.c ****             Timer_LED_SetCaptureCount(Timer_LED_backup.TimerCaptureCounter);
  85:Generated_Source\PSoC5/Timer_LED_PM.c ****         #endif /* Restore Capture counter register*/
  86:Generated_Source\PSoC5/Timer_LED_PM.c **** 
  87:Generated_Source\PSoC5/Timer_LED_PM.c ****         #if(!Timer_LED_UDB_CONTROL_REG_REMOVED)
  88:Generated_Source\PSoC5/Timer_LED_PM.c ****             Timer_LED_WriteControlRegister(Timer_LED_backup.TimerControlRegister);
  89:Generated_Source\PSoC5/Timer_LED_PM.c ****         #endif /* Restore the enable state of the Timer component */
  90:Generated_Source\PSoC5/Timer_LED_PM.c ****     #endif /* Restore non retention registers in the UDB implementation only */
  91:Generated_Source\PSoC5/Timer_LED_PM.c **** }
  72              		.loc 1 91 0
  73 0004 00BF     		nop
  74 0006 BD46     		mov	sp, r7
  75              		.cfi_def_cfa_register 13
  76              		@ sp needed
  77 0008 80BC     		pop	{r7}
  78              		.cfi_restore 7
  79              		.cfi_def_cfa_offset 0
  80 000a 7047     		bx	lr
ARM GAS  C:\Users\ikui753\AppData\Local\Temp\ccOcEBmi.s 			page 4


  81              		.cfi_endproc
  82              	.LFE1:
  83              		.size	Timer_LED_RestoreConfig, .-Timer_LED_RestoreConfig
  84              		.section	.text.Timer_LED_Sleep,"ax",%progbits
  85              		.align	2
  86              		.global	Timer_LED_Sleep
  87              		.thumb
  88              		.thumb_func
  89              		.type	Timer_LED_Sleep, %function
  90              	Timer_LED_Sleep:
  91              	.LFB2:
  92:Generated_Source\PSoC5/Timer_LED_PM.c **** 
  93:Generated_Source\PSoC5/Timer_LED_PM.c **** 
  94:Generated_Source\PSoC5/Timer_LED_PM.c **** /*******************************************************************************
  95:Generated_Source\PSoC5/Timer_LED_PM.c **** * Function Name: Timer_LED_Sleep
  96:Generated_Source\PSoC5/Timer_LED_PM.c **** ********************************************************************************
  97:Generated_Source\PSoC5/Timer_LED_PM.c **** *
  98:Generated_Source\PSoC5/Timer_LED_PM.c **** * Summary:
  99:Generated_Source\PSoC5/Timer_LED_PM.c **** *     Stop and Save the user configuration
 100:Generated_Source\PSoC5/Timer_LED_PM.c **** *
 101:Generated_Source\PSoC5/Timer_LED_PM.c **** * Parameters:
 102:Generated_Source\PSoC5/Timer_LED_PM.c **** *  void
 103:Generated_Source\PSoC5/Timer_LED_PM.c **** *
 104:Generated_Source\PSoC5/Timer_LED_PM.c **** * Return:
 105:Generated_Source\PSoC5/Timer_LED_PM.c **** *  void
 106:Generated_Source\PSoC5/Timer_LED_PM.c **** *
 107:Generated_Source\PSoC5/Timer_LED_PM.c **** * Global variables:
 108:Generated_Source\PSoC5/Timer_LED_PM.c **** *  Timer_LED_backup.TimerEnableState:  Is modified depending on the
 109:Generated_Source\PSoC5/Timer_LED_PM.c **** *  enable state of the block before entering sleep mode.
 110:Generated_Source\PSoC5/Timer_LED_PM.c **** *
 111:Generated_Source\PSoC5/Timer_LED_PM.c **** *******************************************************************************/
 112:Generated_Source\PSoC5/Timer_LED_PM.c **** void Timer_LED_Sleep(void) 
 113:Generated_Source\PSoC5/Timer_LED_PM.c **** {
  92              		.loc 1 113 0
  93              		.cfi_startproc
  94              		@ args = 0, pretend = 0, frame = 0
  95              		@ frame_needed = 1, uses_anonymous_args = 0
  96 0000 80B5     		push	{r7, lr}
  97              		.cfi_def_cfa_offset 8
  98              		.cfi_offset 7, -8
  99              		.cfi_offset 14, -4
 100 0002 00AF     		add	r7, sp, #0
 101              		.cfi_def_cfa_register 7
 114:Generated_Source\PSoC5/Timer_LED_PM.c ****     #if(!Timer_LED_UDB_CONTROL_REG_REMOVED)
 115:Generated_Source\PSoC5/Timer_LED_PM.c ****         /* Save Counter's enable state */
 116:Generated_Source\PSoC5/Timer_LED_PM.c ****         if(Timer_LED_CTRL_ENABLE == (Timer_LED_CONTROL & Timer_LED_CTRL_ENABLE))
 102              		.loc 1 116 0
 103 0004 094B     		ldr	r3, .L6
 104 0006 1B78     		ldrb	r3, [r3]
 105 0008 DBB2     		uxtb	r3, r3
 106 000a 03F00103 		and	r3, r3, #1
 107 000e 002B     		cmp	r3, #0
 108 0010 03D0     		beq	.L4
 117:Generated_Source\PSoC5/Timer_LED_PM.c ****         {
 118:Generated_Source\PSoC5/Timer_LED_PM.c ****             /* Timer is enabled */
 119:Generated_Source\PSoC5/Timer_LED_PM.c ****             Timer_LED_backup.TimerEnableState = 1u;
 109              		.loc 1 119 0
ARM GAS  C:\Users\ikui753\AppData\Local\Temp\ccOcEBmi.s 			page 5


 110 0012 074B     		ldr	r3, .L6+4
 111 0014 0122     		movs	r2, #1
 112 0016 1A70     		strb	r2, [r3]
 113 0018 02E0     		b	.L5
 114              	.L4:
 120:Generated_Source\PSoC5/Timer_LED_PM.c ****         }
 121:Generated_Source\PSoC5/Timer_LED_PM.c ****         else
 122:Generated_Source\PSoC5/Timer_LED_PM.c ****         {
 123:Generated_Source\PSoC5/Timer_LED_PM.c ****             /* Timer is disabled */
 124:Generated_Source\PSoC5/Timer_LED_PM.c ****             Timer_LED_backup.TimerEnableState = 0u;
 115              		.loc 1 124 0
 116 001a 054B     		ldr	r3, .L6+4
 117 001c 0022     		movs	r2, #0
 118 001e 1A70     		strb	r2, [r3]
 119              	.L5:
 125:Generated_Source\PSoC5/Timer_LED_PM.c ****         }
 126:Generated_Source\PSoC5/Timer_LED_PM.c ****     #endif /* Back up enable state from the Timer control register */
 127:Generated_Source\PSoC5/Timer_LED_PM.c ****     Timer_LED_Stop();
 120              		.loc 1 127 0
 121 0020 FFF7FEFF 		bl	Timer_LED_Stop
 128:Generated_Source\PSoC5/Timer_LED_PM.c ****     Timer_LED_SaveConfig();
 122              		.loc 1 128 0
 123 0024 FFF7FEFF 		bl	Timer_LED_SaveConfig
 129:Generated_Source\PSoC5/Timer_LED_PM.c **** }
 124              		.loc 1 129 0
 125 0028 00BF     		nop
 126 002a 80BD     		pop	{r7, pc}
 127              	.L7:
 128              		.align	2
 129              	.L6:
 130 002c 244F0040 		.word	1073762084
 131 0030 00000000 		.word	Timer_LED_backup
 132              		.cfi_endproc
 133              	.LFE2:
 134              		.size	Timer_LED_Sleep, .-Timer_LED_Sleep
 135              		.section	.text.Timer_LED_Wakeup,"ax",%progbits
 136              		.align	2
 137              		.global	Timer_LED_Wakeup
 138              		.thumb
 139              		.thumb_func
 140              		.type	Timer_LED_Wakeup, %function
 141              	Timer_LED_Wakeup:
 142              	.LFB3:
 130:Generated_Source\PSoC5/Timer_LED_PM.c **** 
 131:Generated_Source\PSoC5/Timer_LED_PM.c **** 
 132:Generated_Source\PSoC5/Timer_LED_PM.c **** /*******************************************************************************
 133:Generated_Source\PSoC5/Timer_LED_PM.c **** * Function Name: Timer_LED_Wakeup
 134:Generated_Source\PSoC5/Timer_LED_PM.c **** ********************************************************************************
 135:Generated_Source\PSoC5/Timer_LED_PM.c **** *
 136:Generated_Source\PSoC5/Timer_LED_PM.c **** * Summary:
 137:Generated_Source\PSoC5/Timer_LED_PM.c **** *  Restores and enables the user configuration
 138:Generated_Source\PSoC5/Timer_LED_PM.c **** *
 139:Generated_Source\PSoC5/Timer_LED_PM.c **** * Parameters:
 140:Generated_Source\PSoC5/Timer_LED_PM.c **** *  void
 141:Generated_Source\PSoC5/Timer_LED_PM.c **** *
 142:Generated_Source\PSoC5/Timer_LED_PM.c **** * Return:
 143:Generated_Source\PSoC5/Timer_LED_PM.c **** *  void
ARM GAS  C:\Users\ikui753\AppData\Local\Temp\ccOcEBmi.s 			page 6


 144:Generated_Source\PSoC5/Timer_LED_PM.c **** *
 145:Generated_Source\PSoC5/Timer_LED_PM.c **** * Global variables:
 146:Generated_Source\PSoC5/Timer_LED_PM.c **** *  Timer_LED_backup.enableState:  Is used to restore the enable state of
 147:Generated_Source\PSoC5/Timer_LED_PM.c **** *  block on wakeup from sleep mode.
 148:Generated_Source\PSoC5/Timer_LED_PM.c **** *
 149:Generated_Source\PSoC5/Timer_LED_PM.c **** *******************************************************************************/
 150:Generated_Source\PSoC5/Timer_LED_PM.c **** void Timer_LED_Wakeup(void) 
 151:Generated_Source\PSoC5/Timer_LED_PM.c **** {
 143              		.loc 1 151 0
 144              		.cfi_startproc
 145              		@ args = 0, pretend = 0, frame = 0
 146              		@ frame_needed = 1, uses_anonymous_args = 0
 147 0000 80B5     		push	{r7, lr}
 148              		.cfi_def_cfa_offset 8
 149              		.cfi_offset 7, -8
 150              		.cfi_offset 14, -4
 151 0002 00AF     		add	r7, sp, #0
 152              		.cfi_def_cfa_register 7
 152:Generated_Source\PSoC5/Timer_LED_PM.c ****     Timer_LED_RestoreConfig();
 153              		.loc 1 152 0
 154 0004 FFF7FEFF 		bl	Timer_LED_RestoreConfig
 153:Generated_Source\PSoC5/Timer_LED_PM.c ****     #if(!Timer_LED_UDB_CONTROL_REG_REMOVED)
 154:Generated_Source\PSoC5/Timer_LED_PM.c ****         if(Timer_LED_backup.TimerEnableState == 1u)
 155              		.loc 1 154 0
 156 0008 034B     		ldr	r3, .L11
 157 000a 1B78     		ldrb	r3, [r3]	@ zero_extendqisi2
 158 000c 012B     		cmp	r3, #1
 159 000e 01D1     		bne	.L10
 155:Generated_Source\PSoC5/Timer_LED_PM.c ****         {     /* Enable Timer's operation */
 156:Generated_Source\PSoC5/Timer_LED_PM.c ****                 Timer_LED_Enable();
 160              		.loc 1 156 0
 161 0010 FFF7FEFF 		bl	Timer_LED_Enable
 162              	.L10:
 157:Generated_Source\PSoC5/Timer_LED_PM.c ****         } /* Do nothing if Timer was disabled before */
 158:Generated_Source\PSoC5/Timer_LED_PM.c ****     #endif /* Remove this code section if Control register is removed */
 159:Generated_Source\PSoC5/Timer_LED_PM.c **** }
 163              		.loc 1 159 0
 164 0014 00BF     		nop
 165 0016 80BD     		pop	{r7, pc}
 166              	.L12:
 167              		.align	2
 168              	.L11:
 169 0018 00000000 		.word	Timer_LED_backup
 170              		.cfi_endproc
 171              	.LFE3:
 172              		.size	Timer_LED_Wakeup, .-Timer_LED_Wakeup
 173              		.text
 174              	.Letext0:
 175              		.file 2 "Generated_Source\\PSoC5\\cytypes.h"
 176              		.file 3 "Generated_Source\\PSoC5\\Timer_LED.h"
 177              		.section	.debug_info,"",%progbits
 178              	.Ldebug_info0:
 179 0000 16010000 		.4byte	0x116
 180 0004 0400     		.2byte	0x4
 181 0006 00000000 		.4byte	.Ldebug_abbrev0
 182 000a 04       		.byte	0x4
 183 000b 01       		.uleb128 0x1
ARM GAS  C:\Users\ikui753\AppData\Local\Temp\ccOcEBmi.s 			page 7


 184 000c 0E000000 		.4byte	.LASF20
 185 0010 0C       		.byte	0xc
 186 0011 CA000000 		.4byte	.LASF21
 187 0015 54010000 		.4byte	.LASF22
 188 0019 00000000 		.4byte	.Ldebug_ranges0+0
 189 001d 00000000 		.4byte	0
 190 0021 00000000 		.4byte	.Ldebug_line0
 191 0025 02       		.uleb128 0x2
 192 0026 01       		.byte	0x1
 193 0027 06       		.byte	0x6
 194 0028 EE010000 		.4byte	.LASF0
 195 002c 02       		.uleb128 0x2
 196 002d 01       		.byte	0x1
 197 002e 08       		.byte	0x8
 198 002f 41010000 		.4byte	.LASF1
 199 0033 02       		.uleb128 0x2
 200 0034 02       		.byte	0x2
 201 0035 05       		.byte	0x5
 202 0036 27020000 		.4byte	.LASF2
 203 003a 02       		.uleb128 0x2
 204 003b 02       		.byte	0x2
 205 003c 07       		.byte	0x7
 206 003d DB010000 		.4byte	.LASF3
 207 0041 02       		.uleb128 0x2
 208 0042 04       		.byte	0x4
 209 0043 05       		.byte	0x5
 210 0044 A5010000 		.4byte	.LASF4
 211 0048 02       		.uleb128 0x2
 212 0049 04       		.byte	0x4
 213 004a 07       		.byte	0x7
 214 004b B8000000 		.4byte	.LASF5
 215 004f 02       		.uleb128 0x2
 216 0050 08       		.byte	0x8
 217 0051 05       		.byte	0x5
 218 0052 00000000 		.4byte	.LASF6
 219 0056 02       		.uleb128 0x2
 220 0057 08       		.byte	0x8
 221 0058 07       		.byte	0x7
 222 0059 F0000000 		.4byte	.LASF7
 223 005d 03       		.uleb128 0x3
 224 005e 04       		.byte	0x4
 225 005f 05       		.byte	0x5
 226 0060 696E7400 		.ascii	"int\000"
 227 0064 02       		.uleb128 0x2
 228 0065 04       		.byte	0x4
 229 0066 07       		.byte	0x7
 230 0067 A5000000 		.4byte	.LASF8
 231 006b 04       		.uleb128 0x4
 232 006c B2000000 		.4byte	.LASF12
 233 0070 02       		.byte	0x2
 234 0071 E701     		.2byte	0x1e7
 235 0073 2C000000 		.4byte	0x2c
 236 0077 02       		.uleb128 0x2
 237 0078 04       		.byte	0x4
 238 0079 04       		.byte	0x4
 239 007a 11020000 		.4byte	.LASF9
 240 007e 02       		.uleb128 0x2
ARM GAS  C:\Users\ikui753\AppData\Local\Temp\ccOcEBmi.s 			page 8


 241 007f 08       		.byte	0x8
 242 0080 04       		.byte	0x4
 243 0081 BF010000 		.4byte	.LASF10
 244 0085 02       		.uleb128 0x2
 245 0086 01       		.byte	0x1
 246 0087 08       		.byte	0x8
 247 0088 4F010000 		.4byte	.LASF11
 248 008c 04       		.uleb128 0x4
 249 008d 31020000 		.4byte	.LASF13
 250 0091 02       		.byte	0x2
 251 0092 9102     		.2byte	0x291
 252 0094 98000000 		.4byte	0x98
 253 0098 05       		.uleb128 0x5
 254 0099 6B000000 		.4byte	0x6b
 255 009d 02       		.uleb128 0x2
 256 009e 04       		.byte	0x4
 257 009f 07       		.byte	0x7
 258 00a0 36020000 		.4byte	.LASF14
 259 00a4 06       		.uleb128 0x6
 260 00a5 01       		.byte	0x1
 261 00a6 03       		.byte	0x3
 262 00a7 43       		.byte	0x43
 263 00a8 B9000000 		.4byte	0xb9
 264 00ac 07       		.uleb128 0x7
 265 00ad 30010000 		.4byte	.LASF23
 266 00b1 03       		.byte	0x3
 267 00b2 45       		.byte	0x45
 268 00b3 6B000000 		.4byte	0x6b
 269 00b7 00       		.byte	0
 270 00b8 00       		.byte	0
 271 00b9 08       		.uleb128 0x8
 272 00ba FA010000 		.4byte	.LASF15
 273 00be 03       		.byte	0x3
 274 00bf 53       		.byte	0x53
 275 00c0 A4000000 		.4byte	0xa4
 276 00c4 09       		.uleb128 0x9
 277 00c5 C6010000 		.4byte	.LASF16
 278 00c9 01       		.byte	0x1
 279 00ca 2B       		.byte	0x2b
 280 00cb 00000000 		.4byte	.LFB0
 281 00cf 0C000000 		.4byte	.LFE0-.LFB0
 282 00d3 01       		.uleb128 0x1
 283 00d4 9C       		.byte	0x9c
 284 00d5 09       		.uleb128 0x9
 285 00d6 18010000 		.4byte	.LASF17
 286 00da 01       		.byte	0x1
 287 00db 4D       		.byte	0x4d
 288 00dc 00000000 		.4byte	.LFB1
 289 00e0 0C000000 		.4byte	.LFE1-.LFB1
 290 00e4 01       		.uleb128 0x1
 291 00e5 9C       		.byte	0x9c
 292 00e6 0A       		.uleb128 0xa
 293 00e7 17020000 		.4byte	.LASF18
 294 00eb 01       		.byte	0x1
 295 00ec 70       		.byte	0x70
 296 00ed 00000000 		.4byte	.LFB2
 297 00f1 34000000 		.4byte	.LFE2-.LFB2
ARM GAS  C:\Users\ikui753\AppData\Local\Temp\ccOcEBmi.s 			page 9


 298 00f5 01       		.uleb128 0x1
 299 00f6 9C       		.byte	0x9c
 300 00f7 0A       		.uleb128 0xa
 301 00f8 AE010000 		.4byte	.LASF19
 302 00fc 01       		.byte	0x1
 303 00fd 96       		.byte	0x96
 304 00fe 00000000 		.4byte	.LFB3
 305 0102 1C000000 		.4byte	.LFE3-.LFB3
 306 0106 01       		.uleb128 0x1
 307 0107 9C       		.byte	0x9c
 308 0108 0B       		.uleb128 0xb
 309 0109 07010000 		.4byte	.LASF24
 310 010d 01       		.byte	0x1
 311 010e 15       		.byte	0x15
 312 010f B9000000 		.4byte	0xb9
 313 0113 05       		.uleb128 0x5
 314 0114 03       		.byte	0x3
 315 0115 00000000 		.4byte	Timer_LED_backup
 316 0119 00       		.byte	0
 317              		.section	.debug_abbrev,"",%progbits
 318              	.Ldebug_abbrev0:
 319 0000 01       		.uleb128 0x1
 320 0001 11       		.uleb128 0x11
 321 0002 01       		.byte	0x1
 322 0003 25       		.uleb128 0x25
 323 0004 0E       		.uleb128 0xe
 324 0005 13       		.uleb128 0x13
 325 0006 0B       		.uleb128 0xb
 326 0007 03       		.uleb128 0x3
 327 0008 0E       		.uleb128 0xe
 328 0009 1B       		.uleb128 0x1b
 329 000a 0E       		.uleb128 0xe
 330 000b 55       		.uleb128 0x55
 331 000c 17       		.uleb128 0x17
 332 000d 11       		.uleb128 0x11
 333 000e 01       		.uleb128 0x1
 334 000f 10       		.uleb128 0x10
 335 0010 17       		.uleb128 0x17
 336 0011 00       		.byte	0
 337 0012 00       		.byte	0
 338 0013 02       		.uleb128 0x2
 339 0014 24       		.uleb128 0x24
 340 0015 00       		.byte	0
 341 0016 0B       		.uleb128 0xb
 342 0017 0B       		.uleb128 0xb
 343 0018 3E       		.uleb128 0x3e
 344 0019 0B       		.uleb128 0xb
 345 001a 03       		.uleb128 0x3
 346 001b 0E       		.uleb128 0xe
 347 001c 00       		.byte	0
 348 001d 00       		.byte	0
 349 001e 03       		.uleb128 0x3
 350 001f 24       		.uleb128 0x24
 351 0020 00       		.byte	0
 352 0021 0B       		.uleb128 0xb
 353 0022 0B       		.uleb128 0xb
 354 0023 3E       		.uleb128 0x3e
ARM GAS  C:\Users\ikui753\AppData\Local\Temp\ccOcEBmi.s 			page 10


 355 0024 0B       		.uleb128 0xb
 356 0025 03       		.uleb128 0x3
 357 0026 08       		.uleb128 0x8
 358 0027 00       		.byte	0
 359 0028 00       		.byte	0
 360 0029 04       		.uleb128 0x4
 361 002a 16       		.uleb128 0x16
 362 002b 00       		.byte	0
 363 002c 03       		.uleb128 0x3
 364 002d 0E       		.uleb128 0xe
 365 002e 3A       		.uleb128 0x3a
 366 002f 0B       		.uleb128 0xb
 367 0030 3B       		.uleb128 0x3b
 368 0031 05       		.uleb128 0x5
 369 0032 49       		.uleb128 0x49
 370 0033 13       		.uleb128 0x13
 371 0034 00       		.byte	0
 372 0035 00       		.byte	0
 373 0036 05       		.uleb128 0x5
 374 0037 35       		.uleb128 0x35
 375 0038 00       		.byte	0
 376 0039 49       		.uleb128 0x49
 377 003a 13       		.uleb128 0x13
 378 003b 00       		.byte	0
 379 003c 00       		.byte	0
 380 003d 06       		.uleb128 0x6
 381 003e 13       		.uleb128 0x13
 382 003f 01       		.byte	0x1
 383 0040 0B       		.uleb128 0xb
 384 0041 0B       		.uleb128 0xb
 385 0042 3A       		.uleb128 0x3a
 386 0043 0B       		.uleb128 0xb
 387 0044 3B       		.uleb128 0x3b
 388 0045 0B       		.uleb128 0xb
 389 0046 01       		.uleb128 0x1
 390 0047 13       		.uleb128 0x13
 391 0048 00       		.byte	0
 392 0049 00       		.byte	0
 393 004a 07       		.uleb128 0x7
 394 004b 0D       		.uleb128 0xd
 395 004c 00       		.byte	0
 396 004d 03       		.uleb128 0x3
 397 004e 0E       		.uleb128 0xe
 398 004f 3A       		.uleb128 0x3a
 399 0050 0B       		.uleb128 0xb
 400 0051 3B       		.uleb128 0x3b
 401 0052 0B       		.uleb128 0xb
 402 0053 49       		.uleb128 0x49
 403 0054 13       		.uleb128 0x13
 404 0055 38       		.uleb128 0x38
 405 0056 0B       		.uleb128 0xb
 406 0057 00       		.byte	0
 407 0058 00       		.byte	0
 408 0059 08       		.uleb128 0x8
 409 005a 16       		.uleb128 0x16
 410 005b 00       		.byte	0
 411 005c 03       		.uleb128 0x3
ARM GAS  C:\Users\ikui753\AppData\Local\Temp\ccOcEBmi.s 			page 11


 412 005d 0E       		.uleb128 0xe
 413 005e 3A       		.uleb128 0x3a
 414 005f 0B       		.uleb128 0xb
 415 0060 3B       		.uleb128 0x3b
 416 0061 0B       		.uleb128 0xb
 417 0062 49       		.uleb128 0x49
 418 0063 13       		.uleb128 0x13
 419 0064 00       		.byte	0
 420 0065 00       		.byte	0
 421 0066 09       		.uleb128 0x9
 422 0067 2E       		.uleb128 0x2e
 423 0068 00       		.byte	0
 424 0069 3F       		.uleb128 0x3f
 425 006a 19       		.uleb128 0x19
 426 006b 03       		.uleb128 0x3
 427 006c 0E       		.uleb128 0xe
 428 006d 3A       		.uleb128 0x3a
 429 006e 0B       		.uleb128 0xb
 430 006f 3B       		.uleb128 0x3b
 431 0070 0B       		.uleb128 0xb
 432 0071 27       		.uleb128 0x27
 433 0072 19       		.uleb128 0x19
 434 0073 11       		.uleb128 0x11
 435 0074 01       		.uleb128 0x1
 436 0075 12       		.uleb128 0x12
 437 0076 06       		.uleb128 0x6
 438 0077 40       		.uleb128 0x40
 439 0078 18       		.uleb128 0x18
 440 0079 9742     		.uleb128 0x2117
 441 007b 19       		.uleb128 0x19
 442 007c 00       		.byte	0
 443 007d 00       		.byte	0
 444 007e 0A       		.uleb128 0xa
 445 007f 2E       		.uleb128 0x2e
 446 0080 00       		.byte	0
 447 0081 3F       		.uleb128 0x3f
 448 0082 19       		.uleb128 0x19
 449 0083 03       		.uleb128 0x3
 450 0084 0E       		.uleb128 0xe
 451 0085 3A       		.uleb128 0x3a
 452 0086 0B       		.uleb128 0xb
 453 0087 3B       		.uleb128 0x3b
 454 0088 0B       		.uleb128 0xb
 455 0089 27       		.uleb128 0x27
 456 008a 19       		.uleb128 0x19
 457 008b 11       		.uleb128 0x11
 458 008c 01       		.uleb128 0x1
 459 008d 12       		.uleb128 0x12
 460 008e 06       		.uleb128 0x6
 461 008f 40       		.uleb128 0x40
 462 0090 18       		.uleb128 0x18
 463 0091 9642     		.uleb128 0x2116
 464 0093 19       		.uleb128 0x19
 465 0094 00       		.byte	0
 466 0095 00       		.byte	0
 467 0096 0B       		.uleb128 0xb
 468 0097 34       		.uleb128 0x34
ARM GAS  C:\Users\ikui753\AppData\Local\Temp\ccOcEBmi.s 			page 12


 469 0098 00       		.byte	0
 470 0099 03       		.uleb128 0x3
 471 009a 0E       		.uleb128 0xe
 472 009b 3A       		.uleb128 0x3a
 473 009c 0B       		.uleb128 0xb
 474 009d 3B       		.uleb128 0x3b
 475 009e 0B       		.uleb128 0xb
 476 009f 49       		.uleb128 0x49
 477 00a0 13       		.uleb128 0x13
 478 00a1 02       		.uleb128 0x2
 479 00a2 18       		.uleb128 0x18
 480 00a3 00       		.byte	0
 481 00a4 00       		.byte	0
 482 00a5 00       		.byte	0
 483              		.section	.debug_aranges,"",%progbits
 484 0000 34000000 		.4byte	0x34
 485 0004 0200     		.2byte	0x2
 486 0006 00000000 		.4byte	.Ldebug_info0
 487 000a 04       		.byte	0x4
 488 000b 00       		.byte	0
 489 000c 0000     		.2byte	0
 490 000e 0000     		.2byte	0
 491 0010 00000000 		.4byte	.LFB0
 492 0014 0C000000 		.4byte	.LFE0-.LFB0
 493 0018 00000000 		.4byte	.LFB1
 494 001c 0C000000 		.4byte	.LFE1-.LFB1
 495 0020 00000000 		.4byte	.LFB2
 496 0024 34000000 		.4byte	.LFE2-.LFB2
 497 0028 00000000 		.4byte	.LFB3
 498 002c 1C000000 		.4byte	.LFE3-.LFB3
 499 0030 00000000 		.4byte	0
 500 0034 00000000 		.4byte	0
 501              		.section	.debug_ranges,"",%progbits
 502              	.Ldebug_ranges0:
 503 0000 00000000 		.4byte	.LFB0
 504 0004 0C000000 		.4byte	.LFE0
 505 0008 00000000 		.4byte	.LFB1
 506 000c 0C000000 		.4byte	.LFE1
 507 0010 00000000 		.4byte	.LFB2
 508 0014 34000000 		.4byte	.LFE2
 509 0018 00000000 		.4byte	.LFB3
 510 001c 1C000000 		.4byte	.LFE3
 511 0020 00000000 		.4byte	0
 512 0024 00000000 		.4byte	0
 513              		.section	.debug_line,"",%progbits
 514              	.Ldebug_line0:
 515 0000 AD000000 		.section	.debug_str,"MS",%progbits,1
 515      02005800 
 515      00000201 
 515      FB0E0D00 
 515      01010101 
 516              	.LASF6:
 517 0000 6C6F6E67 		.ascii	"long long int\000"
 517      206C6F6E 
 517      6720696E 
 517      7400
 518              	.LASF20:
ARM GAS  C:\Users\ikui753\AppData\Local\Temp\ccOcEBmi.s 			page 13


 519 000e 474E5520 		.ascii	"GNU C99 5.4.1 20160609 (release) [ARM/embedded-5-br"
 519      43393920 
 519      352E342E 
 519      31203230 
 519      31363036 
 520 0041 616E6368 		.ascii	"anch revision 237715] -mcpu=cortex-m3 -mthumb -g -O"
 520      20726576 
 520      6973696F 
 520      6E203233 
 520      37373135 
 521 0074 30202D73 		.ascii	"0 -std=c99 -ffunction-sections -ffat-lto-objects\000"
 521      74643D63 
 521      3939202D 
 521      6666756E 
 521      6374696F 
 522              	.LASF8:
 523 00a5 756E7369 		.ascii	"unsigned int\000"
 523      676E6564 
 523      20696E74 
 523      00
 524              	.LASF12:
 525 00b2 75696E74 		.ascii	"uint8\000"
 525      3800
 526              	.LASF5:
 527 00b8 6C6F6E67 		.ascii	"long unsigned int\000"
 527      20756E73 
 527      69676E65 
 527      6420696E 
 527      7400
 528              	.LASF21:
 529 00ca 47656E65 		.ascii	"Generated_Source\\PSoC5\\Timer_LED_PM.c\000"
 529      72617465 
 529      645F536F 
 529      75726365 
 529      5C50536F 
 530              	.LASF7:
 531 00f0 6C6F6E67 		.ascii	"long long unsigned int\000"
 531      206C6F6E 
 531      6720756E 
 531      7369676E 
 531      65642069 
 532              	.LASF24:
 533 0107 54696D65 		.ascii	"Timer_LED_backup\000"
 533      725F4C45 
 533      445F6261 
 533      636B7570 
 533      00
 534              	.LASF17:
 535 0118 54696D65 		.ascii	"Timer_LED_RestoreConfig\000"
 535      725F4C45 
 535      445F5265 
 535      73746F72 
 535      65436F6E 
 536              	.LASF23:
 537 0130 54696D65 		.ascii	"TimerEnableState\000"
 537      72456E61 
 537      626C6553 
ARM GAS  C:\Users\ikui753\AppData\Local\Temp\ccOcEBmi.s 			page 14


 537      74617465 
 537      00
 538              	.LASF1:
 539 0141 756E7369 		.ascii	"unsigned char\000"
 539      676E6564 
 539      20636861 
 539      7200
 540              	.LASF11:
 541 014f 63686172 		.ascii	"char\000"
 541      00
 542              	.LASF22:
 543 0154 483A5C44 		.ascii	"H:\\Documents\\GitHub\\301-Robot\\psoc student pack"
 543      6F63756D 
 543      656E7473 
 543      5C476974 
 543      4875625C 
 544 0183 5C70736F 		.ascii	"\\psoc_code_base\\CS301_Class.cydsn\000"
 544      635F636F 
 544      64655F62 
 544      6173655C 
 544      43533330 
 545              	.LASF4:
 546 01a5 6C6F6E67 		.ascii	"long int\000"
 546      20696E74 
 546      00
 547              	.LASF19:
 548 01ae 54696D65 		.ascii	"Timer_LED_Wakeup\000"
 548      725F4C45 
 548      445F5761 
 548      6B657570 
 548      00
 549              	.LASF10:
 550 01bf 646F7562 		.ascii	"double\000"
 550      6C6500
 551              	.LASF16:
 552 01c6 54696D65 		.ascii	"Timer_LED_SaveConfig\000"
 552      725F4C45 
 552      445F5361 
 552      7665436F 
 552      6E666967 
 553              	.LASF3:
 554 01db 73686F72 		.ascii	"short unsigned int\000"
 554      7420756E 
 554      7369676E 
 554      65642069 
 554      6E7400
 555              	.LASF0:
 556 01ee 7369676E 		.ascii	"signed char\000"
 556      65642063 
 556      68617200 
 557              	.LASF15:
 558 01fa 54696D65 		.ascii	"Timer_LED_backupStruct\000"
 558      725F4C45 
 558      445F6261 
 558      636B7570 
 558      53747275 
 559              	.LASF9:
ARM GAS  C:\Users\ikui753\AppData\Local\Temp\ccOcEBmi.s 			page 15


 560 0211 666C6F61 		.ascii	"float\000"
 560      7400
 561              	.LASF18:
 562 0217 54696D65 		.ascii	"Timer_LED_Sleep\000"
 562      725F4C45 
 562      445F536C 
 562      65657000 
 563              	.LASF2:
 564 0227 73686F72 		.ascii	"short int\000"
 564      7420696E 
 564      7400
 565              	.LASF13:
 566 0231 72656738 		.ascii	"reg8\000"
 566      00
 567              	.LASF14:
 568 0236 73697A65 		.ascii	"sizetype\000"
 568      74797065 
 568      00
 569              		.ident	"GCC: (GNU Tools for ARM Embedded Processors) 5.4.1 20160609 (release) [ARM/embedded-5-bran
