ARM GAS  C:\Users\ikui753\AppData\Local\Temp\cc2KXH2e.s 			page 1


   1              		.syntax unified
   2              		.cpu cortex-m3
   3              		.fpu softvfp
   4              		.eabi_attribute 20, 1
   5              		.eabi_attribute 21, 1
   6              		.eabi_attribute 23, 3
   7              		.eabi_attribute 24, 1
   8              		.eabi_attribute 25, 1
   9              		.eabi_attribute 26, 1
  10              		.eabi_attribute 30, 6
  11              		.eabi_attribute 34, 1
  12              		.eabi_attribute 18, 4
  13              		.thumb
  14              		.syntax unified
  15              		.file	"USBUART_descr.c"
  16              		.text
  17              	.Ltext0:
  18              		.cfi_sections	.debug_frame
  19              		.global	USBUART_DEVICE0_DESCR
  20              		.section	.rodata
  21              		.align	2
  22              		.type	USBUART_DEVICE0_DESCR, %object
  23              		.size	USBUART_DEVICE0_DESCR, 18
  24              	USBUART_DEVICE0_DESCR:
  25 0000 12       		.byte	18
  26 0001 01       		.byte	1
  27 0002 00       		.byte	0
  28 0003 02       		.byte	2
  29 0004 02       		.byte	2
  30 0005 00       		.byte	0
  31 0006 00       		.byte	0
  32 0007 08       		.byte	8
  33 0008 B4       		.byte	-76
  34 0009 04       		.byte	4
  35 000a 32       		.byte	50
  36 000b F2       		.byte	-14
  37 000c 01       		.byte	1
  38 000d 00       		.byte	0
  39 000e 01       		.byte	1
  40 000f 02       		.byte	2
  41 0010 80       		.byte	-128
  42 0011 01       		.byte	1
  43              		.global	USBUART_DEVICE0_CONFIGURATION0_DESCR
  44 0012 0000     		.align	2
  45              		.type	USBUART_DEVICE0_CONFIGURATION0_DESCR, %object
  46              		.size	USBUART_DEVICE0_CONFIGURATION0_DESCR, 67
  47              	USBUART_DEVICE0_CONFIGURATION0_DESCR:
  48 0014 09       		.byte	9
  49 0015 02       		.byte	2
  50 0016 43       		.byte	67
  51 0017 00       		.byte	0
  52 0018 02       		.byte	2
  53 0019 01       		.byte	1
  54 001a 01       		.byte	1
  55 001b C0       		.byte	-64
  56 001c 32       		.byte	50
  57 001d 09       		.byte	9
ARM GAS  C:\Users\ikui753\AppData\Local\Temp\cc2KXH2e.s 			page 2


  58 001e 04       		.byte	4
  59 001f 00       		.byte	0
  60 0020 00       		.byte	0
  61 0021 01       		.byte	1
  62 0022 02       		.byte	2
  63 0023 02       		.byte	2
  64 0024 01       		.byte	1
  65 0025 03       		.byte	3
  66 0026 05       		.byte	5
  67 0027 24       		.byte	36
  68 0028 00       		.byte	0
  69 0029 10       		.byte	16
  70 002a 01       		.byte	1
  71 002b 04       		.byte	4
  72 002c 24       		.byte	36
  73 002d 02       		.byte	2
  74 002e 02       		.byte	2
  75 002f 05       		.byte	5
  76 0030 24       		.byte	36
  77 0031 06       		.byte	6
  78 0032 00       		.byte	0
  79 0033 01       		.byte	1
  80 0034 05       		.byte	5
  81 0035 24       		.byte	36
  82 0036 01       		.byte	1
  83 0037 00       		.byte	0
  84 0038 01       		.byte	1
  85 0039 07       		.byte	7
  86 003a 05       		.byte	5
  87 003b 81       		.byte	-127
  88 003c 03       		.byte	3
  89 003d 08       		.byte	8
  90 003e 00       		.byte	0
  91 003f 0A       		.byte	10
  92 0040 09       		.byte	9
  93 0041 04       		.byte	4
  94 0042 01       		.byte	1
  95 0043 00       		.byte	0
  96 0044 02       		.byte	2
  97 0045 0A       		.byte	10
  98 0046 00       		.byte	0
  99 0047 00       		.byte	0
 100 0048 04       		.byte	4
 101 0049 07       		.byte	7
 102 004a 05       		.byte	5
 103 004b 82       		.byte	-126
 104 004c 02       		.byte	2
 105 004d 40       		.byte	64
 106 004e 00       		.byte	0
 107 004f 00       		.byte	0
 108 0050 07       		.byte	7
 109 0051 05       		.byte	5
 110 0052 03       		.byte	3
 111 0053 02       		.byte	2
 112 0054 40       		.byte	64
 113 0055 00       		.byte	0
 114 0056 00       		.byte	0
ARM GAS  C:\Users\ikui753\AppData\Local\Temp\cc2KXH2e.s 			page 3


 115              		.global	USBUART_STRING_DESCRIPTORS
 116 0057 00       		.align	2
 117              		.type	USBUART_STRING_DESCRIPTORS, %object
 118              		.size	USBUART_STRING_DESCRIPTORS, 159
 119              	USBUART_STRING_DESCRIPTORS:
 120 0058 04       		.byte	4
 121 0059 03       		.byte	3
 122 005a 09       		.byte	9
 123 005b 04       		.byte	4
 124 005c 2C       		.byte	44
 125 005d 03       		.byte	3
 126 005e 43       		.byte	67
 127 005f 00       		.byte	0
 128 0060 79       		.byte	121
 129 0061 00       		.byte	0
 130 0062 70       		.byte	112
 131 0063 00       		.byte	0
 132 0064 72       		.byte	114
 133 0065 00       		.byte	0
 134 0066 65       		.byte	101
 135 0067 00       		.byte	0
 136 0068 73       		.byte	115
 137 0069 00       		.byte	0
 138 006a 73       		.byte	115
 139 006b 00       		.byte	0
 140 006c 20       		.byte	32
 141 006d 00       		.byte	0
 142 006e 53       		.byte	83
 143 006f 00       		.byte	0
 144 0070 65       		.byte	101
 145 0071 00       		.byte	0
 146 0072 6D       		.byte	109
 147 0073 00       		.byte	0
 148 0074 69       		.byte	105
 149 0075 00       		.byte	0
 150 0076 63       		.byte	99
 151 0077 00       		.byte	0
 152 0078 6F       		.byte	111
 153 0079 00       		.byte	0
 154 007a 6E       		.byte	110
 155 007b 00       		.byte	0
 156 007c 64       		.byte	100
 157 007d 00       		.byte	0
 158 007e 75       		.byte	117
 159 007f 00       		.byte	0
 160 0080 63       		.byte	99
 161 0081 00       		.byte	0
 162 0082 74       		.byte	116
 163 0083 00       		.byte	0
 164 0084 6F       		.byte	111
 165 0085 00       		.byte	0
 166 0086 72       		.byte	114
 167 0087 00       		.byte	0
 168 0088 10       		.byte	16
 169 0089 03       		.byte	3
 170 008a 55       		.byte	85
 171 008b 00       		.byte	0
ARM GAS  C:\Users\ikui753\AppData\Local\Temp\cc2KXH2e.s 			page 4


 172 008c 53       		.byte	83
 173 008d 00       		.byte	0
 174 008e 42       		.byte	66
 175 008f 00       		.byte	0
 176 0090 55       		.byte	85
 177 0091 00       		.byte	0
 178 0092 41       		.byte	65
 179 0093 00       		.byte	0
 180 0094 52       		.byte	82
 181 0095 00       		.byte	0
 182 0096 54       		.byte	84
 183 0097 00       		.byte	0
 184 0098 38       		.byte	56
 185 0099 03       		.byte	3
 186 009a 43       		.byte	67
 187 009b 00       		.byte	0
 188 009c 44       		.byte	68
 189 009d 00       		.byte	0
 190 009e 43       		.byte	67
 191 009f 00       		.byte	0
 192 00a0 20       		.byte	32
 193 00a1 00       		.byte	0
 194 00a2 43       		.byte	67
 195 00a3 00       		.byte	0
 196 00a4 6F       		.byte	111
 197 00a5 00       		.byte	0
 198 00a6 6D       		.byte	109
 199 00a7 00       		.byte	0
 200 00a8 6D       		.byte	109
 201 00a9 00       		.byte	0
 202 00aa 75       		.byte	117
 203 00ab 00       		.byte	0
 204 00ac 6E       		.byte	110
 205 00ad 00       		.byte	0
 206 00ae 69       		.byte	105
 207 00af 00       		.byte	0
 208 00b0 63       		.byte	99
 209 00b1 00       		.byte	0
 210 00b2 61       		.byte	97
 211 00b3 00       		.byte	0
 212 00b4 74       		.byte	116
 213 00b5 00       		.byte	0
 214 00b6 69       		.byte	105
 215 00b7 00       		.byte	0
 216 00b8 6F       		.byte	111
 217 00b9 00       		.byte	0
 218 00ba 6E       		.byte	110
 219 00bb 00       		.byte	0
 220 00bc 20       		.byte	32
 221 00bd 00       		.byte	0
 222 00be 49       		.byte	73
 223 00bf 00       		.byte	0
 224 00c0 6E       		.byte	110
 225 00c1 00       		.byte	0
 226 00c2 74       		.byte	116
 227 00c3 00       		.byte	0
 228 00c4 65       		.byte	101
ARM GAS  C:\Users\ikui753\AppData\Local\Temp\cc2KXH2e.s 			page 5


 229 00c5 00       		.byte	0
 230 00c6 72       		.byte	114
 231 00c7 00       		.byte	0
 232 00c8 66       		.byte	102
 233 00c9 00       		.byte	0
 234 00ca 61       		.byte	97
 235 00cb 00       		.byte	0
 236 00cc 63       		.byte	99
 237 00cd 00       		.byte	0
 238 00ce 65       		.byte	101
 239 00cf 00       		.byte	0
 240 00d0 26       		.byte	38
 241 00d1 03       		.byte	3
 242 00d2 43       		.byte	67
 243 00d3 00       		.byte	0
 244 00d4 44       		.byte	68
 245 00d5 00       		.byte	0
 246 00d6 43       		.byte	67
 247 00d7 00       		.byte	0
 248 00d8 20       		.byte	32
 249 00d9 00       		.byte	0
 250 00da 44       		.byte	68
 251 00db 00       		.byte	0
 252 00dc 61       		.byte	97
 253 00dd 00       		.byte	0
 254 00de 74       		.byte	116
 255 00df 00       		.byte	0
 256 00e0 61       		.byte	97
 257 00e1 00       		.byte	0
 258 00e2 20       		.byte	32
 259 00e3 00       		.byte	0
 260 00e4 49       		.byte	73
 261 00e5 00       		.byte	0
 262 00e6 6E       		.byte	110
 263 00e7 00       		.byte	0
 264 00e8 74       		.byte	116
 265 00e9 00       		.byte	0
 266 00ea 65       		.byte	101
 267 00eb 00       		.byte	0
 268 00ec 72       		.byte	114
 269 00ed 00       		.byte	0
 270 00ee 66       		.byte	102
 271 00ef 00       		.byte	0
 272 00f0 61       		.byte	97
 273 00f1 00       		.byte	0
 274 00f2 63       		.byte	99
 275 00f3 00       		.byte	0
 276 00f4 65       		.byte	101
 277 00f5 00       		.byte	0
 278 00f6 00       		.byte	0
 279              		.global	USBUART_SN_STRING_DESCRIPTOR
 280 00f7 00       		.align	2
 281              		.type	USBUART_SN_STRING_DESCRIPTOR, %object
 282              		.size	USBUART_SN_STRING_DESCRIPTOR, 2
 283              	USBUART_SN_STRING_DESCRIPTOR:
 284 00f8 02       		.byte	2
 285 00f9 03       		.byte	3
ARM GAS  C:\Users\ikui753\AppData\Local\Temp\cc2KXH2e.s 			page 6


 286              		.global	USBUART_DEVICE0_CONFIGURATION0_EP_SETTINGS_TABLE
 287 00fa 0000     		.align	2
 288              		.type	USBUART_DEVICE0_CONFIGURATION0_EP_SETTINGS_TABLE, %object
 289              		.size	USBUART_DEVICE0_CONFIGURATION0_EP_SETTINGS_TABLE, 24
 290              	USBUART_DEVICE0_CONFIGURATION0_EP_SETTINGS_TABLE:
 291 00fc 00       		.byte	0
 292 00fd 00       		.byte	0
 293 00fe 81       		.byte	-127
 294 00ff 03       		.byte	3
 295 0100 0800     		.short	8
 296 0102 02       		.byte	2
 297 0103 00       		.space	1
 298 0104 01       		.byte	1
 299 0105 00       		.byte	0
 300 0106 82       		.byte	-126
 301 0107 02       		.byte	2
 302 0108 4000     		.short	64
 303 010a 0A       		.byte	10
 304 010b 00       		.space	1
 305 010c 01       		.byte	1
 306 010d 00       		.byte	0
 307 010e 03       		.byte	3
 308 010f 02       		.byte	2
 309 0110 4000     		.short	64
 310 0112 0A       		.byte	10
 311 0113 00       		.space	1
 312              		.global	USBUART_DEVICE0_CONFIGURATION0_INTERFACE_CLASS
 313              		.align	2
 314              		.type	USBUART_DEVICE0_CONFIGURATION0_INTERFACE_CLASS, %object
 315              		.size	USBUART_DEVICE0_CONFIGURATION0_INTERFACE_CLASS, 2
 316              	USBUART_DEVICE0_CONFIGURATION0_INTERFACE_CLASS:
 317 0114 02       		.byte	2
 318 0115 0A       		.byte	10
 319              		.global	USBUART_DEVICE0_CONFIGURATION0_TABLE
 320 0116 0000     		.align	2
 321              		.type	USBUART_DEVICE0_CONFIGURATION0_TABLE, %object
 322              		.size	USBUART_DEVICE0_CONFIGURATION0_TABLE, 40
 323              	USBUART_DEVICE0_CONFIGURATION0_TABLE:
 324 0118 01       		.byte	1
 325 0119 000000   		.space	3
 326 011c 00000000 		.word	USBUART_DEVICE0_CONFIGURATION0_DESCR
 327 0120 03       		.byte	3
 328 0121 000000   		.space	3
 329 0124 00000000 		.word	USBUART_DEVICE0_CONFIGURATION0_EP_SETTINGS_TABLE
 330 0128 00       		.byte	0
 331 0129 000000   		.space	3
 332 012c 00000000 		.word	0
 333 0130 00       		.byte	0
 334 0131 000000   		.space	3
 335 0134 00000000 		.word	0
 336 0138 00       		.byte	0
 337 0139 000000   		.space	3
 338 013c 00000000 		.word	USBUART_DEVICE0_CONFIGURATION0_INTERFACE_CLASS
 339              		.global	USBUART_DEVICE0_TABLE
 340              		.align	2
 341              		.type	USBUART_DEVICE0_TABLE, %object
 342              		.size	USBUART_DEVICE0_TABLE, 24
ARM GAS  C:\Users\ikui753\AppData\Local\Temp\cc2KXH2e.s 			page 7


 343              	USBUART_DEVICE0_TABLE:
 344 0140 01       		.byte	1
 345 0141 000000   		.space	3
 346 0144 00000000 		.word	USBUART_DEVICE0_DESCR
 347 0148 00       		.byte	0
 348 0149 000000   		.space	3
 349 014c 00000000 		.word	0
 350 0150 01       		.byte	1
 351 0151 000000   		.space	3
 352 0154 00000000 		.word	USBUART_DEVICE0_CONFIGURATION0_TABLE
 353              		.global	USBUART_TABLE
 354              		.align	2
 355              		.type	USBUART_TABLE, %object
 356              		.size	USBUART_TABLE, 8
 357              	USBUART_TABLE:
 358 0158 01       		.byte	1
 359 0159 000000   		.space	3
 360 015c 00000000 		.word	USBUART_DEVICE0_TABLE
 361              		.global	USBUART_MSOS_DESCRIPTOR
 362              		.align	2
 363              		.type	USBUART_MSOS_DESCRIPTOR, %object
 364              		.size	USBUART_MSOS_DESCRIPTOR, 18
 365              	USBUART_MSOS_DESCRIPTOR:
 366 0160 12       		.byte	18
 367 0161 03       		.byte	3
 368 0162 4D       		.byte	77
 369 0163 00       		.byte	0
 370 0164 53       		.byte	83
 371 0165 00       		.byte	0
 372 0166 46       		.byte	70
 373 0167 00       		.byte	0
 374 0168 54       		.byte	84
 375 0169 00       		.byte	0
 376 016a 31       		.byte	49
 377 016b 00       		.byte	0
 378 016c 30       		.byte	48
 379 016d 00       		.byte	0
 380 016e 30       		.byte	48
 381 016f 00       		.byte	0
 382 0170 01       		.byte	1
 383 0171 00       		.byte	0
 384              		.global	USBUART_MSOS_CONFIGURATION_DESCR
 385 0172 0000     		.align	2
 386              		.type	USBUART_MSOS_CONFIGURATION_DESCR, %object
 387              		.size	USBUART_MSOS_CONFIGURATION_DESCR, 40
 388              	USBUART_MSOS_CONFIGURATION_DESCR:
 389 0174 28       		.byte	40
 390 0175 00       		.byte	0
 391 0176 00       		.byte	0
 392 0177 00       		.byte	0
 393 0178 00       		.byte	0
 394 0179 01       		.byte	1
 395 017a 04       		.byte	4
 396 017b 00       		.byte	0
 397 017c 01       		.byte	1
 398 017d 00       		.byte	0
 399 017e 00       		.byte	0
ARM GAS  C:\Users\ikui753\AppData\Local\Temp\cc2KXH2e.s 			page 8


 400 017f 00       		.byte	0
 401 0180 00       		.byte	0
 402 0181 00       		.byte	0
 403 0182 00       		.byte	0
 404 0183 00       		.byte	0
 405 0184 00       		.byte	0
 406 0185 01       		.byte	1
 407 0186 43       		.byte	67
 408 0187 59       		.byte	89
 409 0188 55       		.byte	85
 410 0189 53       		.byte	83
 411 018a 42       		.byte	66
 412 018b 00       		.byte	0
 413 018c 00       		.byte	0
 414 018d 00       		.byte	0
 415 018e 30       		.byte	48
 416 018f 30       		.byte	48
 417 0190 30       		.byte	48
 418 0191 30       		.byte	48
 419 0192 31       		.byte	49
 420 0193 00       		.byte	0
 421 0194 00       		.byte	0
 422 0195 00       		.byte	0
 423 0196 00       		.byte	0
 424 0197 00       		.byte	0
 425 0198 00       		.byte	0
 426 0199 00       		.byte	0
 427 019a 00       		.byte	0
 428 019b 00       		.byte	0
 429              		.comm	USBUART_idSerialNumberStringDescriptor,34,4
 430              		.text
 431              	.Letext0:
 432              		.file 1 "Generated_Source\\PSoC5\\cytypes.h"
 433              		.file 2 "Generated_Source\\PSoC5\\USBUART.h"
 434              		.file 3 "Generated_Source\\PSoC5\\USBUART_descr.c"
 435              		.section	.debug_info,"",%progbits
 436              	.Ldebug_info0:
 437 0000 D6020000 		.4byte	0x2d6
 438 0004 0400     		.2byte	0x4
 439 0006 00000000 		.4byte	.Ldebug_abbrev0
 440 000a 04       		.byte	0x4
 441 000b 01       		.uleb128 0x1
 442 000c 4A000000 		.4byte	.LASF36
 443 0010 0C       		.byte	0xc
 444 0011 2A010000 		.4byte	.LASF37
 445 0015 2E020000 		.4byte	.LASF38
 446 0019 00000000 		.4byte	.Ldebug_line0
 447 001d 02       		.uleb128 0x2
 448 001e 01       		.byte	0x1
 449 001f 06       		.byte	0x6
 450 0020 3C030000 		.4byte	.LASF0
 451 0024 02       		.uleb128 0x2
 452 0025 01       		.byte	0x1
 453 0026 08       		.byte	0x8
 454 0027 95010000 		.4byte	.LASF1
 455 002b 02       		.uleb128 0x2
 456 002c 02       		.byte	0x2
ARM GAS  C:\Users\ikui753\AppData\Local\Temp\cc2KXH2e.s 			page 9


 457 002d 05       		.byte	0x5
 458 002e 19030000 		.4byte	.LASF2
 459 0032 02       		.uleb128 0x2
 460 0033 02       		.byte	0x2
 461 0034 07       		.byte	0x7
 462 0035 48030000 		.4byte	.LASF3
 463 0039 02       		.uleb128 0x2
 464 003a 04       		.byte	0x4
 465 003b 05       		.byte	0x5
 466 003c 33030000 		.4byte	.LASF4
 467 0040 02       		.uleb128 0x2
 468 0041 04       		.byte	0x4
 469 0042 07       		.byte	0x7
 470 0043 CA010000 		.4byte	.LASF5
 471 0047 02       		.uleb128 0x2
 472 0048 08       		.byte	0x8
 473 0049 05       		.byte	0x5
 474 004a ED020000 		.4byte	.LASF6
 475 004e 02       		.uleb128 0x2
 476 004f 08       		.byte	0x8
 477 0050 07       		.byte	0x7
 478 0051 A1020000 		.4byte	.LASF7
 479 0055 03       		.uleb128 0x3
 480 0056 04       		.byte	0x4
 481 0057 05       		.byte	0x5
 482 0058 696E7400 		.ascii	"int\000"
 483 005c 02       		.uleb128 0x2
 484 005d 04       		.byte	0x4
 485 005e 07       		.byte	0x7
 486 005f 86020000 		.4byte	.LASF8
 487 0063 04       		.uleb128 0x4
 488 0064 23030000 		.4byte	.LASF9
 489 0068 01       		.byte	0x1
 490 0069 E701     		.2byte	0x1e7
 491 006b 24000000 		.4byte	0x24
 492 006f 04       		.uleb128 0x4
 493 0070 7F020000 		.4byte	.LASF10
 494 0074 01       		.byte	0x1
 495 0075 E801     		.2byte	0x1e8
 496 0077 32000000 		.4byte	0x32
 497 007b 02       		.uleb128 0x2
 498 007c 04       		.byte	0x4
 499 007d 04       		.byte	0x4
 500 007e 67010000 		.4byte	.LASF11
 501 0082 02       		.uleb128 0x2
 502 0083 08       		.byte	0x8
 503 0084 04       		.byte	0x4
 504 0085 27020000 		.4byte	.LASF12
 505 0089 02       		.uleb128 0x2
 506 008a 01       		.byte	0x1
 507 008b 08       		.byte	0x8
 508 008c FB020000 		.4byte	.LASF13
 509 0090 02       		.uleb128 0x2
 510 0091 04       		.byte	0x4
 511 0092 07       		.byte	0x7
 512 0093 E4020000 		.4byte	.LASF14
 513 0097 05       		.uleb128 0x5
ARM GAS  C:\Users\ikui753\AppData\Local\Temp\cc2KXH2e.s 			page 10


 514 0098 08       		.byte	0x8
 515 0099 02       		.byte	0x2
 516 009a 9B       		.byte	0x9b
 517 009b E8000000 		.4byte	0xe8
 518 009f 06       		.uleb128 0x6
 519 00a0 29030000 		.4byte	.LASF15
 520 00a4 02       		.byte	0x2
 521 00a5 9D       		.byte	0x9d
 522 00a6 63000000 		.4byte	0x63
 523 00aa 00       		.byte	0
 524 00ab 06       		.uleb128 0x6
 525 00ac 8A010000 		.4byte	.LASF16
 526 00b0 02       		.byte	0x2
 527 00b1 9E       		.byte	0x9e
 528 00b2 63000000 		.4byte	0x63
 529 00b6 01       		.byte	0x1
 530 00b7 06       		.uleb128 0x6
 531 00b8 DC010000 		.4byte	.LASF17
 532 00bc 02       		.byte	0x2
 533 00bd 9F       		.byte	0x9f
 534 00be 63000000 		.4byte	0x63
 535 00c2 02       		.byte	0x2
 536 00c3 06       		.uleb128 0x6
 537 00c4 A3010000 		.4byte	.LASF18
 538 00c8 02       		.byte	0x2
 539 00c9 A0       		.byte	0xa0
 540 00ca 63000000 		.4byte	0x63
 541 00ce 03       		.byte	0x3
 542 00cf 06       		.uleb128 0x6
 543 00d0 00030000 		.4byte	.LASF19
 544 00d4 02       		.byte	0x2
 545 00d5 A1       		.byte	0xa1
 546 00d6 6F000000 		.4byte	0x6f
 547 00da 04       		.byte	0x4
 548 00db 06       		.uleb128 0x6
 549 00dc 71030000 		.4byte	.LASF20
 550 00e0 02       		.byte	0x2
 551 00e1 A2       		.byte	0xa2
 552 00e2 63000000 		.4byte	0x63
 553 00e6 06       		.byte	0x6
 554 00e7 00       		.byte	0
 555 00e8 07       		.uleb128 0x7
 556 00e9 AE010000 		.4byte	.LASF21
 557 00ed 02       		.byte	0x2
 558 00ee A3       		.byte	0xa3
 559 00ef 97000000 		.4byte	0x97
 560 00f3 05       		.uleb128 0x5
 561 00f4 08       		.byte	0x8
 562 00f5 02       		.byte	0x2
 563 00f6 B2       		.byte	0xb2
 564 00f7 12010000 		.4byte	0x112
 565 00fb 08       		.uleb128 0x8
 566 00fc 6300     		.ascii	"c\000"
 567 00fe 02       		.byte	0x2
 568 00ff B4       		.byte	0xb4
 569 0100 63000000 		.4byte	0x63
 570 0104 00       		.byte	0
ARM GAS  C:\Users\ikui753\AppData\Local\Temp\cc2KXH2e.s 			page 11


 571 0105 06       		.uleb128 0x6
 572 0106 DD020000 		.4byte	.LASF22
 573 010a 02       		.byte	0x2
 574 010b B5       		.byte	0xb5
 575 010c 12010000 		.4byte	0x112
 576 0110 04       		.byte	0x4
 577 0111 00       		.byte	0
 578 0112 09       		.uleb128 0x9
 579 0113 04       		.byte	0x4
 580 0114 18010000 		.4byte	0x118
 581 0118 0A       		.uleb128 0xa
 582 0119 07       		.uleb128 0x7
 583 011a 93020000 		.4byte	.LASF23
 584 011e 02       		.byte	0x2
 585 011f B6       		.byte	0xb6
 586 0120 F3000000 		.4byte	0xf3
 587 0124 0B       		.uleb128 0xb
 588 0125 34010000 		.4byte	0x134
 589 0129 34010000 		.4byte	0x134
 590 012d 0C       		.uleb128 0xc
 591 012e 90000000 		.4byte	0x90
 592 0132 11       		.byte	0x11
 593 0133 00       		.byte	0
 594 0134 0D       		.uleb128 0xd
 595 0135 63000000 		.4byte	0x63
 596 0139 0E       		.uleb128 0xe
 597 013a 51010000 		.4byte	.LASF24
 598 013e 03       		.byte	0x3
 599 013f 24       		.byte	0x24
 600 0140 4A010000 		.4byte	0x14a
 601 0144 05       		.uleb128 0x5
 602 0145 03       		.byte	0x3
 603 0146 00000000 		.4byte	USBUART_DEVICE0_DESCR
 604 014a 0D       		.uleb128 0xd
 605 014b 24010000 		.4byte	0x124
 606 014f 0B       		.uleb128 0xb
 607 0150 34010000 		.4byte	0x134
 608 0154 5F010000 		.4byte	0x15f
 609 0158 0C       		.uleb128 0xc
 610 0159 90000000 		.4byte	0x90
 611 015d 42       		.byte	0x42
 612 015e 00       		.byte	0
 613 015f 0E       		.uleb128 0xe
 614 0160 B8020000 		.4byte	.LASF25
 615 0164 03       		.byte	0x3
 616 0165 37       		.byte	0x37
 617 0166 70010000 		.4byte	0x170
 618 016a 05       		.uleb128 0x5
 619 016b 03       		.byte	0x3
 620 016c 00000000 		.4byte	USBUART_DEVICE0_CONFIGURATION0_DESCR
 621 0170 0D       		.uleb128 0xd
 622 0171 4F010000 		.4byte	0x14f
 623 0175 0B       		.uleb128 0xb
 624 0176 85010000 		.4byte	0x185
 625 017a 85010000 		.4byte	0x185
 626 017e 0C       		.uleb128 0xc
 627 017f 90000000 		.4byte	0x90
ARM GAS  C:\Users\ikui753\AppData\Local\Temp\cc2KXH2e.s 			page 12


 628 0183 02       		.byte	0x2
 629 0184 00       		.byte	0
 630 0185 0D       		.uleb128 0xd
 631 0186 E8000000 		.4byte	0xe8
 632 018a 0E       		.uleb128 0xe
 633 018b E1000000 		.4byte	.LASF26
 634 018f 03       		.byte	0x3
 635 0190 D8       		.byte	0xd8
 636 0191 9B010000 		.4byte	0x19b
 637 0195 05       		.uleb128 0x5
 638 0196 03       		.byte	0x3
 639 0197 00000000 		.4byte	USBUART_DEVICE0_CONFIGURATION0_EP_SETTINGS_TABLE
 640 019b 0D       		.uleb128 0xd
 641 019c 75010000 		.4byte	0x175
 642 01a0 0B       		.uleb128 0xb
 643 01a1 34010000 		.4byte	0x134
 644 01a5 B0010000 		.4byte	0x1b0
 645 01a9 0C       		.uleb128 0xc
 646 01aa 90000000 		.4byte	0x90
 647 01ae 01       		.byte	0x1
 648 01af 00       		.byte	0
 649 01b0 0E       		.uleb128 0xe
 650 01b1 00000000 		.4byte	.LASF27
 651 01b5 03       		.byte	0x3
 652 01b6 DE       		.byte	0xde
 653 01b7 C1010000 		.4byte	0x1c1
 654 01bb 05       		.uleb128 0x5
 655 01bc 03       		.byte	0x3
 656 01bd 00000000 		.4byte	USBUART_DEVICE0_CONFIGURATION0_INTERFACE_CLASS
 657 01c1 0D       		.uleb128 0xd
 658 01c2 A0010000 		.4byte	0x1a0
 659 01c6 0B       		.uleb128 0xb
 660 01c7 D6010000 		.4byte	0x1d6
 661 01cb D6010000 		.4byte	0x1d6
 662 01cf 0C       		.uleb128 0xc
 663 01d0 90000000 		.4byte	0x90
 664 01d4 04       		.byte	0x4
 665 01d5 00       		.byte	0
 666 01d6 0D       		.uleb128 0xd
 667 01d7 19010000 		.4byte	0x119
 668 01db 0E       		.uleb128 0xe
 669 01dc E1010000 		.4byte	.LASF28
 670 01e0 03       		.byte	0x3
 671 01e1 E6       		.byte	0xe6
 672 01e2 EC010000 		.4byte	0x1ec
 673 01e6 05       		.uleb128 0x5
 674 01e7 03       		.byte	0x3
 675 01e8 00000000 		.4byte	USBUART_DEVICE0_CONFIGURATION0_TABLE
 676 01ec 0D       		.uleb128 0xd
 677 01ed C6010000 		.4byte	0x1c6
 678 01f1 0B       		.uleb128 0xb
 679 01f2 D6010000 		.4byte	0x1d6
 680 01f6 01020000 		.4byte	0x201
 681 01fa 0C       		.uleb128 0xc
 682 01fb 90000000 		.4byte	0x90
 683 01ff 02       		.byte	0x2
 684 0200 00       		.byte	0
ARM GAS  C:\Users\ikui753\AppData\Local\Temp\cc2KXH2e.s 			page 13


 685 0201 0E       		.uleb128 0xe
 686 0202 5B030000 		.4byte	.LASF29
 687 0206 03       		.byte	0x3
 688 0207 F1       		.byte	0xf1
 689 0208 12020000 		.4byte	0x212
 690 020c 05       		.uleb128 0x5
 691 020d 03       		.byte	0x3
 692 020e 00000000 		.4byte	USBUART_DEVICE0_TABLE
 693 0212 0D       		.uleb128 0xd
 694 0213 F1010000 		.4byte	0x1f1
 695 0217 0B       		.uleb128 0xb
 696 0218 D6010000 		.4byte	0x1d6
 697 021c 27020000 		.4byte	0x227
 698 0220 0C       		.uleb128 0xc
 699 0221 90000000 		.4byte	0x90
 700 0225 00       		.byte	0
 701 0226 00       		.byte	0
 702 0227 0E       		.uleb128 0xe
 703 0228 0B030000 		.4byte	.LASF30
 704 022c 03       		.byte	0x3
 705 022d F9       		.byte	0xf9
 706 022e 38020000 		.4byte	0x238
 707 0232 05       		.uleb128 0x5
 708 0233 03       		.byte	0x3
 709 0234 00000000 		.4byte	USBUART_TABLE
 710 0238 0D       		.uleb128 0xd
 711 0239 17020000 		.4byte	0x217
 712 023d 0E       		.uleb128 0xe
 713 023e 6D010000 		.4byte	.LASF31
 714 0242 03       		.byte	0x3
 715 0243 C9       		.byte	0xc9
 716 0244 4E020000 		.4byte	0x24e
 717 0248 05       		.uleb128 0x5
 718 0249 03       		.byte	0x3
 719 024a 00000000 		.4byte	USBUART_SN_STRING_DESCRIPTOR
 720 024e 0D       		.uleb128 0xd
 721 024f A0010000 		.4byte	0x1a0
 722 0253 0B       		.uleb128 0xb
 723 0254 34010000 		.4byte	0x134
 724 0258 63020000 		.4byte	0x263
 725 025c 0C       		.uleb128 0xc
 726 025d 90000000 		.4byte	0x90
 727 0261 9E       		.byte	0x9e
 728 0262 00       		.byte	0
 729 0263 0E       		.uleb128 0xe
 730 0264 2F000000 		.4byte	.LASF32
 731 0268 03       		.byte	0x3
 732 0269 96       		.byte	0x96
 733 026a 74020000 		.4byte	0x274
 734 026e 05       		.uleb128 0x5
 735 026f 03       		.byte	0x3
 736 0270 00000000 		.4byte	USBUART_STRING_DESCRIPTORS
 737 0274 0D       		.uleb128 0xd
 738 0275 53020000 		.4byte	0x253
 739 0279 0F       		.uleb128 0xf
 740 027a 12010000 		.4byte	.LASF33
 741 027e 03       		.byte	0x3
ARM GAS  C:\Users\ikui753\AppData\Local\Temp\cc2KXH2e.s 			page 14


 742 027f 0901     		.2byte	0x109
 743 0281 8B020000 		.4byte	0x28b
 744 0285 05       		.uleb128 0x5
 745 0286 03       		.byte	0x3
 746 0287 00000000 		.4byte	USBUART_MSOS_DESCRIPTOR
 747 028b 0D       		.uleb128 0xd
 748 028c 24010000 		.4byte	0x124
 749 0290 0B       		.uleb128 0xb
 750 0291 34010000 		.4byte	0x134
 751 0295 A0020000 		.4byte	0x2a0
 752 0299 0C       		.uleb128 0xc
 753 029a 90000000 		.4byte	0x90
 754 029e 27       		.byte	0x27
 755 029f 00       		.byte	0
 756 02a0 0F       		.uleb128 0xf
 757 02a1 06020000 		.4byte	.LASF34
 758 02a5 03       		.byte	0x3
 759 02a6 1401     		.2byte	0x114
 760 02a8 B2020000 		.4byte	0x2b2
 761 02ac 05       		.uleb128 0x5
 762 02ad 03       		.byte	0x3
 763 02ae 00000000 		.4byte	USBUART_MSOS_CONFIGURATION_DESCR
 764 02b2 0D       		.uleb128 0xd
 765 02b3 90020000 		.4byte	0x290
 766 02b7 0B       		.uleb128 0xb
 767 02b8 63000000 		.4byte	0x63
 768 02bc C7020000 		.4byte	0x2c7
 769 02c0 0C       		.uleb128 0xc
 770 02c1 90000000 		.4byte	0x90
 771 02c5 21       		.byte	0x21
 772 02c6 00       		.byte	0
 773 02c7 0F       		.uleb128 0xf
 774 02c8 77030000 		.4byte	.LASF35
 775 02cc 03       		.byte	0x3
 776 02cd 2701     		.2byte	0x127
 777 02cf B7020000 		.4byte	0x2b7
 778 02d3 05       		.uleb128 0x5
 779 02d4 03       		.byte	0x3
 780 02d5 00000000 		.4byte	USBUART_idSerialNumberStringDescriptor
 781 02d9 00       		.byte	0
 782              		.section	.debug_abbrev,"",%progbits
 783              	.Ldebug_abbrev0:
 784 0000 01       		.uleb128 0x1
 785 0001 11       		.uleb128 0x11
 786 0002 01       		.byte	0x1
 787 0003 25       		.uleb128 0x25
 788 0004 0E       		.uleb128 0xe
 789 0005 13       		.uleb128 0x13
 790 0006 0B       		.uleb128 0xb
 791 0007 03       		.uleb128 0x3
 792 0008 0E       		.uleb128 0xe
 793 0009 1B       		.uleb128 0x1b
 794 000a 0E       		.uleb128 0xe
 795 000b 10       		.uleb128 0x10
 796 000c 17       		.uleb128 0x17
 797 000d 00       		.byte	0
 798 000e 00       		.byte	0
ARM GAS  C:\Users\ikui753\AppData\Local\Temp\cc2KXH2e.s 			page 15


 799 000f 02       		.uleb128 0x2
 800 0010 24       		.uleb128 0x24
 801 0011 00       		.byte	0
 802 0012 0B       		.uleb128 0xb
 803 0013 0B       		.uleb128 0xb
 804 0014 3E       		.uleb128 0x3e
 805 0015 0B       		.uleb128 0xb
 806 0016 03       		.uleb128 0x3
 807 0017 0E       		.uleb128 0xe
 808 0018 00       		.byte	0
 809 0019 00       		.byte	0
 810 001a 03       		.uleb128 0x3
 811 001b 24       		.uleb128 0x24
 812 001c 00       		.byte	0
 813 001d 0B       		.uleb128 0xb
 814 001e 0B       		.uleb128 0xb
 815 001f 3E       		.uleb128 0x3e
 816 0020 0B       		.uleb128 0xb
 817 0021 03       		.uleb128 0x3
 818 0022 08       		.uleb128 0x8
 819 0023 00       		.byte	0
 820 0024 00       		.byte	0
 821 0025 04       		.uleb128 0x4
 822 0026 16       		.uleb128 0x16
 823 0027 00       		.byte	0
 824 0028 03       		.uleb128 0x3
 825 0029 0E       		.uleb128 0xe
 826 002a 3A       		.uleb128 0x3a
 827 002b 0B       		.uleb128 0xb
 828 002c 3B       		.uleb128 0x3b
 829 002d 05       		.uleb128 0x5
 830 002e 49       		.uleb128 0x49
 831 002f 13       		.uleb128 0x13
 832 0030 00       		.byte	0
 833 0031 00       		.byte	0
 834 0032 05       		.uleb128 0x5
 835 0033 13       		.uleb128 0x13
 836 0034 01       		.byte	0x1
 837 0035 0B       		.uleb128 0xb
 838 0036 0B       		.uleb128 0xb
 839 0037 3A       		.uleb128 0x3a
 840 0038 0B       		.uleb128 0xb
 841 0039 3B       		.uleb128 0x3b
 842 003a 0B       		.uleb128 0xb
 843 003b 01       		.uleb128 0x1
 844 003c 13       		.uleb128 0x13
 845 003d 00       		.byte	0
 846 003e 00       		.byte	0
 847 003f 06       		.uleb128 0x6
 848 0040 0D       		.uleb128 0xd
 849 0041 00       		.byte	0
 850 0042 03       		.uleb128 0x3
 851 0043 0E       		.uleb128 0xe
 852 0044 3A       		.uleb128 0x3a
 853 0045 0B       		.uleb128 0xb
 854 0046 3B       		.uleb128 0x3b
 855 0047 0B       		.uleb128 0xb
ARM GAS  C:\Users\ikui753\AppData\Local\Temp\cc2KXH2e.s 			page 16


 856 0048 49       		.uleb128 0x49
 857 0049 13       		.uleb128 0x13
 858 004a 38       		.uleb128 0x38
 859 004b 0B       		.uleb128 0xb
 860 004c 00       		.byte	0
 861 004d 00       		.byte	0
 862 004e 07       		.uleb128 0x7
 863 004f 16       		.uleb128 0x16
 864 0050 00       		.byte	0
 865 0051 03       		.uleb128 0x3
 866 0052 0E       		.uleb128 0xe
 867 0053 3A       		.uleb128 0x3a
 868 0054 0B       		.uleb128 0xb
 869 0055 3B       		.uleb128 0x3b
 870 0056 0B       		.uleb128 0xb
 871 0057 49       		.uleb128 0x49
 872 0058 13       		.uleb128 0x13
 873 0059 00       		.byte	0
 874 005a 00       		.byte	0
 875 005b 08       		.uleb128 0x8
 876 005c 0D       		.uleb128 0xd
 877 005d 00       		.byte	0
 878 005e 03       		.uleb128 0x3
 879 005f 08       		.uleb128 0x8
 880 0060 3A       		.uleb128 0x3a
 881 0061 0B       		.uleb128 0xb
 882 0062 3B       		.uleb128 0x3b
 883 0063 0B       		.uleb128 0xb
 884 0064 49       		.uleb128 0x49
 885 0065 13       		.uleb128 0x13
 886 0066 38       		.uleb128 0x38
 887 0067 0B       		.uleb128 0xb
 888 0068 00       		.byte	0
 889 0069 00       		.byte	0
 890 006a 09       		.uleb128 0x9
 891 006b 0F       		.uleb128 0xf
 892 006c 00       		.byte	0
 893 006d 0B       		.uleb128 0xb
 894 006e 0B       		.uleb128 0xb
 895 006f 49       		.uleb128 0x49
 896 0070 13       		.uleb128 0x13
 897 0071 00       		.byte	0
 898 0072 00       		.byte	0
 899 0073 0A       		.uleb128 0xa
 900 0074 26       		.uleb128 0x26
 901 0075 00       		.byte	0
 902 0076 00       		.byte	0
 903 0077 00       		.byte	0
 904 0078 0B       		.uleb128 0xb
 905 0079 01       		.uleb128 0x1
 906 007a 01       		.byte	0x1
 907 007b 49       		.uleb128 0x49
 908 007c 13       		.uleb128 0x13
 909 007d 01       		.uleb128 0x1
 910 007e 13       		.uleb128 0x13
 911 007f 00       		.byte	0
 912 0080 00       		.byte	0
ARM GAS  C:\Users\ikui753\AppData\Local\Temp\cc2KXH2e.s 			page 17


 913 0081 0C       		.uleb128 0xc
 914 0082 21       		.uleb128 0x21
 915 0083 00       		.byte	0
 916 0084 49       		.uleb128 0x49
 917 0085 13       		.uleb128 0x13
 918 0086 2F       		.uleb128 0x2f
 919 0087 0B       		.uleb128 0xb
 920 0088 00       		.byte	0
 921 0089 00       		.byte	0
 922 008a 0D       		.uleb128 0xd
 923 008b 26       		.uleb128 0x26
 924 008c 00       		.byte	0
 925 008d 49       		.uleb128 0x49
 926 008e 13       		.uleb128 0x13
 927 008f 00       		.byte	0
 928 0090 00       		.byte	0
 929 0091 0E       		.uleb128 0xe
 930 0092 34       		.uleb128 0x34
 931 0093 00       		.byte	0
 932 0094 03       		.uleb128 0x3
 933 0095 0E       		.uleb128 0xe
 934 0096 3A       		.uleb128 0x3a
 935 0097 0B       		.uleb128 0xb
 936 0098 3B       		.uleb128 0x3b
 937 0099 0B       		.uleb128 0xb
 938 009a 49       		.uleb128 0x49
 939 009b 13       		.uleb128 0x13
 940 009c 3F       		.uleb128 0x3f
 941 009d 19       		.uleb128 0x19
 942 009e 02       		.uleb128 0x2
 943 009f 18       		.uleb128 0x18
 944 00a0 00       		.byte	0
 945 00a1 00       		.byte	0
 946 00a2 0F       		.uleb128 0xf
 947 00a3 34       		.uleb128 0x34
 948 00a4 00       		.byte	0
 949 00a5 03       		.uleb128 0x3
 950 00a6 0E       		.uleb128 0xe
 951 00a7 3A       		.uleb128 0x3a
 952 00a8 0B       		.uleb128 0xb
 953 00a9 3B       		.uleb128 0x3b
 954 00aa 05       		.uleb128 0x5
 955 00ab 49       		.uleb128 0x49
 956 00ac 13       		.uleb128 0x13
 957 00ad 3F       		.uleb128 0x3f
 958 00ae 19       		.uleb128 0x19
 959 00af 02       		.uleb128 0x2
 960 00b0 18       		.uleb128 0x18
 961 00b1 00       		.byte	0
 962 00b2 00       		.byte	0
 963 00b3 00       		.byte	0
 964              		.section	.debug_aranges,"",%progbits
 965 0000 14000000 		.4byte	0x14
 966 0004 0200     		.2byte	0x2
 967 0006 00000000 		.4byte	.Ldebug_info0
 968 000a 04       		.byte	0x4
 969 000b 00       		.byte	0
ARM GAS  C:\Users\ikui753\AppData\Local\Temp\cc2KXH2e.s 			page 18


 970 000c 0000     		.2byte	0
 971 000e 0000     		.2byte	0
 972 0010 00000000 		.4byte	0
 973 0014 00000000 		.4byte	0
 974              		.section	.debug_line,"",%progbits
 975              	.Ldebug_line0:
 976 0000 5D000000 		.section	.debug_str,"MS",%progbits,1
 976      02005700 
 976      00000201 
 976      FB0E0D00 
 976      01010101 
 977              	.LASF27:
 978 0000 55534255 		.ascii	"USBUART_DEVICE0_CONFIGURATION0_INTERFACE_CLASS\000"
 978      4152545F 
 978      44455649 
 978      4345305F 
 978      434F4E46 
 979              	.LASF32:
 980 002f 55534255 		.ascii	"USBUART_STRING_DESCRIPTORS\000"
 980      4152545F 
 980      53545249 
 980      4E475F44 
 980      45534352 
 981              	.LASF36:
 982 004a 474E5520 		.ascii	"GNU C99 5.4.1 20160609 (release) [ARM/embedded-5-br"
 982      43393920 
 982      352E342E 
 982      31203230 
 982      31363036 
 983 007d 616E6368 		.ascii	"anch revision 237715] -mcpu=cortex-m3 -mthumb -g -O"
 983      20726576 
 983      6973696F 
 983      6E203233 
 983      37373135 
 984 00b0 30202D73 		.ascii	"0 -std=c99 -ffunction-sections -ffat-lto-objects\000"
 984      74643D63 
 984      3939202D 
 984      6666756E 
 984      6374696F 
 985              	.LASF26:
 986 00e1 55534255 		.ascii	"USBUART_DEVICE0_CONFIGURATION0_EP_SETTINGS_TABLE\000"
 986      4152545F 
 986      44455649 
 986      4345305F 
 986      434F4E46 
 987              	.LASF33:
 988 0112 55534255 		.ascii	"USBUART_MSOS_DESCRIPTOR\000"
 988      4152545F 
 988      4D534F53 
 988      5F444553 
 988      43524950 
 989              	.LASF37:
 990 012a 47656E65 		.ascii	"Generated_Source\\PSoC5\\USBUART_descr.c\000"
 990      72617465 
 990      645F536F 
 990      75726365 
 990      5C50536F 
ARM GAS  C:\Users\ikui753\AppData\Local\Temp\cc2KXH2e.s 			page 19


 991              	.LASF24:
 992 0151 55534255 		.ascii	"USBUART_DEVICE0_DESCR\000"
 992      4152545F 
 992      44455649 
 992      4345305F 
 992      44455343 
 993              	.LASF11:
 994 0167 666C6F61 		.ascii	"float\000"
 994      7400
 995              	.LASF31:
 996 016d 55534255 		.ascii	"USBUART_SN_STRING_DESCRIPTOR\000"
 996      4152545F 
 996      534E5F53 
 996      5452494E 
 996      475F4445 
 997              	.LASF16:
 998 018a 616C7453 		.ascii	"altSetting\000"
 998      65747469 
 998      6E6700
 999              	.LASF1:
 1000 0195 756E7369 		.ascii	"unsigned char\000"
 1000      676E6564 
 1000      20636861 
 1000      7200
 1001              	.LASF18:
 1002 01a3 61747472 		.ascii	"attributes\000"
 1002      69627574 
 1002      657300
 1003              	.LASF21:
 1004 01ae 545F5553 		.ascii	"T_USBUART_EP_SETTINGS_BLOCK\000"
 1004      42554152 
 1004      545F4550 
 1004      5F534554 
 1004      54494E47 
 1005              	.LASF5:
 1006 01ca 6C6F6E67 		.ascii	"long unsigned int\000"
 1006      20756E73 
 1006      69676E65 
 1006      6420696E 
 1006      7400
 1007              	.LASF17:
 1008 01dc 61646472 		.ascii	"addr\000"
 1008      00
 1009              	.LASF28:
 1010 01e1 55534255 		.ascii	"USBUART_DEVICE0_CONFIGURATION0_TABLE\000"
 1010      4152545F 
 1010      44455649 
 1010      4345305F 
 1010      434F4E46 
 1011              	.LASF34:
 1012 0206 55534255 		.ascii	"USBUART_MSOS_CONFIGURATION_DESCR\000"
 1012      4152545F 
 1012      4D534F53 
 1012      5F434F4E 
 1012      46494755 
 1013              	.LASF12:
 1014 0227 646F7562 		.ascii	"double\000"
ARM GAS  C:\Users\ikui753\AppData\Local\Temp\cc2KXH2e.s 			page 20


 1014      6C6500
 1015              	.LASF38:
 1016 022e 483A5C44 		.ascii	"H:\\Documents\\GitHub\\301-Robot\\psoc student pack"
 1016      6F63756D 
 1016      656E7473 
 1016      5C476974 
 1016      4875625C 
 1017 025d 5C70736F 		.ascii	"\\psoc_code_base\\CS301_Class.cydsn\000"
 1017      635F636F 
 1017      64655F62 
 1017      6173655C 
 1017      43533330 
 1018              	.LASF10:
 1019 027f 75696E74 		.ascii	"uint16\000"
 1019      313600
 1020              	.LASF8:
 1021 0286 756E7369 		.ascii	"unsigned int\000"
 1021      676E6564 
 1021      20696E74 
 1021      00
 1022              	.LASF23:
 1023 0293 545F5553 		.ascii	"T_USBUART_LUT\000"
 1023      42554152 
 1023      545F4C55 
 1023      5400
 1024              	.LASF7:
 1025 02a1 6C6F6E67 		.ascii	"long long unsigned int\000"
 1025      206C6F6E 
 1025      6720756E 
 1025      7369676E 
 1025      65642069 
 1026              	.LASF25:
 1027 02b8 55534255 		.ascii	"USBUART_DEVICE0_CONFIGURATION0_DESCR\000"
 1027      4152545F 
 1027      44455649 
 1027      4345305F 
 1027      434F4E46 
 1028              	.LASF22:
 1029 02dd 705F6C69 		.ascii	"p_list\000"
 1029      737400
 1030              	.LASF14:
 1031 02e4 73697A65 		.ascii	"sizetype\000"
 1031      74797065 
 1031      00
 1032              	.LASF6:
 1033 02ed 6C6F6E67 		.ascii	"long long int\000"
 1033      206C6F6E 
 1033      6720696E 
 1033      7400
 1034              	.LASF13:
 1035 02fb 63686172 		.ascii	"char\000"
 1035      00
 1036              	.LASF19:
 1037 0300 62756666 		.ascii	"bufferSize\000"
 1037      65725369 
 1037      7A6500
 1038              	.LASF30:
ARM GAS  C:\Users\ikui753\AppData\Local\Temp\cc2KXH2e.s 			page 21


 1039 030b 55534255 		.ascii	"USBUART_TABLE\000"
 1039      4152545F 
 1039      5441424C 
 1039      4500
 1040              	.LASF2:
 1041 0319 73686F72 		.ascii	"short int\000"
 1041      7420696E 
 1041      7400
 1042              	.LASF9:
 1043 0323 75696E74 		.ascii	"uint8\000"
 1043      3800
 1044              	.LASF15:
 1045 0329 696E7465 		.ascii	"interface\000"
 1045      72666163 
 1045      6500
 1046              	.LASF4:
 1047 0333 6C6F6E67 		.ascii	"long int\000"
 1047      20696E74 
 1047      00
 1048              	.LASF0:
 1049 033c 7369676E 		.ascii	"signed char\000"
 1049      65642063 
 1049      68617200 
 1050              	.LASF3:
 1051 0348 73686F72 		.ascii	"short unsigned int\000"
 1051      7420756E 
 1051      7369676E 
 1051      65642069 
 1051      6E7400
 1052              	.LASF29:
 1053 035b 55534255 		.ascii	"USBUART_DEVICE0_TABLE\000"
 1053      4152545F 
 1053      44455649 
 1053      4345305F 
 1053      5441424C 
 1054              	.LASF20:
 1055 0371 624D6973 		.ascii	"bMisc\000"
 1055      6300
 1056              	.LASF35:
 1057 0377 55534255 		.ascii	"USBUART_idSerialNumberStringDescriptor\000"
 1057      4152545F 
 1057      69645365 
 1057      7269616C 
 1057      4E756D62 
 1058              		.ident	"GCC: (GNU Tools for ARM Embedded Processors) 5.4.1 20160609 (release) [ARM/embedded-5-bran
