ARM GAS  C:\Users\ikui753\AppData\Local\Temp\cckt9LJW.s 			page 1


   1              		.syntax unified
   2              		.cpu cortex-m3
   3              		.fpu softvfp
   4              		.eabi_attribute 20, 1
   5              		.eabi_attribute 21, 1
   6              		.eabi_attribute 23, 3
   7              		.eabi_attribute 24, 1
   8              		.eabi_attribute 25, 1
   9              		.eabi_attribute 26, 1
  10              		.eabi_attribute 30, 6
  11              		.eabi_attribute 34, 1
  12              		.eabi_attribute 18, 4
  13              		.thumb
  14              		.syntax unified
  15              		.file	"USBUART_msc.c"
  16              		.text
  17              	.Ltext0:
  18              		.cfi_sections	.debug_frame
  19              		.bss
  20              	USBUART_lunCount:
  21 0000 00       		.space	1
  22              		.section	.text.USBUART_DispatchMSCClassRqst,"ax",%progbits
  23              		.align	2
  24              		.global	USBUART_DispatchMSCClassRqst
  25              		.thumb
  26              		.thumb_func
  27              		.type	USBUART_DispatchMSCClassRqst, %function
  28              	USBUART_DispatchMSCClassRqst:
  29              	.LFB0:
  30              		.file 1 "Generated_Source\\PSoC5\\USBUART_msc.c"
   1:Generated_Source\PSoC5/USBUART_msc.c **** /***************************************************************************//**
   2:Generated_Source\PSoC5/USBUART_msc.c **** * \file USBUART_cdc.c
   3:Generated_Source\PSoC5/USBUART_msc.c **** * \version 3.20
   4:Generated_Source\PSoC5/USBUART_msc.c **** *
   5:Generated_Source\PSoC5/USBUART_msc.c **** * \brief
   6:Generated_Source\PSoC5/USBUART_msc.c **** *  This file contains the USB MSC Class request handler and global API for MSC 
   7:Generated_Source\PSoC5/USBUART_msc.c **** *  class.
   8:Generated_Source\PSoC5/USBUART_msc.c **** *
   9:Generated_Source\PSoC5/USBUART_msc.c **** * Related Document:
  10:Generated_Source\PSoC5/USBUART_msc.c **** *  Universal Serial Bus Class Definitions for Communication Devices Version 1.1
  11:Generated_Source\PSoC5/USBUART_msc.c **** *
  12:Generated_Source\PSoC5/USBUART_msc.c **** ********************************************************************************
  13:Generated_Source\PSoC5/USBUART_msc.c **** * \copyright
  14:Generated_Source\PSoC5/USBUART_msc.c **** * Copyright 2012-2016, Cypress Semiconductor Corporation.  All rights reserved.
  15:Generated_Source\PSoC5/USBUART_msc.c **** * You may use this file only in accordance with the license, terms, conditions,
  16:Generated_Source\PSoC5/USBUART_msc.c **** * disclaimers, and limitations in the end user license agreement accompanying
  17:Generated_Source\PSoC5/USBUART_msc.c **** * the software package with which this file was provided.
  18:Generated_Source\PSoC5/USBUART_msc.c **** *******************************************************************************/
  19:Generated_Source\PSoC5/USBUART_msc.c **** 
  20:Generated_Source\PSoC5/USBUART_msc.c **** #include "USBUART_msc.h"
  21:Generated_Source\PSoC5/USBUART_msc.c **** #include "USBUART_pvt.h"
  22:Generated_Source\PSoC5/USBUART_msc.c **** 
  23:Generated_Source\PSoC5/USBUART_msc.c **** 
  24:Generated_Source\PSoC5/USBUART_msc.c **** #if (USBUART_HANDLE_MSC_REQUESTS)
  25:Generated_Source\PSoC5/USBUART_msc.c **** 
  26:Generated_Source\PSoC5/USBUART_msc.c **** /***************************************
  27:Generated_Source\PSoC5/USBUART_msc.c **** *          Internal variables
ARM GAS  C:\Users\ikui753\AppData\Local\Temp\cckt9LJW.s 			page 2


  28:Generated_Source\PSoC5/USBUART_msc.c **** ***************************************/
  29:Generated_Source\PSoC5/USBUART_msc.c **** 
  30:Generated_Source\PSoC5/USBUART_msc.c **** static uint8 USBUART_lunCount = USBUART_MSC_LUN_NUMBER;
  31:Generated_Source\PSoC5/USBUART_msc.c **** 
  32:Generated_Source\PSoC5/USBUART_msc.c **** 
  33:Generated_Source\PSoC5/USBUART_msc.c **** /*******************************************************************************
  34:Generated_Source\PSoC5/USBUART_msc.c **** * Function Name: USBUART_DispatchMSCClassRqst
  35:Generated_Source\PSoC5/USBUART_msc.c **** ****************************************************************************//**
  36:Generated_Source\PSoC5/USBUART_msc.c **** *   
  37:Generated_Source\PSoC5/USBUART_msc.c **** *  \internal 
  38:Generated_Source\PSoC5/USBUART_msc.c **** *  This routine dispatches MSC class requests.
  39:Generated_Source\PSoC5/USBUART_msc.c **** *
  40:Generated_Source\PSoC5/USBUART_msc.c **** * \return
  41:Generated_Source\PSoC5/USBUART_msc.c **** *  Status of request processing: handled or not handled.
  42:Generated_Source\PSoC5/USBUART_msc.c **** *
  43:Generated_Source\PSoC5/USBUART_msc.c **** * \globalvars
  44:Generated_Source\PSoC5/USBUART_msc.c **** *  USBUART_lunCount - stores number of LUN (logical units).
  45:Generated_Source\PSoC5/USBUART_msc.c **** *
  46:Generated_Source\PSoC5/USBUART_msc.c **** * \reentrant
  47:Generated_Source\PSoC5/USBUART_msc.c **** *  No.
  48:Generated_Source\PSoC5/USBUART_msc.c **** *
  49:Generated_Source\PSoC5/USBUART_msc.c **** *******************************************************************************/
  50:Generated_Source\PSoC5/USBUART_msc.c **** uint8 USBUART_DispatchMSCClassRqst(void) 
  51:Generated_Source\PSoC5/USBUART_msc.c **** {
  31              		.loc 1 51 0
  32              		.cfi_startproc
  33              		@ args = 0, pretend = 0, frame = 8
  34              		@ frame_needed = 1, uses_anonymous_args = 0
  35 0000 80B5     		push	{r7, lr}
  36              		.cfi_def_cfa_offset 8
  37              		.cfi_offset 7, -8
  38              		.cfi_offset 14, -4
  39 0002 82B0     		sub	sp, sp, #8
  40              		.cfi_def_cfa_offset 16
  41 0004 00AF     		add	r7, sp, #0
  42              		.cfi_def_cfa_register 7
  52:Generated_Source\PSoC5/USBUART_msc.c ****     uint8 requestHandled = USBUART_FALSE;
  43              		.loc 1 52 0
  44 0006 0023     		movs	r3, #0
  45 0008 FB71     		strb	r3, [r7, #7]
  53:Generated_Source\PSoC5/USBUART_msc.c ****     
  54:Generated_Source\PSoC5/USBUART_msc.c ****     /* Get request data. */
  55:Generated_Source\PSoC5/USBUART_msc.c ****     uint16 value  = USBUART_GET_UINT16(USBUART_wValueHiReg,  USBUART_wValueLoReg);
  46              		.loc 1 55 0
  47 000a 254B     		ldr	r3, .L6
  48 000c DB78     		ldrb	r3, [r3, #3]
  49 000e DBB2     		uxtb	r3, r3
  50 0010 9BB2     		uxth	r3, r3
  51 0012 1B02     		lsls	r3, r3, #8
  52 0014 9AB2     		uxth	r2, r3
  53 0016 224B     		ldr	r3, .L6
  54 0018 9B78     		ldrb	r3, [r3, #2]
  55 001a DBB2     		uxtb	r3, r3
  56 001c 9BB2     		uxth	r3, r3
  57 001e 1343     		orrs	r3, r3, r2
  58 0020 BB80     		strh	r3, [r7, #4]	@ movhi
  56:Generated_Source\PSoC5/USBUART_msc.c ****     uint16 dataLength = USBUART_GET_UINT16(USBUART_wLengthHiReg, USBUART_wLengthLoReg);
ARM GAS  C:\Users\ikui753\AppData\Local\Temp\cckt9LJW.s 			page 3


  59              		.loc 1 56 0
  60 0022 1F4B     		ldr	r3, .L6
  61 0024 DB79     		ldrb	r3, [r3, #7]
  62 0026 DBB2     		uxtb	r3, r3
  63 0028 9BB2     		uxth	r3, r3
  64 002a 1B02     		lsls	r3, r3, #8
  65 002c 9AB2     		uxth	r2, r3
  66 002e 1C4B     		ldr	r3, .L6
  67 0030 9B79     		ldrb	r3, [r3, #6]
  68 0032 DBB2     		uxtb	r3, r3
  69 0034 9BB2     		uxth	r3, r3
  70 0036 1343     		orrs	r3, r3, r2
  71 0038 7B80     		strh	r3, [r7, #2]	@ movhi
  57:Generated_Source\PSoC5/USBUART_msc.c ****        
  58:Generated_Source\PSoC5/USBUART_msc.c ****     /* Check request direction: D2H or H2D. */
  59:Generated_Source\PSoC5/USBUART_msc.c ****     if (0u != (USBUART_bmRequestTypeReg & USBUART_RQST_DIR_D2H))
  72              		.loc 1 59 0
  73 003a 194B     		ldr	r3, .L6
  74 003c 1B78     		ldrb	r3, [r3]
  75 003e DBB2     		uxtb	r3, r3
  76 0040 5BB2     		sxtb	r3, r3
  77 0042 002B     		cmp	r3, #0
  78 0044 15DA     		bge	.L2
  60:Generated_Source\PSoC5/USBUART_msc.c ****     {
  61:Generated_Source\PSoC5/USBUART_msc.c ****         /* Handle direction from device to host. */
  62:Generated_Source\PSoC5/USBUART_msc.c ****         
  63:Generated_Source\PSoC5/USBUART_msc.c ****         if (USBUART_MSC_GET_MAX_LUN == USBUART_bRequestReg)
  79              		.loc 1 63 0
  80 0046 164B     		ldr	r3, .L6
  81 0048 5B78     		ldrb	r3, [r3, #1]
  82 004a DBB2     		uxtb	r3, r3
  83 004c FE2B     		cmp	r3, #254
  84 004e 22D1     		bne	.L4
  64:Generated_Source\PSoC5/USBUART_msc.c ****         {
  65:Generated_Source\PSoC5/USBUART_msc.c ****             /* Check request fields. */
  66:Generated_Source\PSoC5/USBUART_msc.c ****             if ((value  == USBUART_MSC_GET_MAX_LUN_WVALUE) &&
  85              		.loc 1 66 0
  86 0050 BB88     		ldrh	r3, [r7, #4]
  87 0052 002B     		cmp	r3, #0
  88 0054 1FD1     		bne	.L4
  89              		.loc 1 66 0 is_stmt 0 discriminator 1
  90 0056 7B88     		ldrh	r3, [r7, #2]
  91 0058 012B     		cmp	r3, #1
  92 005a 1CD1     		bne	.L4
  67:Generated_Source\PSoC5/USBUART_msc.c ****                 (dataLength == USBUART_MSC_GET_MAX_LUN_WLENGTH))
  68:Generated_Source\PSoC5/USBUART_msc.c ****             {
  69:Generated_Source\PSoC5/USBUART_msc.c ****                 /* Reply to Get Max LUN request: setup control read. */
  70:Generated_Source\PSoC5/USBUART_msc.c ****                 USBUART_currentTD.pData = &USBUART_lunCount;
  93              		.loc 1 70 0 is_stmt 1
  94 005c 114B     		ldr	r3, .L6+4
  95 005e 124A     		ldr	r2, .L6+8
  96 0060 5A60     		str	r2, [r3, #4]
  71:Generated_Source\PSoC5/USBUART_msc.c ****                 USBUART_currentTD.count =  USBUART_MSC_GET_MAX_LUN_WLENGTH;
  97              		.loc 1 71 0
  98 0062 104B     		ldr	r3, .L6+4
  99 0064 0122     		movs	r2, #1
 100 0066 1A80     		strh	r2, [r3]	@ movhi
ARM GAS  C:\Users\ikui753\AppData\Local\Temp\cckt9LJW.s 			page 4


  72:Generated_Source\PSoC5/USBUART_msc.c ****                 
  73:Generated_Source\PSoC5/USBUART_msc.c ****                 requestHandled  = USBUART_InitControlRead();
 101              		.loc 1 73 0
 102 0068 FFF7FEFF 		bl	USBUART_InitControlRead
 103 006c 0346     		mov	r3, r0
 104 006e FB71     		strb	r3, [r7, #7]
 105 0070 11E0     		b	.L4
 106              	.L2:
  74:Generated_Source\PSoC5/USBUART_msc.c ****             }
  75:Generated_Source\PSoC5/USBUART_msc.c ****         }
  76:Generated_Source\PSoC5/USBUART_msc.c ****     }
  77:Generated_Source\PSoC5/USBUART_msc.c ****     else
  78:Generated_Source\PSoC5/USBUART_msc.c ****     {
  79:Generated_Source\PSoC5/USBUART_msc.c ****         /* Handle direction from host to device. */
  80:Generated_Source\PSoC5/USBUART_msc.c ****         
  81:Generated_Source\PSoC5/USBUART_msc.c ****         if (USBUART_MSC_RESET == USBUART_bRequestReg)
 107              		.loc 1 81 0
 108 0072 0B4B     		ldr	r3, .L6
 109 0074 5B78     		ldrb	r3, [r3, #1]
 110 0076 DBB2     		uxtb	r3, r3
 111 0078 FF2B     		cmp	r3, #255
 112 007a 0CD1     		bne	.L4
  82:Generated_Source\PSoC5/USBUART_msc.c ****         {
  83:Generated_Source\PSoC5/USBUART_msc.c ****             /* Check request fields. */
  84:Generated_Source\PSoC5/USBUART_msc.c ****             if ((value  == USBUART_MSC_RESET_WVALUE) &&
 113              		.loc 1 84 0
 114 007c BB88     		ldrh	r3, [r7, #4]
 115 007e 002B     		cmp	r3, #0
 116 0080 09D1     		bne	.L4
 117              		.loc 1 84 0 is_stmt 0 discriminator 1
 118 0082 7B88     		ldrh	r3, [r7, #2]
 119 0084 002B     		cmp	r3, #0
 120 0086 06D1     		bne	.L4
  85:Generated_Source\PSoC5/USBUART_msc.c ****                 (dataLength == USBUART_MSC_RESET_WLENGTH))
  86:Generated_Source\PSoC5/USBUART_msc.c ****             {
  87:Generated_Source\PSoC5/USBUART_msc.c ****                 /* Handle to Bulk-Only Reset request: no data control transfer. */
  88:Generated_Source\PSoC5/USBUART_msc.c ****                 USBUART_currentTD.count = USBUART_MSC_RESET_WLENGTH;
 121              		.loc 1 88 0 is_stmt 1
 122 0088 064B     		ldr	r3, .L6+4
 123 008a 0022     		movs	r2, #0
 124 008c 1A80     		strh	r2, [r3]	@ movhi
  89:Generated_Source\PSoC5/USBUART_msc.c ****                 
  90:Generated_Source\PSoC5/USBUART_msc.c ****             #ifdef USBUART_DISPATCH_MSC_CLASS_MSC_RESET_RQST_CALLBACK
  91:Generated_Source\PSoC5/USBUART_msc.c ****                 USBUART_DispatchMSCClass_MSC_RESET_RQST_Callback();
  92:Generated_Source\PSoC5/USBUART_msc.c ****             #endif /* (USBUART_DISPATCH_MSC_CLASS_MSC_RESET_RQST_CALLBACK) */
  93:Generated_Source\PSoC5/USBUART_msc.c ****                 
  94:Generated_Source\PSoC5/USBUART_msc.c ****                 requestHandled = USBUART_InitNoDataControlTransfer();
 125              		.loc 1 94 0
 126 008e FFF7FEFF 		bl	USBUART_InitNoDataControlTransfer
 127 0092 0346     		mov	r3, r0
 128 0094 FB71     		strb	r3, [r7, #7]
 129              	.L4:
  95:Generated_Source\PSoC5/USBUART_msc.c ****             }
  96:Generated_Source\PSoC5/USBUART_msc.c ****         }
  97:Generated_Source\PSoC5/USBUART_msc.c ****     }
  98:Generated_Source\PSoC5/USBUART_msc.c ****     
  99:Generated_Source\PSoC5/USBUART_msc.c ****     return (requestHandled);
ARM GAS  C:\Users\ikui753\AppData\Local\Temp\cckt9LJW.s 			page 5


 130              		.loc 1 99 0
 131 0096 FB79     		ldrb	r3, [r7, #7]	@ zero_extendqisi2
 100:Generated_Source\PSoC5/USBUART_msc.c **** }
 132              		.loc 1 100 0
 133 0098 1846     		mov	r0, r3
 134 009a 0837     		adds	r7, r7, #8
 135              		.cfi_def_cfa_offset 8
 136 009c BD46     		mov	sp, r7
 137              		.cfi_def_cfa_register 13
 138              		@ sp needed
 139 009e 80BD     		pop	{r7, pc}
 140              	.L7:
 141              		.align	2
 142              	.L6:
 143 00a0 00600040 		.word	1073766400
 144 00a4 00000000 		.word	USBUART_currentTD
 145 00a8 00000000 		.word	USBUART_lunCount
 146              		.cfi_endproc
 147              	.LFE0:
 148              		.size	USBUART_DispatchMSCClassRqst, .-USBUART_DispatchMSCClassRqst
 149              		.section	.text.USBUART_MSC_SetLunCount,"ax",%progbits
 150              		.align	2
 151              		.global	USBUART_MSC_SetLunCount
 152              		.thumb
 153              		.thumb_func
 154              		.type	USBUART_MSC_SetLunCount, %function
 155              	USBUART_MSC_SetLunCount:
 156              	.LFB1:
 101:Generated_Source\PSoC5/USBUART_msc.c **** 
 102:Generated_Source\PSoC5/USBUART_msc.c **** 
 103:Generated_Source\PSoC5/USBUART_msc.c **** /*******************************************************************************
 104:Generated_Source\PSoC5/USBUART_msc.c **** * Function Name: USBUART_MSC_SetLunCount
 105:Generated_Source\PSoC5/USBUART_msc.c **** ****************************************************************************//**
 106:Generated_Source\PSoC5/USBUART_msc.c **** *
 107:Generated_Source\PSoC5/USBUART_msc.c **** *  This function sets the number of logical units supported in the application. 
 108:Generated_Source\PSoC5/USBUART_msc.c **** *  The default number of logical units is set in the component customizer.
 109:Generated_Source\PSoC5/USBUART_msc.c **** *
 110:Generated_Source\PSoC5/USBUART_msc.c **** *  \param lunCount: Count of the logical units. Valid range is between 1 and 16.
 111:Generated_Source\PSoC5/USBUART_msc.c **** *
 112:Generated_Source\PSoC5/USBUART_msc.c **** *
 113:Generated_Source\PSoC5/USBUART_msc.c **** * \globalvars
 114:Generated_Source\PSoC5/USBUART_msc.c **** *  USBUART_lunCount - stores number of LUN (logical units).
 115:Generated_Source\PSoC5/USBUART_msc.c **** *
 116:Generated_Source\PSoC5/USBUART_msc.c **** * \reentrant
 117:Generated_Source\PSoC5/USBUART_msc.c **** *  No.
 118:Generated_Source\PSoC5/USBUART_msc.c **** *
 119:Generated_Source\PSoC5/USBUART_msc.c **** *******************************************************************************/
 120:Generated_Source\PSoC5/USBUART_msc.c **** void USBUART_MSC_SetLunCount(uint8 lunCount) 
 121:Generated_Source\PSoC5/USBUART_msc.c **** {
 157              		.loc 1 121 0
 158              		.cfi_startproc
 159              		@ args = 0, pretend = 0, frame = 8
 160              		@ frame_needed = 1, uses_anonymous_args = 0
 161              		@ link register save eliminated.
 162 0000 80B4     		push	{r7}
 163              		.cfi_def_cfa_offset 4
 164              		.cfi_offset 7, -4
ARM GAS  C:\Users\ikui753\AppData\Local\Temp\cckt9LJW.s 			page 6


 165 0002 83B0     		sub	sp, sp, #12
 166              		.cfi_def_cfa_offset 16
 167 0004 00AF     		add	r7, sp, #0
 168              		.cfi_def_cfa_register 7
 169 0006 0346     		mov	r3, r0
 170 0008 FB71     		strb	r3, [r7, #7]
 122:Generated_Source\PSoC5/USBUART_msc.c ****     USBUART_lunCount = (lunCount - 1u);
 171              		.loc 1 122 0
 172 000a FB79     		ldrb	r3, [r7, #7]
 173 000c 013B     		subs	r3, r3, #1
 174 000e DAB2     		uxtb	r2, r3
 175 0010 034B     		ldr	r3, .L9
 176 0012 1A70     		strb	r2, [r3]
 123:Generated_Source\PSoC5/USBUART_msc.c **** }
 177              		.loc 1 123 0
 178 0014 00BF     		nop
 179 0016 0C37     		adds	r7, r7, #12
 180              		.cfi_def_cfa_offset 4
 181 0018 BD46     		mov	sp, r7
 182              		.cfi_def_cfa_register 13
 183              		@ sp needed
 184 001a 80BC     		pop	{r7}
 185              		.cfi_restore 7
 186              		.cfi_def_cfa_offset 0
 187 001c 7047     		bx	lr
 188              	.L10:
 189 001e 00BF     		.align	2
 190              	.L9:
 191 0020 00000000 		.word	USBUART_lunCount
 192              		.cfi_endproc
 193              	.LFE1:
 194              		.size	USBUART_MSC_SetLunCount, .-USBUART_MSC_SetLunCount
 195              		.section	.text.USBUART_MSC_GetLunCount,"ax",%progbits
 196              		.align	2
 197              		.global	USBUART_MSC_GetLunCount
 198              		.thumb
 199              		.thumb_func
 200              		.type	USBUART_MSC_GetLunCount, %function
 201              	USBUART_MSC_GetLunCount:
 202              	.LFB2:
 124:Generated_Source\PSoC5/USBUART_msc.c **** 
 125:Generated_Source\PSoC5/USBUART_msc.c **** 
 126:Generated_Source\PSoC5/USBUART_msc.c **** /*******************************************************************************
 127:Generated_Source\PSoC5/USBUART_msc.c **** * Function Name: USBUART_MSC_GetLunCount
 128:Generated_Source\PSoC5/USBUART_msc.c **** ****************************************************************************//**
 129:Generated_Source\PSoC5/USBUART_msc.c **** *
 130:Generated_Source\PSoC5/USBUART_msc.c **** *  This function returns the number of logical units.
 131:Generated_Source\PSoC5/USBUART_msc.c **** *
 132:Generated_Source\PSoC5/USBUART_msc.c **** * \return
 133:Generated_Source\PSoC5/USBUART_msc.c **** *   Number of the logical units.
 134:Generated_Source\PSoC5/USBUART_msc.c **** *
 135:Generated_Source\PSoC5/USBUART_msc.c **** * \globalvars
 136:Generated_Source\PSoC5/USBUART_msc.c **** *  USBUART_lunCount - stores number of LUN (logical units).
 137:Generated_Source\PSoC5/USBUART_msc.c **** *
 138:Generated_Source\PSoC5/USBUART_msc.c **** * \reentrant
 139:Generated_Source\PSoC5/USBUART_msc.c **** *  No.
 140:Generated_Source\PSoC5/USBUART_msc.c **** *
ARM GAS  C:\Users\ikui753\AppData\Local\Temp\cckt9LJW.s 			page 7


 141:Generated_Source\PSoC5/USBUART_msc.c **** *******************************************************************************/
 142:Generated_Source\PSoC5/USBUART_msc.c **** uint8 USBUART_MSC_GetLunCount(void) 
 143:Generated_Source\PSoC5/USBUART_msc.c **** {
 203              		.loc 1 143 0
 204              		.cfi_startproc
 205              		@ args = 0, pretend = 0, frame = 0
 206              		@ frame_needed = 1, uses_anonymous_args = 0
 207              		@ link register save eliminated.
 208 0000 80B4     		push	{r7}
 209              		.cfi_def_cfa_offset 4
 210              		.cfi_offset 7, -4
 211 0002 00AF     		add	r7, sp, #0
 212              		.cfi_def_cfa_register 7
 144:Generated_Source\PSoC5/USBUART_msc.c ****     return (USBUART_lunCount + 1u);
 213              		.loc 1 144 0
 214 0004 034B     		ldr	r3, .L13
 215 0006 1B78     		ldrb	r3, [r3]	@ zero_extendqisi2
 216 0008 0133     		adds	r3, r3, #1
 217 000a DBB2     		uxtb	r3, r3
 145:Generated_Source\PSoC5/USBUART_msc.c **** }   
 218              		.loc 1 145 0
 219 000c 1846     		mov	r0, r3
 220 000e BD46     		mov	sp, r7
 221              		.cfi_def_cfa_register 13
 222              		@ sp needed
 223 0010 80BC     		pop	{r7}
 224              		.cfi_restore 7
 225              		.cfi_def_cfa_offset 0
 226 0012 7047     		bx	lr
 227              	.L14:
 228              		.align	2
 229              	.L13:
 230 0014 00000000 		.word	USBUART_lunCount
 231              		.cfi_endproc
 232              	.LFE2:
 233              		.size	USBUART_MSC_GetLunCount, .-USBUART_MSC_GetLunCount
 234              		.text
 235              	.Letext0:
 236              		.file 2 "Generated_Source\\PSoC5\\cytypes.h"
 237              		.file 3 "Generated_Source\\PSoC5\\USBUART.h"
 238              		.file 4 "Generated_Source\\PSoC5\\USBUART_pvt.h"
 239              		.section	.debug_info,"",%progbits
 240              	.Ldebug_info0:
 241 0000 DF010000 		.4byte	0x1df
 242 0004 0400     		.2byte	0x4
 243 0006 00000000 		.4byte	.Ldebug_abbrev0
 244 000a 04       		.byte	0x4
 245 000b 01       		.uleb128 0x1
 246 000c 1E000000 		.4byte	.LASF28
 247 0010 0C       		.byte	0xc
 248 0011 C7010000 		.4byte	.LASF29
 249 0015 5D010000 		.4byte	.LASF30
 250 0019 00000000 		.4byte	.Ldebug_ranges0+0
 251 001d 00000000 		.4byte	0
 252 0021 00000000 		.4byte	.Ldebug_line0
 253 0025 02       		.uleb128 0x2
 254 0026 01       		.byte	0x1
ARM GAS  C:\Users\ikui753\AppData\Local\Temp\cckt9LJW.s 			page 8


 255 0027 06       		.byte	0x6
 256 0028 AE020000 		.4byte	.LASF0
 257 002c 02       		.uleb128 0x2
 258 002d 01       		.byte	0x1
 259 002e 08       		.byte	0x8
 260 002f 06010000 		.4byte	.LASF1
 261 0033 02       		.uleb128 0x2
 262 0034 02       		.byte	0x2
 263 0035 05       		.byte	0x5
 264 0036 74020000 		.4byte	.LASF2
 265 003a 02       		.uleb128 0x2
 266 003b 02       		.byte	0x2
 267 003c 07       		.byte	0x7
 268 003d D9000000 		.4byte	.LASF3
 269 0041 02       		.uleb128 0x2
 270 0042 04       		.byte	0x4
 271 0043 05       		.byte	0x5
 272 0044 A5020000 		.4byte	.LASF4
 273 0048 02       		.uleb128 0x2
 274 0049 04       		.byte	0x4
 275 004a 07       		.byte	0x7
 276 004b 3E010000 		.4byte	.LASF5
 277 004f 02       		.uleb128 0x2
 278 0050 08       		.byte	0x8
 279 0051 05       		.byte	0x5
 280 0052 61020000 		.4byte	.LASF6
 281 0056 02       		.uleb128 0x2
 282 0057 08       		.byte	0x8
 283 0058 07       		.byte	0x7
 284 0059 F9010000 		.4byte	.LASF7
 285 005d 03       		.uleb128 0x3
 286 005e 04       		.byte	0x4
 287 005f 05       		.byte	0x5
 288 0060 696E7400 		.ascii	"int\000"
 289 0064 02       		.uleb128 0x2
 290 0065 04       		.byte	0x4
 291 0066 07       		.byte	0x7
 292 0067 EC010000 		.4byte	.LASF8
 293 006b 04       		.uleb128 0x4
 294 006c 50010000 		.4byte	.LASF9
 295 0070 02       		.byte	0x2
 296 0071 E701     		.2byte	0x1e7
 297 0073 2C000000 		.4byte	0x2c
 298 0077 04       		.uleb128 0x4
 299 0078 C0010000 		.4byte	.LASF10
 300 007c 02       		.byte	0x2
 301 007d E801     		.2byte	0x1e8
 302 007f 3A000000 		.4byte	0x3a
 303 0083 02       		.uleb128 0x2
 304 0084 04       		.byte	0x4
 305 0085 04       		.byte	0x4
 306 0086 00010000 		.4byte	.LASF11
 307 008a 02       		.uleb128 0x2
 308 008b 08       		.byte	0x8
 309 008c 04       		.byte	0x4
 310 008d 56010000 		.4byte	.LASF12
 311 0091 02       		.uleb128 0x2
ARM GAS  C:\Users\ikui753\AppData\Local\Temp\cckt9LJW.s 			page 9


 312 0092 01       		.byte	0x1
 313 0093 08       		.byte	0x8
 314 0094 6F020000 		.4byte	.LASF13
 315 0098 05       		.uleb128 0x5
 316 0099 6B000000 		.4byte	0x6b
 317 009d 02       		.uleb128 0x2
 318 009e 04       		.byte	0x4
 319 009f 07       		.byte	0x7
 320 00a0 58020000 		.4byte	.LASF14
 321 00a4 06       		.uleb128 0x6
 322 00a5 04       		.byte	0x4
 323 00a6 03       		.byte	0x3
 324 00a7 A5       		.byte	0xa5
 325 00a8 C5000000 		.4byte	0xc5
 326 00ac 07       		.uleb128 0x7
 327 00ad EC000000 		.4byte	.LASF15
 328 00b1 03       		.byte	0x3
 329 00b2 A7       		.byte	0xa7
 330 00b3 6B000000 		.4byte	0x6b
 331 00b7 00       		.byte	0
 332 00b8 07       		.uleb128 0x7
 333 00b9 BA020000 		.4byte	.LASF16
 334 00bd 03       		.byte	0x3
 335 00be A8       		.byte	0xa8
 336 00bf 77000000 		.4byte	0x77
 337 00c3 02       		.byte	0x2
 338 00c4 00       		.byte	0
 339 00c5 08       		.uleb128 0x8
 340 00c6 24020000 		.4byte	.LASF17
 341 00ca 03       		.byte	0x3
 342 00cb A9       		.byte	0xa9
 343 00cc A4000000 		.4byte	0xa4
 344 00d0 06       		.uleb128 0x6
 345 00d1 0C       		.byte	0xc
 346 00d2 03       		.byte	0x3
 347 00d3 AB       		.byte	0xab
 348 00d4 FD000000 		.4byte	0xfd
 349 00d8 07       		.uleb128 0x7
 350 00d9 BB000000 		.4byte	.LASF18
 351 00dd 03       		.byte	0x3
 352 00de AD       		.byte	0xad
 353 00df 77000000 		.4byte	0x77
 354 00e3 00       		.byte	0
 355 00e4 07       		.uleb128 0x7
 356 00e5 F3000000 		.4byte	.LASF19
 357 00e9 03       		.byte	0x3
 358 00ea AE       		.byte	0xae
 359 00eb FD000000 		.4byte	0xfd
 360 00ef 04       		.byte	0x4
 361 00f0 07       		.uleb128 0x7
 362 00f1 11000000 		.4byte	.LASF20
 363 00f5 03       		.byte	0x3
 364 00f6 AF       		.byte	0xaf
 365 00f7 03010000 		.4byte	0x103
 366 00fb 08       		.byte	0x8
 367 00fc 00       		.byte	0
 368 00fd 09       		.uleb128 0x9
ARM GAS  C:\Users\ikui753\AppData\Local\Temp\cckt9LJW.s 			page 10


 369 00fe 04       		.byte	0x4
 370 00ff 98000000 		.4byte	0x98
 371 0103 09       		.uleb128 0x9
 372 0104 04       		.byte	0x4
 373 0105 C5000000 		.4byte	0xc5
 374 0109 08       		.uleb128 0x8
 375 010a 31010000 		.4byte	.LASF21
 376 010e 03       		.byte	0x3
 377 010f B0       		.byte	0xb0
 378 0110 D0000000 		.4byte	0xd0
 379 0114 06       		.uleb128 0x6
 380 0115 08       		.byte	0x8
 381 0116 03       		.byte	0x3
 382 0117 C6       		.byte	0xc6
 383 0118 29010000 		.4byte	0x129
 384 011c 07       		.uleb128 0x7
 385 011d F9000000 		.4byte	.LASF22
 386 0121 03       		.byte	0x3
 387 0122 C8       		.byte	0xc8
 388 0123 29010000 		.4byte	0x129
 389 0127 00       		.byte	0
 390 0128 00       		.byte	0
 391 0129 0A       		.uleb128 0xa
 392 012a 6B000000 		.4byte	0x6b
 393 012e 39010000 		.4byte	0x139
 394 0132 0B       		.uleb128 0xb
 395 0133 9D000000 		.4byte	0x9d
 396 0137 07       		.byte	0x7
 397 0138 00       		.byte	0
 398 0139 08       		.uleb128 0x8
 399 013a 40020000 		.4byte	.LASF23
 400 013e 03       		.byte	0x3
 401 013f C9       		.byte	0xc9
 402 0140 14010000 		.4byte	0x114
 403 0144 0C       		.uleb128 0xc
 404 0145 14010000 		.4byte	.LASF31
 405 0149 01       		.byte	0x1
 406 014a 32       		.byte	0x32
 407 014b 6B000000 		.4byte	0x6b
 408 014f 00000000 		.4byte	.LFB0
 409 0153 AC000000 		.4byte	.LFE0-.LFB0
 410 0157 01       		.uleb128 0x1
 411 0158 9C       		.byte	0x9c
 412 0159 88010000 		.4byte	0x188
 413 015d 0D       		.uleb128 0xd
 414 015e 96020000 		.4byte	.LASF24
 415 0162 01       		.byte	0x1
 416 0163 34       		.byte	0x34
 417 0164 6B000000 		.4byte	0x6b
 418 0168 02       		.uleb128 0x2
 419 0169 91       		.byte	0x91
 420 016a 77       		.sleb128 -9
 421 016b 0D       		.uleb128 0xd
 422 016c B5000000 		.4byte	.LASF25
 423 0170 01       		.byte	0x1
 424 0171 37       		.byte	0x37
 425 0172 77000000 		.4byte	0x77
ARM GAS  C:\Users\ikui753\AppData\Local\Temp\cckt9LJW.s 			page 11


 426 0176 02       		.uleb128 0x2
 427 0177 91       		.byte	0x91
 428 0178 74       		.sleb128 -12
 429 0179 0D       		.uleb128 0xd
 430 017a 19020000 		.4byte	.LASF26
 431 017e 01       		.byte	0x1
 432 017f 38       		.byte	0x38
 433 0180 77000000 		.4byte	0x77
 434 0184 02       		.uleb128 0x2
 435 0185 91       		.byte	0x91
 436 0186 72       		.sleb128 -14
 437 0187 00       		.byte	0
 438 0188 0E       		.uleb128 0xe
 439 0189 C1000000 		.4byte	.LASF32
 440 018d 01       		.byte	0x1
 441 018e 78       		.byte	0x78
 442 018f 00000000 		.4byte	.LFB1
 443 0193 24000000 		.4byte	.LFE1-.LFB1
 444 0197 01       		.uleb128 0x1
 445 0198 9C       		.byte	0x9c
 446 0199 AC010000 		.4byte	0x1ac
 447 019d 0F       		.uleb128 0xf
 448 019e 10020000 		.4byte	.LASF33
 449 01a2 01       		.byte	0x1
 450 01a3 78       		.byte	0x78
 451 01a4 6B000000 		.4byte	0x6b
 452 01a8 02       		.uleb128 0x2
 453 01a9 91       		.byte	0x91
 454 01aa 77       		.sleb128 -9
 455 01ab 00       		.byte	0
 456 01ac 10       		.uleb128 0x10
 457 01ad 7E020000 		.4byte	.LASF34
 458 01b1 01       		.byte	0x1
 459 01b2 8E       		.byte	0x8e
 460 01b3 6B000000 		.4byte	0x6b
 461 01b7 00000000 		.4byte	.LFB2
 462 01bb 18000000 		.4byte	.LFE2-.LFB2
 463 01bf 01       		.uleb128 0x1
 464 01c0 9C       		.byte	0x9c
 465 01c1 0D       		.uleb128 0xd
 466 01c2 00000000 		.4byte	.LASF27
 467 01c6 01       		.byte	0x1
 468 01c7 1E       		.byte	0x1e
 469 01c8 6B000000 		.4byte	0x6b
 470 01cc 05       		.uleb128 0x5
 471 01cd 03       		.byte	0x3
 472 01ce 00000000 		.4byte	USBUART_lunCount
 473 01d2 11       		.uleb128 0x11
 474 01d3 AE010000 		.4byte	.LASF35
 475 01d7 04       		.byte	0x4
 476 01d8 7A       		.byte	0x7a
 477 01d9 DD010000 		.4byte	0x1dd
 478 01dd 05       		.uleb128 0x5
 479 01de 09010000 		.4byte	0x109
 480 01e2 00       		.byte	0
 481              		.section	.debug_abbrev,"",%progbits
 482              	.Ldebug_abbrev0:
ARM GAS  C:\Users\ikui753\AppData\Local\Temp\cckt9LJW.s 			page 12


 483 0000 01       		.uleb128 0x1
 484 0001 11       		.uleb128 0x11
 485 0002 01       		.byte	0x1
 486 0003 25       		.uleb128 0x25
 487 0004 0E       		.uleb128 0xe
 488 0005 13       		.uleb128 0x13
 489 0006 0B       		.uleb128 0xb
 490 0007 03       		.uleb128 0x3
 491 0008 0E       		.uleb128 0xe
 492 0009 1B       		.uleb128 0x1b
 493 000a 0E       		.uleb128 0xe
 494 000b 55       		.uleb128 0x55
 495 000c 17       		.uleb128 0x17
 496 000d 11       		.uleb128 0x11
 497 000e 01       		.uleb128 0x1
 498 000f 10       		.uleb128 0x10
 499 0010 17       		.uleb128 0x17
 500 0011 00       		.byte	0
 501 0012 00       		.byte	0
 502 0013 02       		.uleb128 0x2
 503 0014 24       		.uleb128 0x24
 504 0015 00       		.byte	0
 505 0016 0B       		.uleb128 0xb
 506 0017 0B       		.uleb128 0xb
 507 0018 3E       		.uleb128 0x3e
 508 0019 0B       		.uleb128 0xb
 509 001a 03       		.uleb128 0x3
 510 001b 0E       		.uleb128 0xe
 511 001c 00       		.byte	0
 512 001d 00       		.byte	0
 513 001e 03       		.uleb128 0x3
 514 001f 24       		.uleb128 0x24
 515 0020 00       		.byte	0
 516 0021 0B       		.uleb128 0xb
 517 0022 0B       		.uleb128 0xb
 518 0023 3E       		.uleb128 0x3e
 519 0024 0B       		.uleb128 0xb
 520 0025 03       		.uleb128 0x3
 521 0026 08       		.uleb128 0x8
 522 0027 00       		.byte	0
 523 0028 00       		.byte	0
 524 0029 04       		.uleb128 0x4
 525 002a 16       		.uleb128 0x16
 526 002b 00       		.byte	0
 527 002c 03       		.uleb128 0x3
 528 002d 0E       		.uleb128 0xe
 529 002e 3A       		.uleb128 0x3a
 530 002f 0B       		.uleb128 0xb
 531 0030 3B       		.uleb128 0x3b
 532 0031 05       		.uleb128 0x5
 533 0032 49       		.uleb128 0x49
 534 0033 13       		.uleb128 0x13
 535 0034 00       		.byte	0
 536 0035 00       		.byte	0
 537 0036 05       		.uleb128 0x5
 538 0037 35       		.uleb128 0x35
 539 0038 00       		.byte	0
ARM GAS  C:\Users\ikui753\AppData\Local\Temp\cckt9LJW.s 			page 13


 540 0039 49       		.uleb128 0x49
 541 003a 13       		.uleb128 0x13
 542 003b 00       		.byte	0
 543 003c 00       		.byte	0
 544 003d 06       		.uleb128 0x6
 545 003e 13       		.uleb128 0x13
 546 003f 01       		.byte	0x1
 547 0040 0B       		.uleb128 0xb
 548 0041 0B       		.uleb128 0xb
 549 0042 3A       		.uleb128 0x3a
 550 0043 0B       		.uleb128 0xb
 551 0044 3B       		.uleb128 0x3b
 552 0045 0B       		.uleb128 0xb
 553 0046 01       		.uleb128 0x1
 554 0047 13       		.uleb128 0x13
 555 0048 00       		.byte	0
 556 0049 00       		.byte	0
 557 004a 07       		.uleb128 0x7
 558 004b 0D       		.uleb128 0xd
 559 004c 00       		.byte	0
 560 004d 03       		.uleb128 0x3
 561 004e 0E       		.uleb128 0xe
 562 004f 3A       		.uleb128 0x3a
 563 0050 0B       		.uleb128 0xb
 564 0051 3B       		.uleb128 0x3b
 565 0052 0B       		.uleb128 0xb
 566 0053 49       		.uleb128 0x49
 567 0054 13       		.uleb128 0x13
 568 0055 38       		.uleb128 0x38
 569 0056 0B       		.uleb128 0xb
 570 0057 00       		.byte	0
 571 0058 00       		.byte	0
 572 0059 08       		.uleb128 0x8
 573 005a 16       		.uleb128 0x16
 574 005b 00       		.byte	0
 575 005c 03       		.uleb128 0x3
 576 005d 0E       		.uleb128 0xe
 577 005e 3A       		.uleb128 0x3a
 578 005f 0B       		.uleb128 0xb
 579 0060 3B       		.uleb128 0x3b
 580 0061 0B       		.uleb128 0xb
 581 0062 49       		.uleb128 0x49
 582 0063 13       		.uleb128 0x13
 583 0064 00       		.byte	0
 584 0065 00       		.byte	0
 585 0066 09       		.uleb128 0x9
 586 0067 0F       		.uleb128 0xf
 587 0068 00       		.byte	0
 588 0069 0B       		.uleb128 0xb
 589 006a 0B       		.uleb128 0xb
 590 006b 49       		.uleb128 0x49
 591 006c 13       		.uleb128 0x13
 592 006d 00       		.byte	0
 593 006e 00       		.byte	0
 594 006f 0A       		.uleb128 0xa
 595 0070 01       		.uleb128 0x1
 596 0071 01       		.byte	0x1
ARM GAS  C:\Users\ikui753\AppData\Local\Temp\cckt9LJW.s 			page 14


 597 0072 49       		.uleb128 0x49
 598 0073 13       		.uleb128 0x13
 599 0074 01       		.uleb128 0x1
 600 0075 13       		.uleb128 0x13
 601 0076 00       		.byte	0
 602 0077 00       		.byte	0
 603 0078 0B       		.uleb128 0xb
 604 0079 21       		.uleb128 0x21
 605 007a 00       		.byte	0
 606 007b 49       		.uleb128 0x49
 607 007c 13       		.uleb128 0x13
 608 007d 2F       		.uleb128 0x2f
 609 007e 0B       		.uleb128 0xb
 610 007f 00       		.byte	0
 611 0080 00       		.byte	0
 612 0081 0C       		.uleb128 0xc
 613 0082 2E       		.uleb128 0x2e
 614 0083 01       		.byte	0x1
 615 0084 3F       		.uleb128 0x3f
 616 0085 19       		.uleb128 0x19
 617 0086 03       		.uleb128 0x3
 618 0087 0E       		.uleb128 0xe
 619 0088 3A       		.uleb128 0x3a
 620 0089 0B       		.uleb128 0xb
 621 008a 3B       		.uleb128 0x3b
 622 008b 0B       		.uleb128 0xb
 623 008c 27       		.uleb128 0x27
 624 008d 19       		.uleb128 0x19
 625 008e 49       		.uleb128 0x49
 626 008f 13       		.uleb128 0x13
 627 0090 11       		.uleb128 0x11
 628 0091 01       		.uleb128 0x1
 629 0092 12       		.uleb128 0x12
 630 0093 06       		.uleb128 0x6
 631 0094 40       		.uleb128 0x40
 632 0095 18       		.uleb128 0x18
 633 0096 9642     		.uleb128 0x2116
 634 0098 19       		.uleb128 0x19
 635 0099 01       		.uleb128 0x1
 636 009a 13       		.uleb128 0x13
 637 009b 00       		.byte	0
 638 009c 00       		.byte	0
 639 009d 0D       		.uleb128 0xd
 640 009e 34       		.uleb128 0x34
 641 009f 00       		.byte	0
 642 00a0 03       		.uleb128 0x3
 643 00a1 0E       		.uleb128 0xe
 644 00a2 3A       		.uleb128 0x3a
 645 00a3 0B       		.uleb128 0xb
 646 00a4 3B       		.uleb128 0x3b
 647 00a5 0B       		.uleb128 0xb
 648 00a6 49       		.uleb128 0x49
 649 00a7 13       		.uleb128 0x13
 650 00a8 02       		.uleb128 0x2
 651 00a9 18       		.uleb128 0x18
 652 00aa 00       		.byte	0
 653 00ab 00       		.byte	0
ARM GAS  C:\Users\ikui753\AppData\Local\Temp\cckt9LJW.s 			page 15


 654 00ac 0E       		.uleb128 0xe
 655 00ad 2E       		.uleb128 0x2e
 656 00ae 01       		.byte	0x1
 657 00af 3F       		.uleb128 0x3f
 658 00b0 19       		.uleb128 0x19
 659 00b1 03       		.uleb128 0x3
 660 00b2 0E       		.uleb128 0xe
 661 00b3 3A       		.uleb128 0x3a
 662 00b4 0B       		.uleb128 0xb
 663 00b5 3B       		.uleb128 0x3b
 664 00b6 0B       		.uleb128 0xb
 665 00b7 27       		.uleb128 0x27
 666 00b8 19       		.uleb128 0x19
 667 00b9 11       		.uleb128 0x11
 668 00ba 01       		.uleb128 0x1
 669 00bb 12       		.uleb128 0x12
 670 00bc 06       		.uleb128 0x6
 671 00bd 40       		.uleb128 0x40
 672 00be 18       		.uleb128 0x18
 673 00bf 9742     		.uleb128 0x2117
 674 00c1 19       		.uleb128 0x19
 675 00c2 01       		.uleb128 0x1
 676 00c3 13       		.uleb128 0x13
 677 00c4 00       		.byte	0
 678 00c5 00       		.byte	0
 679 00c6 0F       		.uleb128 0xf
 680 00c7 05       		.uleb128 0x5
 681 00c8 00       		.byte	0
 682 00c9 03       		.uleb128 0x3
 683 00ca 0E       		.uleb128 0xe
 684 00cb 3A       		.uleb128 0x3a
 685 00cc 0B       		.uleb128 0xb
 686 00cd 3B       		.uleb128 0x3b
 687 00ce 0B       		.uleb128 0xb
 688 00cf 49       		.uleb128 0x49
 689 00d0 13       		.uleb128 0x13
 690 00d1 02       		.uleb128 0x2
 691 00d2 18       		.uleb128 0x18
 692 00d3 00       		.byte	0
 693 00d4 00       		.byte	0
 694 00d5 10       		.uleb128 0x10
 695 00d6 2E       		.uleb128 0x2e
 696 00d7 00       		.byte	0
 697 00d8 3F       		.uleb128 0x3f
 698 00d9 19       		.uleb128 0x19
 699 00da 03       		.uleb128 0x3
 700 00db 0E       		.uleb128 0xe
 701 00dc 3A       		.uleb128 0x3a
 702 00dd 0B       		.uleb128 0xb
 703 00de 3B       		.uleb128 0x3b
 704 00df 0B       		.uleb128 0xb
 705 00e0 27       		.uleb128 0x27
 706 00e1 19       		.uleb128 0x19
 707 00e2 49       		.uleb128 0x49
 708 00e3 13       		.uleb128 0x13
 709 00e4 11       		.uleb128 0x11
 710 00e5 01       		.uleb128 0x1
ARM GAS  C:\Users\ikui753\AppData\Local\Temp\cckt9LJW.s 			page 16


 711 00e6 12       		.uleb128 0x12
 712 00e7 06       		.uleb128 0x6
 713 00e8 40       		.uleb128 0x40
 714 00e9 18       		.uleb128 0x18
 715 00ea 9742     		.uleb128 0x2117
 716 00ec 19       		.uleb128 0x19
 717 00ed 00       		.byte	0
 718 00ee 00       		.byte	0
 719 00ef 11       		.uleb128 0x11
 720 00f0 34       		.uleb128 0x34
 721 00f1 00       		.byte	0
 722 00f2 03       		.uleb128 0x3
 723 00f3 0E       		.uleb128 0xe
 724 00f4 3A       		.uleb128 0x3a
 725 00f5 0B       		.uleb128 0xb
 726 00f6 3B       		.uleb128 0x3b
 727 00f7 0B       		.uleb128 0xb
 728 00f8 49       		.uleb128 0x49
 729 00f9 13       		.uleb128 0x13
 730 00fa 3F       		.uleb128 0x3f
 731 00fb 19       		.uleb128 0x19
 732 00fc 3C       		.uleb128 0x3c
 733 00fd 19       		.uleb128 0x19
 734 00fe 00       		.byte	0
 735 00ff 00       		.byte	0
 736 0100 00       		.byte	0
 737              		.section	.debug_aranges,"",%progbits
 738 0000 2C000000 		.4byte	0x2c
 739 0004 0200     		.2byte	0x2
 740 0006 00000000 		.4byte	.Ldebug_info0
 741 000a 04       		.byte	0x4
 742 000b 00       		.byte	0
 743 000c 0000     		.2byte	0
 744 000e 0000     		.2byte	0
 745 0010 00000000 		.4byte	.LFB0
 746 0014 AC000000 		.4byte	.LFE0-.LFB0
 747 0018 00000000 		.4byte	.LFB1
 748 001c 24000000 		.4byte	.LFE1-.LFB1
 749 0020 00000000 		.4byte	.LFB2
 750 0024 18000000 		.4byte	.LFE2-.LFB2
 751 0028 00000000 		.4byte	0
 752 002c 00000000 		.4byte	0
 753              		.section	.debug_ranges,"",%progbits
 754              	.Ldebug_ranges0:
 755 0000 00000000 		.4byte	.LFB0
 756 0004 AC000000 		.4byte	.LFE0
 757 0008 00000000 		.4byte	.LFB1
 758 000c 24000000 		.4byte	.LFE1
 759 0010 00000000 		.4byte	.LFB2
 760 0014 18000000 		.4byte	.LFE2
 761 0018 00000000 		.4byte	0
 762 001c 00000000 		.4byte	0
 763              		.section	.debug_line,"",%progbits
 764              	.Ldebug_line0:
 765 0000 BC000000 		.section	.debug_str,"MS",%progbits,1
 765      02006600 
 765      00000201 
ARM GAS  C:\Users\ikui753\AppData\Local\Temp\cckt9LJW.s 			page 17


 765      FB0E0D00 
 765      01010101 
 766              	.LASF27:
 767 0000 55534255 		.ascii	"USBUART_lunCount\000"
 767      4152545F 
 767      6C756E43 
 767      6F756E74 
 767      00
 768              	.LASF20:
 769 0011 70537461 		.ascii	"pStatusBlock\000"
 769      74757342 
 769      6C6F636B 
 769      00
 770              	.LASF28:
 771 001e 474E5520 		.ascii	"GNU C99 5.4.1 20160609 (release) [ARM/embedded-5-br"
 771      43393920 
 771      352E342E 
 771      31203230 
 771      31363036 
 772 0051 616E6368 		.ascii	"anch revision 237715] -mcpu=cortex-m3 -mthumb -g -O"
 772      20726576 
 772      6973696F 
 772      6E203233 
 772      37373135 
 773 0084 30202D73 		.ascii	"0 -std=c99 -ffunction-sections -ffat-lto-objects\000"
 773      74643D63 
 773      3939202D 
 773      6666756E 
 773      6374696F 
 774              	.LASF25:
 775 00b5 76616C75 		.ascii	"value\000"
 775      6500
 776              	.LASF18:
 777 00bb 636F756E 		.ascii	"count\000"
 777      7400
 778              	.LASF32:
 779 00c1 55534255 		.ascii	"USBUART_MSC_SetLunCount\000"
 779      4152545F 
 779      4D53435F 
 779      5365744C 
 779      756E436F 
 780              	.LASF3:
 781 00d9 73686F72 		.ascii	"short unsigned int\000"
 781      7420756E 
 781      7369676E 
 781      65642069 
 781      6E7400
 782              	.LASF15:
 783 00ec 73746174 		.ascii	"status\000"
 783      757300
 784              	.LASF19:
 785 00f3 70446174 		.ascii	"pData\000"
 785      6100
 786              	.LASF22:
 787 00f9 65704461 		.ascii	"epData\000"
 787      746100
 788              	.LASF11:
ARM GAS  C:\Users\ikui753\AppData\Local\Temp\cckt9LJW.s 			page 18


 789 0100 666C6F61 		.ascii	"float\000"
 789      7400
 790              	.LASF1:
 791 0106 756E7369 		.ascii	"unsigned char\000"
 791      676E6564 
 791      20636861 
 791      7200
 792              	.LASF31:
 793 0114 55534255 		.ascii	"USBUART_DispatchMSCClassRqst\000"
 793      4152545F 
 793      44697370 
 793      61746368 
 793      4D534343 
 794              	.LASF21:
 795 0131 545F5553 		.ascii	"T_USBUART_TD\000"
 795      42554152 
 795      545F5444 
 795      00
 796              	.LASF5:
 797 013e 6C6F6E67 		.ascii	"long unsigned int\000"
 797      20756E73 
 797      69676E65 
 797      6420696E 
 797      7400
 798              	.LASF9:
 799 0150 75696E74 		.ascii	"uint8\000"
 799      3800
 800              	.LASF12:
 801 0156 646F7562 		.ascii	"double\000"
 801      6C6500
 802              	.LASF30:
 803 015d 483A5C44 		.ascii	"H:\\Documents\\GitHub\\301-Robot\\psoc student pack"
 803      6F63756D 
 803      656E7473 
 803      5C476974 
 803      4875625C 
 804 018c 5C70736F 		.ascii	"\\psoc_code_base\\CS301_Class.cydsn\000"
 804      635F636F 
 804      64655F62 
 804      6173655C 
 804      43533330 
 805              	.LASF35:
 806 01ae 55534255 		.ascii	"USBUART_currentTD\000"
 806      4152545F 
 806      63757272 
 806      656E7454 
 806      4400
 807              	.LASF10:
 808 01c0 75696E74 		.ascii	"uint16\000"
 808      313600
 809              	.LASF29:
 810 01c7 47656E65 		.ascii	"Generated_Source\\PSoC5\\USBUART_msc.c\000"
 810      72617465 
 810      645F536F 
 810      75726365 
 810      5C50536F 
 811              	.LASF8:
ARM GAS  C:\Users\ikui753\AppData\Local\Temp\cckt9LJW.s 			page 19


 812 01ec 756E7369 		.ascii	"unsigned int\000"
 812      676E6564 
 812      20696E74 
 812      00
 813              	.LASF7:
 814 01f9 6C6F6E67 		.ascii	"long long unsigned int\000"
 814      206C6F6E 
 814      6720756E 
 814      7369676E 
 814      65642069 
 815              	.LASF33:
 816 0210 6C756E43 		.ascii	"lunCount\000"
 816      6F756E74 
 816      00
 817              	.LASF26:
 818 0219 64617461 		.ascii	"dataLength\000"
 818      4C656E67 
 818      746800
 819              	.LASF17:
 820 0224 545F5553 		.ascii	"T_USBUART_XFER_STATUS_BLOCK\000"
 820      42554152 
 820      545F5846 
 820      45525F53 
 820      54415455 
 821              	.LASF23:
 822 0240 55534255 		.ascii	"USBUART_ep0_data_struct\000"
 822      4152545F 
 822      6570305F 
 822      64617461 
 822      5F737472 
 823              	.LASF14:
 824 0258 73697A65 		.ascii	"sizetype\000"
 824      74797065 
 824      00
 825              	.LASF6:
 826 0261 6C6F6E67 		.ascii	"long long int\000"
 826      206C6F6E 
 826      6720696E 
 826      7400
 827              	.LASF13:
 828 026f 63686172 		.ascii	"char\000"
 828      00
 829              	.LASF2:
 830 0274 73686F72 		.ascii	"short int\000"
 830      7420696E 
 830      7400
 831              	.LASF34:
 832 027e 55534255 		.ascii	"USBUART_MSC_GetLunCount\000"
 832      4152545F 
 832      4D53435F 
 832      4765744C 
 832      756E436F 
 833              	.LASF24:
 834 0296 72657175 		.ascii	"requestHandled\000"
 834      65737448 
 834      616E646C 
 834      656400
ARM GAS  C:\Users\ikui753\AppData\Local\Temp\cckt9LJW.s 			page 20


 835              	.LASF4:
 836 02a5 6C6F6E67 		.ascii	"long int\000"
 836      20696E74 
 836      00
 837              	.LASF0:
 838 02ae 7369676E 		.ascii	"signed char\000"
 838      65642063 
 838      68617200 
 839              	.LASF16:
 840 02ba 6C656E67 		.ascii	"length\000"
 840      746800
 841              		.ident	"GCC: (GNU Tools for ARM Embedded Processors) 5.4.1 20160609 (release) [ARM/embedded-5-bran
