ARM GAS  C:\Users\ikui753\AppData\Local\Temp\cc9vM5ji.s 			page 1


   1              		.syntax unified
   2              		.cpu cortex-m3
   3              		.fpu softvfp
   4              		.eabi_attribute 20, 1
   5              		.eabi_attribute 21, 1
   6              		.eabi_attribute 23, 3
   7              		.eabi_attribute 24, 1
   8              		.eabi_attribute 25, 1
   9              		.eabi_attribute 26, 1
  10              		.eabi_attribute 30, 6
  11              		.eabi_attribute 34, 1
  12              		.eabi_attribute 18, 4
  13              		.thumb
  14              		.syntax unified
  15              		.file	"USBUART_vnd.c"
  16              		.text
  17              	.Ltext0:
  18              		.cfi_sections	.debug_frame
  19              		.section	.text.USBUART_HandleVendorRqst,"ax",%progbits
  20              		.align	2
  21              		.global	USBUART_HandleVendorRqst
  22              		.thumb
  23              		.thumb_func
  24              		.type	USBUART_HandleVendorRqst, %function
  25              	USBUART_HandleVendorRqst:
  26              	.LFB0:
  27              		.file 1 "Generated_Source\\PSoC5\\USBUART_vnd.c"
   1:Generated_Source\PSoC5/USBUART_vnd.c **** /***************************************************************************//**
   2:Generated_Source\PSoC5/USBUART_vnd.c **** * \file USBUART_vnd.c
   3:Generated_Source\PSoC5/USBUART_vnd.c **** * \version 3.20
   4:Generated_Source\PSoC5/USBUART_vnd.c **** *
   5:Generated_Source\PSoC5/USBUART_vnd.c **** * \brief
   6:Generated_Source\PSoC5/USBUART_vnd.c **** *  This file contains the  USB vendor request handler.
   7:Generated_Source\PSoC5/USBUART_vnd.c **** *
   8:Generated_Source\PSoC5/USBUART_vnd.c **** ********************************************************************************
   9:Generated_Source\PSoC5/USBUART_vnd.c **** * \copyright
  10:Generated_Source\PSoC5/USBUART_vnd.c **** * Copyright 2008-2016, Cypress Semiconductor Corporation.  All rights reserved.
  11:Generated_Source\PSoC5/USBUART_vnd.c **** * You may use this file only in accordance with the license, terms, conditions,
  12:Generated_Source\PSoC5/USBUART_vnd.c **** * disclaimers, and limitations in the end user license agreement accompanying
  13:Generated_Source\PSoC5/USBUART_vnd.c **** * the software package with which this file was provided.
  14:Generated_Source\PSoC5/USBUART_vnd.c **** *******************************************************************************/
  15:Generated_Source\PSoC5/USBUART_vnd.c **** 
  16:Generated_Source\PSoC5/USBUART_vnd.c **** #include "USBUART_pvt.h"
  17:Generated_Source\PSoC5/USBUART_vnd.c **** 
  18:Generated_Source\PSoC5/USBUART_vnd.c **** 
  19:Generated_Source\PSoC5/USBUART_vnd.c **** #if(USBUART_EXTERN_VND == USBUART_FALSE)
  20:Generated_Source\PSoC5/USBUART_vnd.c **** 
  21:Generated_Source\PSoC5/USBUART_vnd.c **** /***************************************
  22:Generated_Source\PSoC5/USBUART_vnd.c **** * Vendor Specific Declarations
  23:Generated_Source\PSoC5/USBUART_vnd.c **** ***************************************/
  24:Generated_Source\PSoC5/USBUART_vnd.c **** 
  25:Generated_Source\PSoC5/USBUART_vnd.c **** /* `#START VENDOR_SPECIFIC_DECLARATIONS` Place your declaration here */
  26:Generated_Source\PSoC5/USBUART_vnd.c **** 
  27:Generated_Source\PSoC5/USBUART_vnd.c **** /* `#END` */
  28:Generated_Source\PSoC5/USBUART_vnd.c **** 
  29:Generated_Source\PSoC5/USBUART_vnd.c **** 
  30:Generated_Source\PSoC5/USBUART_vnd.c **** /*******************************************************************************
ARM GAS  C:\Users\ikui753\AppData\Local\Temp\cc9vM5ji.s 			page 2


  31:Generated_Source\PSoC5/USBUART_vnd.c **** * Function Name: USBUART_HandleVendorRqst
  32:Generated_Source\PSoC5/USBUART_vnd.c **** ****************************************************************************//**
  33:Generated_Source\PSoC5/USBUART_vnd.c **** *
  34:Generated_Source\PSoC5/USBUART_vnd.c **** *  This routine provide users with a method to implement vendor specific
  35:Generated_Source\PSoC5/USBUART_vnd.c **** *  requests.
  36:Generated_Source\PSoC5/USBUART_vnd.c **** *
  37:Generated_Source\PSoC5/USBUART_vnd.c **** *  To implement vendor specific requests, add your code in this function to
  38:Generated_Source\PSoC5/USBUART_vnd.c **** *  decode and disposition the request.  If the request is handled, your code
  39:Generated_Source\PSoC5/USBUART_vnd.c **** *  must set the variable "requestHandled" to TRUE, indicating that the
  40:Generated_Source\PSoC5/USBUART_vnd.c **** *  request has been handled.
  41:Generated_Source\PSoC5/USBUART_vnd.c **** *
  42:Generated_Source\PSoC5/USBUART_vnd.c **** * \return
  43:Generated_Source\PSoC5/USBUART_vnd.c **** *  requestHandled.
  44:Generated_Source\PSoC5/USBUART_vnd.c **** *
  45:Generated_Source\PSoC5/USBUART_vnd.c **** * \reentrant
  46:Generated_Source\PSoC5/USBUART_vnd.c **** *  No.
  47:Generated_Source\PSoC5/USBUART_vnd.c **** *
  48:Generated_Source\PSoC5/USBUART_vnd.c **** *******************************************************************************/
  49:Generated_Source\PSoC5/USBUART_vnd.c **** uint8 USBUART_HandleVendorRqst(void) 
  50:Generated_Source\PSoC5/USBUART_vnd.c **** {
  28              		.loc 1 50 0
  29              		.cfi_startproc
  30              		@ args = 0, pretend = 0, frame = 8
  31              		@ frame_needed = 1, uses_anonymous_args = 0
  32 0000 80B5     		push	{r7, lr}
  33              		.cfi_def_cfa_offset 8
  34              		.cfi_offset 7, -8
  35              		.cfi_offset 14, -4
  36 0002 82B0     		sub	sp, sp, #8
  37              		.cfi_def_cfa_offset 16
  38 0004 00AF     		add	r7, sp, #0
  39              		.cfi_def_cfa_register 7
  51:Generated_Source\PSoC5/USBUART_vnd.c ****     uint8 requestHandled = USBUART_FALSE;
  40              		.loc 1 51 0
  41 0006 0023     		movs	r3, #0
  42 0008 FB71     		strb	r3, [r7, #7]
  52:Generated_Source\PSoC5/USBUART_vnd.c **** 
  53:Generated_Source\PSoC5/USBUART_vnd.c ****     /* Check request direction: D2H or H2D. */
  54:Generated_Source\PSoC5/USBUART_vnd.c ****     if (0u != (USBUART_bmRequestTypeReg & USBUART_RQST_DIR_D2H))
  43              		.loc 1 54 0
  44 000a 0F4B     		ldr	r3, .L6
  45 000c 1B78     		ldrb	r3, [r3]
  46 000e DBB2     		uxtb	r3, r3
  47 0010 5BB2     		sxtb	r3, r3
  48 0012 002B     		cmp	r3, #0
  49 0014 12DA     		bge	.L2
  55:Generated_Source\PSoC5/USBUART_vnd.c ****     {
  56:Generated_Source\PSoC5/USBUART_vnd.c ****         /* Handle direction from device to host. */
  57:Generated_Source\PSoC5/USBUART_vnd.c ****         
  58:Generated_Source\PSoC5/USBUART_vnd.c ****         switch (USBUART_bRequestReg)
  50              		.loc 1 58 0
  51 0016 0C4B     		ldr	r3, .L6
  52 0018 5B78     		ldrb	r3, [r3, #1]
  53 001a DBB2     		uxtb	r3, r3
  54 001c 012B     		cmp	r3, #1
  55 001e 00D0     		beq	.L4
  59:Generated_Source\PSoC5/USBUART_vnd.c ****         {
ARM GAS  C:\Users\ikui753\AppData\Local\Temp\cc9vM5ji.s 			page 3


  60:Generated_Source\PSoC5/USBUART_vnd.c ****             case USBUART_GET_EXTENDED_CONFIG_DESCRIPTOR:
  61:Generated_Source\PSoC5/USBUART_vnd.c ****             #if defined(USBUART_ENABLE_MSOS_STRING)
  62:Generated_Source\PSoC5/USBUART_vnd.c ****                 USBUART_currentTD.pData = (volatile uint8 *) &USBUART_MSOS_CONFIGURATION_DESCR[0u];
  63:Generated_Source\PSoC5/USBUART_vnd.c ****                 USBUART_currentTD.count = USBUART_MSOS_CONFIGURATION_DESCR[0u];
  64:Generated_Source\PSoC5/USBUART_vnd.c ****                 requestHandled  = USBUART_InitControlRead();
  65:Generated_Source\PSoC5/USBUART_vnd.c ****             #endif /* (USBUART_ENABLE_MSOS_STRING) */
  66:Generated_Source\PSoC5/USBUART_vnd.c ****                 break;
  67:Generated_Source\PSoC5/USBUART_vnd.c ****             
  68:Generated_Source\PSoC5/USBUART_vnd.c ****             default:
  69:Generated_Source\PSoC5/USBUART_vnd.c ****                 break;
  56              		.loc 1 69 0
  57 0020 0CE0     		b	.L2
  58              	.L4:
  62:Generated_Source\PSoC5/USBUART_vnd.c ****                 USBUART_currentTD.count = USBUART_MSOS_CONFIGURATION_DESCR[0u];
  59              		.loc 1 62 0
  60 0022 0A4B     		ldr	r3, .L6+4
  61 0024 0A4A     		ldr	r2, .L6+8
  62 0026 5A60     		str	r2, [r3, #4]
  63:Generated_Source\PSoC5/USBUART_vnd.c ****                 requestHandled  = USBUART_InitControlRead();
  63              		.loc 1 63 0
  64 0028 094B     		ldr	r3, .L6+8
  65 002a 1B78     		ldrb	r3, [r3]	@ zero_extendqisi2
  66 002c 9AB2     		uxth	r2, r3
  67 002e 074B     		ldr	r3, .L6+4
  68 0030 1A80     		strh	r2, [r3]	@ movhi
  64:Generated_Source\PSoC5/USBUART_vnd.c ****             #endif /* (USBUART_ENABLE_MSOS_STRING) */
  69              		.loc 1 64 0
  70 0032 FFF7FEFF 		bl	USBUART_InitControlRead
  71 0036 0346     		mov	r3, r0
  72 0038 FB71     		strb	r3, [r7, #7]
  66:Generated_Source\PSoC5/USBUART_vnd.c ****             
  73              		.loc 1 66 0
  74 003a 00BF     		nop
  75              	.L2:
  70:Generated_Source\PSoC5/USBUART_vnd.c ****         }
  71:Generated_Source\PSoC5/USBUART_vnd.c ****     }
  72:Generated_Source\PSoC5/USBUART_vnd.c **** 
  73:Generated_Source\PSoC5/USBUART_vnd.c ****     /* `#START VENDOR_SPECIFIC_CODE` Place your vendor specific request here */
  74:Generated_Source\PSoC5/USBUART_vnd.c **** 
  75:Generated_Source\PSoC5/USBUART_vnd.c ****     /* `#END` */
  76:Generated_Source\PSoC5/USBUART_vnd.c **** 
  77:Generated_Source\PSoC5/USBUART_vnd.c **** #ifdef USBUART_HANDLE_VENDOR_RQST_CALLBACK
  78:Generated_Source\PSoC5/USBUART_vnd.c ****     if (USBUART_FALSE == requestHandled)
  79:Generated_Source\PSoC5/USBUART_vnd.c ****     {
  80:Generated_Source\PSoC5/USBUART_vnd.c ****         requestHandled = USBUART_HandleVendorRqst_Callback();
  81:Generated_Source\PSoC5/USBUART_vnd.c ****     }
  82:Generated_Source\PSoC5/USBUART_vnd.c **** #endif /* (USBUART_HANDLE_VENDOR_RQST_CALLBACK) */
  83:Generated_Source\PSoC5/USBUART_vnd.c **** 
  84:Generated_Source\PSoC5/USBUART_vnd.c ****     return (requestHandled);
  76              		.loc 1 84 0
  77 003c FB79     		ldrb	r3, [r7, #7]	@ zero_extendqisi2
  85:Generated_Source\PSoC5/USBUART_vnd.c **** }
  78              		.loc 1 85 0
  79 003e 1846     		mov	r0, r3
  80 0040 0837     		adds	r7, r7, #8
  81              		.cfi_def_cfa_offset 8
  82 0042 BD46     		mov	sp, r7
ARM GAS  C:\Users\ikui753\AppData\Local\Temp\cc9vM5ji.s 			page 4


  83              		.cfi_def_cfa_register 13
  84              		@ sp needed
  85 0044 80BD     		pop	{r7, pc}
  86              	.L7:
  87 0046 00BF     		.align	2
  88              	.L6:
  89 0048 00600040 		.word	1073766400
  90 004c 00000000 		.word	USBUART_currentTD
  91 0050 00000000 		.word	USBUART_MSOS_CONFIGURATION_DESCR
  92              		.cfi_endproc
  93              	.LFE0:
  94              		.size	USBUART_HandleVendorRqst, .-USBUART_HandleVendorRqst
  95              		.text
  96              	.Letext0:
  97              		.file 2 "Generated_Source\\PSoC5\\cytypes.h"
  98              		.file 3 "Generated_Source\\PSoC5\\USBUART.h"
  99              		.file 4 "Generated_Source\\PSoC5\\USBUART_pvt.h"
 100              		.section	.debug_info,"",%progbits
 101              	.Ldebug_info0:
 102 0000 9E010000 		.4byte	0x19e
 103 0004 0400     		.2byte	0x4
 104 0006 00000000 		.4byte	.Ldebug_abbrev0
 105 000a 04       		.byte	0x4
 106 000b 01       		.uleb128 0x1
 107 000c 32000000 		.4byte	.LASF26
 108 0010 0C       		.byte	0xc
 109 0011 00000000 		.4byte	.LASF27
 110 0015 57010000 		.4byte	.LASF28
 111 0019 00000000 		.4byte	.Ldebug_ranges0+0
 112 001d 00000000 		.4byte	0
 113 0021 00000000 		.4byte	.Ldebug_line0
 114 0025 02       		.uleb128 0x2
 115 0026 01       		.byte	0x1
 116 0027 06       		.byte	0x6
 117 0028 70020000 		.4byte	.LASF0
 118 002c 02       		.uleb128 0x2
 119 002d 01       		.byte	0x1
 120 002e 08       		.byte	0x8
 121 002f FC000000 		.4byte	.LASF1
 122 0033 02       		.uleb128 0x2
 123 0034 02       		.byte	0x2
 124 0035 05       		.byte	0x5
 125 0036 35020000 		.4byte	.LASF2
 126 003a 02       		.uleb128 0x2
 127 003b 02       		.byte	0x2
 128 003c 07       		.byte	0x7
 129 003d CF000000 		.4byte	.LASF3
 130 0041 02       		.uleb128 0x2
 131 0042 04       		.byte	0x4
 132 0043 05       		.byte	0x5
 133 0044 67020000 		.4byte	.LASF4
 134 0048 02       		.uleb128 0x2
 135 0049 04       		.byte	0x4
 136 004a 07       		.byte	0x7
 137 004b 17010000 		.4byte	.LASF5
 138 004f 02       		.uleb128 0x2
 139 0050 08       		.byte	0x8
ARM GAS  C:\Users\ikui753\AppData\Local\Temp\cc9vM5ji.s 			page 5


 140 0051 05       		.byte	0x5
 141 0052 22020000 		.4byte	.LASF6
 142 0056 02       		.uleb128 0x2
 143 0057 08       		.byte	0x8
 144 0058 07       		.byte	0x7
 145 0059 CE010000 		.4byte	.LASF7
 146 005d 03       		.uleb128 0x3
 147 005e 04       		.byte	0x4
 148 005f 05       		.byte	0x5
 149 0060 696E7400 		.ascii	"int\000"
 150 0064 02       		.uleb128 0x2
 151 0065 04       		.byte	0x4
 152 0066 07       		.byte	0x7
 153 0067 C1010000 		.4byte	.LASF8
 154 006b 04       		.uleb128 0x4
 155 006c 29010000 		.4byte	.LASF9
 156 0070 02       		.byte	0x2
 157 0071 E701     		.2byte	0x1e7
 158 0073 2C000000 		.4byte	0x2c
 159 0077 04       		.uleb128 0x4
 160 0078 BA010000 		.4byte	.LASF10
 161 007c 02       		.byte	0x2
 162 007d E801     		.2byte	0x1e8
 163 007f 3A000000 		.4byte	0x3a
 164 0083 02       		.uleb128 0x2
 165 0084 04       		.byte	0x4
 166 0085 04       		.byte	0x4
 167 0086 F6000000 		.4byte	.LASF11
 168 008a 02       		.uleb128 0x2
 169 008b 08       		.byte	0x8
 170 008c 04       		.byte	0x4
 171 008d 50010000 		.4byte	.LASF12
 172 0091 02       		.uleb128 0x2
 173 0092 01       		.byte	0x1
 174 0093 08       		.byte	0x8
 175 0094 30020000 		.4byte	.LASF13
 176 0098 05       		.uleb128 0x5
 177 0099 6B000000 		.4byte	0x6b
 178 009d 02       		.uleb128 0x2
 179 009e 04       		.byte	0x4
 180 009f 07       		.byte	0x7
 181 00a0 19020000 		.4byte	.LASF14
 182 00a4 06       		.uleb128 0x6
 183 00a5 04       		.byte	0x4
 184 00a6 03       		.byte	0x3
 185 00a7 A5       		.byte	0xa5
 186 00a8 C5000000 		.4byte	0xc5
 187 00ac 07       		.uleb128 0x7
 188 00ad E2000000 		.4byte	.LASF15
 189 00b1 03       		.byte	0x3
 190 00b2 A7       		.byte	0xa7
 191 00b3 6B000000 		.4byte	0x6b
 192 00b7 00       		.byte	0
 193 00b8 07       		.uleb128 0x7
 194 00b9 7C020000 		.4byte	.LASF16
 195 00bd 03       		.byte	0x3
 196 00be A8       		.byte	0xa8
ARM GAS  C:\Users\ikui753\AppData\Local\Temp\cc9vM5ji.s 			page 6


 197 00bf 77000000 		.4byte	0x77
 198 00c3 02       		.byte	0x2
 199 00c4 00       		.byte	0
 200 00c5 08       		.uleb128 0x8
 201 00c6 E5010000 		.4byte	.LASF17
 202 00ca 03       		.byte	0x3
 203 00cb A9       		.byte	0xa9
 204 00cc A4000000 		.4byte	0xa4
 205 00d0 06       		.uleb128 0x6
 206 00d1 0C       		.byte	0xc
 207 00d2 03       		.byte	0x3
 208 00d3 AB       		.byte	0xab
 209 00d4 FD000000 		.4byte	0xfd
 210 00d8 07       		.uleb128 0x7
 211 00d9 C9000000 		.4byte	.LASF18
 212 00dd 03       		.byte	0x3
 213 00de AD       		.byte	0xad
 214 00df 77000000 		.4byte	0x77
 215 00e3 00       		.byte	0
 216 00e4 07       		.uleb128 0x7
 217 00e5 E9000000 		.4byte	.LASF19
 218 00e9 03       		.byte	0x3
 219 00ea AE       		.byte	0xae
 220 00eb FD000000 		.4byte	0xfd
 221 00ef 04       		.byte	0x4
 222 00f0 07       		.uleb128 0x7
 223 00f1 25000000 		.4byte	.LASF20
 224 00f5 03       		.byte	0x3
 225 00f6 AF       		.byte	0xaf
 226 00f7 03010000 		.4byte	0x103
 227 00fb 08       		.byte	0x8
 228 00fc 00       		.byte	0
 229 00fd 09       		.uleb128 0x9
 230 00fe 04       		.byte	0x4
 231 00ff 98000000 		.4byte	0x98
 232 0103 09       		.uleb128 0x9
 233 0104 04       		.byte	0x4
 234 0105 C5000000 		.4byte	0xc5
 235 0109 08       		.uleb128 0x8
 236 010a 0A010000 		.4byte	.LASF21
 237 010e 03       		.byte	0x3
 238 010f B0       		.byte	0xb0
 239 0110 D0000000 		.4byte	0xd0
 240 0114 06       		.uleb128 0x6
 241 0115 08       		.byte	0x8
 242 0116 03       		.byte	0x3
 243 0117 C6       		.byte	0xc6
 244 0118 29010000 		.4byte	0x129
 245 011c 07       		.uleb128 0x7
 246 011d EF000000 		.4byte	.LASF22
 247 0121 03       		.byte	0x3
 248 0122 C8       		.byte	0xc8
 249 0123 29010000 		.4byte	0x129
 250 0127 00       		.byte	0
 251 0128 00       		.byte	0
 252 0129 0A       		.uleb128 0xa
 253 012a 6B000000 		.4byte	0x6b
ARM GAS  C:\Users\ikui753\AppData\Local\Temp\cc9vM5ji.s 			page 7


 254 012e 39010000 		.4byte	0x139
 255 0132 0B       		.uleb128 0xb
 256 0133 9D000000 		.4byte	0x9d
 257 0137 07       		.byte	0x7
 258 0138 00       		.byte	0
 259 0139 08       		.uleb128 0x8
 260 013a 01020000 		.4byte	.LASF23
 261 013e 03       		.byte	0x3
 262 013f C9       		.byte	0xc9
 263 0140 14010000 		.4byte	0x114
 264 0144 0C       		.uleb128 0xc
 265 0145 3F020000 		.4byte	.LASF29
 266 0149 01       		.byte	0x1
 267 014a 31       		.byte	0x31
 268 014b 6B000000 		.4byte	0x6b
 269 014f 00000000 		.4byte	.LFB0
 270 0153 54000000 		.4byte	.LFE0-.LFB0
 271 0157 01       		.uleb128 0x1
 272 0158 9C       		.byte	0x9c
 273 0159 6C010000 		.4byte	0x16c
 274 015d 0D       		.uleb128 0xd
 275 015e 58020000 		.4byte	.LASF30
 276 0162 01       		.byte	0x1
 277 0163 33       		.byte	0x33
 278 0164 6B000000 		.4byte	0x6b
 279 0168 02       		.uleb128 0x2
 280 0169 91       		.byte	0x91
 281 016a 77       		.sleb128 -9
 282 016b 00       		.byte	0
 283 016c 0A       		.uleb128 0xa
 284 016d 7C010000 		.4byte	0x17c
 285 0171 7C010000 		.4byte	0x17c
 286 0175 0B       		.uleb128 0xb
 287 0176 9D000000 		.4byte	0x9d
 288 017a 27       		.byte	0x27
 289 017b 00       		.byte	0
 290 017c 0E       		.uleb128 0xe
 291 017d 6B000000 		.4byte	0x6b
 292 0181 0F       		.uleb128 0xf
 293 0182 2F010000 		.4byte	.LASF24
 294 0186 04       		.byte	0x4
 295 0187 6D       		.byte	0x6d
 296 0188 8C010000 		.4byte	0x18c
 297 018c 0E       		.uleb128 0xe
 298 018d 6C010000 		.4byte	0x16c
 299 0191 0F       		.uleb128 0xf
 300 0192 A8010000 		.4byte	.LASF25
 301 0196 04       		.byte	0x4
 302 0197 7A       		.byte	0x7a
 303 0198 9C010000 		.4byte	0x19c
 304 019c 05       		.uleb128 0x5
 305 019d 09010000 		.4byte	0x109
 306 01a1 00       		.byte	0
 307              		.section	.debug_abbrev,"",%progbits
 308              	.Ldebug_abbrev0:
 309 0000 01       		.uleb128 0x1
 310 0001 11       		.uleb128 0x11
ARM GAS  C:\Users\ikui753\AppData\Local\Temp\cc9vM5ji.s 			page 8


 311 0002 01       		.byte	0x1
 312 0003 25       		.uleb128 0x25
 313 0004 0E       		.uleb128 0xe
 314 0005 13       		.uleb128 0x13
 315 0006 0B       		.uleb128 0xb
 316 0007 03       		.uleb128 0x3
 317 0008 0E       		.uleb128 0xe
 318 0009 1B       		.uleb128 0x1b
 319 000a 0E       		.uleb128 0xe
 320 000b 55       		.uleb128 0x55
 321 000c 17       		.uleb128 0x17
 322 000d 11       		.uleb128 0x11
 323 000e 01       		.uleb128 0x1
 324 000f 10       		.uleb128 0x10
 325 0010 17       		.uleb128 0x17
 326 0011 00       		.byte	0
 327 0012 00       		.byte	0
 328 0013 02       		.uleb128 0x2
 329 0014 24       		.uleb128 0x24
 330 0015 00       		.byte	0
 331 0016 0B       		.uleb128 0xb
 332 0017 0B       		.uleb128 0xb
 333 0018 3E       		.uleb128 0x3e
 334 0019 0B       		.uleb128 0xb
 335 001a 03       		.uleb128 0x3
 336 001b 0E       		.uleb128 0xe
 337 001c 00       		.byte	0
 338 001d 00       		.byte	0
 339 001e 03       		.uleb128 0x3
 340 001f 24       		.uleb128 0x24
 341 0020 00       		.byte	0
 342 0021 0B       		.uleb128 0xb
 343 0022 0B       		.uleb128 0xb
 344 0023 3E       		.uleb128 0x3e
 345 0024 0B       		.uleb128 0xb
 346 0025 03       		.uleb128 0x3
 347 0026 08       		.uleb128 0x8
 348 0027 00       		.byte	0
 349 0028 00       		.byte	0
 350 0029 04       		.uleb128 0x4
 351 002a 16       		.uleb128 0x16
 352 002b 00       		.byte	0
 353 002c 03       		.uleb128 0x3
 354 002d 0E       		.uleb128 0xe
 355 002e 3A       		.uleb128 0x3a
 356 002f 0B       		.uleb128 0xb
 357 0030 3B       		.uleb128 0x3b
 358 0031 05       		.uleb128 0x5
 359 0032 49       		.uleb128 0x49
 360 0033 13       		.uleb128 0x13
 361 0034 00       		.byte	0
 362 0035 00       		.byte	0
 363 0036 05       		.uleb128 0x5
 364 0037 35       		.uleb128 0x35
 365 0038 00       		.byte	0
 366 0039 49       		.uleb128 0x49
 367 003a 13       		.uleb128 0x13
ARM GAS  C:\Users\ikui753\AppData\Local\Temp\cc9vM5ji.s 			page 9


 368 003b 00       		.byte	0
 369 003c 00       		.byte	0
 370 003d 06       		.uleb128 0x6
 371 003e 13       		.uleb128 0x13
 372 003f 01       		.byte	0x1
 373 0040 0B       		.uleb128 0xb
 374 0041 0B       		.uleb128 0xb
 375 0042 3A       		.uleb128 0x3a
 376 0043 0B       		.uleb128 0xb
 377 0044 3B       		.uleb128 0x3b
 378 0045 0B       		.uleb128 0xb
 379 0046 01       		.uleb128 0x1
 380 0047 13       		.uleb128 0x13
 381 0048 00       		.byte	0
 382 0049 00       		.byte	0
 383 004a 07       		.uleb128 0x7
 384 004b 0D       		.uleb128 0xd
 385 004c 00       		.byte	0
 386 004d 03       		.uleb128 0x3
 387 004e 0E       		.uleb128 0xe
 388 004f 3A       		.uleb128 0x3a
 389 0050 0B       		.uleb128 0xb
 390 0051 3B       		.uleb128 0x3b
 391 0052 0B       		.uleb128 0xb
 392 0053 49       		.uleb128 0x49
 393 0054 13       		.uleb128 0x13
 394 0055 38       		.uleb128 0x38
 395 0056 0B       		.uleb128 0xb
 396 0057 00       		.byte	0
 397 0058 00       		.byte	0
 398 0059 08       		.uleb128 0x8
 399 005a 16       		.uleb128 0x16
 400 005b 00       		.byte	0
 401 005c 03       		.uleb128 0x3
 402 005d 0E       		.uleb128 0xe
 403 005e 3A       		.uleb128 0x3a
 404 005f 0B       		.uleb128 0xb
 405 0060 3B       		.uleb128 0x3b
 406 0061 0B       		.uleb128 0xb
 407 0062 49       		.uleb128 0x49
 408 0063 13       		.uleb128 0x13
 409 0064 00       		.byte	0
 410 0065 00       		.byte	0
 411 0066 09       		.uleb128 0x9
 412 0067 0F       		.uleb128 0xf
 413 0068 00       		.byte	0
 414 0069 0B       		.uleb128 0xb
 415 006a 0B       		.uleb128 0xb
 416 006b 49       		.uleb128 0x49
 417 006c 13       		.uleb128 0x13
 418 006d 00       		.byte	0
 419 006e 00       		.byte	0
 420 006f 0A       		.uleb128 0xa
 421 0070 01       		.uleb128 0x1
 422 0071 01       		.byte	0x1
 423 0072 49       		.uleb128 0x49
 424 0073 13       		.uleb128 0x13
ARM GAS  C:\Users\ikui753\AppData\Local\Temp\cc9vM5ji.s 			page 10


 425 0074 01       		.uleb128 0x1
 426 0075 13       		.uleb128 0x13
 427 0076 00       		.byte	0
 428 0077 00       		.byte	0
 429 0078 0B       		.uleb128 0xb
 430 0079 21       		.uleb128 0x21
 431 007a 00       		.byte	0
 432 007b 49       		.uleb128 0x49
 433 007c 13       		.uleb128 0x13
 434 007d 2F       		.uleb128 0x2f
 435 007e 0B       		.uleb128 0xb
 436 007f 00       		.byte	0
 437 0080 00       		.byte	0
 438 0081 0C       		.uleb128 0xc
 439 0082 2E       		.uleb128 0x2e
 440 0083 01       		.byte	0x1
 441 0084 3F       		.uleb128 0x3f
 442 0085 19       		.uleb128 0x19
 443 0086 03       		.uleb128 0x3
 444 0087 0E       		.uleb128 0xe
 445 0088 3A       		.uleb128 0x3a
 446 0089 0B       		.uleb128 0xb
 447 008a 3B       		.uleb128 0x3b
 448 008b 0B       		.uleb128 0xb
 449 008c 27       		.uleb128 0x27
 450 008d 19       		.uleb128 0x19
 451 008e 49       		.uleb128 0x49
 452 008f 13       		.uleb128 0x13
 453 0090 11       		.uleb128 0x11
 454 0091 01       		.uleb128 0x1
 455 0092 12       		.uleb128 0x12
 456 0093 06       		.uleb128 0x6
 457 0094 40       		.uleb128 0x40
 458 0095 18       		.uleb128 0x18
 459 0096 9642     		.uleb128 0x2116
 460 0098 19       		.uleb128 0x19
 461 0099 01       		.uleb128 0x1
 462 009a 13       		.uleb128 0x13
 463 009b 00       		.byte	0
 464 009c 00       		.byte	0
 465 009d 0D       		.uleb128 0xd
 466 009e 34       		.uleb128 0x34
 467 009f 00       		.byte	0
 468 00a0 03       		.uleb128 0x3
 469 00a1 0E       		.uleb128 0xe
 470 00a2 3A       		.uleb128 0x3a
 471 00a3 0B       		.uleb128 0xb
 472 00a4 3B       		.uleb128 0x3b
 473 00a5 0B       		.uleb128 0xb
 474 00a6 49       		.uleb128 0x49
 475 00a7 13       		.uleb128 0x13
 476 00a8 02       		.uleb128 0x2
 477 00a9 18       		.uleb128 0x18
 478 00aa 00       		.byte	0
 479 00ab 00       		.byte	0
 480 00ac 0E       		.uleb128 0xe
 481 00ad 26       		.uleb128 0x26
ARM GAS  C:\Users\ikui753\AppData\Local\Temp\cc9vM5ji.s 			page 11


 482 00ae 00       		.byte	0
 483 00af 49       		.uleb128 0x49
 484 00b0 13       		.uleb128 0x13
 485 00b1 00       		.byte	0
 486 00b2 00       		.byte	0
 487 00b3 0F       		.uleb128 0xf
 488 00b4 34       		.uleb128 0x34
 489 00b5 00       		.byte	0
 490 00b6 03       		.uleb128 0x3
 491 00b7 0E       		.uleb128 0xe
 492 00b8 3A       		.uleb128 0x3a
 493 00b9 0B       		.uleb128 0xb
 494 00ba 3B       		.uleb128 0x3b
 495 00bb 0B       		.uleb128 0xb
 496 00bc 49       		.uleb128 0x49
 497 00bd 13       		.uleb128 0x13
 498 00be 3F       		.uleb128 0x3f
 499 00bf 19       		.uleb128 0x19
 500 00c0 3C       		.uleb128 0x3c
 501 00c1 19       		.uleb128 0x19
 502 00c2 00       		.byte	0
 503 00c3 00       		.byte	0
 504 00c4 00       		.byte	0
 505              		.section	.debug_aranges,"",%progbits
 506 0000 1C000000 		.4byte	0x1c
 507 0004 0200     		.2byte	0x2
 508 0006 00000000 		.4byte	.Ldebug_info0
 509 000a 04       		.byte	0x4
 510 000b 00       		.byte	0
 511 000c 0000     		.2byte	0
 512 000e 0000     		.2byte	0
 513 0010 00000000 		.4byte	.LFB0
 514 0014 54000000 		.4byte	.LFE0-.LFB0
 515 0018 00000000 		.4byte	0
 516 001c 00000000 		.4byte	0
 517              		.section	.debug_ranges,"",%progbits
 518              	.Ldebug_ranges0:
 519 0000 00000000 		.4byte	.LFB0
 520 0004 54000000 		.4byte	.LFE0
 521 0008 00000000 		.4byte	0
 522 000c 00000000 		.4byte	0
 523              		.section	.debug_line,"",%progbits
 524              	.Ldebug_line0:
 525 0000 8B000000 		.section	.debug_str,"MS",%progbits,1
 525      02006600 
 525      00000201 
 525      FB0E0D00 
 525      01010101 
 526              	.LASF27:
 527 0000 47656E65 		.ascii	"Generated_Source\\PSoC5\\USBUART_vnd.c\000"
 527      72617465 
 527      645F536F 
 527      75726365 
 527      5C50536F 
 528              	.LASF20:
 529 0025 70537461 		.ascii	"pStatusBlock\000"
 529      74757342 
ARM GAS  C:\Users\ikui753\AppData\Local\Temp\cc9vM5ji.s 			page 12


 529      6C6F636B 
 529      00
 530              	.LASF26:
 531 0032 474E5520 		.ascii	"GNU C99 5.4.1 20160609 (release) [ARM/embedded-5-br"
 531      43393920 
 531      352E342E 
 531      31203230 
 531      31363036 
 532 0065 616E6368 		.ascii	"anch revision 237715] -mcpu=cortex-m3 -mthumb -g -O"
 532      20726576 
 532      6973696F 
 532      6E203233 
 532      37373135 
 533 0098 30202D73 		.ascii	"0 -std=c99 -ffunction-sections -ffat-lto-objects\000"
 533      74643D63 
 533      3939202D 
 533      6666756E 
 533      6374696F 
 534              	.LASF18:
 535 00c9 636F756E 		.ascii	"count\000"
 535      7400
 536              	.LASF3:
 537 00cf 73686F72 		.ascii	"short unsigned int\000"
 537      7420756E 
 537      7369676E 
 537      65642069 
 537      6E7400
 538              	.LASF15:
 539 00e2 73746174 		.ascii	"status\000"
 539      757300
 540              	.LASF19:
 541 00e9 70446174 		.ascii	"pData\000"
 541      6100
 542              	.LASF22:
 543 00ef 65704461 		.ascii	"epData\000"
 543      746100
 544              	.LASF11:
 545 00f6 666C6F61 		.ascii	"float\000"
 545      7400
 546              	.LASF1:
 547 00fc 756E7369 		.ascii	"unsigned char\000"
 547      676E6564 
 547      20636861 
 547      7200
 548              	.LASF21:
 549 010a 545F5553 		.ascii	"T_USBUART_TD\000"
 549      42554152 
 549      545F5444 
 549      00
 550              	.LASF5:
 551 0117 6C6F6E67 		.ascii	"long unsigned int\000"
 551      20756E73 
 551      69676E65 
 551      6420696E 
 551      7400
 552              	.LASF9:
 553 0129 75696E74 		.ascii	"uint8\000"
ARM GAS  C:\Users\ikui753\AppData\Local\Temp\cc9vM5ji.s 			page 13


 553      3800
 554              	.LASF24:
 555 012f 55534255 		.ascii	"USBUART_MSOS_CONFIGURATION_DESCR\000"
 555      4152545F 
 555      4D534F53 
 555      5F434F4E 
 555      46494755 
 556              	.LASF12:
 557 0150 646F7562 		.ascii	"double\000"
 557      6C6500
 558              	.LASF28:
 559 0157 483A5C44 		.ascii	"H:\\Documents\\GitHub\\301-Robot\\psoc student pack"
 559      6F63756D 
 559      656E7473 
 559      5C476974 
 559      4875625C 
 560 0186 5C70736F 		.ascii	"\\psoc_code_base\\CS301_Class.cydsn\000"
 560      635F636F 
 560      64655F62 
 560      6173655C 
 560      43533330 
 561              	.LASF25:
 562 01a8 55534255 		.ascii	"USBUART_currentTD\000"
 562      4152545F 
 562      63757272 
 562      656E7454 
 562      4400
 563              	.LASF10:
 564 01ba 75696E74 		.ascii	"uint16\000"
 564      313600
 565              	.LASF8:
 566 01c1 756E7369 		.ascii	"unsigned int\000"
 566      676E6564 
 566      20696E74 
 566      00
 567              	.LASF7:
 568 01ce 6C6F6E67 		.ascii	"long long unsigned int\000"
 568      206C6F6E 
 568      6720756E 
 568      7369676E 
 568      65642069 
 569              	.LASF17:
 570 01e5 545F5553 		.ascii	"T_USBUART_XFER_STATUS_BLOCK\000"
 570      42554152 
 570      545F5846 
 570      45525F53 
 570      54415455 
 571              	.LASF23:
 572 0201 55534255 		.ascii	"USBUART_ep0_data_struct\000"
 572      4152545F 
 572      6570305F 
 572      64617461 
 572      5F737472 
 573              	.LASF14:
 574 0219 73697A65 		.ascii	"sizetype\000"
 574      74797065 
 574      00
ARM GAS  C:\Users\ikui753\AppData\Local\Temp\cc9vM5ji.s 			page 14


 575              	.LASF6:
 576 0222 6C6F6E67 		.ascii	"long long int\000"
 576      206C6F6E 
 576      6720696E 
 576      7400
 577              	.LASF13:
 578 0230 63686172 		.ascii	"char\000"
 578      00
 579              	.LASF2:
 580 0235 73686F72 		.ascii	"short int\000"
 580      7420696E 
 580      7400
 581              	.LASF29:
 582 023f 55534255 		.ascii	"USBUART_HandleVendorRqst\000"
 582      4152545F 
 582      48616E64 
 582      6C655665 
 582      6E646F72 
 583              	.LASF30:
 584 0258 72657175 		.ascii	"requestHandled\000"
 584      65737448 
 584      616E646C 
 584      656400
 585              	.LASF4:
 586 0267 6C6F6E67 		.ascii	"long int\000"
 586      20696E74 
 586      00
 587              	.LASF0:
 588 0270 7369676E 		.ascii	"signed char\000"
 588      65642063 
 588      68617200 
 589              	.LASF16:
 590 027c 6C656E67 		.ascii	"length\000"
 590      746800
 591              		.ident	"GCC: (GNU Tools for ARM Embedded Processors) 5.4.1 20160609 (release) [ARM/embedded-5-bran
