<<<<<<< HEAD
ARM GAS  C:\Users\Jobsa\AppData\Local\Temp\ccwtYT0P.s 			page 1
=======
ARM GAS  C:\Users\ikui753\AppData\Local\Temp\ccMh9fiM.s 			page 1
>>>>>>> main


   1              		.syntax unified
   2              		.cpu cortex-m3
   3              		.fpu softvfp
   4              		.eabi_attribute 20, 1
   5              		.eabi_attribute 21, 1
   6              		.eabi_attribute 23, 3
   7              		.eabi_attribute 24, 1
   8              		.eabi_attribute 25, 1
   9              		.eabi_attribute 26, 1
  10              		.eabi_attribute 30, 6
  11              		.eabi_attribute 34, 1
  12              		.eabi_attribute 18, 4
  13              		.thumb
  14              		.syntax unified
  15              		.file	"USBUART_midi.c"
  16              		.text
  17              	.Ltext0:
  18              		.cfi_sections	.debug_frame
  19              	.Letext0:
  20              		.section	.debug_info,"",%progbits
  21              	.Ldebug_info0:
  22 0000 83000000 		.4byte	0x83
  23 0004 0400     		.2byte	0x4
  24 0006 00000000 		.4byte	.Ldebug_abbrev0
  25 000a 04       		.byte	0x4
  26 000b 01       		.uleb128 0x1
<<<<<<< HEAD
  27 000c C4000000 		.4byte	.LASF14
  28 0010 0C       		.byte	0xc
  29 0011 44000000 		.4byte	.LASF15
  30 0015 70000000 		.4byte	.LASF16
=======
  27 000c FB000000 		.4byte	.LASF14
  28 0010 0C       		.byte	0xc
  29 0011 CF000000 		.4byte	.LASF15
  30 0015 1B000000 		.4byte	.LASF16
>>>>>>> main
  31 0019 00000000 		.4byte	.Ldebug_line0
  32 001d 02       		.uleb128 0x2
  33 001e 01       		.byte	0x1
  34 001f 06       		.byte	0x6
<<<<<<< HEAD
  35 0020 88010000 		.4byte	.LASF0
  36 0024 02       		.uleb128 0x2
  37 0025 01       		.byte	0x1
  38 0026 08       		.byte	0x8
  39 0027 52010000 		.4byte	.LASF1
  40 002b 02       		.uleb128 0x2
  41 002c 02       		.byte	0x2
  42 002d 05       		.byte	0x5
  43 002e A0010000 		.4byte	.LASF2
  44 0032 02       		.uleb128 0x2
  45 0033 02       		.byte	0x2
  46 0034 07       		.byte	0x7
  47 0035 75010000 		.4byte	.LASF3
  48 0039 02       		.uleb128 0x2
  49 003a 04       		.byte	0x4
  50 003b 05       		.byte	0x5
  51 003c 65010000 		.4byte	.LASF4
=======
  35 0020 BF010000 		.4byte	.LASF0
  36 0024 02       		.uleb128 0x2
  37 0025 01       		.byte	0x1
  38 0026 08       		.byte	0x8
  39 0027 89010000 		.4byte	.LASF1
  40 002b 02       		.uleb128 0x2
  41 002c 02       		.byte	0x2
  42 002d 05       		.byte	0x5
  43 002e D7010000 		.4byte	.LASF2
  44 0032 02       		.uleb128 0x2
  45 0033 02       		.byte	0x2
  46 0034 07       		.byte	0x7
  47 0035 AC010000 		.4byte	.LASF3
  48 0039 02       		.uleb128 0x2
  49 003a 04       		.byte	0x4
  50 003b 05       		.byte	0x5
  51 003c 9C010000 		.4byte	.LASF4
>>>>>>> main
  52 0040 02       		.uleb128 0x2
  53 0041 04       		.byte	0x4
  54 0042 07       		.byte	0x7
  55 0043 A6000000 		.4byte	.LASF5
  56 0047 02       		.uleb128 0x2
  57 0048 08       		.byte	0x8
<<<<<<< HEAD
ARM GAS  C:\Users\Jobsa\AppData\Local\Temp\ccwtYT0P.s 			page 2
=======
ARM GAS  C:\Users\ikui753\AppData\Local\Temp\ccMh9fiM.s 			page 2
>>>>>>> main


  58 0049 05       		.byte	0x5
  59 004a 00000000 		.4byte	.LASF6
  60 004e 02       		.uleb128 0x2
  61 004f 08       		.byte	0x8
  62 0050 07       		.byte	0x7
  63 0051 B8000000 		.4byte	.LASF7
  64 0055 03       		.uleb128 0x3
  65 0056 04       		.byte	0x4
  66 0057 05       		.byte	0x5
  67 0058 696E7400 		.ascii	"int\000"
  68 005c 02       		.uleb128 0x2
  69 005d 04       		.byte	0x4
  70 005e 07       		.byte	0x7
  71 005f 0E000000 		.4byte	.LASF8
  72 0063 02       		.uleb128 0x2
  73 0064 04       		.byte	0x4
  74 0065 04       		.byte	0x4
  75 0066 F5000000 		.4byte	.LASF9
  76 006a 02       		.uleb128 0x2
  77 006b 08       		.byte	0x8
  78 006c 04       		.byte	0x4
<<<<<<< HEAD
  79 006d 6E010000 		.4byte	.LASF10
  80 0071 02       		.uleb128 0x2
  81 0072 01       		.byte	0x1
  82 0073 08       		.byte	0x8
  83 0074 60010000 		.4byte	.LASF11
  84 0078 02       		.uleb128 0x2
  85 0079 08       		.byte	0x8
  86 007a 04       		.byte	0x4
  87 007b 94010000 		.4byte	.LASF12
  88 007f 02       		.uleb128 0x2
  89 0080 04       		.byte	0x4
  90 0081 07       		.byte	0x7
  91 0082 AA010000 		.4byte	.LASF13
=======
  79 006d A5010000 		.4byte	.LASF10
  80 0071 02       		.uleb128 0x2
  81 0072 01       		.byte	0x1
  82 0073 08       		.byte	0x8
  83 0074 97010000 		.4byte	.LASF11
  84 0078 02       		.uleb128 0x2
  85 0079 08       		.byte	0x8
  86 007a 04       		.byte	0x4
  87 007b CB010000 		.4byte	.LASF12
  88 007f 02       		.uleb128 0x2
  89 0080 04       		.byte	0x4
  90 0081 07       		.byte	0x7
  91 0082 E1010000 		.4byte	.LASF13
>>>>>>> main
  92 0086 00       		.byte	0
  93              		.section	.debug_abbrev,"",%progbits
  94              	.Ldebug_abbrev0:
  95 0000 01       		.uleb128 0x1
  96 0001 11       		.uleb128 0x11
  97 0002 01       		.byte	0x1
  98 0003 25       		.uleb128 0x25
  99 0004 0E       		.uleb128 0xe
 100 0005 13       		.uleb128 0x13
 101 0006 0B       		.uleb128 0xb
 102 0007 03       		.uleb128 0x3
 103 0008 0E       		.uleb128 0xe
 104 0009 1B       		.uleb128 0x1b
 105 000a 0E       		.uleb128 0xe
 106 000b 10       		.uleb128 0x10
 107 000c 17       		.uleb128 0x17
 108 000d 00       		.byte	0
 109 000e 00       		.byte	0
 110 000f 02       		.uleb128 0x2
 111 0010 24       		.uleb128 0x24
 112 0011 00       		.byte	0
 113 0012 0B       		.uleb128 0xb
 114 0013 0B       		.uleb128 0xb
<<<<<<< HEAD
ARM GAS  C:\Users\Jobsa\AppData\Local\Temp\ccwtYT0P.s 			page 3
=======
ARM GAS  C:\Users\ikui753\AppData\Local\Temp\ccMh9fiM.s 			page 3
>>>>>>> main


 115 0014 3E       		.uleb128 0x3e
 116 0015 0B       		.uleb128 0xb
 117 0016 03       		.uleb128 0x3
 118 0017 0E       		.uleb128 0xe
 119 0018 00       		.byte	0
 120 0019 00       		.byte	0
 121 001a 03       		.uleb128 0x3
 122 001b 24       		.uleb128 0x24
 123 001c 00       		.byte	0
 124 001d 0B       		.uleb128 0xb
 125 001e 0B       		.uleb128 0xb
 126 001f 3E       		.uleb128 0x3e
 127 0020 0B       		.uleb128 0xb
 128 0021 03       		.uleb128 0x3
 129 0022 08       		.uleb128 0x8
 130 0023 00       		.byte	0
 131 0024 00       		.byte	0
 132 0025 00       		.byte	0
 133              		.section	.debug_aranges,"",%progbits
 134 0000 14000000 		.4byte	0x14
 135 0004 0200     		.2byte	0x2
 136 0006 00000000 		.4byte	.Ldebug_info0
 137 000a 04       		.byte	0x4
 138 000b 00       		.byte	0
 139 000c 0000     		.2byte	0
 140 000e 0000     		.2byte	0
 141 0010 00000000 		.4byte	0
 142 0014 00000000 		.4byte	0
 143              		.section	.debug_line,"",%progbits
 144              	.Ldebug_line0:
 145 0000 19000000 		.section	.debug_str,"MS",%progbits,1
 145      02001300 
 145      00000201 
 145      FB0E0D00 
 145      01010101 
 146              	.LASF6:
 147 0000 6C6F6E67 		.ascii	"long long int\000"
 147      206C6F6E 
 147      6720696E 
 147      7400
 148              	.LASF8:
 149 000e 756E7369 		.ascii	"unsigned int\000"
 149      676E6564 
 149      20696E74 
 149      00
<<<<<<< HEAD
 150              	.LASF5:
 151 001b 6C6F6E67 		.ascii	"long unsigned int\000"
 151      20756E73 
 151      69676E65 
 151      6420696E 
 151      7400
 152              	.LASF7:
 153 002d 6C6F6E67 		.ascii	"long long unsigned int\000"
 153      206C6F6E 
 153      6720756E 
 153      7369676E 
 153      65642069 
ARM GAS  C:\Users\Jobsa\AppData\Local\Temp\ccwtYT0P.s 			page 4


 154              	.LASF15:
 155 0044 47656E65 		.ascii	"Generated_Source\\PSoC5\\USBUART_midi.c\000"
 155      72617465 
 155      645F536F 
 155      75726365 
 155      5C50536F 
 156              	.LASF9:
 157 006a 666C6F61 		.ascii	"float\000"
 157      7400
 158              	.LASF16:
 159 0070 433A5C50 		.ascii	"C:\\Projects\\University\\301-Robot\\psoc student p"
 159      726F6A65 
 159      6374735C 
 159      556E6976 
 159      65727369 
 160 009f 61636B5C 		.ascii	"ack\\psoc_code_base\\CS301_Class.cydsn\000"
 160      70736F63 
 160      5F636F64 
 160      655F6261 
 160      73655C43 
 161              	.LASF14:
 162 00c4 474E5520 		.ascii	"GNU C11 5.4.1 20160609 (release) [ARM/embedded-5-br"
 162      43313120 
 162      352E342E 
 162      31203230 
 162      31363036 
 163 00f7 616E6368 		.ascii	"anch revision 237715] -mcpu=cortex-m3 -mthumb -g -O"
 163      20726576 
 163      6973696F 
 163      6E203233 
 163      37373135 
 164 012a 30202D66 		.ascii	"0 -ffunction-sections -ffat-lto-objects\000"
 164      66756E63 
 164      74696F6E 
 164      2D736563 
 164      74696F6E 
 165              	.LASF1:
 166 0152 756E7369 		.ascii	"unsigned char\000"
 166      676E6564 
 166      20636861 
 166      7200
 167              	.LASF11:
 168 0160 63686172 		.ascii	"char\000"
 168      00
 169              	.LASF4:
 170 0165 6C6F6E67 		.ascii	"long int\000"
 170      20696E74 
 170      00
 171              	.LASF10:
 172 016e 646F7562 		.ascii	"double\000"
 172      6C6500
 173              	.LASF3:
 174 0175 73686F72 		.ascii	"short unsigned int\000"
 174      7420756E 
 174      7369676E 
 174      65642069 
 174      6E7400
ARM GAS  C:\Users\Jobsa\AppData\Local\Temp\ccwtYT0P.s 			page 5


 175              	.LASF0:
 176 0188 7369676E 		.ascii	"signed char\000"
 176      65642063 
 176      68617200 
 177              	.LASF12:
 178 0194 6C6F6E67 		.ascii	"long double\000"
 178      20646F75 
 178      626C6500 
 179              	.LASF2:
 180 01a0 73686F72 		.ascii	"short int\000"
 180      7420696E 
 180      7400
 181              	.LASF13:
 182 01aa 73697A65 		.ascii	"sizetype\000"
 182      74797065 
 182      00
 183              		.ident	"GCC: (GNU Tools for ARM Embedded Processors) 5.4.1 20160609 (release) [ARM/embedded-5-bran
=======
 150              	.LASF16:
 151 001b 433A5C55 		.ascii	"C:\\Users\\ikui753\\OneDrive - The University of Au"
 151      73657273 
 151      5C696B75 
 151      69373533 
 151      5C4F6E65 
 152 004b 636B6C61 		.ascii	"ckland\\Documents\\CS301\\github\\301-Robot\\psoc s"
 152      6E645C44 
 152      6F63756D 
 152      656E7473 
 152      5C435333 
 153 0079 74756465 		.ascii	"tudent pack\\psoc_code_base\\CS301_Class.cydsn\000"
ARM GAS  C:\Users\ikui753\AppData\Local\Temp\ccMh9fiM.s 			page 4


 153      6E742070 
 153      61636B5C 
 153      70736F63 
 153      5F636F64 
 154              	.LASF5:
 155 00a6 6C6F6E67 		.ascii	"long unsigned int\000"
 155      20756E73 
 155      69676E65 
 155      6420696E 
 155      7400
 156              	.LASF7:
 157 00b8 6C6F6E67 		.ascii	"long long unsigned int\000"
 157      206C6F6E 
 157      6720756E 
 157      7369676E 
 157      65642069 
 158              	.LASF15:
 159 00cf 47656E65 		.ascii	"Generated_Source\\PSoC5\\USBUART_midi.c\000"
 159      72617465 
 159      645F536F 
 159      75726365 
 159      5C50536F 
 160              	.LASF9:
 161 00f5 666C6F61 		.ascii	"float\000"
 161      7400
 162              	.LASF14:
 163 00fb 474E5520 		.ascii	"GNU C11 5.4.1 20160609 (release) [ARM/embedded-5-br"
 163      43313120 
 163      352E342E 
 163      31203230 
 163      31363036 
 164 012e 616E6368 		.ascii	"anch revision 237715] -mcpu=cortex-m3 -mthumb -g -O"
 164      20726576 
 164      6973696F 
 164      6E203233 
 164      37373135 
 165 0161 30202D66 		.ascii	"0 -ffunction-sections -ffat-lto-objects\000"
 165      66756E63 
 165      74696F6E 
 165      2D736563 
 165      74696F6E 
 166              	.LASF1:
 167 0189 756E7369 		.ascii	"unsigned char\000"
 167      676E6564 
 167      20636861 
 167      7200
 168              	.LASF11:
 169 0197 63686172 		.ascii	"char\000"
 169      00
 170              	.LASF4:
 171 019c 6C6F6E67 		.ascii	"long int\000"
 171      20696E74 
 171      00
 172              	.LASF10:
 173 01a5 646F7562 		.ascii	"double\000"
 173      6C6500
 174              	.LASF3:
ARM GAS  C:\Users\ikui753\AppData\Local\Temp\ccMh9fiM.s 			page 5


 175 01ac 73686F72 		.ascii	"short unsigned int\000"
 175      7420756E 
 175      7369676E 
 175      65642069 
 175      6E7400
 176              	.LASF0:
 177 01bf 7369676E 		.ascii	"signed char\000"
 177      65642063 
 177      68617200 
 178              	.LASF12:
 179 01cb 6C6F6E67 		.ascii	"long double\000"
 179      20646F75 
 179      626C6500 
 180              	.LASF2:
 181 01d7 73686F72 		.ascii	"short int\000"
 181      7420696E 
 181      7400
 182              	.LASF13:
 183 01e1 73697A65 		.ascii	"sizetype\000"
 183      74797065 
 183      00
 184              		.ident	"GCC: (GNU Tools for ARM Embedded Processors) 5.4.1 20160609 (release) [ARM/embedded-5-bran
>>>>>>> main
