ARM GAS  C:\Users\ikui753\AppData\Local\Temp\ccLhBBvH.s 			page 1


   1              		.syntax unified
   2              		.cpu cortex-m3
   3              		.fpu softvfp
   4              		.eabi_attribute 20, 1
   5              		.eabi_attribute 21, 1
   6              		.eabi_attribute 23, 3
   7              		.eabi_attribute 24, 1
   8              		.eabi_attribute 25, 1
   9              		.eabi_attribute 26, 1
  10              		.eabi_attribute 30, 6
  11              		.eabi_attribute 34, 1
  12              		.eabi_attribute 18, 4
  13              		.thumb
  14              		.syntax unified
  15              		.file	"USBUART_pm.c"
  16              		.text
  17              	.Ltext0:
  18              		.cfi_sections	.debug_frame
  19              		.bss
  20              		.align	2
  21              	USBUART_backup:
  22 0000 0000     		.space	2
  23              		.section	.text.USBUART_DP_ISR,"ax",%progbits
  24              		.align	2
  25              		.global	USBUART_DP_ISR
  26              		.thumb
  27              		.thumb_func
  28              		.type	USBUART_DP_ISR, %function
  29              	USBUART_DP_ISR:
  30              	.LFB0:
  31              		.file 1 "Generated_Source\\PSoC5\\USBUART_pm.c"
   1:Generated_Source\PSoC5/USBUART_pm.c **** /***************************************************************************//**
   2:Generated_Source\PSoC5/USBUART_pm.c **** * \file USBUART_pm.c
   3:Generated_Source\PSoC5/USBUART_pm.c **** * \version 3.20
   4:Generated_Source\PSoC5/USBUART_pm.c **** *
   5:Generated_Source\PSoC5/USBUART_pm.c **** * \brief
   6:Generated_Source\PSoC5/USBUART_pm.c **** *  This file provides Suspend/Resume APIs implementation.
   7:Generated_Source\PSoC5/USBUART_pm.c **** *
   8:Generated_Source\PSoC5/USBUART_pm.c **** ********************************************************************************
   9:Generated_Source\PSoC5/USBUART_pm.c **** * \copyright
  10:Generated_Source\PSoC5/USBUART_pm.c **** * Copyright 2008-2016, Cypress Semiconductor Corporation.  All rights reserved.
  11:Generated_Source\PSoC5/USBUART_pm.c **** * You may use this file only in accordance with the license, terms, conditions,
  12:Generated_Source\PSoC5/USBUART_pm.c **** * disclaimers, and limitations in the end user license agreement accompanying
  13:Generated_Source\PSoC5/USBUART_pm.c **** * the software package with which this file was provided.
  14:Generated_Source\PSoC5/USBUART_pm.c **** *******************************************************************************/
  15:Generated_Source\PSoC5/USBUART_pm.c **** 
  16:Generated_Source\PSoC5/USBUART_pm.c **** #include "USBUART_pvt.h"
  17:Generated_Source\PSoC5/USBUART_pm.c **** #include "USBUART_Dp.h"
  18:Generated_Source\PSoC5/USBUART_pm.c **** 
  19:Generated_Source\PSoC5/USBUART_pm.c **** 
  20:Generated_Source\PSoC5/USBUART_pm.c **** /***************************************
  21:Generated_Source\PSoC5/USBUART_pm.c **** * Custom Declarations
  22:Generated_Source\PSoC5/USBUART_pm.c **** ***************************************/
  23:Generated_Source\PSoC5/USBUART_pm.c **** /* `#START PM_CUSTOM_DECLARATIONS` Place your declaration here */
  24:Generated_Source\PSoC5/USBUART_pm.c **** 
  25:Generated_Source\PSoC5/USBUART_pm.c **** /* `#END` */
  26:Generated_Source\PSoC5/USBUART_pm.c **** 
ARM GAS  C:\Users\ikui753\AppData\Local\Temp\ccLhBBvH.s 			page 2


  27:Generated_Source\PSoC5/USBUART_pm.c **** 
  28:Generated_Source\PSoC5/USBUART_pm.c **** /***************************************
  29:Generated_Source\PSoC5/USBUART_pm.c **** * Local data allocation
  30:Generated_Source\PSoC5/USBUART_pm.c **** ***************************************/
  31:Generated_Source\PSoC5/USBUART_pm.c **** 
  32:Generated_Source\PSoC5/USBUART_pm.c **** static USBUART_BACKUP_STRUCT  USBUART_backup;
  33:Generated_Source\PSoC5/USBUART_pm.c **** 
  34:Generated_Source\PSoC5/USBUART_pm.c **** #if (USBUART_DP_ISR_ACTIVE)
  35:Generated_Source\PSoC5/USBUART_pm.c ****     /*******************************************************************************
  36:Generated_Source\PSoC5/USBUART_pm.c ****     * Function Name: USBUART_DP_ISR
  37:Generated_Source\PSoC5/USBUART_pm.c ****     ****************************************************************************//**
  38:Generated_Source\PSoC5/USBUART_pm.c ****     *
  39:Generated_Source\PSoC5/USBUART_pm.c ****     *  This Interrupt Service Routine handles DP pin changes for wake-up from
  40:Generated_Source\PSoC5/USBUART_pm.c ****     *  the sleep mode.
  41:Generated_Source\PSoC5/USBUART_pm.c ****     *
  42:Generated_Source\PSoC5/USBUART_pm.c ****     *******************************************************************************/
  43:Generated_Source\PSoC5/USBUART_pm.c ****     CY_ISR(USBUART_DP_ISR)
  44:Generated_Source\PSoC5/USBUART_pm.c ****     {
  32              		.loc 1 44 0
  33              		.cfi_startproc
  34              		@ args = 0, pretend = 0, frame = 0
  35              		@ frame_needed = 1, uses_anonymous_args = 0
  36 0000 80B5     		push	{r7, lr}
  37              		.cfi_def_cfa_offset 8
  38              		.cfi_offset 7, -8
  39              		.cfi_offset 14, -4
  40 0002 00AF     		add	r7, sp, #0
  41              		.cfi_def_cfa_register 7
  45:Generated_Source\PSoC5/USBUART_pm.c ****     #ifdef USBUART_DP_ISR_ENTRY_CALLBACK
  46:Generated_Source\PSoC5/USBUART_pm.c ****         USBUART_DP_ISR_EntryCallback();
  47:Generated_Source\PSoC5/USBUART_pm.c ****     #endif /* (USBUART_DP_ISR_ENTRY_CALLBACK) */
  48:Generated_Source\PSoC5/USBUART_pm.c **** 
  49:Generated_Source\PSoC5/USBUART_pm.c ****         /* `#START DP_USER_CODE` Place your code here */
  50:Generated_Source\PSoC5/USBUART_pm.c **** 
  51:Generated_Source\PSoC5/USBUART_pm.c ****         /* `#END` */
  52:Generated_Source\PSoC5/USBUART_pm.c **** 
  53:Generated_Source\PSoC5/USBUART_pm.c ****         (void) USBUART_Dp_ClearInterrupt();
  42              		.loc 1 53 0
  43 0004 FFF7FEFF 		bl	USBUART_Dp_ClearInterrupt
  54:Generated_Source\PSoC5/USBUART_pm.c **** 		
  55:Generated_Source\PSoC5/USBUART_pm.c **** 	#ifdef USBUART_DP_ISR_EXIT_CALLBACK
  56:Generated_Source\PSoC5/USBUART_pm.c ****         USBUART_DP_ISR_ExitCallback();
  57:Generated_Source\PSoC5/USBUART_pm.c ****     #endif /* (USBUART_DP_ISR_EXIT_CALLBACK) */
  58:Generated_Source\PSoC5/USBUART_pm.c ****     }
  44              		.loc 1 58 0
  45 0008 00BF     		nop
  46 000a 80BD     		pop	{r7, pc}
  47              		.cfi_endproc
  48              	.LFE0:
  49              		.size	USBUART_DP_ISR, .-USBUART_DP_ISR
  50              		.section	.text.USBUART_SaveConfig,"ax",%progbits
  51              		.align	2
  52              		.global	USBUART_SaveConfig
  53              		.thumb
  54              		.thumb_func
  55              		.type	USBUART_SaveConfig, %function
  56              	USBUART_SaveConfig:
ARM GAS  C:\Users\ikui753\AppData\Local\Temp\ccLhBBvH.s 			page 3


  57              	.LFB1:
  59:Generated_Source\PSoC5/USBUART_pm.c **** #endif /* (USBUART_DP_ISR_ACTIVE) */
  60:Generated_Source\PSoC5/USBUART_pm.c **** 
  61:Generated_Source\PSoC5/USBUART_pm.c **** 
  62:Generated_Source\PSoC5/USBUART_pm.c **** /*******************************************************************************
  63:Generated_Source\PSoC5/USBUART_pm.c **** * Function Name: USBUART_SaveConfig
  64:Generated_Source\PSoC5/USBUART_pm.c **** ****************************************************************************//**
  65:Generated_Source\PSoC5/USBUART_pm.c **** *
  66:Generated_Source\PSoC5/USBUART_pm.c **** *  Saves the current user configuration.
  67:Generated_Source\PSoC5/USBUART_pm.c **** *
  68:Generated_Source\PSoC5/USBUART_pm.c **** * \reentrant
  69:Generated_Source\PSoC5/USBUART_pm.c **** *  No.
  70:Generated_Source\PSoC5/USBUART_pm.c **** *
  71:Generated_Source\PSoC5/USBUART_pm.c **** *******************************************************************************/
  72:Generated_Source\PSoC5/USBUART_pm.c **** void USBUART_SaveConfig(void) 
  73:Generated_Source\PSoC5/USBUART_pm.c **** {
  58              		.loc 1 73 0
  59              		.cfi_startproc
  60              		@ args = 0, pretend = 0, frame = 0
  61              		@ frame_needed = 1, uses_anonymous_args = 0
  62              		@ link register save eliminated.
  63 0000 80B4     		push	{r7}
  64              		.cfi_def_cfa_offset 4
  65              		.cfi_offset 7, -4
  66 0002 00AF     		add	r7, sp, #0
  67              		.cfi_def_cfa_register 7
  74:Generated_Source\PSoC5/USBUART_pm.c ****     /* Empty function added for the compatibility purpose. */
  75:Generated_Source\PSoC5/USBUART_pm.c **** }
  68              		.loc 1 75 0
  69 0004 00BF     		nop
  70 0006 BD46     		mov	sp, r7
  71              		.cfi_def_cfa_register 13
  72              		@ sp needed
  73 0008 80BC     		pop	{r7}
  74              		.cfi_restore 7
  75              		.cfi_def_cfa_offset 0
  76 000a 7047     		bx	lr
  77              		.cfi_endproc
  78              	.LFE1:
  79              		.size	USBUART_SaveConfig, .-USBUART_SaveConfig
  80              		.section	.text.USBUART_RestoreConfig,"ax",%progbits
  81              		.align	2
  82              		.global	USBUART_RestoreConfig
  83              		.thumb
  84              		.thumb_func
  85              		.type	USBUART_RestoreConfig, %function
  86              	USBUART_RestoreConfig:
  87              	.LFB2:
  76:Generated_Source\PSoC5/USBUART_pm.c **** 
  77:Generated_Source\PSoC5/USBUART_pm.c **** 
  78:Generated_Source\PSoC5/USBUART_pm.c **** /*******************************************************************************
  79:Generated_Source\PSoC5/USBUART_pm.c **** * Function Name: USBUART_RestoreConfig
  80:Generated_Source\PSoC5/USBUART_pm.c **** ****************************************************************************//**
  81:Generated_Source\PSoC5/USBUART_pm.c **** *
  82:Generated_Source\PSoC5/USBUART_pm.c **** *  Restores the current user configuration.
  83:Generated_Source\PSoC5/USBUART_pm.c **** *
  84:Generated_Source\PSoC5/USBUART_pm.c **** * \reentrant
ARM GAS  C:\Users\ikui753\AppData\Local\Temp\ccLhBBvH.s 			page 4


  85:Generated_Source\PSoC5/USBUART_pm.c **** *  No.
  86:Generated_Source\PSoC5/USBUART_pm.c **** *
  87:Generated_Source\PSoC5/USBUART_pm.c **** *******************************************************************************/
  88:Generated_Source\PSoC5/USBUART_pm.c **** void USBUART_RestoreConfig(void) 
  89:Generated_Source\PSoC5/USBUART_pm.c **** {
  88              		.loc 1 89 0
  89              		.cfi_startproc
  90              		@ args = 0, pretend = 0, frame = 0
  91              		@ frame_needed = 1, uses_anonymous_args = 0
  92 0000 80B5     		push	{r7, lr}
  93              		.cfi_def_cfa_offset 8
  94              		.cfi_offset 7, -8
  95              		.cfi_offset 14, -4
  96 0002 00AF     		add	r7, sp, #0
  97              		.cfi_def_cfa_register 7
  90:Generated_Source\PSoC5/USBUART_pm.c ****     if (USBUART_configuration != 0u)
  98              		.loc 1 90 0
  99 0004 054B     		ldr	r3, .L6
 100 0006 1B78     		ldrb	r3, [r3]
 101 0008 DBB2     		uxtb	r3, r3
 102 000a 002B     		cmp	r3, #0
 103 000c 03D0     		beq	.L5
  91:Generated_Source\PSoC5/USBUART_pm.c ****     {
  92:Generated_Source\PSoC5/USBUART_pm.c ****         USBUART_ConfigReg();
 104              		.loc 1 92 0
 105 000e FFF7FEFF 		bl	USBUART_ConfigReg
  93:Generated_Source\PSoC5/USBUART_pm.c ****         USBUART_EpStateInit();
 106              		.loc 1 93 0
 107 0012 FFF7FEFF 		bl	USBUART_EpStateInit
 108              	.L5:
  94:Generated_Source\PSoC5/USBUART_pm.c ****     }
  95:Generated_Source\PSoC5/USBUART_pm.c **** }
 109              		.loc 1 95 0
 110 0016 00BF     		nop
 111 0018 80BD     		pop	{r7, pc}
 112              	.L7:
 113 001a 00BF     		.align	2
 114              	.L6:
 115 001c 00000000 		.word	USBUART_configuration
 116              		.cfi_endproc
 117              	.LFE2:
 118              		.size	USBUART_RestoreConfig, .-USBUART_RestoreConfig
 119              		.section	.text.USBUART_Suspend,"ax",%progbits
 120              		.align	2
 121              		.global	USBUART_Suspend
 122              		.thumb
 123              		.thumb_func
 124              		.type	USBUART_Suspend, %function
 125              	USBUART_Suspend:
 126              	.LFB3:
  96:Generated_Source\PSoC5/USBUART_pm.c **** 
  97:Generated_Source\PSoC5/USBUART_pm.c **** 
  98:Generated_Source\PSoC5/USBUART_pm.c **** /*******************************************************************************
  99:Generated_Source\PSoC5/USBUART_pm.c **** * Function Name: USBUART_Suspend
 100:Generated_Source\PSoC5/USBUART_pm.c **** ****************************************************************************//**
 101:Generated_Source\PSoC5/USBUART_pm.c **** *
 102:Generated_Source\PSoC5/USBUART_pm.c **** *  This function prepares the USBFS component to enter low power mode. The 
ARM GAS  C:\Users\ikui753\AppData\Local\Temp\ccLhBBvH.s 			page 5


 103:Generated_Source\PSoC5/USBUART_pm.c **** *  interrupt on falling edge on Dp pin is configured to wakeup device when the 
 104:Generated_Source\PSoC5/USBUART_pm.c **** *  host drives resume condition. The pull-up is enabled on the Dp line while 
 105:Generated_Source\PSoC5/USBUART_pm.c **** *  device is in low power mode. The supported low power modes are Deep Sleep 
 106:Generated_Source\PSoC5/USBUART_pm.c **** *  (PSoC 4200L) and Sleep (PSoC 3/ PSoC 5LP).
 107:Generated_Source\PSoC5/USBUART_pm.c **** *  
 108:Generated_Source\PSoC5/USBUART_pm.c **** *  *Note* For PSoC 4200L devices, this function should not be called before 
 109:Generated_Source\PSoC5/USBUART_pm.c **** *  entering Sleep.
 110:Generated_Source\PSoC5/USBUART_pm.c **** *  
 111:Generated_Source\PSoC5/USBUART_pm.c **** *  *Note* After enter low power mode, the data which is left in the IN or OUT 
 112:Generated_Source\PSoC5/USBUART_pm.c **** *  endpoint buffers is not restored after wakeup and lost. Therefore it should 
 113:Generated_Source\PSoC5/USBUART_pm.c **** *  be stored in the SRAM for OUT endpoint or read by the host for IN endpoint 
 114:Generated_Source\PSoC5/USBUART_pm.c **** *  before enter low power mode.
 115:Generated_Source\PSoC5/USBUART_pm.c **** *
 116:Generated_Source\PSoC5/USBUART_pm.c **** * \globalvars
 117:Generated_Source\PSoC5/USBUART_pm.c **** *  USBUART_backup.enable:  modified.
 118:Generated_Source\PSoC5/USBUART_pm.c **** *
 119:Generated_Source\PSoC5/USBUART_pm.c **** * \reentrant
 120:Generated_Source\PSoC5/USBUART_pm.c **** *  No.
 121:Generated_Source\PSoC5/USBUART_pm.c **** *
 122:Generated_Source\PSoC5/USBUART_pm.c **** *******************************************************************************/
 123:Generated_Source\PSoC5/USBUART_pm.c **** void USBUART_Suspend(void) 
 124:Generated_Source\PSoC5/USBUART_pm.c **** {
 127              		.loc 1 124 0
 128              		.cfi_startproc
 129              		@ args = 0, pretend = 0, frame = 8
 130              		@ frame_needed = 1, uses_anonymous_args = 0
 131 0000 80B5     		push	{r7, lr}
 132              		.cfi_def_cfa_offset 8
 133              		.cfi_offset 7, -8
 134              		.cfi_offset 14, -4
 135 0002 82B0     		sub	sp, sp, #8
 136              		.cfi_def_cfa_offset 16
 137 0004 00AF     		add	r7, sp, #0
 138              		.cfi_def_cfa_register 7
 125:Generated_Source\PSoC5/USBUART_pm.c ****     uint8 enableInterrupts;
 126:Generated_Source\PSoC5/USBUART_pm.c **** 
 127:Generated_Source\PSoC5/USBUART_pm.c ****     enableInterrupts = CyEnterCriticalSection();
 139              		.loc 1 127 0
 140 0006 FFF7FEFF 		bl	CyEnterCriticalSection
 141 000a 0346     		mov	r3, r0
 142 000c FB71     		strb	r3, [r7, #7]
 128:Generated_Source\PSoC5/USBUART_pm.c **** 
 129:Generated_Source\PSoC5/USBUART_pm.c ****     if (0u != (USBUART_CR0_REG & USBUART_CR0_ENABLE))
 143              		.loc 1 129 0
 144 000e 394B     		ldr	r3, .L11
 145 0010 1B78     		ldrb	r3, [r3]
 146 0012 DBB2     		uxtb	r3, r3
 147 0014 5BB2     		sxtb	r3, r3
 148 0016 002B     		cmp	r3, #0
 149 0018 57DA     		bge	.L9
 130:Generated_Source\PSoC5/USBUART_pm.c ****     {
 131:Generated_Source\PSoC5/USBUART_pm.c ****         /* USB block is enabled. */
 132:Generated_Source\PSoC5/USBUART_pm.c ****         USBUART_backup.enableState = 1u;
 150              		.loc 1 132 0
 151 001a 374B     		ldr	r3, .L11+4
 152 001c 0122     		movs	r2, #1
 153 001e 1A70     		strb	r2, [r3]
ARM GAS  C:\Users\ikui753\AppData\Local\Temp\ccLhBBvH.s 			page 6


 133:Generated_Source\PSoC5/USBUART_pm.c **** 
 134:Generated_Source\PSoC5/USBUART_pm.c ****     #if (USBUART_EP_MANAGEMENT_DMA)
 135:Generated_Source\PSoC5/USBUART_pm.c ****         USBUART_Stop_DMA(USBUART_MAX_EP);
 136:Generated_Source\PSoC5/USBUART_pm.c ****     #endif /* (USBUART_EP_MANAGEMENT_DMA) */
 137:Generated_Source\PSoC5/USBUART_pm.c **** 
 138:Generated_Source\PSoC5/USBUART_pm.c ****     #if (CY_PSOC4)
 139:Generated_Source\PSoC5/USBUART_pm.c ****         /* Suspend enter sequence. */
 140:Generated_Source\PSoC5/USBUART_pm.c ****         USBUART_POWER_CTRL_REG |= (USBUART_POWER_CTRL_SUSPEND |
 141:Generated_Source\PSoC5/USBUART_pm.c ****                                             USBUART_POWER_CTRL_SUSPEND_DEL);
 142:Generated_Source\PSoC5/USBUART_pm.c **** 
 143:Generated_Source\PSoC5/USBUART_pm.c ****         /* Store state of USB regulator and disable it. */
 144:Generated_Source\PSoC5/USBUART_pm.c ****         USBUART_backup.mode = (uint8)  (USBUART_CR1_REG & USBUART_CR1_REG_ENABLE);
 145:Generated_Source\PSoC5/USBUART_pm.c ****         USBUART_CR1_REG    &= (uint32) ~USBUART_CR1_REG_ENABLE;
 146:Generated_Source\PSoC5/USBUART_pm.c ****         
 147:Generated_Source\PSoC5/USBUART_pm.c ****         /* Store SIE interrupt sources. Valid bits are 0 - 4. */
 148:Generated_Source\PSoC5/USBUART_pm.c ****         USBUART_backup.intrSeiMask = (uint8) USBUART_INTR_SIE_MASK_REG;
 149:Generated_Source\PSoC5/USBUART_pm.c **** 
 150:Generated_Source\PSoC5/USBUART_pm.c ****     #else
 151:Generated_Source\PSoC5/USBUART_pm.c ****         /* Ensure USB transmit enable is low (USB_USBIO_CR0.ten). - Manual Transmission - Disabled.
 152:Generated_Source\PSoC5/USBUART_pm.c ****         USBUART_USBIO_CR0_REG &= (uint8) ~USBUART_USBIO_CR0_TEN;
 154              		.loc 1 152 0
 155 0020 364A     		ldr	r2, .L11+8
 156 0022 364B     		ldr	r3, .L11+8
 157 0024 1B78     		ldrb	r3, [r3]
 158 0026 DBB2     		uxtb	r3, r3
 159 0028 03F07F03 		and	r3, r3, #127
 160 002c DBB2     		uxtb	r3, r3
 161 002e 1370     		strb	r3, [r2]
 153:Generated_Source\PSoC5/USBUART_pm.c ****         CyDelayUs(USBUART_WAIT_REG_STABILITY_50NS);  /*~50ns delay. */
 162              		.loc 1 153 0
 163 0030 0020     		movs	r0, #0
 164 0032 FFF7FEFF 		bl	CyDelayUs
 154:Generated_Source\PSoC5/USBUART_pm.c **** 
 155:Generated_Source\PSoC5/USBUART_pm.c ****         /* Disable the USBIO by asserting PM.USB_CR0.fsusbio_pd_n(Inverted) and pd_pullup_hv(Invert
 156:Generated_Source\PSoC5/USBUART_pm.c ****         USBUART_PM_USB_CR0_REG &= (uint8) ~(USBUART_PM_USB_CR0_PD_N |
 165              		.loc 1 156 0
 166 0036 324A     		ldr	r2, .L11+12
 167 0038 314B     		ldr	r3, .L11+12
 168 003a 1B78     		ldrb	r3, [r3]
 169 003c DBB2     		uxtb	r3, r3
 170 003e 23F00603 		bic	r3, r3, #6
 171 0042 DBB2     		uxtb	r3, r3
 172 0044 1370     		strb	r3, [r2]
 157:Generated_Source\PSoC5/USBUART_pm.c ****                                                      USBUART_PM_USB_CR0_PD_PULLUP_N);
 158:Generated_Source\PSoC5/USBUART_pm.c **** 
 159:Generated_Source\PSoC5/USBUART_pm.c ****         /* Disable the SIE. */
 160:Generated_Source\PSoC5/USBUART_pm.c ****         USBUART_CR0_REG &= (uint8) ~USBUART_CR0_ENABLE;
 173              		.loc 1 160 0
 174 0046 2B4A     		ldr	r2, .L11
 175 0048 2A4B     		ldr	r3, .L11
 176 004a 1B78     		ldrb	r3, [r3]
 177 004c DBB2     		uxtb	r3, r3
 178 004e 03F07F03 		and	r3, r3, #127
 179 0052 DBB2     		uxtb	r3, r3
 180 0054 1370     		strb	r3, [r2]
 161:Generated_Source\PSoC5/USBUART_pm.c **** 
 162:Generated_Source\PSoC5/USBUART_pm.c ****         CyDelayUs(USBUART_WAIT_REG_STABILITY_50NS);  /* ~50ns delay. */
ARM GAS  C:\Users\ikui753\AppData\Local\Temp\ccLhBBvH.s 			page 7


 181              		.loc 1 162 0
 182 0056 0020     		movs	r0, #0
 183 0058 FFF7FEFF 		bl	CyDelayUs
 163:Generated_Source\PSoC5/USBUART_pm.c ****         /* Store mode and disable VRegulator. */
 164:Generated_Source\PSoC5/USBUART_pm.c ****         USBUART_backup.mode = (uint8) (USBUART_CR1_REG & USBUART_CR1_REG_ENABLE);
 184              		.loc 1 164 0
 185 005c 294B     		ldr	r3, .L11+16
 186 005e 1B78     		ldrb	r3, [r3]
 187 0060 DBB2     		uxtb	r3, r3
 188 0062 03F00103 		and	r3, r3, #1
 189 0066 DAB2     		uxtb	r2, r3
 190 0068 234B     		ldr	r3, .L11+4
 191 006a 5A70     		strb	r2, [r3, #1]
 165:Generated_Source\PSoC5/USBUART_pm.c ****         USBUART_CR1_REG    &= (uint8) ~USBUART_CR1_REG_ENABLE;
 192              		.loc 1 165 0
 193 006c 254A     		ldr	r2, .L11+16
 194 006e 254B     		ldr	r3, .L11+16
 195 0070 1B78     		ldrb	r3, [r3]
 196 0072 DBB2     		uxtb	r3, r3
 197 0074 23F00103 		bic	r3, r3, #1
 198 0078 DBB2     		uxtb	r3, r3
 199 007a 1370     		strb	r3, [r2]
 166:Generated_Source\PSoC5/USBUART_pm.c **** 
 167:Generated_Source\PSoC5/USBUART_pm.c ****         CyDelayUs(USBUART_WAIT_REG_STABILITY_1US); /* min 0.5us delay required. */
 200              		.loc 1 167 0
 201 007c 0120     		movs	r0, #1
 202 007e FFF7FEFF 		bl	CyDelayUs
 168:Generated_Source\PSoC5/USBUART_pm.c **** 
 169:Generated_Source\PSoC5/USBUART_pm.c ****         /* Disable the USBIO reference by setting PM.USB_CR0.fsusbio_ref_en.*/
 170:Generated_Source\PSoC5/USBUART_pm.c ****         USBUART_PM_USB_CR0_REG &= (uint8) ~USBUART_PM_USB_CR0_REF_EN;
 203              		.loc 1 170 0
 204 0082 1F4A     		ldr	r2, .L11+12
 205 0084 1E4B     		ldr	r3, .L11+12
 206 0086 1B78     		ldrb	r3, [r3]
 207 0088 DBB2     		uxtb	r3, r3
 208 008a 23F00103 		bic	r3, r3, #1
 209 008e DBB2     		uxtb	r3, r3
 210 0090 1370     		strb	r3, [r2]
 171:Generated_Source\PSoC5/USBUART_pm.c **** 
 172:Generated_Source\PSoC5/USBUART_pm.c ****         /* Switch DP and DM terminals to GPIO mode and disconnect 1.5k pull-up. */
 173:Generated_Source\PSoC5/USBUART_pm.c ****         USBUART_USBIO_CR1_REG |= USBUART_USBIO_CR1_IOMODE;
 211              		.loc 1 173 0
 212 0092 1D4A     		ldr	r2, .L11+20
 213 0094 1C4B     		ldr	r3, .L11+20
 214 0096 1B78     		ldrb	r3, [r3]
 215 0098 DBB2     		uxtb	r3, r3
 216 009a 43F02003 		orr	r3, r3, #32
 217 009e DBB2     		uxtb	r3, r3
 218 00a0 1370     		strb	r3, [r2]
 174:Generated_Source\PSoC5/USBUART_pm.c **** 
 175:Generated_Source\PSoC5/USBUART_pm.c ****         /* Disable USBFS block. */
 176:Generated_Source\PSoC5/USBUART_pm.c ****         /* Clear power active and standby mode templates: disable USB block. */
 177:Generated_Source\PSoC5/USBUART_pm.c ****         USBUART_PM_ACT_CFG_REG  &= (uint8) ~USBUART_PM_ACT_EN_FSUSB;
 219              		.loc 1 177 0
 220 00a2 1A4A     		ldr	r2, .L11+24
 221 00a4 194B     		ldr	r3, .L11+24
 222 00a6 1B78     		ldrb	r3, [r3]
ARM GAS  C:\Users\ikui753\AppData\Local\Temp\ccLhBBvH.s 			page 8


 223 00a8 DBB2     		uxtb	r3, r3
 224 00aa 23F00103 		bic	r3, r3, #1
 225 00ae DBB2     		uxtb	r3, r3
 226 00b0 1370     		strb	r3, [r2]
 178:Generated_Source\PSoC5/USBUART_pm.c ****         USBUART_PM_STBY_CFG_REG &= (uint8) ~USBUART_PM_STBY_EN_FSUSB;
 227              		.loc 1 178 0
 228 00b2 174A     		ldr	r2, .L11+28
 229 00b4 164B     		ldr	r3, .L11+28
 230 00b6 1B78     		ldrb	r3, [r3]
 231 00b8 DBB2     		uxtb	r3, r3
 232 00ba 23F00103 		bic	r3, r3, #1
 233 00be DBB2     		uxtb	r3, r3
 234 00c0 1370     		strb	r3, [r2]
 179:Generated_Source\PSoC5/USBUART_pm.c **** 
 180:Generated_Source\PSoC5/USBUART_pm.c ****         CyDelayUs(USBUART_WAIT_REG_STABILITY_1US); /* min 0.5us delay required. */
 235              		.loc 1 180 0
 236 00c2 0120     		movs	r0, #1
 237 00c4 FFF7FEFF 		bl	CyDelayUs
 238 00c8 02E0     		b	.L10
 239              	.L9:
 181:Generated_Source\PSoC5/USBUART_pm.c ****     #endif /* (CY_PSOC4) */
 182:Generated_Source\PSoC5/USBUART_pm.c ****     }
 183:Generated_Source\PSoC5/USBUART_pm.c ****     else
 184:Generated_Source\PSoC5/USBUART_pm.c ****     {
 185:Generated_Source\PSoC5/USBUART_pm.c ****         USBUART_backup.enableState = 0u;
 240              		.loc 1 185 0
 241 00ca 0B4B     		ldr	r3, .L11+4
 242 00cc 0022     		movs	r2, #0
 243 00ce 1A70     		strb	r2, [r3]
 244              	.L10:
 186:Generated_Source\PSoC5/USBUART_pm.c ****     }
 187:Generated_Source\PSoC5/USBUART_pm.c **** 
 188:Generated_Source\PSoC5/USBUART_pm.c ****     CyExitCriticalSection(enableInterrupts);
 245              		.loc 1 188 0
 246 00d0 FB79     		ldrb	r3, [r7, #7]	@ zero_extendqisi2
 247 00d2 1846     		mov	r0, r3
 248 00d4 FFF7FEFF 		bl	CyExitCriticalSection
 189:Generated_Source\PSoC5/USBUART_pm.c **** 
 190:Generated_Source\PSoC5/USBUART_pm.c **** #if (USBUART_DP_ISR_ACTIVE)
 191:Generated_Source\PSoC5/USBUART_pm.c ****     /* Clear active mode Dp interrupt source history. */
 192:Generated_Source\PSoC5/USBUART_pm.c ****     (void) USBUART_Dp_ClearInterrupt();
 249              		.loc 1 192 0
 250 00d8 FFF7FEFF 		bl	USBUART_Dp_ClearInterrupt
 193:Generated_Source\PSoC5/USBUART_pm.c ****     CyIntClearPending(USBUART_DP_INTC_VECT_NUM);
 251              		.loc 1 193 0
 252 00dc 0D4B     		ldr	r3, .L11+32
 253 00de 4FF48052 		mov	r2, #4096
 254 00e2 1A60     		str	r2, [r3]
 194:Generated_Source\PSoC5/USBUART_pm.c **** 
 195:Generated_Source\PSoC5/USBUART_pm.c ****     CyIntEnable      (USBUART_DP_INTC_VECT_NUM);
 255              		.loc 1 195 0
 256 00e4 0C4B     		ldr	r3, .L11+36
 257 00e6 4FF48052 		mov	r2, #4096
 258 00ea 1A60     		str	r2, [r3]
 196:Generated_Source\PSoC5/USBUART_pm.c **** #endif /* (USBUART_DP_ISR_ACTIVE). */
 197:Generated_Source\PSoC5/USBUART_pm.c **** }
 259              		.loc 1 197 0
ARM GAS  C:\Users\ikui753\AppData\Local\Temp\ccLhBBvH.s 			page 9


 260 00ec 00BF     		nop
 261 00ee 0837     		adds	r7, r7, #8
 262              		.cfi_def_cfa_offset 8
 263 00f0 BD46     		mov	sp, r7
 264              		.cfi_def_cfa_register 13
 265              		@ sp needed
 266 00f2 80BD     		pop	{r7, pc}
 267              	.L12:
 268              		.align	2
 269              	.L11:
 270 00f4 08600040 		.word	1073766408
 271 00f8 00000000 		.word	USBUART_backup
 272 00fc 10600040 		.word	1073766416
 273 0100 94430040 		.word	1073759124
 274 0104 09600040 		.word	1073766409
 275 0108 12600040 		.word	1073766418
 276 010c A5430040 		.word	1073759141
 277 0110 B5430040 		.word	1073759157
 278 0114 80E200E0 		.word	-536812928
 279 0118 00E100E0 		.word	-536813312
 280              		.cfi_endproc
 281              	.LFE3:
 282              		.size	USBUART_Suspend, .-USBUART_Suspend
 283              		.section	.text.USBUART_Resume,"ax",%progbits
 284              		.align	2
 285              		.global	USBUART_Resume
 286              		.thumb
 287              		.thumb_func
 288              		.type	USBUART_Resume, %function
 289              	USBUART_Resume:
 290              	.LFB4:
 198:Generated_Source\PSoC5/USBUART_pm.c **** 
 199:Generated_Source\PSoC5/USBUART_pm.c **** 
 200:Generated_Source\PSoC5/USBUART_pm.c **** /*******************************************************************************
 201:Generated_Source\PSoC5/USBUART_pm.c **** * Function Name: USBUART_Resume
 202:Generated_Source\PSoC5/USBUART_pm.c **** ****************************************************************************//**
 203:Generated_Source\PSoC5/USBUART_pm.c **** *
 204:Generated_Source\PSoC5/USBUART_pm.c **** *  This function prepares the USBFS component for active mode operation after 
 205:Generated_Source\PSoC5/USBUART_pm.c **** *  exit low power mode. It restores the component active mode configuration such 
 206:Generated_Source\PSoC5/USBUART_pm.c **** *  as device address assigned previously by the host, endpoints buffer and disables 
 207:Generated_Source\PSoC5/USBUART_pm.c **** *  interrupt on Dp pin.
 208:Generated_Source\PSoC5/USBUART_pm.c **** *  The supported low power modes are Deep Sleep (PSoC 4200L) and Sleep 
 209:Generated_Source\PSoC5/USBUART_pm.c **** *  (PSoC 3/ PSoC 5LP).
 210:Generated_Source\PSoC5/USBUART_pm.c **** *  
 211:Generated_Source\PSoC5/USBUART_pm.c **** *  *Note* For PSoC 4200L devices, this function should not be called after 
 212:Generated_Source\PSoC5/USBUART_pm.c **** *  exiting Sleep.
 213:Generated_Source\PSoC5/USBUART_pm.c **** *  
 214:Generated_Source\PSoC5/USBUART_pm.c **** *  *Note* To resume communication with the host, the data endpoints must be 
 215:Generated_Source\PSoC5/USBUART_pm.c **** *  managed: the OUT endpoints must be enabled and IN endpoints must be loaded 
 216:Generated_Source\PSoC5/USBUART_pm.c **** *  with data. For DMA with Automatic Buffer Management, all endpoints buffers 
 217:Generated_Source\PSoC5/USBUART_pm.c **** *  must be initialized again before making them available to the host.
 218:Generated_Source\PSoC5/USBUART_pm.c **** *
 219:Generated_Source\PSoC5/USBUART_pm.c **** *
 220:Generated_Source\PSoC5/USBUART_pm.c **** * \globalvars
 221:Generated_Source\PSoC5/USBUART_pm.c **** *  USBUART_backup - checked.
 222:Generated_Source\PSoC5/USBUART_pm.c **** *
 223:Generated_Source\PSoC5/USBUART_pm.c **** * \reentrant
ARM GAS  C:\Users\ikui753\AppData\Local\Temp\ccLhBBvH.s 			page 10


 224:Generated_Source\PSoC5/USBUART_pm.c **** *  No.
 225:Generated_Source\PSoC5/USBUART_pm.c **** *
 226:Generated_Source\PSoC5/USBUART_pm.c **** *******************************************************************************/
 227:Generated_Source\PSoC5/USBUART_pm.c **** void USBUART_Resume(void) 
 228:Generated_Source\PSoC5/USBUART_pm.c **** {
 291              		.loc 1 228 0
 292              		.cfi_startproc
 293              		@ args = 0, pretend = 0, frame = 8
 294              		@ frame_needed = 1, uses_anonymous_args = 0
 295 0000 80B5     		push	{r7, lr}
 296              		.cfi_def_cfa_offset 8
 297              		.cfi_offset 7, -8
 298              		.cfi_offset 14, -4
 299 0002 82B0     		sub	sp, sp, #8
 300              		.cfi_def_cfa_offset 16
 301 0004 00AF     		add	r7, sp, #0
 302              		.cfi_def_cfa_register 7
 229:Generated_Source\PSoC5/USBUART_pm.c ****     uint8 enableInterrupts;
 230:Generated_Source\PSoC5/USBUART_pm.c **** 
 231:Generated_Source\PSoC5/USBUART_pm.c ****     enableInterrupts = CyEnterCriticalSection();
 303              		.loc 1 231 0
 304 0006 FFF7FEFF 		bl	CyEnterCriticalSection
 305 000a 0346     		mov	r3, r0
 306 000c FB71     		strb	r3, [r7, #7]
 232:Generated_Source\PSoC5/USBUART_pm.c **** 
 233:Generated_Source\PSoC5/USBUART_pm.c ****     if (0u != USBUART_backup.enableState)
 307              		.loc 1 233 0
 308 000e 324B     		ldr	r3, .L15
 309 0010 1B78     		ldrb	r3, [r3]	@ zero_extendqisi2
 310 0012 002B     		cmp	r3, #0
 311 0014 58D0     		beq	.L14
 234:Generated_Source\PSoC5/USBUART_pm.c ****     {
 235:Generated_Source\PSoC5/USBUART_pm.c ****     #if (USBUART_DP_ISR_ACTIVE)
 236:Generated_Source\PSoC5/USBUART_pm.c ****         CyIntDisable(USBUART_DP_INTC_VECT_NUM);
 312              		.loc 1 236 0
 313 0016 314B     		ldr	r3, .L15+4
 314 0018 4FF48052 		mov	r2, #4096
 315 001c 1A60     		str	r2, [r3]
 237:Generated_Source\PSoC5/USBUART_pm.c ****     #endif /* (USBUART_DP_ISR_ACTIVE) */
 238:Generated_Source\PSoC5/USBUART_pm.c **** 
 239:Generated_Source\PSoC5/USBUART_pm.c ****     #if (CY_PSOC4)
 240:Generated_Source\PSoC5/USBUART_pm.c ****         /* Enable clock to USB IP. */
 241:Generated_Source\PSoC5/USBUART_pm.c ****         USBUART_USB_CLK_EN_REG |= USBUART_USB_CLK_CSR_CLK_EN;
 242:Generated_Source\PSoC5/USBUART_pm.c **** 
 243:Generated_Source\PSoC5/USBUART_pm.c ****         /* Restore arbiter configuration for DMA transfers. */
 244:Generated_Source\PSoC5/USBUART_pm.c ****         #if (USBUART_EP_MANAGEMENT_DMA)
 245:Generated_Source\PSoC5/USBUART_pm.c ****             #if (USBUART_ARB_ISR_ACTIVE)
 246:Generated_Source\PSoC5/USBUART_pm.c ****                 /* Enable ARB EP interrupt sources. */
 247:Generated_Source\PSoC5/USBUART_pm.c ****                 USBUART_ARB_INT_EN_REG = USBUART_DEFAULT_ARB_INT_EN;
 248:Generated_Source\PSoC5/USBUART_pm.c ****             #endif /* (USBUART_EP_MANAGEMENT_DMA) */
 249:Generated_Source\PSoC5/USBUART_pm.c **** 
 250:Generated_Source\PSoC5/USBUART_pm.c ****             /* Configure arbiter for Manual or Auto DMA operation and clear 
 251:Generated_Source\PSoC5/USBUART_pm.c ****             * configuration completion. 
 252:Generated_Source\PSoC5/USBUART_pm.c ****             */
 253:Generated_Source\PSoC5/USBUART_pm.c ****             USBUART_ARB_CFG_REG = USBUART_DEFAULT_ARB_CFG;
 254:Generated_Source\PSoC5/USBUART_pm.c ****         #endif /* (USBUART_EP_MANAGEMENT_DMA) */
 255:Generated_Source\PSoC5/USBUART_pm.c **** 
ARM GAS  C:\Users\ikui753\AppData\Local\Temp\ccLhBBvH.s 			page 11


 256:Generated_Source\PSoC5/USBUART_pm.c ****         /* Restore level (hi, lo, med) for each interrupt source. */
 257:Generated_Source\PSoC5/USBUART_pm.c ****         USBUART_INTR_LVL_SEL_REG = USBUART_DEFAULT_INTR_LVL_SEL;
 258:Generated_Source\PSoC5/USBUART_pm.c ****         
 259:Generated_Source\PSoC5/USBUART_pm.c ****         /* Store SIE interrupt sources. */
 260:Generated_Source\PSoC5/USBUART_pm.c ****         USBUART_INTR_SIE_MASK_REG = (uint32) USBUART_backup.intrSeiMask;
 261:Generated_Source\PSoC5/USBUART_pm.c **** 
 262:Generated_Source\PSoC5/USBUART_pm.c ****         /* Set EP0.CR: ACK Setup, NAK IN/OUT. */
 263:Generated_Source\PSoC5/USBUART_pm.c ****         USBUART_EP0_CR_REG = USBUART_MODE_NAK_IN_OUT;
 264:Generated_Source\PSoC5/USBUART_pm.c **** 
 265:Generated_Source\PSoC5/USBUART_pm.c ****         /* Restore data EP1-8 configuration. */
 266:Generated_Source\PSoC5/USBUART_pm.c ****         USBUART_RestoreConfig();
 267:Generated_Source\PSoC5/USBUART_pm.c **** 
 268:Generated_Source\PSoC5/USBUART_pm.c ****         /* Restore state of USB regulator and wait until it supples stable power. */
 269:Generated_Source\PSoC5/USBUART_pm.c ****         USBUART_CR1_REG |= USBUART_backup.mode;
 270:Generated_Source\PSoC5/USBUART_pm.c ****         CyDelayUs(USBUART_WAIT_VREF_STABILITY);
 271:Generated_Source\PSoC5/USBUART_pm.c **** 
 272:Generated_Source\PSoC5/USBUART_pm.c ****         /* Suspend exit sequence. */
 273:Generated_Source\PSoC5/USBUART_pm.c ****         USBUART_POWER_CTRL_REG &= (uint32) ~USBUART_POWER_CTRL_SUSPEND;
 274:Generated_Source\PSoC5/USBUART_pm.c ****         CyDelayUs(USBUART_WAIT_SUSPEND_DEL_DISABLE);
 275:Generated_Source\PSoC5/USBUART_pm.c ****         USBUART_POWER_CTRL_REG &= (uint32) ~USBUART_POWER_CTRL_SUSPEND_DEL;
 276:Generated_Source\PSoC5/USBUART_pm.c **** 
 277:Generated_Source\PSoC5/USBUART_pm.c ****     #else
 278:Generated_Source\PSoC5/USBUART_pm.c ****         /* Set power active and standby mode templates: enable USB block. */
 279:Generated_Source\PSoC5/USBUART_pm.c ****         USBUART_PM_ACT_CFG_REG  |= USBUART_PM_ACT_EN_FSUSB;
 316              		.loc 1 279 0
 317 001e 304A     		ldr	r2, .L15+8
 318 0020 2F4B     		ldr	r3, .L15+8
 319 0022 1B78     		ldrb	r3, [r3]
 320 0024 DBB2     		uxtb	r3, r3
 321 0026 43F00103 		orr	r3, r3, #1
 322 002a DBB2     		uxtb	r3, r3
 323 002c 1370     		strb	r3, [r2]
 280:Generated_Source\PSoC5/USBUART_pm.c ****         USBUART_PM_STBY_CFG_REG |= USBUART_PM_STBY_EN_FSUSB;
 324              		.loc 1 280 0
 325 002e 2D4A     		ldr	r2, .L15+12
 326 0030 2C4B     		ldr	r3, .L15+12
 327 0032 1B78     		ldrb	r3, [r3]
 328 0034 DBB2     		uxtb	r3, r3
 329 0036 43F00103 		orr	r3, r3, #1
 330 003a DBB2     		uxtb	r3, r3
 331 003c 1370     		strb	r3, [r2]
 281:Generated_Source\PSoC5/USBUART_pm.c **** 
 282:Generated_Source\PSoC5/USBUART_pm.c ****         /* Enable core clock. */
 283:Generated_Source\PSoC5/USBUART_pm.c ****         USBUART_USB_CLK_EN_REG |= USBUART_USB_CLK_ENABLE;
 332              		.loc 1 283 0
 333 003e 2A4A     		ldr	r2, .L15+16
 334 0040 294B     		ldr	r3, .L15+16
 335 0042 1B78     		ldrb	r3, [r3]
 336 0044 DBB2     		uxtb	r3, r3
 337 0046 43F00103 		orr	r3, r3, #1
 338 004a DBB2     		uxtb	r3, r3
 339 004c 1370     		strb	r3, [r2]
 284:Generated_Source\PSoC5/USBUART_pm.c **** 
 285:Generated_Source\PSoC5/USBUART_pm.c ****         /* Enable the USBIO reference by setting PM.USB_CR0.fsusbio_ref_en.*/
 286:Generated_Source\PSoC5/USBUART_pm.c ****         USBUART_PM_USB_CR0_REG |= USBUART_PM_USB_CR0_REF_EN;
 340              		.loc 1 286 0
 341 004e 274A     		ldr	r2, .L15+20
ARM GAS  C:\Users\ikui753\AppData\Local\Temp\ccLhBBvH.s 			page 12


 342 0050 264B     		ldr	r3, .L15+20
 343 0052 1B78     		ldrb	r3, [r3]
 344 0054 DBB2     		uxtb	r3, r3
 345 0056 43F00103 		orr	r3, r3, #1
 346 005a DBB2     		uxtb	r3, r3
 347 005c 1370     		strb	r3, [r2]
 287:Generated_Source\PSoC5/USBUART_pm.c **** 
 288:Generated_Source\PSoC5/USBUART_pm.c ****         /* The reference is available ~40us after power restored. */
 289:Generated_Source\PSoC5/USBUART_pm.c ****         CyDelayUs(USBUART_WAIT_VREF_RESTORE);
 348              		.loc 1 289 0
 349 005e 2820     		movs	r0, #40
 350 0060 FFF7FEFF 		bl	CyDelayUs
 290:Generated_Source\PSoC5/USBUART_pm.c ****         /* Restore state of USB regulator and wait until it supples stable power. */
 291:Generated_Source\PSoC5/USBUART_pm.c ****         USBUART_CR1_REG |= USBUART_backup.mode;
 351              		.loc 1 291 0
 352 0064 2249     		ldr	r1, .L15+24
 353 0066 224B     		ldr	r3, .L15+24
 354 0068 1B78     		ldrb	r3, [r3]
 355 006a DAB2     		uxtb	r2, r3
 356 006c 1A4B     		ldr	r3, .L15
 357 006e 5B78     		ldrb	r3, [r3, #1]	@ zero_extendqisi2
 358 0070 1343     		orrs	r3, r3, r2
 359 0072 DBB2     		uxtb	r3, r3
 360 0074 0B70     		strb	r3, [r1]
 292:Generated_Source\PSoC5/USBUART_pm.c ****         CyDelayUs(USBUART_WAIT_VREF_STABILITY);   /*~50ns delay. */
 361              		.loc 1 292 0
 362 0076 0020     		movs	r0, #0
 363 0078 FFF7FEFF 		bl	CyDelayUs
 293:Generated_Source\PSoC5/USBUART_pm.c **** 
 294:Generated_Source\PSoC5/USBUART_pm.c ****         /* Enable USBIO. */
 295:Generated_Source\PSoC5/USBUART_pm.c ****         USBUART_PM_USB_CR0_REG |= USBUART_PM_USB_CR0_PD_N;
 364              		.loc 1 295 0
 365 007c 1B4A     		ldr	r2, .L15+20
 366 007e 1B4B     		ldr	r3, .L15+20
 367 0080 1B78     		ldrb	r3, [r3]
 368 0082 DBB2     		uxtb	r3, r3
 369 0084 43F00203 		orr	r3, r3, #2
 370 0088 DBB2     		uxtb	r3, r3
 371 008a 1370     		strb	r3, [r2]
 296:Generated_Source\PSoC5/USBUART_pm.c ****         CyDelayUs(USBUART_WAIT_PD_PULLUP_N_ENABLE);
 372              		.loc 1 296 0
 373 008c 0220     		movs	r0, #2
 374 008e FFF7FEFF 		bl	CyDelayUs
 297:Generated_Source\PSoC5/USBUART_pm.c ****         /* Set the USBIO pull-up enable. */
 298:Generated_Source\PSoC5/USBUART_pm.c ****         USBUART_PM_USB_CR0_REG |= USBUART_PM_USB_CR0_PD_PULLUP_N;
 375              		.loc 1 298 0
 376 0092 164A     		ldr	r2, .L15+20
 377 0094 154B     		ldr	r3, .L15+20
 378 0096 1B78     		ldrb	r3, [r3]
 379 0098 DBB2     		uxtb	r3, r3
 380 009a 43F00403 		orr	r3, r3, #4
 381 009e DBB2     		uxtb	r3, r3
 382 00a0 1370     		strb	r3, [r2]
 299:Generated_Source\PSoC5/USBUART_pm.c **** 
 300:Generated_Source\PSoC5/USBUART_pm.c ****         /* Restore arbiter configuration for DMA transfers. */
 301:Generated_Source\PSoC5/USBUART_pm.c ****         #if (USBUART_EP_MANAGEMENT_DMA)
 302:Generated_Source\PSoC5/USBUART_pm.c ****             #if (USBUART_ARB_ISR_ACTIVE)
ARM GAS  C:\Users\ikui753\AppData\Local\Temp\ccLhBBvH.s 			page 13


 303:Generated_Source\PSoC5/USBUART_pm.c ****                 /* Enable ARB EP interrupt sources. */
 304:Generated_Source\PSoC5/USBUART_pm.c ****                 USBUART_ARB_INT_EN_REG = USBUART_DEFAULT_ARB_INT_EN;
 305:Generated_Source\PSoC5/USBUART_pm.c ****             #endif /* (USBUART_EP_MANAGEMENT_DMA) */
 306:Generated_Source\PSoC5/USBUART_pm.c **** 
 307:Generated_Source\PSoC5/USBUART_pm.c ****             /* Configure arbiter for Manual or Auto DMA operation and clear 
 308:Generated_Source\PSoC5/USBUART_pm.c ****             * configuration completion. 
 309:Generated_Source\PSoC5/USBUART_pm.c ****             */
 310:Generated_Source\PSoC5/USBUART_pm.c ****             USBUART_ARB_CFG_REG = USBUART_DEFAULT_ARB_CFG;
 311:Generated_Source\PSoC5/USBUART_pm.c ****         #endif /* (USBUART_EP_MANAGEMENT_DMA) */
 312:Generated_Source\PSoC5/USBUART_pm.c **** 
 313:Generated_Source\PSoC5/USBUART_pm.c ****         /* Set EP0.CR: ACK Setup, STALL IN/OUT. */
 314:Generated_Source\PSoC5/USBUART_pm.c ****         USBUART_EP0_CR_REG = USBUART_MODE_STALL_IN_OUT;
 383              		.loc 1 314 0
 384 00a2 144B     		ldr	r3, .L15+28
 385 00a4 0322     		movs	r2, #3
 386 00a6 1A70     		strb	r2, [r3]
 315:Generated_Source\PSoC5/USBUART_pm.c **** 
 316:Generated_Source\PSoC5/USBUART_pm.c ****         /* Enable the USB IP to respond to USB traffic with the last address. */
 317:Generated_Source\PSoC5/USBUART_pm.c ****         USBUART_CR0_REG |= USBUART_CR0_ENABLE;
 387              		.loc 1 317 0
 388 00a8 134A     		ldr	r2, .L15+32
 389 00aa 134B     		ldr	r3, .L15+32
 390 00ac 1B78     		ldrb	r3, [r3]
 391 00ae DBB2     		uxtb	r3, r3
 392 00b0 63F07F03 		orn	r3, r3, #127
 393 00b4 DBB2     		uxtb	r3, r3
 394 00b6 1370     		strb	r3, [r2]
 318:Generated_Source\PSoC5/USBUART_pm.c ****         CyDelayCycles(USBUART_WAIT_CR0_REG_STABILITY);
 395              		.loc 1 318 0
 396 00b8 0120     		movs	r0, #1
 397 00ba FFF7FEFF 		bl	CyDelayCycles
 319:Generated_Source\PSoC5/USBUART_pm.c **** 
 320:Generated_Source\PSoC5/USBUART_pm.c ****         /* Enable D+ pull-up and keep USB control on IO. */
 321:Generated_Source\PSoC5/USBUART_pm.c ****         USBUART_USBIO_CR1_REG = USBUART_USBIO_CR1_USBPUEN;
 398              		.loc 1 321 0
 399 00be 0F4B     		ldr	r3, .L15+36
 400 00c0 0422     		movs	r2, #4
 401 00c2 1A70     		strb	r2, [r3]
 322:Generated_Source\PSoC5/USBUART_pm.c **** 
 323:Generated_Source\PSoC5/USBUART_pm.c ****         /* Restore data EP1-8 configuration. */
 324:Generated_Source\PSoC5/USBUART_pm.c ****         USBUART_RestoreConfig();
 402              		.loc 1 324 0
 403 00c4 FFF7FEFF 		bl	USBUART_RestoreConfig
 404              	.L14:
 325:Generated_Source\PSoC5/USBUART_pm.c ****     #endif /* (CY_PSOC4) */
 326:Generated_Source\PSoC5/USBUART_pm.c ****     }
 327:Generated_Source\PSoC5/USBUART_pm.c **** 
 328:Generated_Source\PSoC5/USBUART_pm.c ****     CyExitCriticalSection(enableInterrupts);
 405              		.loc 1 328 0
 406 00c8 FB79     		ldrb	r3, [r7, #7]	@ zero_extendqisi2
 407 00ca 1846     		mov	r0, r3
 408 00cc FFF7FEFF 		bl	CyExitCriticalSection
 329:Generated_Source\PSoC5/USBUART_pm.c **** }
 409              		.loc 1 329 0
 410 00d0 00BF     		nop
 411 00d2 0837     		adds	r7, r7, #8
 412              		.cfi_def_cfa_offset 8
ARM GAS  C:\Users\ikui753\AppData\Local\Temp\ccLhBBvH.s 			page 14


 413 00d4 BD46     		mov	sp, r7
 414              		.cfi_def_cfa_register 13
 415              		@ sp needed
 416 00d6 80BD     		pop	{r7, pc}
 417              	.L16:
 418              		.align	2
 419              	.L15:
 420 00d8 00000000 		.word	USBUART_backup
 421 00dc 80E100E0 		.word	-536813184
 422 00e0 A5430040 		.word	1073759141
 423 00e4 B5430040 		.word	1073759157
 424 00e8 9D600040 		.word	1073766557
 425 00ec 94430040 		.word	1073759124
 426 00f0 09600040 		.word	1073766409
 427 00f4 28600040 		.word	1073766440
 428 00f8 08600040 		.word	1073766408
 429 00fc 12600040 		.word	1073766418
 430              		.cfi_endproc
 431              	.LFE4:
 432              		.size	USBUART_Resume, .-USBUART_Resume
 433              		.text
 434              	.Letext0:
 435              		.file 2 "Generated_Source\\PSoC5\\cytypes.h"
 436              		.file 3 "Generated_Source\\PSoC5\\USBUART.h"
 437              		.section	.debug_info,"",%progbits
 438              	.Ldebug_info0:
 439 0000 82010000 		.4byte	0x182
 440 0004 0400     		.2byte	0x4
 441 0006 00000000 		.4byte	.Ldebug_abbrev0
 442 000a 04       		.byte	0x4
 443 000b 01       		.uleb128 0x1
 444 000c 15000000 		.4byte	.LASF27
 445 0010 0C       		.byte	0xc
 446 0011 EE000000 		.4byte	.LASF28
 447 0015 7A010000 		.4byte	.LASF29
 448 0019 00000000 		.4byte	.Ldebug_ranges0+0
 449 001d 00000000 		.4byte	0
 450 0021 00000000 		.4byte	.Ldebug_line0
 451 0025 02       		.uleb128 0x2
 452 0026 01       		.byte	0x1
 453 0027 06       		.byte	0x6
 454 0028 5C020000 		.4byte	.LASF0
 455 002c 02       		.uleb128 0x2
 456 002d 01       		.byte	0x1
 457 002e 08       		.byte	0x8
 458 002f 12010000 		.4byte	.LASF1
 459 0033 02       		.uleb128 0x2
 460 0034 02       		.byte	0x2
 461 0035 05       		.byte	0x5
 462 0036 2D020000 		.4byte	.LASF2
 463 003a 02       		.uleb128 0x2
 464 003b 02       		.byte	0x2
 465 003c 07       		.byte	0x7
 466 003d AC000000 		.4byte	.LASF3
 467 0041 02       		.uleb128 0x2
 468 0042 04       		.byte	0x4
 469 0043 05       		.byte	0x5
ARM GAS  C:\Users\ikui753\AppData\Local\Temp\ccLhBBvH.s 			page 15


 470 0044 47020000 		.4byte	.LASF4
 471 0048 02       		.uleb128 0x2
 472 0049 04       		.byte	0x4
 473 004a 07       		.byte	0x7
 474 004b 3B010000 		.4byte	.LASF5
 475 004f 02       		.uleb128 0x2
 476 0050 08       		.byte	0x8
 477 0051 05       		.byte	0x5
 478 0052 04020000 		.4byte	.LASF6
 479 0056 02       		.uleb128 0x2
 480 0057 08       		.byte	0x8
 481 0058 07       		.byte	0x7
 482 0059 DF010000 		.4byte	.LASF7
 483 005d 03       		.uleb128 0x3
 484 005e 04       		.byte	0x4
 485 005f 05       		.byte	0x5
 486 0060 696E7400 		.ascii	"int\000"
 487 0064 02       		.uleb128 0x2
 488 0065 04       		.byte	0x4
 489 0066 07       		.byte	0x7
 490 0067 D2010000 		.4byte	.LASF8
 491 006b 04       		.uleb128 0x4
 492 006c 4D010000 		.4byte	.LASF9
 493 0070 02       		.byte	0x2
 494 0071 E701     		.2byte	0x1e7
 495 0073 2C000000 		.4byte	0x2c
 496 0077 04       		.uleb128 0x4
 497 0078 CB010000 		.4byte	.LASF10
 498 007c 02       		.byte	0x2
 499 007d E901     		.2byte	0x1e9
 500 007f 48000000 		.4byte	0x48
 501 0083 02       		.uleb128 0x2
 502 0084 04       		.byte	0x4
 503 0085 04       		.byte	0x4
 504 0086 E8000000 		.4byte	.LASF11
 505 008a 02       		.uleb128 0x2
 506 008b 08       		.byte	0x8
 507 008c 04       		.byte	0x4
 508 008d 73010000 		.4byte	.LASF12
 509 0091 02       		.uleb128 0x2
 510 0092 01       		.byte	0x1
 511 0093 08       		.byte	0x8
 512 0094 12020000 		.4byte	.LASF13
 513 0098 04       		.uleb128 0x4
 514 0099 20010000 		.4byte	.LASF14
 515 009d 02       		.byte	0x2
 516 009e 9102     		.2byte	0x291
 517 00a0 A4000000 		.4byte	0xa4
 518 00a4 05       		.uleb128 0x5
 519 00a5 6B000000 		.4byte	0x6b
 520 00a9 04       		.uleb128 0x4
 521 00aa 0F000000 		.4byte	.LASF15
 522 00ae 02       		.byte	0x2
 523 00af 9302     		.2byte	0x293
 524 00b1 B5000000 		.4byte	0xb5
 525 00b5 05       		.uleb128 0x5
 526 00b6 77000000 		.4byte	0x77
ARM GAS  C:\Users\ikui753\AppData\Local\Temp\ccLhBBvH.s 			page 16


 527 00ba 02       		.uleb128 0x2
 528 00bb 04       		.byte	0x4
 529 00bc 07       		.byte	0x7
 530 00bd FB010000 		.4byte	.LASF16
 531 00c1 06       		.uleb128 0x6
 532 00c2 02       		.byte	0x2
 533 00c3 03       		.byte	0x3
 534 00c4 B9       		.byte	0xb9
 535 00c5 E2000000 		.4byte	0xe2
 536 00c9 07       		.uleb128 0x7
 537 00ca 50020000 		.4byte	.LASF17
 538 00ce 03       		.byte	0x3
 539 00cf BB       		.byte	0xbb
 540 00d0 6B000000 		.4byte	0x6b
 541 00d4 00       		.byte	0
 542 00d5 07       		.uleb128 0x7
 543 00d6 F6010000 		.4byte	.LASF18
 544 00da 03       		.byte	0x3
 545 00db BC       		.byte	0xbc
 546 00dc 6B000000 		.4byte	0x6b
 547 00e0 01       		.byte	0x1
 548 00e1 00       		.byte	0
 549 00e2 08       		.uleb128 0x8
 550 00e3 BF000000 		.4byte	.LASF19
 551 00e7 03       		.byte	0x3
 552 00e8 C0       		.byte	0xc0
 553 00e9 C1000000 		.4byte	0xc1
 554 00ed 09       		.uleb128 0x9
 555 00ee 00000000 		.4byte	.LASF20
 556 00f2 01       		.byte	0x1
 557 00f3 2B       		.byte	0x2b
 558 00f4 00000000 		.4byte	.LFB0
 559 00f8 0C000000 		.4byte	.LFE0-.LFB0
 560 00fc 01       		.uleb128 0x1
 561 00fd 9C       		.byte	0x9c
 562 00fe 0A       		.uleb128 0xa
 563 00ff D5000000 		.4byte	.LASF21
 564 0103 01       		.byte	0x1
 565 0104 48       		.byte	0x48
 566 0105 00000000 		.4byte	.LFB1
 567 0109 0C000000 		.4byte	.LFE1-.LFB1
 568 010d 01       		.uleb128 0x1
 569 010e 9C       		.byte	0x9c
 570 010f 09       		.uleb128 0x9
 571 0110 25010000 		.4byte	.LASF22
 572 0114 01       		.byte	0x1
 573 0115 58       		.byte	0x58
 574 0116 00000000 		.4byte	.LFB2
 575 011a 20000000 		.4byte	.LFE2-.LFB2
 576 011e 01       		.uleb128 0x1
 577 011f 9C       		.byte	0x9c
 578 0120 0B       		.uleb128 0xb
 579 0121 37020000 		.4byte	.LASF23
 580 0125 01       		.byte	0x1
 581 0126 7B       		.byte	0x7b
 582 0127 00000000 		.4byte	.LFB3
 583 012b 1C010000 		.4byte	.LFE3-.LFB3
ARM GAS  C:\Users\ikui753\AppData\Local\Temp\ccLhBBvH.s 			page 17


 584 012f 01       		.uleb128 0x1
 585 0130 9C       		.byte	0x9c
 586 0131 44010000 		.4byte	0x144
 587 0135 0C       		.uleb128 0xc
 588 0136 53010000 		.4byte	.LASF25
 589 013a 01       		.byte	0x1
 590 013b 7D       		.byte	0x7d
 591 013c 6B000000 		.4byte	0x6b
 592 0140 02       		.uleb128 0x2
 593 0141 91       		.byte	0x91
 594 0142 77       		.sleb128 -9
 595 0143 00       		.byte	0
 596 0144 0B       		.uleb128 0xb
 597 0145 68020000 		.4byte	.LASF24
 598 0149 01       		.byte	0x1
 599 014a E3       		.byte	0xe3
 600 014b 00000000 		.4byte	.LFB4
 601 014f 00010000 		.4byte	.LFE4-.LFB4
 602 0153 01       		.uleb128 0x1
 603 0154 9C       		.byte	0x9c
 604 0155 68010000 		.4byte	0x168
 605 0159 0C       		.uleb128 0xc
 606 015a 53010000 		.4byte	.LASF25
 607 015e 01       		.byte	0x1
 608 015f E5       		.byte	0xe5
 609 0160 6B000000 		.4byte	0x6b
 610 0164 02       		.uleb128 0x2
 611 0165 91       		.byte	0x91
 612 0166 77       		.sleb128 -9
 613 0167 00       		.byte	0
 614 0168 0C       		.uleb128 0xc
 615 0169 64010000 		.4byte	.LASF26
 616 016d 01       		.byte	0x1
 617 016e 20       		.byte	0x20
 618 016f E2000000 		.4byte	0xe2
 619 0173 05       		.uleb128 0x5
 620 0174 03       		.byte	0x3
 621 0175 00000000 		.4byte	USBUART_backup
 622 0179 0D       		.uleb128 0xd
 623 017a 17020000 		.4byte	.LASF30
 624 017e 03       		.byte	0x3
 625 017f D502     		.2byte	0x2d5
 626 0181 A4000000 		.4byte	0xa4
 627 0185 00       		.byte	0
 628              		.section	.debug_abbrev,"",%progbits
 629              	.Ldebug_abbrev0:
 630 0000 01       		.uleb128 0x1
 631 0001 11       		.uleb128 0x11
 632 0002 01       		.byte	0x1
 633 0003 25       		.uleb128 0x25
 634 0004 0E       		.uleb128 0xe
 635 0005 13       		.uleb128 0x13
 636 0006 0B       		.uleb128 0xb
 637 0007 03       		.uleb128 0x3
 638 0008 0E       		.uleb128 0xe
 639 0009 1B       		.uleb128 0x1b
 640 000a 0E       		.uleb128 0xe
ARM GAS  C:\Users\ikui753\AppData\Local\Temp\ccLhBBvH.s 			page 18


 641 000b 55       		.uleb128 0x55
 642 000c 17       		.uleb128 0x17
 643 000d 11       		.uleb128 0x11
 644 000e 01       		.uleb128 0x1
 645 000f 10       		.uleb128 0x10
 646 0010 17       		.uleb128 0x17
 647 0011 00       		.byte	0
 648 0012 00       		.byte	0
 649 0013 02       		.uleb128 0x2
 650 0014 24       		.uleb128 0x24
 651 0015 00       		.byte	0
 652 0016 0B       		.uleb128 0xb
 653 0017 0B       		.uleb128 0xb
 654 0018 3E       		.uleb128 0x3e
 655 0019 0B       		.uleb128 0xb
 656 001a 03       		.uleb128 0x3
 657 001b 0E       		.uleb128 0xe
 658 001c 00       		.byte	0
 659 001d 00       		.byte	0
 660 001e 03       		.uleb128 0x3
 661 001f 24       		.uleb128 0x24
 662 0020 00       		.byte	0
 663 0021 0B       		.uleb128 0xb
 664 0022 0B       		.uleb128 0xb
 665 0023 3E       		.uleb128 0x3e
 666 0024 0B       		.uleb128 0xb
 667 0025 03       		.uleb128 0x3
 668 0026 08       		.uleb128 0x8
 669 0027 00       		.byte	0
 670 0028 00       		.byte	0
 671 0029 04       		.uleb128 0x4
 672 002a 16       		.uleb128 0x16
 673 002b 00       		.byte	0
 674 002c 03       		.uleb128 0x3
 675 002d 0E       		.uleb128 0xe
 676 002e 3A       		.uleb128 0x3a
 677 002f 0B       		.uleb128 0xb
 678 0030 3B       		.uleb128 0x3b
 679 0031 05       		.uleb128 0x5
 680 0032 49       		.uleb128 0x49
 681 0033 13       		.uleb128 0x13
 682 0034 00       		.byte	0
 683 0035 00       		.byte	0
 684 0036 05       		.uleb128 0x5
 685 0037 35       		.uleb128 0x35
 686 0038 00       		.byte	0
 687 0039 49       		.uleb128 0x49
 688 003a 13       		.uleb128 0x13
 689 003b 00       		.byte	0
 690 003c 00       		.byte	0
 691 003d 06       		.uleb128 0x6
 692 003e 13       		.uleb128 0x13
 693 003f 01       		.byte	0x1
 694 0040 0B       		.uleb128 0xb
 695 0041 0B       		.uleb128 0xb
 696 0042 3A       		.uleb128 0x3a
 697 0043 0B       		.uleb128 0xb
ARM GAS  C:\Users\ikui753\AppData\Local\Temp\ccLhBBvH.s 			page 19


 698 0044 3B       		.uleb128 0x3b
 699 0045 0B       		.uleb128 0xb
 700 0046 01       		.uleb128 0x1
 701 0047 13       		.uleb128 0x13
 702 0048 00       		.byte	0
 703 0049 00       		.byte	0
 704 004a 07       		.uleb128 0x7
 705 004b 0D       		.uleb128 0xd
 706 004c 00       		.byte	0
 707 004d 03       		.uleb128 0x3
 708 004e 0E       		.uleb128 0xe
 709 004f 3A       		.uleb128 0x3a
 710 0050 0B       		.uleb128 0xb
 711 0051 3B       		.uleb128 0x3b
 712 0052 0B       		.uleb128 0xb
 713 0053 49       		.uleb128 0x49
 714 0054 13       		.uleb128 0x13
 715 0055 38       		.uleb128 0x38
 716 0056 0B       		.uleb128 0xb
 717 0057 00       		.byte	0
 718 0058 00       		.byte	0
 719 0059 08       		.uleb128 0x8
 720 005a 16       		.uleb128 0x16
 721 005b 00       		.byte	0
 722 005c 03       		.uleb128 0x3
 723 005d 0E       		.uleb128 0xe
 724 005e 3A       		.uleb128 0x3a
 725 005f 0B       		.uleb128 0xb
 726 0060 3B       		.uleb128 0x3b
 727 0061 0B       		.uleb128 0xb
 728 0062 49       		.uleb128 0x49
 729 0063 13       		.uleb128 0x13
 730 0064 00       		.byte	0
 731 0065 00       		.byte	0
 732 0066 09       		.uleb128 0x9
 733 0067 2E       		.uleb128 0x2e
 734 0068 00       		.byte	0
 735 0069 3F       		.uleb128 0x3f
 736 006a 19       		.uleb128 0x19
 737 006b 03       		.uleb128 0x3
 738 006c 0E       		.uleb128 0xe
 739 006d 3A       		.uleb128 0x3a
 740 006e 0B       		.uleb128 0xb
 741 006f 3B       		.uleb128 0x3b
 742 0070 0B       		.uleb128 0xb
 743 0071 27       		.uleb128 0x27
 744 0072 19       		.uleb128 0x19
 745 0073 11       		.uleb128 0x11
 746 0074 01       		.uleb128 0x1
 747 0075 12       		.uleb128 0x12
 748 0076 06       		.uleb128 0x6
 749 0077 40       		.uleb128 0x40
 750 0078 18       		.uleb128 0x18
 751 0079 9642     		.uleb128 0x2116
 752 007b 19       		.uleb128 0x19
 753 007c 00       		.byte	0
 754 007d 00       		.byte	0
ARM GAS  C:\Users\ikui753\AppData\Local\Temp\ccLhBBvH.s 			page 20


 755 007e 0A       		.uleb128 0xa
 756 007f 2E       		.uleb128 0x2e
 757 0080 00       		.byte	0
 758 0081 3F       		.uleb128 0x3f
 759 0082 19       		.uleb128 0x19
 760 0083 03       		.uleb128 0x3
 761 0084 0E       		.uleb128 0xe
 762 0085 3A       		.uleb128 0x3a
 763 0086 0B       		.uleb128 0xb
 764 0087 3B       		.uleb128 0x3b
 765 0088 0B       		.uleb128 0xb
 766 0089 27       		.uleb128 0x27
 767 008a 19       		.uleb128 0x19
 768 008b 11       		.uleb128 0x11
 769 008c 01       		.uleb128 0x1
 770 008d 12       		.uleb128 0x12
 771 008e 06       		.uleb128 0x6
 772 008f 40       		.uleb128 0x40
 773 0090 18       		.uleb128 0x18
 774 0091 9742     		.uleb128 0x2117
 775 0093 19       		.uleb128 0x19
 776 0094 00       		.byte	0
 777 0095 00       		.byte	0
 778 0096 0B       		.uleb128 0xb
 779 0097 2E       		.uleb128 0x2e
 780 0098 01       		.byte	0x1
 781 0099 3F       		.uleb128 0x3f
 782 009a 19       		.uleb128 0x19
 783 009b 03       		.uleb128 0x3
 784 009c 0E       		.uleb128 0xe
 785 009d 3A       		.uleb128 0x3a
 786 009e 0B       		.uleb128 0xb
 787 009f 3B       		.uleb128 0x3b
 788 00a0 0B       		.uleb128 0xb
 789 00a1 27       		.uleb128 0x27
 790 00a2 19       		.uleb128 0x19
 791 00a3 11       		.uleb128 0x11
 792 00a4 01       		.uleb128 0x1
 793 00a5 12       		.uleb128 0x12
 794 00a6 06       		.uleb128 0x6
 795 00a7 40       		.uleb128 0x40
 796 00a8 18       		.uleb128 0x18
 797 00a9 9642     		.uleb128 0x2116
 798 00ab 19       		.uleb128 0x19
 799 00ac 01       		.uleb128 0x1
 800 00ad 13       		.uleb128 0x13
 801 00ae 00       		.byte	0
 802 00af 00       		.byte	0
 803 00b0 0C       		.uleb128 0xc
 804 00b1 34       		.uleb128 0x34
 805 00b2 00       		.byte	0
 806 00b3 03       		.uleb128 0x3
 807 00b4 0E       		.uleb128 0xe
 808 00b5 3A       		.uleb128 0x3a
 809 00b6 0B       		.uleb128 0xb
 810 00b7 3B       		.uleb128 0x3b
 811 00b8 0B       		.uleb128 0xb
ARM GAS  C:\Users\ikui753\AppData\Local\Temp\ccLhBBvH.s 			page 21


 812 00b9 49       		.uleb128 0x49
 813 00ba 13       		.uleb128 0x13
 814 00bb 02       		.uleb128 0x2
 815 00bc 18       		.uleb128 0x18
 816 00bd 00       		.byte	0
 817 00be 00       		.byte	0
 818 00bf 0D       		.uleb128 0xd
 819 00c0 34       		.uleb128 0x34
 820 00c1 00       		.byte	0
 821 00c2 03       		.uleb128 0x3
 822 00c3 0E       		.uleb128 0xe
 823 00c4 3A       		.uleb128 0x3a
 824 00c5 0B       		.uleb128 0xb
 825 00c6 3B       		.uleb128 0x3b
 826 00c7 05       		.uleb128 0x5
 827 00c8 49       		.uleb128 0x49
 828 00c9 13       		.uleb128 0x13
 829 00ca 3F       		.uleb128 0x3f
 830 00cb 19       		.uleb128 0x19
 831 00cc 3C       		.uleb128 0x3c
 832 00cd 19       		.uleb128 0x19
 833 00ce 00       		.byte	0
 834 00cf 00       		.byte	0
 835 00d0 00       		.byte	0
 836              		.section	.debug_aranges,"",%progbits
 837 0000 3C000000 		.4byte	0x3c
 838 0004 0200     		.2byte	0x2
 839 0006 00000000 		.4byte	.Ldebug_info0
 840 000a 04       		.byte	0x4
 841 000b 00       		.byte	0
 842 000c 0000     		.2byte	0
 843 000e 0000     		.2byte	0
 844 0010 00000000 		.4byte	.LFB0
 845 0014 0C000000 		.4byte	.LFE0-.LFB0
 846 0018 00000000 		.4byte	.LFB1
 847 001c 0C000000 		.4byte	.LFE1-.LFB1
 848 0020 00000000 		.4byte	.LFB2
 849 0024 20000000 		.4byte	.LFE2-.LFB2
 850 0028 00000000 		.4byte	.LFB3
 851 002c 1C010000 		.4byte	.LFE3-.LFB3
 852 0030 00000000 		.4byte	.LFB4
 853 0034 00010000 		.4byte	.LFE4-.LFB4
 854 0038 00000000 		.4byte	0
 855 003c 00000000 		.4byte	0
 856              		.section	.debug_ranges,"",%progbits
 857              	.Ldebug_ranges0:
 858 0000 00000000 		.4byte	.LFB0
 859 0004 0C000000 		.4byte	.LFE0
 860 0008 00000000 		.4byte	.LFB1
 861 000c 0C000000 		.4byte	.LFE1
 862 0010 00000000 		.4byte	.LFB2
 863 0014 20000000 		.4byte	.LFE2
 864 0018 00000000 		.4byte	.LFB3
 865 001c 1C010000 		.4byte	.LFE3
 866 0020 00000000 		.4byte	.LFB4
 867 0024 00010000 		.4byte	.LFE4
 868 0028 00000000 		.4byte	0
ARM GAS  C:\Users\ikui753\AppData\Local\Temp\ccLhBBvH.s 			page 22


 869 002c 00000000 		.4byte	0
 870              		.section	.debug_line,"",%progbits
 871              	.Ldebug_line0:
 872 0000 E2000000 		.section	.debug_str,"MS",%progbits,1
 872      02005400 
 872      00000201 
 872      FB0E0D00 
 872      01010101 
 873              	.LASF20:
 874 0000 55534255 		.ascii	"USBUART_DP_ISR\000"
 874      4152545F 
 874      44505F49 
 874      535200
 875              	.LASF15:
 876 000f 72656733 		.ascii	"reg32\000"
 876      3200
 877              	.LASF27:
 878 0015 474E5520 		.ascii	"GNU C99 5.4.1 20160609 (release) [ARM/embedded-5-br"
 878      43393920 
 878      352E342E 
 878      31203230 
 878      31363036 
 879 0048 616E6368 		.ascii	"anch revision 237715] -mcpu=cortex-m3 -mthumb -g -O"
 879      20726576 
 879      6973696F 
 879      6E203233 
 879      37373135 
 880 007b 30202D73 		.ascii	"0 -std=c99 -ffunction-sections -ffat-lto-objects\000"
 880      74643D63 
 880      3939202D 
 880      6666756E 
 880      6374696F 
 881              	.LASF3:
 882 00ac 73686F72 		.ascii	"short unsigned int\000"
 882      7420756E 
 882      7369676E 
 882      65642069 
 882      6E7400
 883              	.LASF19:
 884 00bf 55534255 		.ascii	"USBUART_BACKUP_STRUCT\000"
 884      4152545F 
 884      4241434B 
 884      55505F53 
 884      54525543 
 885              	.LASF21:
 886 00d5 55534255 		.ascii	"USBUART_SaveConfig\000"
 886      4152545F 
 886      53617665 
 886      436F6E66 
 886      696700
 887              	.LASF11:
 888 00e8 666C6F61 		.ascii	"float\000"
 888      7400
 889              	.LASF28:
 890 00ee 47656E65 		.ascii	"Generated_Source\\PSoC5\\USBUART_pm.c\000"
 890      72617465 
 890      645F536F 
ARM GAS  C:\Users\ikui753\AppData\Local\Temp\ccLhBBvH.s 			page 23


 890      75726365 
 890      5C50536F 
 891              	.LASF1:
 892 0112 756E7369 		.ascii	"unsigned char\000"
 892      676E6564 
 892      20636861 
 892      7200
 893              	.LASF14:
 894 0120 72656738 		.ascii	"reg8\000"
 894      00
 895              	.LASF22:
 896 0125 55534255 		.ascii	"USBUART_RestoreConfig\000"
 896      4152545F 
 896      52657374 
 896      6F726543 
 896      6F6E6669 
 897              	.LASF5:
 898 013b 6C6F6E67 		.ascii	"long unsigned int\000"
 898      20756E73 
 898      69676E65 
 898      6420696E 
 898      7400
 899              	.LASF9:
 900 014d 75696E74 		.ascii	"uint8\000"
 900      3800
 901              	.LASF25:
 902 0153 656E6162 		.ascii	"enableInterrupts\000"
 902      6C65496E 
 902      74657272 
 902      75707473 
 902      00
 903              	.LASF26:
 904 0164 55534255 		.ascii	"USBUART_backup\000"
 904      4152545F 
 904      6261636B 
 904      757000
 905              	.LASF12:
 906 0173 646F7562 		.ascii	"double\000"
 906      6C6500
 907              	.LASF29:
 908 017a 483A5C44 		.ascii	"H:\\Documents\\GitHub\\301-Robot\\psoc student pack"
 908      6F63756D 
 908      656E7473 
 908      5C476974 
 908      4875625C 
 909 01a9 5C70736F 		.ascii	"\\psoc_code_base\\CS301_Class.cydsn\000"
 909      635F636F 
 909      64655F62 
 909      6173655C 
 909      43533330 
 910              	.LASF10:
 911 01cb 75696E74 		.ascii	"uint32\000"
 911      333200
 912              	.LASF8:
 913 01d2 756E7369 		.ascii	"unsigned int\000"
 913      676E6564 
 913      20696E74 
ARM GAS  C:\Users\ikui753\AppData\Local\Temp\ccLhBBvH.s 			page 24


 913      00
 914              	.LASF7:
 915 01df 6C6F6E67 		.ascii	"long long unsigned int\000"
 915      206C6F6E 
 915      6720756E 
 915      7369676E 
 915      65642069 
 916              	.LASF18:
 917 01f6 6D6F6465 		.ascii	"mode\000"
 917      00
 918              	.LASF16:
 919 01fb 73697A65 		.ascii	"sizetype\000"
 919      74797065 
 919      00
 920              	.LASF6:
 921 0204 6C6F6E67 		.ascii	"long long int\000"
 921      206C6F6E 
 921      6720696E 
 921      7400
 922              	.LASF13:
 923 0212 63686172 		.ascii	"char\000"
 923      00
 924              	.LASF30:
 925 0217 55534255 		.ascii	"USBUART_configuration\000"
 925      4152545F 
 925      636F6E66 
 925      69677572 
 925      6174696F 
 926              	.LASF2:
 927 022d 73686F72 		.ascii	"short int\000"
 927      7420696E 
 927      7400
 928              	.LASF23:
 929 0237 55534255 		.ascii	"USBUART_Suspend\000"
 929      4152545F 
 929      53757370 
 929      656E6400 
 930              	.LASF4:
 931 0247 6C6F6E67 		.ascii	"long int\000"
 931      20696E74 
 931      00
 932              	.LASF17:
 933 0250 656E6162 		.ascii	"enableState\000"
 933      6C655374 
 933      61746500 
 934              	.LASF0:
 935 025c 7369676E 		.ascii	"signed char\000"
 935      65642063 
 935      68617200 
 936              	.LASF24:
 937 0268 55534255 		.ascii	"USBUART_Resume\000"
 937      4152545F 
 937      52657375 
 937      6D6500
 938              		.ident	"GCC: (GNU Tools for ARM Embedded Processors) 5.4.1 20160609 (release) [ARM/embedded-5-bran
