ARM GAS  C:\Users\ikui753\AppData\Local\Temp\ccUkUTUO.s 			page 1


   1              		.syntax unified
   2              		.cpu cortex-m3
   3              		.fpu softvfp
   4              		.eabi_attribute 20, 1
   5              		.eabi_attribute 21, 1
   6              		.eabi_attribute 23, 3
   7              		.eabi_attribute 24, 1
   8              		.eabi_attribute 25, 1
   9              		.eabi_attribute 26, 1
  10              		.eabi_attribute 30, 6
  11              		.eabi_attribute 34, 1
  12              		.eabi_attribute 18, 4
  13              		.thumb
  14              		.syntax unified
  15              		.file	"USBUART_cls.c"
  16              		.text
  17              	.Ltext0:
  18              		.cfi_sections	.debug_frame
  19              		.section	.text.USBUART_DispatchClassRqst,"ax",%progbits
  20              		.align	2
  21              		.global	USBUART_DispatchClassRqst
  22              		.thumb
  23              		.thumb_func
  24              		.type	USBUART_DispatchClassRqst, %function
  25              	USBUART_DispatchClassRqst:
  26              	.LFB0:
  27              		.file 1 "Generated_Source\\PSoC5\\USBUART_cls.c"
   1:Generated_Source\PSoC5/USBUART_cls.c **** /***************************************************************************//**
   2:Generated_Source\PSoC5/USBUART_cls.c **** * \file USBUART_cls.c
   3:Generated_Source\PSoC5/USBUART_cls.c **** * \version 3.20
   4:Generated_Source\PSoC5/USBUART_cls.c **** *
   5:Generated_Source\PSoC5/USBUART_cls.c **** * \brief
   6:Generated_Source\PSoC5/USBUART_cls.c **** *  This file contains the USB Class request handler.
   7:Generated_Source\PSoC5/USBUART_cls.c **** *
   8:Generated_Source\PSoC5/USBUART_cls.c **** ********************************************************************************
   9:Generated_Source\PSoC5/USBUART_cls.c **** * \copyright
  10:Generated_Source\PSoC5/USBUART_cls.c **** * Copyright 2008-2016, Cypress Semiconductor Corporation.  All rights reserved.
  11:Generated_Source\PSoC5/USBUART_cls.c **** * You may use this file only in accordance with the license, terms, conditions,
  12:Generated_Source\PSoC5/USBUART_cls.c **** * disclaimers, and limitations in the end user license agreement accompanying
  13:Generated_Source\PSoC5/USBUART_cls.c **** * the software package with which this file was provided.
  14:Generated_Source\PSoC5/USBUART_cls.c **** *******************************************************************************/
  15:Generated_Source\PSoC5/USBUART_cls.c **** 
  16:Generated_Source\PSoC5/USBUART_cls.c **** #include "USBUART_pvt.h"
  17:Generated_Source\PSoC5/USBUART_cls.c **** 
  18:Generated_Source\PSoC5/USBUART_cls.c **** 
  19:Generated_Source\PSoC5/USBUART_cls.c **** #if(USBUART_EXTERN_CLS == USBUART_FALSE)
  20:Generated_Source\PSoC5/USBUART_cls.c **** 
  21:Generated_Source\PSoC5/USBUART_cls.c **** /***************************************
  22:Generated_Source\PSoC5/USBUART_cls.c **** * User Implemented Class Driver Declarations.
  23:Generated_Source\PSoC5/USBUART_cls.c **** ***************************************/
  24:Generated_Source\PSoC5/USBUART_cls.c **** /* `#START USER_DEFINED_CLASS_DECLARATIONS` Place your declaration here */
  25:Generated_Source\PSoC5/USBUART_cls.c **** 
  26:Generated_Source\PSoC5/USBUART_cls.c **** /* `#END` */
  27:Generated_Source\PSoC5/USBUART_cls.c **** 
  28:Generated_Source\PSoC5/USBUART_cls.c **** 
  29:Generated_Source\PSoC5/USBUART_cls.c **** /*******************************************************************************
  30:Generated_Source\PSoC5/USBUART_cls.c **** * Function Name: USBUART_DispatchClassRqst
ARM GAS  C:\Users\ikui753\AppData\Local\Temp\ccUkUTUO.s 			page 2


  31:Generated_Source\PSoC5/USBUART_cls.c **** ****************************************************************************//**
  32:Generated_Source\PSoC5/USBUART_cls.c **** *  This routine dispatches class specific requests depend on interface class.
  33:Generated_Source\PSoC5/USBUART_cls.c **** *
  34:Generated_Source\PSoC5/USBUART_cls.c **** * \return
  35:Generated_Source\PSoC5/USBUART_cls.c **** *  requestHandled.
  36:Generated_Source\PSoC5/USBUART_cls.c **** *
  37:Generated_Source\PSoC5/USBUART_cls.c **** * \reentrant
  38:Generated_Source\PSoC5/USBUART_cls.c **** *  No.
  39:Generated_Source\PSoC5/USBUART_cls.c **** *
  40:Generated_Source\PSoC5/USBUART_cls.c **** *******************************************************************************/
  41:Generated_Source\PSoC5/USBUART_cls.c **** uint8 USBUART_DispatchClassRqst(void) 
  42:Generated_Source\PSoC5/USBUART_cls.c **** {
  28              		.loc 1 42 0
  29              		.cfi_startproc
  30              		@ args = 0, pretend = 0, frame = 8
  31              		@ frame_needed = 1, uses_anonymous_args = 0
  32 0000 80B5     		push	{r7, lr}
  33              		.cfi_def_cfa_offset 8
  34              		.cfi_offset 7, -8
  35              		.cfi_offset 14, -4
  36 0002 82B0     		sub	sp, sp, #8
  37              		.cfi_def_cfa_offset 16
  38 0004 00AF     		add	r7, sp, #0
  39              		.cfi_def_cfa_register 7
  43:Generated_Source\PSoC5/USBUART_cls.c ****     uint8 interfaceNumber;
  44:Generated_Source\PSoC5/USBUART_cls.c ****     uint8 requestHandled = USBUART_FALSE;
  40              		.loc 1 44 0
  41 0006 0023     		movs	r3, #0
  42 0008 BB71     		strb	r3, [r7, #6]
  45:Generated_Source\PSoC5/USBUART_cls.c **** 
  46:Generated_Source\PSoC5/USBUART_cls.c ****     /* Get interface to which request is intended. */
  47:Generated_Source\PSoC5/USBUART_cls.c ****     switch (USBUART_bmRequestTypeReg & USBUART_RQST_RCPT_MASK)
  43              		.loc 1 47 0
  44 000a 1B4B     		ldr	r3, .L12
  45 000c 1B78     		ldrb	r3, [r3]
  46 000e DBB2     		uxtb	r3, r3
  47 0010 03F00303 		and	r3, r3, #3
  48 0014 012B     		cmp	r3, #1
  49 0016 02D0     		beq	.L3
  50 0018 022B     		cmp	r3, #2
  51 001a 04D0     		beq	.L4
  52 001c 12E0     		b	.L10
  53              	.L3:
  48:Generated_Source\PSoC5/USBUART_cls.c ****     {
  49:Generated_Source\PSoC5/USBUART_cls.c ****         case USBUART_RQST_RCPT_IFC:
  50:Generated_Source\PSoC5/USBUART_cls.c ****             /* Class-specific request directed to interface: wIndexLoReg 
  51:Generated_Source\PSoC5/USBUART_cls.c ****             * contains interface number.
  52:Generated_Source\PSoC5/USBUART_cls.c ****             */
  53:Generated_Source\PSoC5/USBUART_cls.c ****             interfaceNumber = (uint8) USBUART_wIndexLoReg;
  54              		.loc 1 53 0
  55 001e 164B     		ldr	r3, .L12
  56 0020 1B79     		ldrb	r3, [r3, #4]
  57 0022 FB71     		strb	r3, [r7, #7]
  54:Generated_Source\PSoC5/USBUART_cls.c ****             break;
  58              		.loc 1 54 0
  59 0024 11E0     		b	.L5
  60              	.L4:
ARM GAS  C:\Users\ikui753\AppData\Local\Temp\ccUkUTUO.s 			page 3


  55:Generated_Source\PSoC5/USBUART_cls.c ****         
  56:Generated_Source\PSoC5/USBUART_cls.c ****         case USBUART_RQST_RCPT_EP:
  57:Generated_Source\PSoC5/USBUART_cls.c ****             /* Class-specific request directed to endpoint: wIndexLoReg contains 
  58:Generated_Source\PSoC5/USBUART_cls.c ****             * endpoint number. Find interface related to endpoint. 
  59:Generated_Source\PSoC5/USBUART_cls.c ****             */
  60:Generated_Source\PSoC5/USBUART_cls.c ****             interfaceNumber = USBUART_EP[USBUART_wIndexLoReg & USBUART_DIR_UNUSED].interface;
  61              		.loc 1 60 0
  62 0026 144B     		ldr	r3, .L12
  63 0028 1B79     		ldrb	r3, [r3, #4]
  64 002a DBB2     		uxtb	r3, r3
  65 002c 03F07F02 		and	r2, r3, #127
  66 0030 1249     		ldr	r1, .L12+4
  67 0032 1346     		mov	r3, r2
  68 0034 5B00     		lsls	r3, r3, #1
  69 0036 1344     		add	r3, r3, r2
  70 0038 9B00     		lsls	r3, r3, #2
  71 003a 0B44     		add	r3, r3, r1
  72 003c 0A33     		adds	r3, r3, #10
  73 003e 1B78     		ldrb	r3, [r3]
  74 0040 FB71     		strb	r3, [r7, #7]
  61:Generated_Source\PSoC5/USBUART_cls.c ****             break;
  75              		.loc 1 61 0
  76 0042 02E0     		b	.L5
  77              	.L10:
  62:Generated_Source\PSoC5/USBUART_cls.c ****             
  63:Generated_Source\PSoC5/USBUART_cls.c ****         default:
  64:Generated_Source\PSoC5/USBUART_cls.c ****             /* Default interface is zero. */
  65:Generated_Source\PSoC5/USBUART_cls.c ****             interfaceNumber = 0u;
  78              		.loc 1 65 0
  79 0044 0023     		movs	r3, #0
  80 0046 FB71     		strb	r3, [r7, #7]
  66:Generated_Source\PSoC5/USBUART_cls.c ****             break;
  81              		.loc 1 66 0
  82 0048 00BF     		nop
  83              	.L5:
  67:Generated_Source\PSoC5/USBUART_cls.c ****     }
  68:Generated_Source\PSoC5/USBUART_cls.c ****     
  69:Generated_Source\PSoC5/USBUART_cls.c ****     /* Check that interface is within acceptable range */
  70:Generated_Source\PSoC5/USBUART_cls.c ****     if (interfaceNumber <= USBUART_MAX_INTERFACES_NUMBER)
  84              		.loc 1 70 0
  85 004a FB79     		ldrb	r3, [r7, #7]	@ zero_extendqisi2
  86 004c 022B     		cmp	r3, #2
  87 004e 0ED8     		bhi	.L6
  71:Generated_Source\PSoC5/USBUART_cls.c ****     {
  72:Generated_Source\PSoC5/USBUART_cls.c ****     #if (defined(USBUART_ENABLE_HID_CLASS)   || \
  73:Generated_Source\PSoC5/USBUART_cls.c ****          defined(USBUART_ENABLE_AUDIO_CLASS) || \
  74:Generated_Source\PSoC5/USBUART_cls.c ****          defined(USBUART_ENABLE_CDC_CLASS)   || \
  75:Generated_Source\PSoC5/USBUART_cls.c ****          USBUART_ENABLE_MSC_CLASS)
  76:Generated_Source\PSoC5/USBUART_cls.c **** 
  77:Generated_Source\PSoC5/USBUART_cls.c ****         /* Handle class request depends on interface type. */
  78:Generated_Source\PSoC5/USBUART_cls.c ****         switch (USBUART_interfaceClass[interfaceNumber])
  88              		.loc 1 78 0
  89 0050 0B4B     		ldr	r3, .L12+8
  90 0052 1A68     		ldr	r2, [r3]
  91 0054 FB79     		ldrb	r3, [r7, #7]	@ zero_extendqisi2
  92 0056 1344     		add	r3, r3, r2
  93 0058 1B78     		ldrb	r3, [r3]	@ zero_extendqisi2
ARM GAS  C:\Users\ikui753\AppData\Local\Temp\ccUkUTUO.s 			page 4


  94 005a 022B     		cmp	r3, #2
  95 005c 04D1     		bne	.L11
  79:Generated_Source\PSoC5/USBUART_cls.c ****         {
  80:Generated_Source\PSoC5/USBUART_cls.c ****         #if defined(USBUART_ENABLE_HID_CLASS)
  81:Generated_Source\PSoC5/USBUART_cls.c ****             case USBUART_CLASS_HID:
  82:Generated_Source\PSoC5/USBUART_cls.c ****                 requestHandled = USBUART_DispatchHIDClassRqst();
  83:Generated_Source\PSoC5/USBUART_cls.c ****                 break;
  84:Generated_Source\PSoC5/USBUART_cls.c ****         #endif /* (USBUART_ENABLE_HID_CLASS) */
  85:Generated_Source\PSoC5/USBUART_cls.c ****                 
  86:Generated_Source\PSoC5/USBUART_cls.c ****         #if defined(USBUART_ENABLE_AUDIO_CLASS)
  87:Generated_Source\PSoC5/USBUART_cls.c ****             case USBUART_CLASS_AUDIO:
  88:Generated_Source\PSoC5/USBUART_cls.c ****                 requestHandled = USBUART_DispatchAUDIOClassRqst();
  89:Generated_Source\PSoC5/USBUART_cls.c ****                 break;
  90:Generated_Source\PSoC5/USBUART_cls.c ****         #endif /* (USBUART_CLASS_AUDIO) */
  91:Generated_Source\PSoC5/USBUART_cls.c ****                 
  92:Generated_Source\PSoC5/USBUART_cls.c ****         #if defined(USBUART_ENABLE_CDC_CLASS)
  93:Generated_Source\PSoC5/USBUART_cls.c ****             case USBUART_CLASS_CDC:
  94:Generated_Source\PSoC5/USBUART_cls.c ****                 requestHandled = USBUART_DispatchCDCClassRqst();
  96              		.loc 1 94 0
  97 005e FFF7FEFF 		bl	USBUART_DispatchCDCClassRqst
  98 0062 0346     		mov	r3, r0
  99 0064 BB71     		strb	r3, [r7, #6]
  95:Generated_Source\PSoC5/USBUART_cls.c ****                 break;
 100              		.loc 1 95 0
 101 0066 02E0     		b	.L6
 102              	.L11:
  96:Generated_Source\PSoC5/USBUART_cls.c ****         #endif /* (USBUART_ENABLE_CDC_CLASS) */
  97:Generated_Source\PSoC5/USBUART_cls.c ****             
  98:Generated_Source\PSoC5/USBUART_cls.c ****         #if (USBUART_ENABLE_MSC_CLASS)
  99:Generated_Source\PSoC5/USBUART_cls.c ****             case USBUART_CLASS_MSD:
 100:Generated_Source\PSoC5/USBUART_cls.c ****             #if (USBUART_HANDLE_MSC_REQUESTS)
 101:Generated_Source\PSoC5/USBUART_cls.c ****                 /* MSC requests are handled by the component. */
 102:Generated_Source\PSoC5/USBUART_cls.c ****                 requestHandled = USBUART_DispatchMSCClassRqst();
 103:Generated_Source\PSoC5/USBUART_cls.c ****             #elif defined(USBUART_DISPATCH_MSC_CLASS_RQST_CALLBACK)
 104:Generated_Source\PSoC5/USBUART_cls.c ****                 /* MSC requests are handled by user defined callbcak. */
 105:Generated_Source\PSoC5/USBUART_cls.c ****                 requestHandled = USBUART_DispatchMSCClassRqst_Callback();
 106:Generated_Source\PSoC5/USBUART_cls.c ****             #else
 107:Generated_Source\PSoC5/USBUART_cls.c ****                 /* MSC requests are not handled. */
 108:Generated_Source\PSoC5/USBUART_cls.c ****                 requestHandled = USBUART_FALSE;
 109:Generated_Source\PSoC5/USBUART_cls.c ****             #endif /* (USBUART_HANDLE_MSC_REQUESTS) */
 110:Generated_Source\PSoC5/USBUART_cls.c ****                 break;
 111:Generated_Source\PSoC5/USBUART_cls.c ****         #endif /* (USBUART_ENABLE_MSC_CLASS) */
 112:Generated_Source\PSoC5/USBUART_cls.c ****             
 113:Generated_Source\PSoC5/USBUART_cls.c ****             default:
 114:Generated_Source\PSoC5/USBUART_cls.c ****                 /* Request is not handled: unknown class request type. */
 115:Generated_Source\PSoC5/USBUART_cls.c ****                 requestHandled = USBUART_FALSE;
 103              		.loc 1 115 0
 104 0068 0023     		movs	r3, #0
 105 006a BB71     		strb	r3, [r7, #6]
 116:Generated_Source\PSoC5/USBUART_cls.c ****                 break;
 106              		.loc 1 116 0
 107 006c 00BF     		nop
 108              	.L6:
 117:Generated_Source\PSoC5/USBUART_cls.c ****         }
 118:Generated_Source\PSoC5/USBUART_cls.c ****     #endif /* Class support is enabled */
 119:Generated_Source\PSoC5/USBUART_cls.c ****     }
 120:Generated_Source\PSoC5/USBUART_cls.c ****     
ARM GAS  C:\Users\ikui753\AppData\Local\Temp\ccUkUTUO.s 			page 5


 121:Generated_Source\PSoC5/USBUART_cls.c ****     /* `#START USER_DEFINED_CLASS_CODE` Place your Class request here */
 122:Generated_Source\PSoC5/USBUART_cls.c **** 
 123:Generated_Source\PSoC5/USBUART_cls.c ****     /* `#END` */
 124:Generated_Source\PSoC5/USBUART_cls.c **** 
 125:Generated_Source\PSoC5/USBUART_cls.c **** #ifdef USBUART_DISPATCH_CLASS_RQST_CALLBACK
 126:Generated_Source\PSoC5/USBUART_cls.c ****     if (USBUART_FALSE == requestHandled)
 127:Generated_Source\PSoC5/USBUART_cls.c ****     {
 128:Generated_Source\PSoC5/USBUART_cls.c ****         requestHandled = USBUART_DispatchClassRqst_Callback(interfaceNumber);
 129:Generated_Source\PSoC5/USBUART_cls.c ****     }
 130:Generated_Source\PSoC5/USBUART_cls.c **** #endif /* (USBUART_DISPATCH_CLASS_RQST_CALLBACK) */
 131:Generated_Source\PSoC5/USBUART_cls.c **** 
 132:Generated_Source\PSoC5/USBUART_cls.c ****     return (requestHandled);
 109              		.loc 1 132 0
 110 006e BB79     		ldrb	r3, [r7, #6]	@ zero_extendqisi2
 133:Generated_Source\PSoC5/USBUART_cls.c **** }
 111              		.loc 1 133 0
 112 0070 1846     		mov	r0, r3
 113 0072 0837     		adds	r7, r7, #8
 114              		.cfi_def_cfa_offset 8
 115 0074 BD46     		mov	sp, r7
 116              		.cfi_def_cfa_register 13
 117              		@ sp needed
 118 0076 80BD     		pop	{r7, pc}
 119              	.L13:
 120              		.align	2
 121              	.L12:
 122 0078 00600040 		.word	1073766400
 123 007c 00000000 		.word	USBUART_EP
 124 0080 00000000 		.word	USBUART_interfaceClass
 125              		.cfi_endproc
 126              	.LFE0:
 127              		.size	USBUART_DispatchClassRqst, .-USBUART_DispatchClassRqst
 128              		.text
 129              	.Letext0:
 130              		.file 2 "Generated_Source\\PSoC5\\cytypes.h"
 131              		.file 3 "Generated_Source\\PSoC5\\USBUART.h"
 132              		.file 4 "Generated_Source\\PSoC5\\USBUART_pvt.h"
 133              		.section	.debug_info,"",%progbits
 134              	.Ldebug_info0:
 135 0000 BD010000 		.4byte	0x1bd
 136 0004 0400     		.2byte	0x4
 137 0006 00000000 		.4byte	.Ldebug_abbrev0
 138 000a 04       		.byte	0x4
 139 000b 01       		.uleb128 0x1
 140 000c 00000000 		.4byte	.LASF31
 141 0010 0C       		.byte	0xc
 142 0011 30020000 		.4byte	.LASF32
 143 0015 2D010000 		.4byte	.LASF33
 144 0019 00000000 		.4byte	.Ldebug_ranges0+0
 145 001d 00000000 		.4byte	0
 146 0021 00000000 		.4byte	.Ldebug_line0
 147 0025 02       		.uleb128 0x2
 148 0026 01       		.byte	0x1
 149 0027 06       		.byte	0x6
 150 0028 8F020000 		.4byte	.LASF0
 151 002c 02       		.uleb128 0x2
 152 002d 01       		.byte	0x1
ARM GAS  C:\Users\ikui753\AppData\Local\Temp\ccUkUTUO.s 			page 6


 153 002e 08       		.byte	0x8
 154 002f 18010000 		.4byte	.LASF1
 155 0033 02       		.uleb128 0x2
 156 0034 02       		.byte	0x2
 157 0035 05       		.byte	0x5
 158 0036 55020000 		.4byte	.LASF2
 159 003a 02       		.uleb128 0x2
 160 003b 02       		.byte	0x2
 161 003c 07       		.byte	0x7
 162 003d 97000000 		.4byte	.LASF3
 163 0041 02       		.uleb128 0x2
 164 0042 04       		.byte	0x4
 165 0043 05       		.byte	0x5
 166 0044 6F020000 		.4byte	.LASF4
 167 0048 02       		.uleb128 0x2
 168 0049 04       		.byte	0x4
 169 004a 07       		.byte	0x7
 170 004b F1000000 		.4byte	.LASF5
 171 004f 02       		.uleb128 0x2
 172 0050 08       		.byte	0x8
 173 0051 05       		.byte	0x5
 174 0052 12020000 		.4byte	.LASF6
 175 0056 02       		.uleb128 0x2
 176 0057 08       		.byte	0x8
 177 0058 07       		.byte	0x7
 178 0059 A8010000 		.4byte	.LASF7
 179 005d 03       		.uleb128 0x3
 180 005e 04       		.byte	0x4
 181 005f 05       		.byte	0x5
 182 0060 696E7400 		.ascii	"int\000"
 183 0064 02       		.uleb128 0x2
 184 0065 04       		.byte	0x4
 185 0066 07       		.byte	0x7
 186 0067 9B010000 		.4byte	.LASF8
 187 006b 04       		.uleb128 0x4
 188 006c 5F020000 		.4byte	.LASF9
 189 0070 02       		.byte	0x2
 190 0071 E701     		.2byte	0x1e7
 191 0073 2C000000 		.4byte	0x2c
 192 0077 04       		.uleb128 0x4
 193 0078 89010000 		.4byte	.LASF10
 194 007c 02       		.byte	0x2
 195 007d E801     		.2byte	0x1e8
 196 007f 3A000000 		.4byte	0x3a
 197 0083 02       		.uleb128 0x2
 198 0084 04       		.byte	0x4
 199 0085 04       		.byte	0x4
 200 0086 D7000000 		.4byte	.LASF11
 201 008a 02       		.uleb128 0x2
 202 008b 08       		.byte	0x8
 203 008c 04       		.byte	0x4
 204 008d 26010000 		.4byte	.LASF12
 205 0091 02       		.uleb128 0x2
 206 0092 01       		.byte	0x1
 207 0093 08       		.byte	0x8
 208 0094 20020000 		.4byte	.LASF13
 209 0098 02       		.uleb128 0x2
ARM GAS  C:\Users\ikui753\AppData\Local\Temp\ccUkUTUO.s 			page 7


 210 0099 04       		.byte	0x4
 211 009a 07       		.byte	0x7
 212 009b FB010000 		.4byte	.LASF14
 213 009f 05       		.uleb128 0x5
 214 00a0 0C       		.byte	0xc
 215 00a1 03       		.byte	0x3
 216 00a2 8E       		.byte	0x8e
 217 00a3 14010000 		.4byte	0x114
 218 00a7 06       		.uleb128 0x6
 219 00a8 04020000 		.4byte	.LASF15
 220 00ac 03       		.byte	0x3
 221 00ad 90       		.byte	0x90
 222 00ae 6B000000 		.4byte	0x6b
 223 00b2 00       		.byte	0
 224 00b3 06       		.uleb128 0x6
 225 00b4 90010000 		.4byte	.LASF16
 226 00b8 03       		.byte	0x3
 227 00b9 91       		.byte	0x91
 228 00ba 6B000000 		.4byte	0x6b
 229 00be 01       		.byte	0x1
 230 00bf 06       		.uleb128 0x6
 231 00c0 BF010000 		.4byte	.LASF17
 232 00c4 03       		.byte	0x3
 233 00c5 92       		.byte	0x92
 234 00c6 6B000000 		.4byte	0x6b
 235 00ca 02       		.byte	0x2
 236 00cb 06       		.uleb128 0x6
 237 00cc DD000000 		.4byte	.LASF18
 238 00d0 03       		.byte	0x3
 239 00d1 93       		.byte	0x93
 240 00d2 6B000000 		.4byte	0x6b
 241 00d6 03       		.byte	0x3
 242 00d7 06       		.uleb128 0x6
 243 00d8 03010000 		.4byte	.LASF19
 244 00dc 03       		.byte	0x3
 245 00dd 94       		.byte	0x94
 246 00de 6B000000 		.4byte	0x6b
 247 00e2 04       		.byte	0x4
 248 00e3 06       		.uleb128 0x6
 249 00e4 0B020000 		.4byte	.LASF20
 250 00e8 03       		.byte	0x3
 251 00e9 95       		.byte	0x95
 252 00ea 6B000000 		.4byte	0x6b
 253 00ee 05       		.byte	0x5
 254 00ef 06       		.uleb128 0x6
 255 00f0 7E010000 		.4byte	.LASF21
 256 00f4 03       		.byte	0x3
 257 00f5 96       		.byte	0x96
 258 00f6 77000000 		.4byte	0x77
 259 00fa 06       		.byte	0x6
 260 00fb 06       		.uleb128 0x6
 261 00fc 25020000 		.4byte	.LASF22
 262 0100 03       		.byte	0x3
 263 0101 97       		.byte	0x97
 264 0102 77000000 		.4byte	0x77
 265 0106 08       		.byte	0x8
 266 0107 06       		.uleb128 0x6
ARM GAS  C:\Users\ikui753\AppData\Local\Temp\ccUkUTUO.s 			page 8


 267 0108 65020000 		.4byte	.LASF23
 268 010c 03       		.byte	0x3
 269 010d 98       		.byte	0x98
 270 010e 6B000000 		.4byte	0x6b
 271 0112 0A       		.byte	0xa
 272 0113 00       		.byte	0
 273 0114 07       		.uleb128 0x7
 274 0115 78020000 		.4byte	.LASF24
 275 0119 03       		.byte	0x3
 276 011a 99       		.byte	0x99
 277 011b 9F000000 		.4byte	0x9f
 278 011f 05       		.uleb128 0x5
 279 0120 08       		.byte	0x8
 280 0121 03       		.byte	0x3
 281 0122 C6       		.byte	0xc6
 282 0123 34010000 		.4byte	0x134
 283 0127 06       		.uleb128 0x6
 284 0128 C1000000 		.4byte	.LASF25
 285 012c 03       		.byte	0x3
 286 012d C8       		.byte	0xc8
 287 012e 34010000 		.4byte	0x134
 288 0132 00       		.byte	0
 289 0133 00       		.byte	0
 290 0134 08       		.uleb128 0x8
 291 0135 6B000000 		.4byte	0x6b
 292 0139 44010000 		.4byte	0x144
 293 013d 09       		.uleb128 0x9
 294 013e 98000000 		.4byte	0x98
 295 0142 07       		.byte	0x7
 296 0143 00       		.byte	0
 297 0144 07       		.uleb128 0x7
 298 0145 E3010000 		.4byte	.LASF26
 299 0149 03       		.byte	0x3
 300 014a C9       		.byte	0xc9
 301 014b 1F010000 		.4byte	0x11f
 302 014f 0A       		.uleb128 0xa
 303 0150 C9010000 		.4byte	.LASF34
 304 0154 01       		.byte	0x1
 305 0155 29       		.byte	0x29
 306 0156 6B000000 		.4byte	0x6b
 307 015a 00000000 		.4byte	.LFB0
 308 015e 84000000 		.4byte	.LFE0-.LFB0
 309 0162 01       		.uleb128 0x1
 310 0163 9C       		.byte	0x9c
 311 0164 85010000 		.4byte	0x185
 312 0168 0B       		.uleb128 0xb
 313 0169 08010000 		.4byte	.LASF27
 314 016d 01       		.byte	0x1
 315 016e 2B       		.byte	0x2b
 316 016f 6B000000 		.4byte	0x6b
 317 0173 02       		.uleb128 0x2
 318 0174 91       		.byte	0x91
 319 0175 77       		.sleb128 -9
 320 0176 0B       		.uleb128 0xb
 321 0177 C8000000 		.4byte	.LASF28
 322 017b 01       		.byte	0x1
 323 017c 2C       		.byte	0x2c
ARM GAS  C:\Users\ikui753\AppData\Local\Temp\ccUkUTUO.s 			page 9


 324 017d 6B000000 		.4byte	0x6b
 325 0181 02       		.uleb128 0x2
 326 0182 91       		.byte	0x91
 327 0183 76       		.sleb128 -10
 328 0184 00       		.byte	0
 329 0185 0C       		.uleb128 0xc
 330 0186 AA000000 		.4byte	.LASF29
 331 018a 04       		.byte	0x4
 332 018b 77       		.byte	0x77
 333 018c 90010000 		.4byte	0x190
 334 0190 0D       		.uleb128 0xd
 335 0191 04       		.byte	0x4
 336 0192 96010000 		.4byte	0x196
 337 0196 0E       		.uleb128 0xe
 338 0197 6B000000 		.4byte	0x6b
 339 019b 08       		.uleb128 0x8
 340 019c AB010000 		.4byte	0x1ab
 341 01a0 AB010000 		.4byte	0x1ab
 342 01a4 09       		.uleb128 0x9
 343 01a5 98000000 		.4byte	0x98
 344 01a9 08       		.byte	0x8
 345 01aa 00       		.byte	0
 346 01ab 0F       		.uleb128 0xf
 347 01ac 14010000 		.4byte	0x114
 348 01b0 0C       		.uleb128 0xc
 349 01b1 E6000000 		.4byte	.LASF30
 350 01b5 04       		.byte	0x4
 351 01b6 79       		.byte	0x79
 352 01b7 BB010000 		.4byte	0x1bb
 353 01bb 0F       		.uleb128 0xf
 354 01bc 9B010000 		.4byte	0x19b
 355 01c0 00       		.byte	0
 356              		.section	.debug_abbrev,"",%progbits
 357              	.Ldebug_abbrev0:
 358 0000 01       		.uleb128 0x1
 359 0001 11       		.uleb128 0x11
 360 0002 01       		.byte	0x1
 361 0003 25       		.uleb128 0x25
 362 0004 0E       		.uleb128 0xe
 363 0005 13       		.uleb128 0x13
 364 0006 0B       		.uleb128 0xb
 365 0007 03       		.uleb128 0x3
 366 0008 0E       		.uleb128 0xe
 367 0009 1B       		.uleb128 0x1b
 368 000a 0E       		.uleb128 0xe
 369 000b 55       		.uleb128 0x55
 370 000c 17       		.uleb128 0x17
 371 000d 11       		.uleb128 0x11
 372 000e 01       		.uleb128 0x1
 373 000f 10       		.uleb128 0x10
 374 0010 17       		.uleb128 0x17
 375 0011 00       		.byte	0
 376 0012 00       		.byte	0
 377 0013 02       		.uleb128 0x2
 378 0014 24       		.uleb128 0x24
 379 0015 00       		.byte	0
 380 0016 0B       		.uleb128 0xb
ARM GAS  C:\Users\ikui753\AppData\Local\Temp\ccUkUTUO.s 			page 10


 381 0017 0B       		.uleb128 0xb
 382 0018 3E       		.uleb128 0x3e
 383 0019 0B       		.uleb128 0xb
 384 001a 03       		.uleb128 0x3
 385 001b 0E       		.uleb128 0xe
 386 001c 00       		.byte	0
 387 001d 00       		.byte	0
 388 001e 03       		.uleb128 0x3
 389 001f 24       		.uleb128 0x24
 390 0020 00       		.byte	0
 391 0021 0B       		.uleb128 0xb
 392 0022 0B       		.uleb128 0xb
 393 0023 3E       		.uleb128 0x3e
 394 0024 0B       		.uleb128 0xb
 395 0025 03       		.uleb128 0x3
 396 0026 08       		.uleb128 0x8
 397 0027 00       		.byte	0
 398 0028 00       		.byte	0
 399 0029 04       		.uleb128 0x4
 400 002a 16       		.uleb128 0x16
 401 002b 00       		.byte	0
 402 002c 03       		.uleb128 0x3
 403 002d 0E       		.uleb128 0xe
 404 002e 3A       		.uleb128 0x3a
 405 002f 0B       		.uleb128 0xb
 406 0030 3B       		.uleb128 0x3b
 407 0031 05       		.uleb128 0x5
 408 0032 49       		.uleb128 0x49
 409 0033 13       		.uleb128 0x13
 410 0034 00       		.byte	0
 411 0035 00       		.byte	0
 412 0036 05       		.uleb128 0x5
 413 0037 13       		.uleb128 0x13
 414 0038 01       		.byte	0x1
 415 0039 0B       		.uleb128 0xb
 416 003a 0B       		.uleb128 0xb
 417 003b 3A       		.uleb128 0x3a
 418 003c 0B       		.uleb128 0xb
 419 003d 3B       		.uleb128 0x3b
 420 003e 0B       		.uleb128 0xb
 421 003f 01       		.uleb128 0x1
 422 0040 13       		.uleb128 0x13
 423 0041 00       		.byte	0
 424 0042 00       		.byte	0
 425 0043 06       		.uleb128 0x6
 426 0044 0D       		.uleb128 0xd
 427 0045 00       		.byte	0
 428 0046 03       		.uleb128 0x3
 429 0047 0E       		.uleb128 0xe
 430 0048 3A       		.uleb128 0x3a
 431 0049 0B       		.uleb128 0xb
 432 004a 3B       		.uleb128 0x3b
 433 004b 0B       		.uleb128 0xb
 434 004c 49       		.uleb128 0x49
 435 004d 13       		.uleb128 0x13
 436 004e 38       		.uleb128 0x38
 437 004f 0B       		.uleb128 0xb
ARM GAS  C:\Users\ikui753\AppData\Local\Temp\ccUkUTUO.s 			page 11


 438 0050 00       		.byte	0
 439 0051 00       		.byte	0
 440 0052 07       		.uleb128 0x7
 441 0053 16       		.uleb128 0x16
 442 0054 00       		.byte	0
 443 0055 03       		.uleb128 0x3
 444 0056 0E       		.uleb128 0xe
 445 0057 3A       		.uleb128 0x3a
 446 0058 0B       		.uleb128 0xb
 447 0059 3B       		.uleb128 0x3b
 448 005a 0B       		.uleb128 0xb
 449 005b 49       		.uleb128 0x49
 450 005c 13       		.uleb128 0x13
 451 005d 00       		.byte	0
 452 005e 00       		.byte	0
 453 005f 08       		.uleb128 0x8
 454 0060 01       		.uleb128 0x1
 455 0061 01       		.byte	0x1
 456 0062 49       		.uleb128 0x49
 457 0063 13       		.uleb128 0x13
 458 0064 01       		.uleb128 0x1
 459 0065 13       		.uleb128 0x13
 460 0066 00       		.byte	0
 461 0067 00       		.byte	0
 462 0068 09       		.uleb128 0x9
 463 0069 21       		.uleb128 0x21
 464 006a 00       		.byte	0
 465 006b 49       		.uleb128 0x49
 466 006c 13       		.uleb128 0x13
 467 006d 2F       		.uleb128 0x2f
 468 006e 0B       		.uleb128 0xb
 469 006f 00       		.byte	0
 470 0070 00       		.byte	0
 471 0071 0A       		.uleb128 0xa
 472 0072 2E       		.uleb128 0x2e
 473 0073 01       		.byte	0x1
 474 0074 3F       		.uleb128 0x3f
 475 0075 19       		.uleb128 0x19
 476 0076 03       		.uleb128 0x3
 477 0077 0E       		.uleb128 0xe
 478 0078 3A       		.uleb128 0x3a
 479 0079 0B       		.uleb128 0xb
 480 007a 3B       		.uleb128 0x3b
 481 007b 0B       		.uleb128 0xb
 482 007c 27       		.uleb128 0x27
 483 007d 19       		.uleb128 0x19
 484 007e 49       		.uleb128 0x49
 485 007f 13       		.uleb128 0x13
 486 0080 11       		.uleb128 0x11
 487 0081 01       		.uleb128 0x1
 488 0082 12       		.uleb128 0x12
 489 0083 06       		.uleb128 0x6
 490 0084 40       		.uleb128 0x40
 491 0085 18       		.uleb128 0x18
 492 0086 9642     		.uleb128 0x2116
 493 0088 19       		.uleb128 0x19
 494 0089 01       		.uleb128 0x1
ARM GAS  C:\Users\ikui753\AppData\Local\Temp\ccUkUTUO.s 			page 12


 495 008a 13       		.uleb128 0x13
 496 008b 00       		.byte	0
 497 008c 00       		.byte	0
 498 008d 0B       		.uleb128 0xb
 499 008e 34       		.uleb128 0x34
 500 008f 00       		.byte	0
 501 0090 03       		.uleb128 0x3
 502 0091 0E       		.uleb128 0xe
 503 0092 3A       		.uleb128 0x3a
 504 0093 0B       		.uleb128 0xb
 505 0094 3B       		.uleb128 0x3b
 506 0095 0B       		.uleb128 0xb
 507 0096 49       		.uleb128 0x49
 508 0097 13       		.uleb128 0x13
 509 0098 02       		.uleb128 0x2
 510 0099 18       		.uleb128 0x18
 511 009a 00       		.byte	0
 512 009b 00       		.byte	0
 513 009c 0C       		.uleb128 0xc
 514 009d 34       		.uleb128 0x34
 515 009e 00       		.byte	0
 516 009f 03       		.uleb128 0x3
 517 00a0 0E       		.uleb128 0xe
 518 00a1 3A       		.uleb128 0x3a
 519 00a2 0B       		.uleb128 0xb
 520 00a3 3B       		.uleb128 0x3b
 521 00a4 0B       		.uleb128 0xb
 522 00a5 49       		.uleb128 0x49
 523 00a6 13       		.uleb128 0x13
 524 00a7 3F       		.uleb128 0x3f
 525 00a8 19       		.uleb128 0x19
 526 00a9 3C       		.uleb128 0x3c
 527 00aa 19       		.uleb128 0x19
 528 00ab 00       		.byte	0
 529 00ac 00       		.byte	0
 530 00ad 0D       		.uleb128 0xd
 531 00ae 0F       		.uleb128 0xf
 532 00af 00       		.byte	0
 533 00b0 0B       		.uleb128 0xb
 534 00b1 0B       		.uleb128 0xb
 535 00b2 49       		.uleb128 0x49
 536 00b3 13       		.uleb128 0x13
 537 00b4 00       		.byte	0
 538 00b5 00       		.byte	0
 539 00b6 0E       		.uleb128 0xe
 540 00b7 26       		.uleb128 0x26
 541 00b8 00       		.byte	0
 542 00b9 49       		.uleb128 0x49
 543 00ba 13       		.uleb128 0x13
 544 00bb 00       		.byte	0
 545 00bc 00       		.byte	0
 546 00bd 0F       		.uleb128 0xf
 547 00be 35       		.uleb128 0x35
 548 00bf 00       		.byte	0
 549 00c0 49       		.uleb128 0x49
 550 00c1 13       		.uleb128 0x13
 551 00c2 00       		.byte	0
ARM GAS  C:\Users\ikui753\AppData\Local\Temp\ccUkUTUO.s 			page 13


 552 00c3 00       		.byte	0
 553 00c4 00       		.byte	0
 554              		.section	.debug_aranges,"",%progbits
 555 0000 1C000000 		.4byte	0x1c
 556 0004 0200     		.2byte	0x2
 557 0006 00000000 		.4byte	.Ldebug_info0
 558 000a 04       		.byte	0x4
 559 000b 00       		.byte	0
 560 000c 0000     		.2byte	0
 561 000e 0000     		.2byte	0
 562 0010 00000000 		.4byte	.LFB0
 563 0014 84000000 		.4byte	.LFE0-.LFB0
 564 0018 00000000 		.4byte	0
 565 001c 00000000 		.4byte	0
 566              		.section	.debug_ranges,"",%progbits
 567              	.Ldebug_ranges0:
 568 0000 00000000 		.4byte	.LFB0
 569 0004 84000000 		.4byte	.LFE0
 570 0008 00000000 		.4byte	0
 571 000c 00000000 		.4byte	0
 572              		.section	.debug_line,"",%progbits
 573              	.Ldebug_line0:
 574 0000 91000000 		.section	.debug_str,"MS",%progbits,1
 574      02006600 
 574      00000201 
 574      FB0E0D00 
 574      01010101 
 575              	.LASF31:
 576 0000 474E5520 		.ascii	"GNU C99 5.4.1 20160609 (release) [ARM/embedded-5-br"
 576      43393920 
 576      352E342E 
 576      31203230 
 576      31363036 
 577 0033 616E6368 		.ascii	"anch revision 237715] -mcpu=cortex-m3 -mthumb -g -O"
 577      20726576 
 577      6973696F 
 577      6E203233 
 577      37373135 
 578 0066 30202D73 		.ascii	"0 -std=c99 -ffunction-sections -ffat-lto-objects\000"
 578      74643D63 
 578      3939202D 
 578      6666756E 
 578      6374696F 
 579              	.LASF3:
 580 0097 73686F72 		.ascii	"short unsigned int\000"
 580      7420756E 
 580      7369676E 
 580      65642069 
 580      6E7400
 581              	.LASF29:
 582 00aa 55534255 		.ascii	"USBUART_interfaceClass\000"
 582      4152545F 
 582      696E7465 
 582      72666163 
 582      65436C61 
 583              	.LASF25:
 584 00c1 65704461 		.ascii	"epData\000"
ARM GAS  C:\Users\ikui753\AppData\Local\Temp\ccUkUTUO.s 			page 14


 584      746100
 585              	.LASF28:
 586 00c8 72657175 		.ascii	"requestHandled\000"
 586      65737448 
 586      616E646C 
 586      656400
 587              	.LASF11:
 588 00d7 666C6F61 		.ascii	"float\000"
 588      7400
 589              	.LASF18:
 590 00dd 6570546F 		.ascii	"epToggle\000"
 590      67676C65 
 590      00
 591              	.LASF30:
 592 00e6 55534255 		.ascii	"USBUART_EP\000"
 592      4152545F 
 592      455000
 593              	.LASF5:
 594 00f1 6C6F6E67 		.ascii	"long unsigned int\000"
 594      20756E73 
 594      69676E65 
 594      6420696E 
 594      7400
 595              	.LASF19:
 596 0103 61646472 		.ascii	"addr\000"
 596      00
 597              	.LASF27:
 598 0108 696E7465 		.ascii	"interfaceNumber\000"
 598      72666163 
 598      654E756D 
 598      62657200 
 599              	.LASF1:
 600 0118 756E7369 		.ascii	"unsigned char\000"
 600      676E6564 
 600      20636861 
 600      7200
 601              	.LASF12:
 602 0126 646F7562 		.ascii	"double\000"
 602      6C6500
 603              	.LASF33:
 604 012d 483A5C44 		.ascii	"H:\\Documents\\GitHub\\301-Robot\\psoc student pack"
 604      6F63756D 
 604      656E7473 
 604      5C476974 
 604      4875625C 
 605 015c 5C70736F 		.ascii	"\\psoc_code_base\\CS301_Class.cydsn\000"
 605      635F636F 
 605      64655F62 
 605      6173655C 
 605      43533330 
 606              	.LASF21:
 607 017e 62756666 		.ascii	"buffOffset\000"
 607      4F666673 
 607      657400
 608              	.LASF10:
 609 0189 75696E74 		.ascii	"uint16\000"
 609      313600
ARM GAS  C:\Users\ikui753\AppData\Local\Temp\ccUkUTUO.s 			page 15


 610              	.LASF16:
 611 0190 61706945 		.ascii	"apiEpState\000"
 611      70537461 
 611      746500
 612              	.LASF8:
 613 019b 756E7369 		.ascii	"unsigned int\000"
 613      676E6564 
 613      20696E74 
 613      00
 614              	.LASF7:
 615 01a8 6C6F6E67 		.ascii	"long long unsigned int\000"
 615      206C6F6E 
 615      6720756E 
 615      7369676E 
 615      65642069 
 616              	.LASF17:
 617 01bf 68774570 		.ascii	"hwEpState\000"
 617      53746174 
 617      6500
 618              	.LASF34:
 619 01c9 55534255 		.ascii	"USBUART_DispatchClassRqst\000"
 619      4152545F 
 619      44697370 
 619      61746368 
 619      436C6173 
 620              	.LASF26:
 621 01e3 55534255 		.ascii	"USBUART_ep0_data_struct\000"
 621      4152545F 
 621      6570305F 
 621      64617461 
 621      5F737472 
 622              	.LASF14:
 623 01fb 73697A65 		.ascii	"sizetype\000"
 623      74797065 
 623      00
 624              	.LASF15:
 625 0204 61747472 		.ascii	"attrib\000"
 625      696200
 626              	.LASF20:
 627 020b 65704D6F 		.ascii	"epMode\000"
 627      646500
 628              	.LASF6:
 629 0212 6C6F6E67 		.ascii	"long long int\000"
 629      206C6F6E 
 629      6720696E 
 629      7400
 630              	.LASF13:
 631 0220 63686172 		.ascii	"char\000"
 631      00
 632              	.LASF22:
 633 0225 62756666 		.ascii	"bufferSize\000"
 633      65725369 
 633      7A6500
 634              	.LASF32:
 635 0230 47656E65 		.ascii	"Generated_Source\\PSoC5\\USBUART_cls.c\000"
 635      72617465 
 635      645F536F 
ARM GAS  C:\Users\ikui753\AppData\Local\Temp\ccUkUTUO.s 			page 16


 635      75726365 
 635      5C50536F 
 636              	.LASF2:
 637 0255 73686F72 		.ascii	"short int\000"
 637      7420696E 
 637      7400
 638              	.LASF9:
 639 025f 75696E74 		.ascii	"uint8\000"
 639      3800
 640              	.LASF23:
 641 0265 696E7465 		.ascii	"interface\000"
 641      72666163 
 641      6500
 642              	.LASF4:
 643 026f 6C6F6E67 		.ascii	"long int\000"
 643      20696E74 
 643      00
 644              	.LASF24:
 645 0278 545F5553 		.ascii	"T_USBUART_EP_CTL_BLOCK\000"
 645      42554152 
 645      545F4550 
 645      5F43544C 
 645      5F424C4F 
 646              	.LASF0:
 647 028f 7369676E 		.ascii	"signed char\000"
 647      65642063 
 647      68617200 
 648              		.ident	"GCC: (GNU Tools for ARM Embedded Processors) 5.4.1 20160609 (release) [ARM/embedded-5-bran
