--------------- Clean Started: 10/02/2023 15:21:23 Project: CS301_Class, Configuration: ARM GCC 5.4-2016-q2-update Debug ---------------
Deleting file ".\CortexM3\ARM_GCC_541\Debug\main.o"
Deleting file ".\CortexM3\ARM_GCC_541\Debug\tacho.o"
Deleting file ".\CortexM3\ARM_GCC_541\Debug\initialise.o"
Deleting file ".\CortexM3\ARM_GCC_541\Debug\pathfinding.o"
Deleting file ".\CortexM3\ARM_GCC_541\Debug\movement.o"
Deleting file ".\CortexM3\ARM_GCC_541\Debug\usbUART.o"
Deleting file ".\CortexM3\ARM_GCC_541\Debug\cyfitter_cfg.o"
Deleting file ".\CortexM3\ARM_GCC_541\Debug\cymetadata.o"
Deleting file ".\CortexM3\ARM_GCC_541\Debug\USBUART_audio.o"
Deleting file ".\CortexM3\ARM_GCC_541\Debug\USBUART_boot.o"
Deleting file ".\CortexM3\ARM_GCC_541\Debug\USBUART_cdc.o"
Deleting file ".\CortexM3\ARM_GCC_541\Debug\USBUART_cls.o"
Deleting file ".\CortexM3\ARM_GCC_541\Debug\USBUART_descr.o"
Deleting file ".\CortexM3\ARM_GCC_541\Debug\USBUART_drv.o"
Deleting file ".\CortexM3\ARM_GCC_541\Debug\USBUART_episr.o"
Deleting file ".\CortexM3\ARM_GCC_541\Debug\USBUART_hid.o"
Deleting file ".\CortexM3\ARM_GCC_541\Debug\USBUART_pm.o"
Deleting file ".\CortexM3\ARM_GCC_541\Debug\USBUART_std.o"
Deleting file ".\CortexM3\ARM_GCC_541\Debug\USBUART_vnd.o"
Deleting file ".\CortexM3\ARM_GCC_541\Debug\USBUART_midi.o"
Deleting file ".\CortexM3\ARM_GCC_541\Debug\USBUART_msc.o"
Deleting file ".\CortexM3\ARM_GCC_541\Debug\CONTROL.o"
Deleting file ".\CortexM3\ARM_GCC_541\Debug\CONTROL_PM.o"
Deleting file ".\CortexM3\ARM_GCC_541\Debug\USBUART_Dm.o"
Deleting file ".\CortexM3\ARM_GCC_541\Debug\USBUART_Dp.o"
Deleting file ".\CortexM3\ARM_GCC_541\Debug\Cm3Start.o"
Deleting file ".\CortexM3\ARM_GCC_541\Debug\CyBootAsmGnu.o"
Deleting file ".\CortexM3\ARM_GCC_541\Debug\CyDmac.o"
Deleting file ".\CortexM3\ARM_GCC_541\Debug\CyFlash.o"
Deleting file ".\CortexM3\ARM_GCC_541\Debug\CyLib.o"
Deleting file ".\CortexM3\ARM_GCC_541\Debug\cyPm.o"
Deleting file ".\CortexM3\ARM_GCC_541\Debug\CySpc.o"
Deleting file ".\CortexM3\ARM_GCC_541\Debug\cyutils.o"
Deleting file ".\CortexM3\ARM_GCC_541\Debug\PWM_1.o"
Deleting file ".\CortexM3\ARM_GCC_541\Debug\PWM_1_PM.o"
Deleting file ".\CortexM3\ARM_GCC_541\Debug\Clock_PWM.o"
Deleting file ".\CortexM3\ARM_GCC_541\Debug\Clock_QENC.o"
Deleting file ".\CortexM3\ARM_GCC_541\Debug\M1_IN1.o"
Deleting file ".\CortexM3\ARM_GCC_541\Debug\M1_IN2.o"
Deleting file ".\CortexM3\ARM_GCC_541\Debug\M2_IN1.o"
Deleting file ".\CortexM3\ARM_GCC_541\Debug\M2_IN2.o"
Deleting file ".\CortexM3\ARM_GCC_541\Debug\M2_D1.o"
Deleting file ".\CortexM3\ARM_GCC_541\Debug\M1_QA.o"
Deleting file ".\CortexM3\ARM_GCC_541\Debug\M1_QB.o"
Deleting file ".\CortexM3\ARM_GCC_541\Debug\M2_QA.o"
Deleting file ".\CortexM3\ARM_GCC_541\Debug\M2_QB.o"
Deleting file ".\CortexM3\ARM_GCC_541\Debug\M1_D1.o"
Deleting file ".\CortexM3\ARM_GCC_541\Debug\PWM_2.o"
Deleting file ".\CortexM3\ARM_GCC_541\Debug\PWM_2_PM.o"
Deleting file ".\CortexM3\ARM_GCC_541\Debug\LED.o"
Deleting file ".\CortexM3\ARM_GCC_541\Debug\QuadDec_M1.o"
Deleting file ".\CortexM3\ARM_GCC_541\Debug\QuadDec_M1_PM.o"
Deleting file ".\CortexM3\ARM_GCC_541\Debug\QuadDec_M2.o"
Deleting file ".\CortexM3\ARM_GCC_541\Debug\QuadDec_M2_PM.o"
Deleting file ".\CortexM3\ARM_GCC_541\Debug\QuadDec_M1_Cnt16.o"
Deleting file ".\CortexM3\ARM_GCC_541\Debug\QuadDec_M1_Cnt16_PM.o"
Deleting file ".\CortexM3\ARM_GCC_541\Debug\QuadDec_M2_Cnt16.o"
Deleting file ".\CortexM3\ARM_GCC_541\Debug\QuadDec_M2_Cnt16_PM.o"
Deleting file ".\CortexM3\ARM_GCC_541\Debug\DB0.o"
Deleting file ".\CortexM3\ARM_GCC_541\Debug\DB1.o"
Deleting file ".\CortexM3\ARM_GCC_541\Debug\DB2.o"
Deleting file ".\CortexM3\ARM_GCC_541\Debug\UART.o"
Deleting file ".\CortexM3\ARM_GCC_541\Debug\UART_PM.o"
Deleting file ".\CortexM3\ARM_GCC_541\Debug\UART_INT.o"
Deleting file ".\CortexM3\ARM_GCC_541\Debug\UART_BOOT.o"
Deleting file ".\CortexM3\ARM_GCC_541\Debug\UART_IntClock.o"
Deleting file ".\CortexM3\ARM_GCC_541\Debug\RF_BT_SELECT.o"
Deleting file ".\CortexM3\ARM_GCC_541\Debug\RF_BT_SELECT_PM.o"
Deleting file ".\CortexM3\ARM_GCC_541\Debug\cy_em_eeprom.o"
Deleting file ".\CortexM3\ARM_GCC_541\Debug\isr_TX.o"
Deleting file ".\CortexM3\ARM_GCC_541\Debug\isr_RX.o"
Deleting file ".\CortexM3\ARM_GCC_541\Debug\SpeedTimer.o"
Deleting file ".\CortexM3\ARM_GCC_541\Debug\SpeedTimer_PM.o"
Deleting file ".\CortexM3\ARM_GCC_541\Debug\isr_speed.o"
Deleting file ".\CortexM3\ARM_GCC_541\Debug\SpeedClock.o"
Deleting file ".\CortexM3\ARM_GCC_541\Debug\Timer_LED.o"
Deleting file ".\CortexM3\ARM_GCC_541\Debug\Timer_LED_PM.o"
Deleting file ".\CortexM3\ARM_GCC_541\Debug\isr_Timer_LED.o"
Deleting file ".\CortexM3\ARM_GCC_541\Debug\timer_clock.o"
Deleting file ".\CortexM3\ARM_GCC_541\Debug\S6.o"
Deleting file ".\CortexM3\ARM_GCC_541\Debug\S5.o"
Deleting file ".\CortexM3\ARM_GCC_541\Debug\S4.o"
Deleting file ".\CortexM3\ARM_GCC_541\Debug\S3.o"
Deleting file ".\CortexM3\ARM_GCC_541\Debug\S2.o"
Deleting file ".\CortexM3\ARM_GCC_541\Debug\S1_detected.o"
Deleting file ".\CortexM3\ARM_GCC_541\Debug\S1.o"
Deleting file ".\CortexM3\ARM_GCC_541\Debug\S2_detected.o"
Deleting file ".\CortexM3\ARM_GCC_541\Debug\S3_detected.o"
Deleting file ".\CortexM3\ARM_GCC_541\Debug\S4_detected.o"
Deleting file ".\CortexM3\ARM_GCC_541\Debug\S5_detected.o"
Deleting file ".\CortexM3\ARM_GCC_541\Debug\S6_detected.o"
Deleting file ".\CortexM3\ARM_GCC_541\Debug\CS301_Class.hex"
Deleting file ".\CortexM3\ARM_GCC_541\Debug\CS301_Class.map"
Deleting file ".\CS301_Class.cycdx"
Deleting file ".\CS301_Class.svd"
Deleting file ".\CS301_Class.rpt"
Deleting file ".\CS301_Class_timing.html"
Deleting file ".\CortexM3\ARM_GCC_541\Debug\.deps\SOURCE_C__ARM_GCC_GENERIC.P"
Deleting file ".\CortexM3\ARM_GCC_541\Debug\.deps\SOURCE_ASM__ARM_GCC_GENERIC.P"
--------------- Clean Succeeded: 10/02/2023 15:21:25 ---------------
