--------------- Build Started: 07/26/2023 12:59:08 Project: CS301_Class, Configuration: ARM GCC 5.4-2016-q2-update Debug ---------------
cydsfit.exe -.appdatapath "C:\Users\ikui753\AppData\Local\Cypress Semiconductor\PSoC Creator\4.2" -.fdsnotice -.fdswarpdepfile=warp_dependencies.txt -.fdselabdepfile=elab_dependencies.txt -.fdsbldfile=generated_files.txt -.fdsreffile=referenced_files.txt -p "C:\Users\ikui753\OneDrive - The University of Auckland\Documents\CS301\psoc student pack\psoc_code_base\CS301_Class.cydsn\CS301_Class.cyprj" -d CY8C5888LTI-LP097 -s "C:\Users\ikui753\OneDrive - The University of Auckland\Documents\CS301\psoc student pack\psoc_code_base\CS301_Class.cydsn\Generated_Source\PSoC5" -- -yv2 -q10 -ygs -o2 -v3 -.fftcfgtype=LE
Elaborating Design...
ADD: sdb.M0065: information: Analog terminal "vdac_ref" on ADC_SAR_SEQ_v2_10 is unconnected.
 * C:\Program Files (x86)\Cypress\PSoC Creator\4.2\PSoC Creator\psoc\content\CyComponentLibrary\CyComponentLibrary.cylib\ADC_SAR_SEQ_v2_10\PSoC5\ADC_SAR_SEQ_v2_10.cysch (Signal: vdac_ref)
 * C:\Program Files (x86)\Cypress\PSoC Creator\4.2\PSoC Creator\psoc\content\CyComponentLibrary\CyComponentLibrary.cylib\ADC_SAR_SEQ_v2_10\PSoC5\ADC_SAR_SEQ_v2_10.cysch (Shape_798)
 * C:\Program Files (x86)\Cypress\PSoC Creator\4.2\PSoC Creator\psoc\content\CyComponentLibrary\CyComponentLibrary.cylib\ADC_SAR_SEQ_v2_10\PSoC5\ADC_SAR_SEQ_v2_10.cysch (Shape_885)
HDL Generation...
Synthesis...
Tech Mapping...
ADD: pft.M0040: information: The following 1 pin(s) will be assigned a location by the fitter: \ADC_SAR_1:Bypass(0)\
Analog Placement...
Info: apr.M0002: Analog signal "Net_1503" is connected to one terminal only. (App=cydsfit)
Info: apr.M0002: Analog signal "Net_1504" is connected to one terminal only. (App=cydsfit)
Info: apr.M0002: Analog signal "Net_1506" is connected to one terminal only. (App=cydsfit)
Info: apr.M0002: Analog signal "Net_1508" is connected to one terminal only. (App=cydsfit)
Info: apr.M0002: Analog signal "Net_1509" is connected to one terminal only. (App=cydsfit)
Info: apr.M0002: Analog signal "Net_1511" is connected to one terminal only. (App=cydsfit)
Info: apr.M0002: Analog signal "Net_1513" is connected to one terminal only. (App=cydsfit)
Info: apr.M0002: Analog signal "Net_1514" is connected to one terminal only. (App=cydsfit)
Info: apr.M0002: Analog signal "Net_1516" is connected to one terminal only. (App=cydsfit)
Info: apr.M0002: Analog signal "Net_1518" is connected to one terminal only. (App=cydsfit)
Info: apr.M0002: Analog signal "Net_1519" is connected to one terminal only. (App=cydsfit)
Info: apr.M0002: Analog signal "Net_1521" is connected to one terminal only. (App=cydsfit)
Info: apr.M0002: Analog signal "Net_1523" is connected to one terminal only. (App=cydsfit)
Info: apr.M0002: Analog signal "Net_1524" is connected to one terminal only. (App=cydsfit)
Info: apr.M0002: Analog signal "Net_1526" is connected to one terminal only. (App=cydsfit)
Info: apr.M0002: Analog signal "Net_1528" is connected to one terminal only. (App=cydsfit)
Info: apr.M0002: Analog signal "Net_1529" is connected to one terminal only. (App=cydsfit)
Info: apr.M0002: Analog signal "Net_1531" is connected to one terminal only. (App=cydsfit)
Info: apr.M0002: Analog signal "Net_1533" is connected to one terminal only. (App=cydsfit)
Info: apr.M0002: Analog signal "Net_1534" is connected to one terminal only. (App=cydsfit)
Info: apr.M0002: Analog signal "Net_1536" is connected to one terminal only. (App=cydsfit)
Info: apr.M0002: Analog signal "Net_1538" is connected to one terminal only. (App=cydsfit)
Info: apr.M0002: Analog signal "Net_1539" is connected to one terminal only. (App=cydsfit)
Info: apr.M0002: Analog signal "Net_1541" is connected to one terminal only. (App=cydsfit)
Info: apr.M0002: Analog signal "Net_1543" is connected to one terminal only. (App=cydsfit)
Info: apr.M0002: Analog signal "Net_1544" is connected to one terminal only. (App=cydsfit)
Info: apr.M0002: Analog signal "Net_1546" is connected to one terminal only. (App=cydsfit)
Info: apr.M0002: Analog signal "Net_1548" is connected to one terminal only. (App=cydsfit)
Info: apr.M0002: Analog signal "Net_1549" is connected to one terminal only. (App=cydsfit)
Info: apr.M0002: Analog signal "Net_1551" is connected to one terminal only. (App=cydsfit)
Info: apr.M0002: Analog signal "Net_1553" is connected to one terminal only. (App=cydsfit)
Info: apr.M0002: Analog signal "Net_1554" is connected to one terminal only. (App=cydsfit)
Info: apr.M0002: Analog signal "Net_1556" is connected to one terminal only. (App=cydsfit)
Info: apr.M0002: Analog signal "Net_1558" is connected to one terminal only. (App=cydsfit)
Info: apr.M0002: Analog signal "Net_1559" is connected to one terminal only. (App=cydsfit)
Info: apr.M0002: Analog signal "Net_1561" is connected to one terminal only. (App=cydsfit)
Info: apr.M0002: Analog signal "Net_1563" is connected to one terminal only. (App=cydsfit)
Info: apr.M0002: Analog signal "Net_1564" is connected to one terminal only. (App=cydsfit)
Info: apr.M0002: Analog signal "Net_1566" is connected to one terminal only. (App=cydsfit)
Info: apr.M0002: Analog signal "Net_1568" is connected to one terminal only. (App=cydsfit)
Info: apr.M0002: Analog signal "Net_1569" is connected to one terminal only. (App=cydsfit)
Info: apr.M0002: Analog signal "Net_1570" is connected to one terminal only. (App=cydsfit)
Info: apr.M0002: Analog signal "Net_1571" is connected to one terminal only. (App=cydsfit)
Info: apr.M0002: Analog signal "Net_1572" is connected to one terminal only. (App=cydsfit)
Info: apr.M0002: Analog signal "Net_1573" is connected to one terminal only. (App=cydsfit)
Info: apr.M0002: Analog signal "Net_1574" is connected to one terminal only. (App=cydsfit)
Info: apr.M0002: Analog signal "Net_1575" is connected to one terminal only. (App=cydsfit)
Info: apr.M0002: Analog signal "Net_1576" is connected to one terminal only. (App=cydsfit)
Info: apr.M0002: Analog signal "Net_1577" is connected to one terminal only. (App=cydsfit)
Info: apr.M0002: Analog signal "Net_1578" is connected to one terminal only. (App=cydsfit)
Info: apr.M0002: Analog signal "Net_1579" is connected to one terminal only. (App=cydsfit)
Info: apr.M0002: Analog signal "Net_1580" is connected to one terminal only. (App=cydsfit)
Info: apr.M0002: Analog signal "Net_1581" is connected to one terminal only. (App=cydsfit)
Info: apr.M0002: Analog signal "Net_1582" is connected to one terminal only. (App=cydsfit)
Info: apr.M0002: Analog signal "Net_1583" is connected to one terminal only. (App=cydsfit)
Info: apr.M0002: Analog signal "Net_1584" is connected to one terminal only. (App=cydsfit)
Error: pft.M0000: An internal error occurred in the fitter: (System.NullReferenceException: Object reference not set to an instance of an object.). (App=cydsfit)
System.NullReferenceException: Object reference not set to an instance of an object.
   at CyDesigner.Device.FitterPSoC.P35.Analog.CyBoxMapper.<EnumerateBoxes>d__7.MoveNext()
   at CyDesigner.Common.Base.CyVector`1..ctor(IEnumerable`1 other)
   at CyDesigner.Device.FitterPSoC.P35.Analog.CyVeraPlacer.CyVeraSubPlacer.CreateDecision(CyPkCell cell, CyBox oldBox)
   at CyDesigner.Device.FitterPSoC.P35.Analog.CyVeraPlacer.CyVeraSubPlacer.RecursiveRipUp(CyPkCell cell)
   at CyDesigner.Device.FitterPSoC.P35.Analog.CyVeraPlacer.CyVeraSubPlacer.FindAdditionalDecisions(CyPkCell cell)
   at CyDesigner.Device.FitterPSoC.P35.Analog.CyVeraPlacer.CyVeraSubPlacer.SetupProblem(CyPkCell cellOne, CyPkCell cellTwo, CyBox box)
   at CyDesigner.Device.FitterPSoC.P35.Analog.CyVeraPlacer.CyVeraSolution.GenerateConstrainedSolution(CyPkCell cellOne, CyPkCell cellTwo, CyBox boxTwo)
   at CyDesigner.Device.FitterPSoC.P35.Analog.CyVeraPlacer.CyVeraSolution.GenerateRandomMove(Double fracBudgetConsumed, Double temperature)
   at CyDesigner.Common.Base.CySimAnnealer`1.Anneal()
   at CyDesigner.Device.FitterPSoC.P35.Analog.CyVeraPlacer.RunAnnealer()
   at CyDesigner.Device.FitterPSoC.P35.Analog.CyVeraMgr.MakeItSo(CyVeraPhase phase)
   at CyDesigner.Device.FitterPSoC.P35.Analog.CyP35AnalogPlaceAndRoute.CyDesigner.Device.FitterPSoC.ICyPlaceAndRoute.Place()
   at CyDesigner.Device.FitterPSoC.CyP3Fit.RunFitterPhases(IList`1 phases)
   at CyDesigner.Device.FitterPSoC.CyP3Fit.RunFitter(IList`1 phases)
   at CyDesigner.Device.FitterPSoC.CyP3Fit.Run()
Dependency Generation...
Cleanup...
Error: fit.M0050: The fitter aborted due to errors, please address all errors and rebuild. (App=cydsfit)
--------------- Build Failed: 07/26/2023 12:59:12 ---------------
