ARM GAS  C:\Users\ikui753\AppData\Local\Temp\ccnPfItx.s 			page 1


   1              		.syntax unified
   2              		.cpu cortex-m3
   3              		.fpu softvfp
   4              		.eabi_attribute 20, 1
   5              		.eabi_attribute 21, 1
   6              		.eabi_attribute 23, 3
   7              		.eabi_attribute 24, 1
   8              		.eabi_attribute 25, 1
   9              		.eabi_attribute 26, 1
  10              		.eabi_attribute 30, 1
  11              		.eabi_attribute 34, 1
  12              		.eabi_attribute 18, 4
  13              		.thumb
  14              		.syntax unified
  15              		.file	"main.c"
  16              		.text
  17              	.Ltext0:
  18              		.cfi_sections	.debug_frame
  19              		.section	.text.main,"ax",%progbits
  20              		.align	2
  21              		.global	main
  22              		.thumb
  23              		.thumb_func
  24              		.type	main, %function
  25              	main:
  26              	.LFB63:
  27              		.file 1 "main.c"
   1:main.c        **** 
   2:main.c        **** /* ========================================
   3:main.c        ****  * Laboratory Exercise 1
   4:main.c        ****  *
   5:main.c        ****  * Build and download project
   6:main.c        ****  * Push SW1 to light led
   7:main.c        ****  * 
   8:main.c        ****  * Copyright Univ of Auckland, 2016
   9:main.c        ****  * All Rights Reserved
  10:main.c        ****  * UNPUBLISHED, LICENSED SOFTWARE.
  11:main.c        ****  *
  12:main.c        ****  * CONFIDENTIAL AND PROPRIETARY INFORMATION
  13:main.c        ****  * WHICH IS THE PROPERTY OF Univ of Auckland.
  14:main.c        ****  *
  15:main.c        ****  * ========================================
  16:main.c        **** */
  17:main.c        **** #include <project.h>
  18:main.c        **** 
  19:main.c        **** int main()
  20:main.c        **** {
  28              		.loc 1 20 0
  29              		.cfi_startproc
  30              		@ args = 0, pretend = 0, frame = 0
  31              		@ frame_needed = 0, uses_anonymous_args = 0
  32 0000 08B5     		push	{r3, lr}
  33              		.cfi_def_cfa_offset 8
  34              		.cfi_offset 3, -8
  35              		.cfi_offset 14, -4
  21:main.c        ****     CyGlobalIntEnable; /* Enable global interrupts. */
  36              		.loc 1 21 0
ARM GAS  C:\Users\ikui753\AppData\Local\Temp\ccnPfItx.s 			page 2


  37              		.syntax unified
  38              	@ 21 "main.c" 1
  39 0002 62B6     		CPSIE   i
  40              	@ 0 "" 2
  41              		.thumb
  42              		.syntax unified
  43              	.L2:
  22:main.c        **** 
  23:main.c        ****     /* Place your initialization/startup code here (e.g. MyInst_Start()) */
  24:main.c        ****     //Clock_1_Start(); // start the clock
  25:main.c        ****     uint8 pinState;
  26:main.c        ****     for(;;)
  27:main.c        ****     {
  28:main.c        ****         /* Place your application code here. */
  29:main.c        ****         pinState = SW1_Read();
  44              		.loc 1 29 0
  45 0004 FFF7FEFF 		bl	SW1_Read
  46              	.LVL0:
  30:main.c        ****         if(pinState > 0) {
  47              		.loc 1 30 0
  48 0008 18B1     		cbz	r0, .L3
  31:main.c        ****             LED_Write(1u);
  49              		.loc 1 31 0
  50 000a 0120     		movs	r0, #1
  51              	.LVL1:
  52 000c FFF7FEFF 		bl	LED_Write
  53              	.LVL2:
  54 0010 F8E7     		b	.L2
  55              	.LVL3:
  56              	.L3:
  32:main.c        ****         } else {
  33:main.c        ****             LED_Write(0u); 
  57              		.loc 1 33 0
  58 0012 0020     		movs	r0, #0
  59              	.LVL4:
  60 0014 FFF7FEFF 		bl	LED_Write
  61              	.LVL5:
  62 0018 F4E7     		b	.L2
  63              		.cfi_endproc
  64              	.LFE63:
  65              		.size	main, .-main
  66 001a 00BF     		.text
  67              	.Letext0:
  68              		.file 2 "c:\\program files (x86)\\cypress\\psoc creator\\4.2\\psoc creator\\import\\gnu\\arm\\5.4.
  69              		.file 3 "c:\\program files (x86)\\cypress\\psoc creator\\4.2\\psoc creator\\import\\gnu\\arm\\5.4.
  70              		.file 4 "Generated_Source\\PSoC5/cytypes.h"
  71              		.file 5 "Generated_Source\\PSoC5/SW1.h"
  72              		.file 6 "Generated_Source\\PSoC5/LED.h"
  73              		.file 7 "Generated_Source\\PSoC5/core_cm3.h"
  74              		.section	.debug_info,"",%progbits
  75              	.Ldebug_info0:
  76 0000 28010000 		.4byte	0x128
  77 0004 0400     		.2byte	0x4
  78 0006 00000000 		.4byte	.Ldebug_abbrev0
  79 000a 04       		.byte	0x4
  80 000b 01       		.uleb128 0x1
  81 000c 40000000 		.4byte	.LASF19
ARM GAS  C:\Users\ikui753\AppData\Local\Temp\ccnPfItx.s 			page 3


  82 0010 0C       		.byte	0xc
  83 0011 2E000000 		.4byte	.LASF20
  84 0015 6C010000 		.4byte	.LASF21
  85 0019 00000000 		.4byte	.Ldebug_ranges0+0
  86 001d 00000000 		.4byte	0
  87 0021 00000000 		.4byte	.Ldebug_line0
  88 0025 02       		.uleb128 0x2
  89 0026 01       		.byte	0x1
  90 0027 06       		.byte	0x6
  91 0028 44010000 		.4byte	.LASF0
  92 002c 02       		.uleb128 0x2
  93 002d 01       		.byte	0x1
  94 002e 08       		.byte	0x8
  95 002f 01010000 		.4byte	.LASF1
  96 0033 02       		.uleb128 0x2
  97 0034 02       		.byte	0x2
  98 0035 05       		.byte	0x5
  99 0036 1D010000 		.4byte	.LASF2
 100 003a 02       		.uleb128 0x2
 101 003b 02       		.byte	0x2
 102 003c 07       		.byte	0x7
 103 003d 0E000000 		.4byte	.LASF3
 104 0041 03       		.uleb128 0x3
 105 0042 5C010000 		.4byte	.LASF9
 106 0046 02       		.byte	0x2
 107 0047 3F       		.byte	0x3f
 108 0048 4C000000 		.4byte	0x4c
 109 004c 02       		.uleb128 0x2
 110 004d 04       		.byte	0x4
 111 004e 05       		.byte	0x5
 112 004f 14010000 		.4byte	.LASF4
 113 0053 02       		.uleb128 0x2
 114 0054 04       		.byte	0x4
 115 0055 07       		.byte	0x7
 116 0056 D8000000 		.4byte	.LASF5
 117 005a 02       		.uleb128 0x2
 118 005b 08       		.byte	0x8
 119 005c 05       		.byte	0x5
 120 005d 00000000 		.4byte	.LASF6
 121 0061 02       		.uleb128 0x2
 122 0062 08       		.byte	0x8
 123 0063 07       		.byte	0x7
 124 0064 EA000000 		.4byte	.LASF7
 125 0068 04       		.uleb128 0x4
 126 0069 04       		.byte	0x4
 127 006a 05       		.byte	0x5
 128 006b 696E7400 		.ascii	"int\000"
 129 006f 02       		.uleb128 0x2
 130 0070 04       		.byte	0x4
 131 0071 07       		.byte	0x7
 132 0072 21000000 		.4byte	.LASF8
 133 0076 03       		.uleb128 0x3
 134 0077 F1010000 		.4byte	.LASF10
 135 007b 03       		.byte	0x3
 136 007c 2C       		.byte	0x2c
 137 007d 41000000 		.4byte	0x41
 138 0081 05       		.uleb128 0x5
ARM GAS  C:\Users\ikui753\AppData\Local\Temp\ccnPfItx.s 			page 4


 139 0082 3A000000 		.4byte	.LASF11
 140 0086 04       		.byte	0x4
 141 0087 E701     		.2byte	0x1e7
 142 0089 2C000000 		.4byte	0x2c
 143 008d 02       		.uleb128 0x2
 144 008e 04       		.byte	0x4
 145 008f 04       		.byte	0x4
 146 0090 66010000 		.4byte	.LASF12
 147 0094 02       		.uleb128 0x2
 148 0095 08       		.byte	0x8
 149 0096 04       		.byte	0x4
 150 0097 27010000 		.4byte	.LASF13
 151 009b 02       		.uleb128 0x2
 152 009c 01       		.byte	0x1
 153 009d 08       		.byte	0x8
 154 009e 0F010000 		.4byte	.LASF14
 155 00a2 02       		.uleb128 0x2
 156 00a3 08       		.byte	0x8
 157 00a4 04       		.byte	0x4
 158 00a5 50010000 		.4byte	.LASF15
 159 00a9 02       		.uleb128 0x2
 160 00aa 04       		.byte	0x4
 161 00ab 07       		.byte	0x7
 162 00ac F9010000 		.4byte	.LASF16
 163 00b0 06       		.uleb128 0x6
 164 00b1 35000000 		.4byte	.LASF22
 165 00b5 01       		.byte	0x1
 166 00b6 13       		.byte	0x13
 167 00b7 68000000 		.4byte	0x68
 168 00bb 00000000 		.4byte	.LFB63
 169 00bf 1A000000 		.4byte	.LFE63-.LFB63
 170 00c3 01       		.uleb128 0x1
 171 00c4 9C       		.byte	0x9c
 172 00c5 04010000 		.4byte	0x104
 173 00c9 07       		.uleb128 0x7
 174 00ca E8010000 		.4byte	.LASF23
 175 00ce 01       		.byte	0x1
 176 00cf 19       		.byte	0x19
 177 00d0 81000000 		.4byte	0x81
 178 00d4 00000000 		.4byte	.LLST0
 179 00d8 08       		.uleb128 0x8
 180 00d9 08000000 		.4byte	.LVL0
 181 00dd 15010000 		.4byte	0x115
 182 00e1 09       		.uleb128 0x9
 183 00e2 10000000 		.4byte	.LVL2
 184 00e6 20010000 		.4byte	0x120
 185 00ea F4000000 		.4byte	0xf4
 186 00ee 0A       		.uleb128 0xa
 187 00ef 01       		.uleb128 0x1
 188 00f0 50       		.byte	0x50
 189 00f1 01       		.uleb128 0x1
 190 00f2 31       		.byte	0x31
 191 00f3 00       		.byte	0
 192 00f4 0B       		.uleb128 0xb
 193 00f5 18000000 		.4byte	.LVL5
 194 00f9 20010000 		.4byte	0x120
 195 00fd 0A       		.uleb128 0xa
ARM GAS  C:\Users\ikui753\AppData\Local\Temp\ccnPfItx.s 			page 5


 196 00fe 01       		.uleb128 0x1
 197 00ff 50       		.byte	0x50
 198 0100 01       		.uleb128 0x1
 199 0101 30       		.byte	0x30
 200 0102 00       		.byte	0
 201 0103 00       		.byte	0
 202 0104 0C       		.uleb128 0xc
 203 0105 37010000 		.4byte	.LASF24
 204 0109 07       		.byte	0x7
 205 010a 1207     		.2byte	0x712
 206 010c 10010000 		.4byte	0x110
 207 0110 0D       		.uleb128 0xd
 208 0111 76000000 		.4byte	0x76
 209 0115 0E       		.uleb128 0xe
 210 0116 2E010000 		.4byte	.LASF17
 211 011a 2E010000 		.4byte	.LASF17
 212 011e 05       		.byte	0x5
 213 011f 29       		.byte	0x29
 214 0120 0E       		.uleb128 0xe
 215 0121 CE000000 		.4byte	.LASF18
 216 0125 CE000000 		.4byte	.LASF18
 217 0129 06       		.byte	0x6
 218 012a 26       		.byte	0x26
 219 012b 00       		.byte	0
 220              		.section	.debug_abbrev,"",%progbits
 221              	.Ldebug_abbrev0:
 222 0000 01       		.uleb128 0x1
 223 0001 11       		.uleb128 0x11
 224 0002 01       		.byte	0x1
 225 0003 25       		.uleb128 0x25
 226 0004 0E       		.uleb128 0xe
 227 0005 13       		.uleb128 0x13
 228 0006 0B       		.uleb128 0xb
 229 0007 03       		.uleb128 0x3
 230 0008 0E       		.uleb128 0xe
 231 0009 1B       		.uleb128 0x1b
 232 000a 0E       		.uleb128 0xe
 233 000b 55       		.uleb128 0x55
 234 000c 17       		.uleb128 0x17
 235 000d 11       		.uleb128 0x11
 236 000e 01       		.uleb128 0x1
 237 000f 10       		.uleb128 0x10
 238 0010 17       		.uleb128 0x17
 239 0011 00       		.byte	0
 240 0012 00       		.byte	0
 241 0013 02       		.uleb128 0x2
 242 0014 24       		.uleb128 0x24
 243 0015 00       		.byte	0
 244 0016 0B       		.uleb128 0xb
 245 0017 0B       		.uleb128 0xb
 246 0018 3E       		.uleb128 0x3e
 247 0019 0B       		.uleb128 0xb
 248 001a 03       		.uleb128 0x3
 249 001b 0E       		.uleb128 0xe
 250 001c 00       		.byte	0
 251 001d 00       		.byte	0
 252 001e 03       		.uleb128 0x3
ARM GAS  C:\Users\ikui753\AppData\Local\Temp\ccnPfItx.s 			page 6


 253 001f 16       		.uleb128 0x16
 254 0020 00       		.byte	0
 255 0021 03       		.uleb128 0x3
 256 0022 0E       		.uleb128 0xe
 257 0023 3A       		.uleb128 0x3a
 258 0024 0B       		.uleb128 0xb
 259 0025 3B       		.uleb128 0x3b
 260 0026 0B       		.uleb128 0xb
 261 0027 49       		.uleb128 0x49
 262 0028 13       		.uleb128 0x13
 263 0029 00       		.byte	0
 264 002a 00       		.byte	0
 265 002b 04       		.uleb128 0x4
 266 002c 24       		.uleb128 0x24
 267 002d 00       		.byte	0
 268 002e 0B       		.uleb128 0xb
 269 002f 0B       		.uleb128 0xb
 270 0030 3E       		.uleb128 0x3e
 271 0031 0B       		.uleb128 0xb
 272 0032 03       		.uleb128 0x3
 273 0033 08       		.uleb128 0x8
 274 0034 00       		.byte	0
 275 0035 00       		.byte	0
 276 0036 05       		.uleb128 0x5
 277 0037 16       		.uleb128 0x16
 278 0038 00       		.byte	0
 279 0039 03       		.uleb128 0x3
 280 003a 0E       		.uleb128 0xe
 281 003b 3A       		.uleb128 0x3a
 282 003c 0B       		.uleb128 0xb
 283 003d 3B       		.uleb128 0x3b
 284 003e 05       		.uleb128 0x5
 285 003f 49       		.uleb128 0x49
 286 0040 13       		.uleb128 0x13
 287 0041 00       		.byte	0
 288 0042 00       		.byte	0
 289 0043 06       		.uleb128 0x6
 290 0044 2E       		.uleb128 0x2e
 291 0045 01       		.byte	0x1
 292 0046 3F       		.uleb128 0x3f
 293 0047 19       		.uleb128 0x19
 294 0048 03       		.uleb128 0x3
 295 0049 0E       		.uleb128 0xe
 296 004a 3A       		.uleb128 0x3a
 297 004b 0B       		.uleb128 0xb
 298 004c 3B       		.uleb128 0x3b
 299 004d 0B       		.uleb128 0xb
 300 004e 49       		.uleb128 0x49
 301 004f 13       		.uleb128 0x13
 302 0050 8701     		.uleb128 0x87
 303 0052 19       		.uleb128 0x19
 304 0053 11       		.uleb128 0x11
 305 0054 01       		.uleb128 0x1
 306 0055 12       		.uleb128 0x12
 307 0056 06       		.uleb128 0x6
 308 0057 40       		.uleb128 0x40
 309 0058 18       		.uleb128 0x18
ARM GAS  C:\Users\ikui753\AppData\Local\Temp\ccnPfItx.s 			page 7


 310 0059 9742     		.uleb128 0x2117
 311 005b 19       		.uleb128 0x19
 312 005c 01       		.uleb128 0x1
 313 005d 13       		.uleb128 0x13
 314 005e 00       		.byte	0
 315 005f 00       		.byte	0
 316 0060 07       		.uleb128 0x7
 317 0061 34       		.uleb128 0x34
 318 0062 00       		.byte	0
 319 0063 03       		.uleb128 0x3
 320 0064 0E       		.uleb128 0xe
 321 0065 3A       		.uleb128 0x3a
 322 0066 0B       		.uleb128 0xb
 323 0067 3B       		.uleb128 0x3b
 324 0068 0B       		.uleb128 0xb
 325 0069 49       		.uleb128 0x49
 326 006a 13       		.uleb128 0x13
 327 006b 02       		.uleb128 0x2
 328 006c 17       		.uleb128 0x17
 329 006d 00       		.byte	0
 330 006e 00       		.byte	0
 331 006f 08       		.uleb128 0x8
 332 0070 898201   		.uleb128 0x4109
 333 0073 00       		.byte	0
 334 0074 11       		.uleb128 0x11
 335 0075 01       		.uleb128 0x1
 336 0076 31       		.uleb128 0x31
 337 0077 13       		.uleb128 0x13
 338 0078 00       		.byte	0
 339 0079 00       		.byte	0
 340 007a 09       		.uleb128 0x9
 341 007b 898201   		.uleb128 0x4109
 342 007e 01       		.byte	0x1
 343 007f 11       		.uleb128 0x11
 344 0080 01       		.uleb128 0x1
 345 0081 31       		.uleb128 0x31
 346 0082 13       		.uleb128 0x13
 347 0083 01       		.uleb128 0x1
 348 0084 13       		.uleb128 0x13
 349 0085 00       		.byte	0
 350 0086 00       		.byte	0
 351 0087 0A       		.uleb128 0xa
 352 0088 8A8201   		.uleb128 0x410a
 353 008b 00       		.byte	0
 354 008c 02       		.uleb128 0x2
 355 008d 18       		.uleb128 0x18
 356 008e 9142     		.uleb128 0x2111
 357 0090 18       		.uleb128 0x18
 358 0091 00       		.byte	0
 359 0092 00       		.byte	0
 360 0093 0B       		.uleb128 0xb
 361 0094 898201   		.uleb128 0x4109
 362 0097 01       		.byte	0x1
 363 0098 11       		.uleb128 0x11
 364 0099 01       		.uleb128 0x1
 365 009a 31       		.uleb128 0x31
 366 009b 13       		.uleb128 0x13
ARM GAS  C:\Users\ikui753\AppData\Local\Temp\ccnPfItx.s 			page 8


 367 009c 00       		.byte	0
 368 009d 00       		.byte	0
 369 009e 0C       		.uleb128 0xc
 370 009f 34       		.uleb128 0x34
 371 00a0 00       		.byte	0
 372 00a1 03       		.uleb128 0x3
 373 00a2 0E       		.uleb128 0xe
 374 00a3 3A       		.uleb128 0x3a
 375 00a4 0B       		.uleb128 0xb
 376 00a5 3B       		.uleb128 0x3b
 377 00a6 05       		.uleb128 0x5
 378 00a7 49       		.uleb128 0x49
 379 00a8 13       		.uleb128 0x13
 380 00a9 3F       		.uleb128 0x3f
 381 00aa 19       		.uleb128 0x19
 382 00ab 3C       		.uleb128 0x3c
 383 00ac 19       		.uleb128 0x19
 384 00ad 00       		.byte	0
 385 00ae 00       		.byte	0
 386 00af 0D       		.uleb128 0xd
 387 00b0 35       		.uleb128 0x35
 388 00b1 00       		.byte	0
 389 00b2 49       		.uleb128 0x49
 390 00b3 13       		.uleb128 0x13
 391 00b4 00       		.byte	0
 392 00b5 00       		.byte	0
 393 00b6 0E       		.uleb128 0xe
 394 00b7 2E       		.uleb128 0x2e
 395 00b8 00       		.byte	0
 396 00b9 3F       		.uleb128 0x3f
 397 00ba 19       		.uleb128 0x19
 398 00bb 3C       		.uleb128 0x3c
 399 00bc 19       		.uleb128 0x19
 400 00bd 6E       		.uleb128 0x6e
 401 00be 0E       		.uleb128 0xe
 402 00bf 03       		.uleb128 0x3
 403 00c0 0E       		.uleb128 0xe
 404 00c1 3A       		.uleb128 0x3a
 405 00c2 0B       		.uleb128 0xb
 406 00c3 3B       		.uleb128 0x3b
 407 00c4 0B       		.uleb128 0xb
 408 00c5 00       		.byte	0
 409 00c6 00       		.byte	0
 410 00c7 00       		.byte	0
 411              		.section	.debug_loc,"",%progbits
 412              	.Ldebug_loc0:
 413              	.LLST0:
 414 0000 08000000 		.4byte	.LVL0
 415 0004 0C000000 		.4byte	.LVL1
 416 0008 0100     		.2byte	0x1
 417 000a 50       		.byte	0x50
 418 000b 12000000 		.4byte	.LVL3
 419 000f 14000000 		.4byte	.LVL4
 420 0013 0100     		.2byte	0x1
 421 0015 50       		.byte	0x50
 422 0016 00000000 		.4byte	0
 423 001a 00000000 		.4byte	0
ARM GAS  C:\Users\ikui753\AppData\Local\Temp\ccnPfItx.s 			page 9


 424              		.section	.debug_aranges,"",%progbits
 425 0000 1C000000 		.4byte	0x1c
 426 0004 0200     		.2byte	0x2
 427 0006 00000000 		.4byte	.Ldebug_info0
 428 000a 04       		.byte	0x4
 429 000b 00       		.byte	0
 430 000c 0000     		.2byte	0
 431 000e 0000     		.2byte	0
 432 0010 00000000 		.4byte	.LFB63
 433 0014 1A000000 		.4byte	.LFE63-.LFB63
 434 0018 00000000 		.4byte	0
 435 001c 00000000 		.4byte	0
 436              		.section	.debug_ranges,"",%progbits
 437              	.Ldebug_ranges0:
 438 0000 00000000 		.4byte	.LFB63
 439 0004 1A000000 		.4byte	.LFE63
 440 0008 00000000 		.4byte	0
 441 000c 00000000 		.4byte	0
 442              		.section	.debug_line,"",%progbits
 443              	.Ldebug_line0:
 444 0000 78010000 		.section	.debug_str,"MS",%progbits,1
 444      02005E01 
 444      00000201 
 444      FB0E0D00 
 444      01010101 
 445              	.LASF6:
 446 0000 6C6F6E67 		.ascii	"long long int\000"
 446      206C6F6E 
 446      6720696E 
 446      7400
 447              	.LASF3:
 448 000e 73686F72 		.ascii	"short unsigned int\000"
 448      7420756E 
 448      7369676E 
 448      65642069 
 448      6E7400
 449              	.LASF8:
 450 0021 756E7369 		.ascii	"unsigned int\000"
 450      676E6564 
 450      20696E74 
 450      00
 451              	.LASF20:
 452 002e 6D61696E 		.ascii	"main.c\000"
 452      2E6300
 453              	.LASF22:
 454 0035 6D61696E 		.ascii	"main\000"
 454      00
 455              	.LASF11:
 456 003a 75696E74 		.ascii	"uint8\000"
 456      3800
 457              	.LASF19:
 458 0040 474E5520 		.ascii	"GNU C11 5.4.1 20160609 (release) [ARM/embedded-5-br"
 458      43313120 
 458      352E342E 
 458      31203230 
 458      31363036 
 459 0073 616E6368 		.ascii	"anch revision 237715] -mcpu=cortex-m3 -mthumb -g -O"
ARM GAS  C:\Users\ikui753\AppData\Local\Temp\ccnPfItx.s 			page 10


 459      20726576 
 459      6973696F 
 459      6E203233 
 459      37373135 
 460 00a6 67202D66 		.ascii	"g -ffunction-sections -ffat-lto-objects\000"
 460      66756E63 
 460      74696F6E 
 460      2D736563 
 460      74696F6E 
 461              	.LASF18:
 462 00ce 4C45445F 		.ascii	"LED_Write\000"
 462      57726974 
 462      6500
 463              	.LASF5:
 464 00d8 6C6F6E67 		.ascii	"long unsigned int\000"
 464      20756E73 
 464      69676E65 
 464      6420696E 
 464      7400
 465              	.LASF7:
 466 00ea 6C6F6E67 		.ascii	"long long unsigned int\000"
 466      206C6F6E 
 466      6720756E 
 466      7369676E 
 466      65642069 
 467              	.LASF1:
 468 0101 756E7369 		.ascii	"unsigned char\000"
 468      676E6564 
 468      20636861 
 468      7200
 469              	.LASF14:
 470 010f 63686172 		.ascii	"char\000"
 470      00
 471              	.LASF4:
 472 0114 6C6F6E67 		.ascii	"long int\000"
 472      20696E74 
 472      00
 473              	.LASF2:
 474 011d 73686F72 		.ascii	"short int\000"
 474      7420696E 
 474      7400
 475              	.LASF13:
 476 0127 646F7562 		.ascii	"double\000"
 476      6C6500
 477              	.LASF17:
 478 012e 5357315F 		.ascii	"SW1_Read\000"
 478      52656164 
 478      00
 479              	.LASF24:
 480 0137 49544D5F 		.ascii	"ITM_RxBuffer\000"
 480      52784275 
 480      66666572 
 480      00
 481              	.LASF0:
 482 0144 7369676E 		.ascii	"signed char\000"
 482      65642063 
 482      68617200 
ARM GAS  C:\Users\ikui753\AppData\Local\Temp\ccnPfItx.s 			page 11


 483              	.LASF15:
 484 0150 6C6F6E67 		.ascii	"long double\000"
 484      20646F75 
 484      626C6500 
 485              	.LASF9:
 486 015c 5F5F696E 		.ascii	"__int32_t\000"
 486      7433325F 
 486      7400
 487              	.LASF12:
 488 0166 666C6F61 		.ascii	"float\000"
 488      7400
 489              	.LASF21:
 490 016c 433A5C55 		.ascii	"C:\\Users\\ikui753\\OneDrive - The University of Au"
 490      73657273 
 490      5C696B75 
 490      69373533 
 490      5C4F6E65 
 491 019c 636B6C61 		.ascii	"ckland\\Documents\\CS301\\psoc student pack\\lab ex"
 491      6E645C44 
 491      6F63756D 
 491      656E7473 
 491      5C435333 
 492 01cb 65726369 		.ascii	"ercise\\psoc_intro\\lab1.cydsn\000"
 492      73655C70 
 492      736F635F 
 492      696E7472 
 492      6F5C6C61 
 493              	.LASF23:
 494 01e8 70696E53 		.ascii	"pinState\000"
 494      74617465 
 494      00
 495              	.LASF10:
 496 01f1 696E7433 		.ascii	"int32_t\000"
 496      325F7400 
 497              	.LASF16:
 498 01f9 73697A65 		.ascii	"sizetype\000"
 498      74797065 
 498      00
 499              		.ident	"GCC: (GNU Tools for ARM Embedded Processors) 5.4.1 20160609 (release) [ARM/embedded-5-bran
