Removed Pin From Net: NetName=5V_S1-S2 Pin=Oa12_S1-S2-4
Removed Pin From Net: NetName=GND Pin=Oa12_S1-S2-11
Removed Pin From Net: NetName=5V_S1-S2 Pin=Oa12_S3-S4-4
Removed Pin From Net: NetName=GND Pin=Oa12_S3-S4-11
Removed Pin From Net: NetName=5V_S1-S2 Pin=Oa12_S5-S6-4
Removed Pin From Net: NetName=GND Pin=Oa12_S5-S6-11
Removed Pin From Net: NetName=5V_S1-S2 Pin=Qsense2_S1-S2-1
Removed Pin From Net: NetName=5V_S1-S2 Pin=Qsense2_S3-S4-1
Removed Pin From Net: NetName=5V_S1-S2 Pin=Qsense2_S5-S6-1
Removed Pin From Net: NetName=GND Pin=Rhp2_S1-S2-2
Removed Pin From Net: NetName=GND Pin=Rhp2_S3-S4-2
Removed Pin From Net: NetName=GND Pin=Rhp2_S5-S6-2
Removed Pin From Net: NetName=GND Pin=Rsen2_S1-S2-2
Removed Pin From Net: NetName=GND Pin=Rsen2_S3-S4-2
Removed Pin From Net: NetName=GND Pin=Rsen2_S5-S6-2
Removed Pin From Net: NetName=GND Pin=Vamp1_S1-S2-4
Removed Pin From Net: NetName=5V_S1-S2 Pin=Vamp1_S1-S2-8
Removed Pin From Net: NetName=GND Pin=Vamp1_S3-S4-4
Removed Pin From Net: NetName=5V_S1-S2 Pin=Vamp1_S3-S4-8
Removed Pin From Net: NetName=GND Pin=Vamp1_S5-S6-4
Removed Pin From Net: NetName=5V_S1-S2 Pin=Vamp1_S5-S6-8
Removed Pin From Net: NetName=S2Out Pin=Vcomp_S1-S2-1
Removed Pin From Net: NetName=GND Pin=Vcomp_S1-S2-4
Removed Pin From Net: NetName=5V_S1-S2 Pin=Vcomp_S1-S2-8
Removed Pin From Net: NetName=S4Out Pin=Vcomp_S3-S4-1
Removed Pin From Net: NetName=GND Pin=Vcomp_S3-S4-4
Removed Pin From Net: NetName=5V_S1-S2 Pin=Vcomp_S3-S4-8
Removed Pin From Net: NetName=S6Out Pin=Vcomp_S5-S6-1
Removed Pin From Net: NetName=GND Pin=Vcomp_S5-S6-4
Removed Pin From Net: NetName=5V_S1-S2 Pin=Vcomp_S5-S6-8
Removed Pin From Net: NetName=GND Pin=VRamp1_S1-S2-2
Removed Pin From Net: NetName=GND Pin=VRamp1_S3-S4-2
Removed Pin From Net: NetName=GND Pin=VRamp1_S5-S6-2
Removed Pin From Net: NetName=GND Pin=VRef1_S1-S2-2
Removed Pin From Net: NetName=GND Pin=VRef1_S3-S4-2
Removed Pin From Net: NetName=GND Pin=VRef1_S5-S6-2
Removed Pin From Net: NetName=5V_S1-S2 Pin=VRef2_S1-S2-1
Removed Pin From Net: NetName=5V_S1-S2 Pin=VRef2_S3-S4-1
Removed Pin From Net: NetName=5V_S1-S2 Pin=VRef2_S5-S6-1
Removed Member From Class: ClassName=SensorDesign Member=S1-S2
Removed Member From Class: ClassName=SensorDesign Member=S3-S4
Removed Member From Class: ClassName=SensorDesign Member=S5-S6
Added Component: Designator=C_S1(0805 CAP)
Add component (AddParameter): Name = "Value"; Value = "680n"; VariantName = "[No Variations]"
Added Component: Designator=C_S2(0805 CAP)
Add component (AddParameter): Name = "Value"; Value = "680n"; VariantName = "[No Variations]"
Added Component: Designator=C_S3(0805 CAP)
Add component (AddParameter): Name = "Value"; Value = "680n"; VariantName = "[No Variations]"
Added Component: Designator=C_S4(0805 CAP)
Add component (AddParameter): Name = "Value"; Value = "680n"; VariantName = "[No Variations]"
Added Component: Designator=C_S5(0805 CAP)
Add component (AddParameter): Name = "Value"; Value = "680n"; VariantName = "[No Variations]"
Added Component: Designator=C_S6(0805 CAP)
Add component (AddParameter): Name = "Value"; Value = "680n"; VariantName = "[No Variations]"
Add Component: Footprint Not Found TI-N0014A
Add Component: Footprint Not Found TI-N0014A
Add Component: Footprint Not Found TI-N0014A
Add Component: Footprint Not Found TI-N0014A
Add Component: Footprint Not Found TI-N0014A
Add Component: Footprint Not Found TI-N0014A
Added Component: Designator=Qsense2_S1(VEMT3700)
Added Component: Designator=Qsense2_S2(VEMT3700)
Added Component: Designator=Qsense2_S3(VEMT3700)
Added Component: Designator=Qsense2_S4(VEMT3700)
Added Component: Designator=Qsense2_S5(VEMT3700)
Added Component: Designator=Qsense2_S6(VEMT3700)
Added Component: Designator=Rhp_S1(0805 RES)
Add component (AddParameter): Name = "ComponentLink1Description"; Value = "https://nz.mouser.com/datasheet/2/315/AOA0000C304-1149620.pdf"; VariantName = "[No Variations]"
Add component (AddParameter): Name = "LatestRevisionDate"; Value = "17-Jul-2002"; VariantName = "[No Variations]"
Add component (AddParameter): Name = "LatestRevisionNote"; Value = "Re-released for DXP Platform."; VariantName = "[No Variations]"
Add component (AddParameter): Name = "PackageReference"; Value = "AXIAL-0.4"; VariantName = "[No Variations]"
Add component (AddParameter): Name = "Published"; Value = "8-Jun-2000"; VariantName = "[No Variations]"
Add component (AddParameter): Name = "Publisher"; Value = "Altium Limited"; VariantName = "[No Variations]"
Add component (AddParameter): Name = "Value"; Value = "2k"; VariantName = "[No Variations]"
Added Component: Designator=Rhp_S2(0805 RES)
Add component (AddParameter): Name = "ComponentLink1Description"; Value = "https://nz.mouser.com/datasheet/2/315/AOA0000C304-1149620.pdf"; VariantName = "[No Variations]"
Add component (AddParameter): Name = "LatestRevisionDate"; Value = "17-Jul-2002"; VariantName = "[No Variations]"
Add component (AddParameter): Name = "LatestRevisionNote"; Value = "Re-released for DXP Platform."; VariantName = "[No Variations]"
Add component (AddParameter): Name = "PackageReference"; Value = "AXIAL-0.4"; VariantName = "[No Variations]"
Add component (AddParameter): Name = "Published"; Value = "8-Jun-2000"; VariantName = "[No Variations]"
Add component (AddParameter): Name = "Publisher"; Value = "Altium Limited"; VariantName = "[No Variations]"
Add component (AddParameter): Name = "Value"; Value = "2k"; VariantName = "[No Variations]"
Added Component: Designator=Rhp_S3(0805 RES)
Add component (AddParameter): Name = "ComponentLink1Description"; Value = "https://nz.mouser.com/datasheet/2/315/AOA0000C304-1149620.pdf"; VariantName = "[No Variations]"
Add component (AddParameter): Name = "LatestRevisionDate"; Value = "17-Jul-2002"; VariantName = "[No Variations]"
Add component (AddParameter): Name = "LatestRevisionNote"; Value = "Re-released for DXP Platform."; VariantName = "[No Variations]"
Add component (AddParameter): Name = "PackageReference"; Value = "AXIAL-0.4"; VariantName = "[No Variations]"
Add component (AddParameter): Name = "Published"; Value = "8-Jun-2000"; VariantName = "[No Variations]"
Add component (AddParameter): Name = "Publisher"; Value = "Altium Limited"; VariantName = "[No Variations]"
Add component (AddParameter): Name = "Value"; Value = "2k"; VariantName = "[No Variations]"
Added Component: Designator=Rhp_S4(0805 RES)
Add component (AddParameter): Name = "ComponentLink1Description"; Value = "https://nz.mouser.com/datasheet/2/315/AOA0000C304-1149620.pdf"; VariantName = "[No Variations]"
Add component (AddParameter): Name = "LatestRevisionDate"; Value = "17-Jul-2002"; VariantName = "[No Variations]"
Add component (AddParameter): Name = "LatestRevisionNote"; Value = "Re-released for DXP Platform."; VariantName = "[No Variations]"
Add component (AddParameter): Name = "PackageReference"; Value = "AXIAL-0.4"; VariantName = "[No Variations]"
Add component (AddParameter): Name = "Published"; Value = "8-Jun-2000"; VariantName = "[No Variations]"
Add component (AddParameter): Name = "Publisher"; Value = "Altium Limited"; VariantName = "[No Variations]"
Add component (AddParameter): Name = "Value"; Value = "2k"; VariantName = "[No Variations]"
Added Component: Designator=Rhp_S5(0805 RES)
Add component (AddParameter): Name = "ComponentLink1Description"; Value = "https://nz.mouser.com/datasheet/2/315/AOA0000C304-1149620.pdf"; VariantName = "[No Variations]"
Add component (AddParameter): Name = "LatestRevisionDate"; Value = "17-Jul-2002"; VariantName = "[No Variations]"
Add component (AddParameter): Name = "LatestRevisionNote"; Value = "Re-released for DXP Platform."; VariantName = "[No Variations]"
Add component (AddParameter): Name = "PackageReference"; Value = "AXIAL-0.4"; VariantName = "[No Variations]"
Add component (AddParameter): Name = "Published"; Value = "8-Jun-2000"; VariantName = "[No Variations]"
Add component (AddParameter): Name = "Publisher"; Value = "Altium Limited"; VariantName = "[No Variations]"
Add component (AddParameter): Name = "Value"; Value = "2k"; VariantName = "[No Variations]"
Added Component: Designator=Rhp_S6(0805 RES)
Add component (AddParameter): Name = "ComponentLink1Description"; Value = "https://nz.mouser.com/datasheet/2/315/AOA0000C304-1149620.pdf"; VariantName = "[No Variations]"
Add component (AddParameter): Name = "LatestRevisionDate"; Value = "17-Jul-2002"; VariantName = "[No Variations]"
Add component (AddParameter): Name = "LatestRevisionNote"; Value = "Re-released for DXP Platform."; VariantName = "[No Variations]"
Add component (AddParameter): Name = "PackageReference"; Value = "AXIAL-0.4"; VariantName = "[No Variations]"
Add component (AddParameter): Name = "Published"; Value = "8-Jun-2000"; VariantName = "[No Variations]"
Add component (AddParameter): Name = "Publisher"; Value = "Altium Limited"; VariantName = "[No Variations]"
Add component (AddParameter): Name = "Value"; Value = "2k"; VariantName = "[No Variations]"
Added Component: Designator=Rs_S1(0805 RES)
Add component (AddParameter): Name = "ComponentLink1Description"; Value = "https://nz.mouser.com/datasheet/2/315/AOA0000C304-1149620.pdf"; VariantName = "[No Variations]"
Add component (AddParameter): Name = "LatestRevisionDate"; Value = "17-Jul-2002"; VariantName = "[No Variations]"
Add component (AddParameter): Name = "LatestRevisionNote"; Value = "Re-released for DXP Platform."; VariantName = "[No Variations]"
Add component (AddParameter): Name = "PackageReference"; Value = "AXIAL-0.4"; VariantName = "[No Variations]"
Add component (AddParameter): Name = "Published"; Value = "8-Jun-2000"; VariantName = "[No Variations]"
Add component (AddParameter): Name = "Publisher"; Value = "Altium Limited"; VariantName = "[No Variations]"
Add component (AddParameter): Name = "Value"; Value = "100k"; VariantName = "[No Variations]"
Added Component: Designator=Rs_S2(0805 RES)
Add component (AddParameter): Name = "ComponentLink1Description"; Value = "https://nz.mouser.com/datasheet/2/315/AOA0000C304-1149620.pdf"; VariantName = "[No Variations]"
Add component (AddParameter): Name = "LatestRevisionDate"; Value = "17-Jul-2002"; VariantName = "[No Variations]"
Add component (AddParameter): Name = "LatestRevisionNote"; Value = "Re-released for DXP Platform."; VariantName = "[No Variations]"
Add component (AddParameter): Name = "PackageReference"; Value = "AXIAL-0.4"; VariantName = "[No Variations]"
Add component (AddParameter): Name = "Published"; Value = "8-Jun-2000"; VariantName = "[No Variations]"
Add component (AddParameter): Name = "Publisher"; Value = "Altium Limited"; VariantName = "[No Variations]"
Add component (AddParameter): Name = "Value"; Value = "100k"; VariantName = "[No Variations]"
Added Component: Designator=Rs_S3(0805 RES)
Add component (AddParameter): Name = "ComponentLink1Description"; Value = "https://nz.mouser.com/datasheet/2/315/AOA0000C304-1149620.pdf"; VariantName = "[No Variations]"
Add component (AddParameter): Name = "LatestRevisionDate"; Value = "17-Jul-2002"; VariantName = "[No Variations]"
Add component (AddParameter): Name = "LatestRevisionNote"; Value = "Re-released for DXP Platform."; VariantName = "[No Variations]"
Add component (AddParameter): Name = "PackageReference"; Value = "AXIAL-0.4"; VariantName = "[No Variations]"
Add component (AddParameter): Name = "Published"; Value = "8-Jun-2000"; VariantName = "[No Variations]"
Add component (AddParameter): Name = "Publisher"; Value = "Altium Limited"; VariantName = "[No Variations]"
Add component (AddParameter): Name = "Value"; Value = "100k"; VariantName = "[No Variations]"
Added Component: Designator=Rs_S4(0805 RES)
Add component (AddParameter): Name = "ComponentLink1Description"; Value = "https://nz.mouser.com/datasheet/2/315/AOA0000C304-1149620.pdf"; VariantName = "[No Variations]"
Add component (AddParameter): Name = "LatestRevisionDate"; Value = "17-Jul-2002"; VariantName = "[No Variations]"
Add component (AddParameter): Name = "LatestRevisionNote"; Value = "Re-released for DXP Platform."; VariantName = "[No Variations]"
Add component (AddParameter): Name = "PackageReference"; Value = "AXIAL-0.4"; VariantName = "[No Variations]"
Add component (AddParameter): Name = "Published"; Value = "8-Jun-2000"; VariantName = "[No Variations]"
Add component (AddParameter): Name = "Publisher"; Value = "Altium Limited"; VariantName = "[No Variations]"
Add component (AddParameter): Name = "Value"; Value = "100k"; VariantName = "[No Variations]"
Added Component: Designator=Rs_S5(0805 RES)
Add component (AddParameter): Name = "ComponentLink1Description"; Value = "https://nz.mouser.com/datasheet/2/315/AOA0000C304-1149620.pdf"; VariantName = "[No Variations]"
Add component (AddParameter): Name = "LatestRevisionDate"; Value = "17-Jul-2002"; VariantName = "[No Variations]"
Add component (AddParameter): Name = "LatestRevisionNote"; Value = "Re-released for DXP Platform."; VariantName = "[No Variations]"
Add component (AddParameter): Name = "PackageReference"; Value = "AXIAL-0.4"; VariantName = "[No Variations]"
Add component (AddParameter): Name = "Published"; Value = "8-Jun-2000"; VariantName = "[No Variations]"
Add component (AddParameter): Name = "Publisher"; Value = "Altium Limited"; VariantName = "[No Variations]"
Add component (AddParameter): Name = "Value"; Value = "100k"; VariantName = "[No Variations]"
Added Component: Designator=Rs_S6(0805 RES)
Add component (AddParameter): Name = "ComponentLink1Description"; Value = "https://nz.mouser.com/datasheet/2/315/AOA0000C304-1149620.pdf"; VariantName = "[No Variations]"
Add component (AddParameter): Name = "LatestRevisionDate"; Value = "17-Jul-2002"; VariantName = "[No Variations]"
Add component (AddParameter): Name = "LatestRevisionNote"; Value = "Re-released for DXP Platform."; VariantName = "[No Variations]"
Add component (AddParameter): Name = "PackageReference"; Value = "AXIAL-0.4"; VariantName = "[No Variations]"
Add component (AddParameter): Name = "Published"; Value = "8-Jun-2000"; VariantName = "[No Variations]"
Add component (AddParameter): Name = "Publisher"; Value = "Altium Limited"; VariantName = "[No Variations]"
Add component (AddParameter): Name = "Value"; Value = "100k"; VariantName = "[No Variations]"
Added Component: Designator=Vamp1_S1(SO - 8)
Add component (AddParameter): Name = "ComponentLink1Description"; Value = "http://www.ti.com/lit/ds/symlink/tlc080a.pdf"; VariantName = "[No Variations]"
Add component (AddParameter): Name = "ComponentLink1URL"; Value = "http://www.ti.com/lit/ds/symlink/tlc080a.pdf"; VariantName = "[No Variations]"
Add component (AddParameter): Name = "Supplier 1"; Value = "Digi-Key"; VariantName = "[No Variations]"
Add component (AddParameter): Name = "Supplier Part Number 1"; Value = "296-1014-1-ND"; VariantName = "[No Variations]"
Added Component: Designator=Vamp1_S2(SO - 8)
Add component (AddParameter): Name = "ComponentLink1Description"; Value = "http://www.ti.com/lit/ds/symlink/tlc080a.pdf"; VariantName = "[No Variations]"
Add component (AddParameter): Name = "ComponentLink1URL"; Value = "http://www.ti.com/lit/ds/symlink/tlc080a.pdf"; VariantName = "[No Variations]"
Add component (AddParameter): Name = "Supplier 1"; Value = "Digi-Key"; VariantName = "[No Variations]"
Add component (AddParameter): Name = "Supplier Part Number 1"; Value = "296-1014-1-ND"; VariantName = "[No Variations]"
Added Component: Designator=Vamp1_S3(SO - 8)
Add component (AddParameter): Name = "ComponentLink1Description"; Value = "http://www.ti.com/lit/ds/symlink/tlc080a.pdf"; VariantName = "[No Variations]"
Add component (AddParameter): Name = "ComponentLink1URL"; Value = "http://www.ti.com/lit/ds/symlink/tlc080a.pdf"; VariantName = "[No Variations]"
Add component (AddParameter): Name = "Supplier 1"; Value = "Digi-Key"; VariantName = "[No Variations]"
Add component (AddParameter): Name = "Supplier Part Number 1"; Value = "296-1014-1-ND"; VariantName = "[No Variations]"
Added Component: Designator=Vamp1_S4(SO - 8)
Add component (AddParameter): Name = "ComponentLink1Description"; Value = "http://www.ti.com/lit/ds/symlink/tlc080a.pdf"; VariantName = "[No Variations]"
Add component (AddParameter): Name = "ComponentLink1URL"; Value = "http://www.ti.com/lit/ds/symlink/tlc080a.pdf"; VariantName = "[No Variations]"
Add component (AddParameter): Name = "Supplier 1"; Value = "Digi-Key"; VariantName = "[No Variations]"
Add component (AddParameter): Name = "Supplier Part Number 1"; Value = "296-1014-1-ND"; VariantName = "[No Variations]"
Added Component: Designator=Vamp1_S5(SO - 8)
Add component (AddParameter): Name = "ComponentLink1Description"; Value = "http://www.ti.com/lit/ds/symlink/tlc080a.pdf"; VariantName = "[No Variations]"
Add component (AddParameter): Name = "ComponentLink1URL"; Value = "http://www.ti.com/lit/ds/symlink/tlc080a.pdf"; VariantName = "[No Variations]"
Add component (AddParameter): Name = "Supplier 1"; Value = "Digi-Key"; VariantName = "[No Variations]"
Add component (AddParameter): Name = "Supplier Part Number 1"; Value = "296-1014-1-ND"; VariantName = "[No Variations]"
Added Component: Designator=Vamp1_S6(SO - 8)
Add component (AddParameter): Name = "ComponentLink1Description"; Value = "http://www.ti.com/lit/ds/symlink/tlc080a.pdf"; VariantName = "[No Variations]"
Add component (AddParameter): Name = "ComponentLink1URL"; Value = "http://www.ti.com/lit/ds/symlink/tlc080a.pdf"; VariantName = "[No Variations]"
Add component (AddParameter): Name = "Supplier 1"; Value = "Digi-Key"; VariantName = "[No Variations]"
Add component (AddParameter): Name = "Supplier Part Number 1"; Value = "296-1014-1-ND"; VariantName = "[No Variations]"
Added Component: Designator=Vcomp_S1(SO - 8)
Add component (AddParameter): Name = "ComponentLink1Description"; Value = "http://www.ti.com/lit/ds/symlink/tlc080a.pdf"; VariantName = "[No Variations]"
Add component (AddParameter): Name = "ComponentLink1URL"; Value = "http://www.ti.com/lit/ds/symlink/tlc080a.pdf"; VariantName = "[No Variations]"
Add component (AddParameter): Name = "Supplier 1"; Value = "Digi-Key"; VariantName = "[No Variations]"
Add component (AddParameter): Name = "Supplier Part Number 1"; Value = "296-1014-1-ND"; VariantName = "[No Variations]"
Added Component: Designator=Vcomp_S2(SO - 8)
Add component (AddParameter): Name = "ComponentLink1Description"; Value = "http://www.ti.com/lit/ds/symlink/tlc080a.pdf"; VariantName = "[No Variations]"
Add component (AddParameter): Name = "ComponentLink1URL"; Value = "http://www.ti.com/lit/ds/symlink/tlc080a.pdf"; VariantName = "[No Variations]"
Add component (AddParameter): Name = "Supplier 1"; Value = "Digi-Key"; VariantName = "[No Variations]"
Add component (AddParameter): Name = "Supplier Part Number 1"; Value = "296-1014-1-ND"; VariantName = "[No Variations]"
Added Component: Designator=Vcomp_S3(SO - 8)
Add component (AddParameter): Name = "ComponentLink1Description"; Value = "http://www.ti.com/lit/ds/symlink/tlc080a.pdf"; VariantName = "[No Variations]"
Add component (AddParameter): Name = "ComponentLink1URL"; Value = "http://www.ti.com/lit/ds/symlink/tlc080a.pdf"; VariantName = "[No Variations]"
Add component (AddParameter): Name = "Supplier 1"; Value = "Digi-Key"; VariantName = "[No Variations]"
Add component (AddParameter): Name = "Supplier Part Number 1"; Value = "296-1014-1-ND"; VariantName = "[No Variations]"
Added Component: Designator=Vcomp_S4(SO - 8)
Add component (AddParameter): Name = "ComponentLink1Description"; Value = "http://www.ti.com/lit/ds/symlink/tlc080a.pdf"; VariantName = "[No Variations]"
Add component (AddParameter): Name = "ComponentLink1URL"; Value = "http://www.ti.com/lit/ds/symlink/tlc080a.pdf"; VariantName = "[No Variations]"
Add component (AddParameter): Name = "Supplier 1"; Value = "Digi-Key"; VariantName = "[No Variations]"
Add component (AddParameter): Name = "Supplier Part Number 1"; Value = "296-1014-1-ND"; VariantName = "[No Variations]"
Added Component: Designator=Vcomp_S5(SO - 8)
Add component (AddParameter): Name = "ComponentLink1Description"; Value = "http://www.ti.com/lit/ds/symlink/tlc080a.pdf"; VariantName = "[No Variations]"
Add component (AddParameter): Name = "ComponentLink1URL"; Value = "http://www.ti.com/lit/ds/symlink/tlc080a.pdf"; VariantName = "[No Variations]"
Add component (AddParameter): Name = "Supplier 1"; Value = "Digi-Key"; VariantName = "[No Variations]"
Add component (AddParameter): Name = "Supplier Part Number 1"; Value = "296-1014-1-ND"; VariantName = "[No Variations]"
Added Component: Designator=Vcomp_S6(SO - 8)
Add component (AddParameter): Name = "ComponentLink1Description"; Value = "http://www.ti.com/lit/ds/symlink/tlc080a.pdf"; VariantName = "[No Variations]"
Add component (AddParameter): Name = "ComponentLink1URL"; Value = "http://www.ti.com/lit/ds/symlink/tlc080a.pdf"; VariantName = "[No Variations]"
Add component (AddParameter): Name = "Supplier 1"; Value = "Digi-Key"; VariantName = "[No Variations]"
Add component (AddParameter): Name = "Supplier Part Number 1"; Value = "296-1014-1-ND"; VariantName = "[No Variations]"
Added Component: Designator=VRamp1_S1(0805 RES)
Add component (AddParameter): Name = "ComponentLink1Description"; Value = "https://nz.mouser.com/datasheet/2/315/AOA0000C304-1149620.pdf"; VariantName = "[No Variations]"
Add component (AddParameter): Name = "LatestRevisionDate"; Value = "17-Jul-2002"; VariantName = "[No Variations]"
Add component (AddParameter): Name = "LatestRevisionNote"; Value = "Re-released for DXP Platform."; VariantName = "[No Variations]"
Add component (AddParameter): Name = "PackageReference"; Value = "AXIAL-0.4"; VariantName = "[No Variations]"
Add component (AddParameter): Name = "Published"; Value = "8-Jun-2000"; VariantName = "[No Variations]"
Add component (AddParameter): Name = "Publisher"; Value = "Altium Limited"; VariantName = "[No Variations]"
Add component (AddParameter): Name = "Value"; Value = "12k"; VariantName = "[No Variations]"
Added Component: Designator=VRamp1_S2(0805 RES)
Add component (AddParameter): Name = "ComponentLink1Description"; Value = "https://nz.mouser.com/datasheet/2/315/AOA0000C304-1149620.pdf"; VariantName = "[No Variations]"
Add component (AddParameter): Name = "LatestRevisionDate"; Value = "17-Jul-2002"; VariantName = "[No Variations]"
Add component (AddParameter): Name = "LatestRevisionNote"; Value = "Re-released for DXP Platform."; VariantName = "[No Variations]"
Add component (AddParameter): Name = "PackageReference"; Value = "AXIAL-0.4"; VariantName = "[No Variations]"
Add component (AddParameter): Name = "Published"; Value = "8-Jun-2000"; VariantName = "[No Variations]"
Add component (AddParameter): Name = "Publisher"; Value = "Altium Limited"; VariantName = "[No Variations]"
Add component (AddParameter): Name = "Value"; Value = "12k"; VariantName = "[No Variations]"
Added Component: Designator=VRamp1_S3(0805 RES)
Add component (AddParameter): Name = "ComponentLink1Description"; Value = "https://nz.mouser.com/datasheet/2/315/AOA0000C304-1149620.pdf"; VariantName = "[No Variations]"
Add component (AddParameter): Name = "LatestRevisionDate"; Value = "17-Jul-2002"; VariantName = "[No Variations]"
Add component (AddParameter): Name = "LatestRevisionNote"; Value = "Re-released for DXP Platform."; VariantName = "[No Variations]"
Add component (AddParameter): Name = "PackageReference"; Value = "AXIAL-0.4"; VariantName = "[No Variations]"
Add component (AddParameter): Name = "Published"; Value = "8-Jun-2000"; VariantName = "[No Variations]"
Add component (AddParameter): Name = "Publisher"; Value = "Altium Limited"; VariantName = "[No Variations]"
Add component (AddParameter): Name = "Value"; Value = "12k"; VariantName = "[No Variations]"
Added Component: Designator=VRamp1_S4(0805 RES)
Add component (AddParameter): Name = "ComponentLink1Description"; Value = "https://nz.mouser.com/datasheet/2/315/AOA0000C304-1149620.pdf"; VariantName = "[No Variations]"
Add component (AddParameter): Name = "LatestRevisionDate"; Value = "17-Jul-2002"; VariantName = "[No Variations]"
Add component (AddParameter): Name = "LatestRevisionNote"; Value = "Re-released for DXP Platform."; VariantName = "[No Variations]"
Add component (AddParameter): Name = "PackageReference"; Value = "AXIAL-0.4"; VariantName = "[No Variations]"
Add component (AddParameter): Name = "Published"; Value = "8-Jun-2000"; VariantName = "[No Variations]"
Add component (AddParameter): Name = "Publisher"; Value = "Altium Limited"; VariantName = "[No Variations]"
Add component (AddParameter): Name = "Value"; Value = "12k"; VariantName = "[No Variations]"
Added Component: Designator=VRamp1_S5(0805 RES)
Add component (AddParameter): Name = "ComponentLink1Description"; Value = "https://nz.mouser.com/datasheet/2/315/AOA0000C304-1149620.pdf"; VariantName = "[No Variations]"
Add component (AddParameter): Name = "LatestRevisionDate"; Value = "17-Jul-2002"; VariantName = "[No Variations]"
Add component (AddParameter): Name = "LatestRevisionNote"; Value = "Re-released for DXP Platform."; VariantName = "[No Variations]"
Add component (AddParameter): Name = "PackageReference"; Value = "AXIAL-0.4"; VariantName = "[No Variations]"
Add component (AddParameter): Name = "Published"; Value = "8-Jun-2000"; VariantName = "[No Variations]"
Add component (AddParameter): Name = "Publisher"; Value = "Altium Limited"; VariantName = "[No Variations]"
Add component (AddParameter): Name = "Value"; Value = "12k"; VariantName = "[No Variations]"
Added Component: Designator=VRamp1_S6(0805 RES)
Add component (AddParameter): Name = "ComponentLink1Description"; Value = "https://nz.mouser.com/datasheet/2/315/AOA0000C304-1149620.pdf"; VariantName = "[No Variations]"
Add component (AddParameter): Name = "LatestRevisionDate"; Value = "17-Jul-2002"; VariantName = "[No Variations]"
Add component (AddParameter): Name = "LatestRevisionNote"; Value = "Re-released for DXP Platform."; VariantName = "[No Variations]"
Add component (AddParameter): Name = "PackageReference"; Value = "AXIAL-0.4"; VariantName = "[No Variations]"
Add component (AddParameter): Name = "Published"; Value = "8-Jun-2000"; VariantName = "[No Variations]"
Add component (AddParameter): Name = "Publisher"; Value = "Altium Limited"; VariantName = "[No Variations]"
Add component (AddParameter): Name = "Value"; Value = "12k"; VariantName = "[No Variations]"
Added Component: Designator=VRamp2_S1(AXIAL-0.4)
Add component (AddParameter): Name = "ComponentLink1Description"; Value = "http://www.royalohm.com/pdf/product2017/PrecisionMetalMF.pdf"; VariantName = "[No Variations]"
Add component (AddParameter): Name = "LatestRevisionDate"; Value = "17-Jul-2002"; VariantName = "[No Variations]"
Add component (AddParameter): Name = "LatestRevisionNote"; Value = "Re-released for DXP Platform."; VariantName = "[No Variations]"
Add component (AddParameter): Name = "PackageReference"; Value = "AXIAL-0.4"; VariantName = "[No Variations]"
Add component (AddParameter): Name = "Published"; Value = "8-Jun-2000"; VariantName = "[No Variations]"
Add component (AddParameter): Name = "Publisher"; Value = "Altium Limited"; VariantName = "[No Variations]"
Add component (AddParameter): Name = "Value"; Value = "220k"; VariantName = "[No Variations]"
Added Component: Designator=VRamp2_S2(AXIAL-0.4)
Add component (AddParameter): Name = "ComponentLink1Description"; Value = "http://www.royalohm.com/pdf/product2017/PrecisionMetalMF.pdf"; VariantName = "[No Variations]"
Add component (AddParameter): Name = "LatestRevisionDate"; Value = "17-Jul-2002"; VariantName = "[No Variations]"
Add component (AddParameter): Name = "LatestRevisionNote"; Value = "Re-released for DXP Platform."; VariantName = "[No Variations]"
Add component (AddParameter): Name = "PackageReference"; Value = "AXIAL-0.4"; VariantName = "[No Variations]"
Add component (AddParameter): Name = "Published"; Value = "8-Jun-2000"; VariantName = "[No Variations]"
Add component (AddParameter): Name = "Publisher"; Value = "Altium Limited"; VariantName = "[No Variations]"
Add component (AddParameter): Name = "Value"; Value = "220k"; VariantName = "[No Variations]"
Added Component: Designator=VRamp2_S3(AXIAL-0.4)
Add component (AddParameter): Name = "ComponentLink1Description"; Value = "http://www.royalohm.com/pdf/product2017/PrecisionMetalMF.pdf"; VariantName = "[No Variations]"
Add component (AddParameter): Name = "LatestRevisionDate"; Value = "17-Jul-2002"; VariantName = "[No Variations]"
Add component (AddParameter): Name = "LatestRevisionNote"; Value = "Re-released for DXP Platform."; VariantName = "[No Variations]"
Add component (AddParameter): Name = "PackageReference"; Value = "AXIAL-0.4"; VariantName = "[No Variations]"
Add component (AddParameter): Name = "Published"; Value = "8-Jun-2000"; VariantName = "[No Variations]"
Add component (AddParameter): Name = "Publisher"; Value = "Altium Limited"; VariantName = "[No Variations]"
Add component (AddParameter): Name = "Value"; Value = "220k"; VariantName = "[No Variations]"
Added Component: Designator=VRamp2_S4(AXIAL-0.4)
Add component (AddParameter): Name = "ComponentLink1Description"; Value = "http://www.royalohm.com/pdf/product2017/PrecisionMetalMF.pdf"; VariantName = "[No Variations]"
Add component (AddParameter): Name = "LatestRevisionDate"; Value = "17-Jul-2002"; VariantName = "[No Variations]"
Add component (AddParameter): Name = "LatestRevisionNote"; Value = "Re-released for DXP Platform."; VariantName = "[No Variations]"
Add component (AddParameter): Name = "PackageReference"; Value = "AXIAL-0.4"; VariantName = "[No Variations]"
Add component (AddParameter): Name = "Published"; Value = "8-Jun-2000"; VariantName = "[No Variations]"
Add component (AddParameter): Name = "Publisher"; Value = "Altium Limited"; VariantName = "[No Variations]"
Add component (AddParameter): Name = "Value"; Value = "220k"; VariantName = "[No Variations]"
Added Component: Designator=VRamp2_S5(AXIAL-0.4)
Add component (AddParameter): Name = "ComponentLink1Description"; Value = "http://www.royalohm.com/pdf/product2017/PrecisionMetalMF.pdf"; VariantName = "[No Variations]"
Add component (AddParameter): Name = "LatestRevisionDate"; Value = "17-Jul-2002"; VariantName = "[No Variations]"
Add component (AddParameter): Name = "LatestRevisionNote"; Value = "Re-released for DXP Platform."; VariantName = "[No Variations]"
Add component (AddParameter): Name = "PackageReference"; Value = "AXIAL-0.4"; VariantName = "[No Variations]"
Add component (AddParameter): Name = "Published"; Value = "8-Jun-2000"; VariantName = "[No Variations]"
Add component (AddParameter): Name = "Publisher"; Value = "Altium Limited"; VariantName = "[No Variations]"
Add component (AddParameter): Name = "Value"; Value = "220k"; VariantName = "[No Variations]"
Added Component: Designator=VRamp2_S6(AXIAL-0.4)
Add component (AddParameter): Name = "ComponentLink1Description"; Value = "http://www.royalohm.com/pdf/product2017/PrecisionMetalMF.pdf"; VariantName = "[No Variations]"
Add component (AddParameter): Name = "LatestRevisionDate"; Value = "17-Jul-2002"; VariantName = "[No Variations]"
Add component (AddParameter): Name = "LatestRevisionNote"; Value = "Re-released for DXP Platform."; VariantName = "[No Variations]"
Add component (AddParameter): Name = "PackageReference"; Value = "AXIAL-0.4"; VariantName = "[No Variations]"
Add component (AddParameter): Name = "Published"; Value = "8-Jun-2000"; VariantName = "[No Variations]"
Add component (AddParameter): Name = "Publisher"; Value = "Altium Limited"; VariantName = "[No Variations]"
Add component (AddParameter): Name = "Value"; Value = "220k"; VariantName = "[No Variations]"
Added Component: Designator=VRef1_S1(0805 RES)
Add component (AddParameter): Name = "ComponentLink1Description"; Value = "https://nz.mouser.com/datasheet/2/315/AOA0000C304-1149620.pdf"; VariantName = "[No Variations]"
Add component (AddParameter): Name = "LatestRevisionDate"; Value = "17-Jul-2002"; VariantName = "[No Variations]"
Add component (AddParameter): Name = "LatestRevisionNote"; Value = "Re-released for DXP Platform."; VariantName = "[No Variations]"
Add component (AddParameter): Name = "PackageReference"; Value = "AXIAL-0.4"; VariantName = "[No Variations]"
Add component (AddParameter): Name = "Published"; Value = "8-Jun-2000"; VariantName = "[No Variations]"
Add component (AddParameter): Name = "Publisher"; Value = "Altium Limited"; VariantName = "[No Variations]"
Add component (AddParameter): Name = "Value"; Value = "12k"; VariantName = "[No Variations]"
Added Component: Designator=VRef1_S2(0805 RES)
Add component (AddParameter): Name = "ComponentLink1Description"; Value = "https://nz.mouser.com/datasheet/2/315/AOA0000C304-1149620.pdf"; VariantName = "[No Variations]"
Add component (AddParameter): Name = "LatestRevisionDate"; Value = "17-Jul-2002"; VariantName = "[No Variations]"
Add component (AddParameter): Name = "LatestRevisionNote"; Value = "Re-released for DXP Platform."; VariantName = "[No Variations]"
Add component (AddParameter): Name = "PackageReference"; Value = "AXIAL-0.4"; VariantName = "[No Variations]"
Add component (AddParameter): Name = "Published"; Value = "8-Jun-2000"; VariantName = "[No Variations]"
Add component (AddParameter): Name = "Publisher"; Value = "Altium Limited"; VariantName = "[No Variations]"
Add component (AddParameter): Name = "Value"; Value = "12k"; VariantName = "[No Variations]"
Added Component: Designator=VRef1_S3(0805 RES)
Add component (AddParameter): Name = "ComponentLink1Description"; Value = "https://nz.mouser.com/datasheet/2/315/AOA0000C304-1149620.pdf"; VariantName = "[No Variations]"
Add component (AddParameter): Name = "LatestRevisionDate"; Value = "17-Jul-2002"; VariantName = "[No Variations]"
Add component (AddParameter): Name = "LatestRevisionNote"; Value = "Re-released for DXP Platform."; VariantName = "[No Variations]"
Add component (AddParameter): Name = "PackageReference"; Value = "AXIAL-0.4"; VariantName = "[No Variations]"
Add component (AddParameter): Name = "Published"; Value = "8-Jun-2000"; VariantName = "[No Variations]"
Add component (AddParameter): Name = "Publisher"; Value = "Altium Limited"; VariantName = "[No Variations]"
Add component (AddParameter): Name = "Value"; Value = "12k"; VariantName = "[No Variations]"
Added Component: Designator=VRef1_S4(0805 RES)
Add component (AddParameter): Name = "ComponentLink1Description"; Value = "https://nz.mouser.com/datasheet/2/315/AOA0000C304-1149620.pdf"; VariantName = "[No Variations]"
Add component (AddParameter): Name = "LatestRevisionDate"; Value = "17-Jul-2002"; VariantName = "[No Variations]"
Add component (AddParameter): Name = "LatestRevisionNote"; Value = "Re-released for DXP Platform."; VariantName = "[No Variations]"
Add component (AddParameter): Name = "PackageReference"; Value = "AXIAL-0.4"; VariantName = "[No Variations]"
Add component (AddParameter): Name = "Published"; Value = "8-Jun-2000"; VariantName = "[No Variations]"
Add component (AddParameter): Name = "Publisher"; Value = "Altium Limited"; VariantName = "[No Variations]"
Add component (AddParameter): Name = "Value"; Value = "12k"; VariantName = "[No Variations]"
Added Component: Designator=VRef1_S5(0805 RES)
Add component (AddParameter): Name = "ComponentLink1Description"; Value = "https://nz.mouser.com/datasheet/2/315/AOA0000C304-1149620.pdf"; VariantName = "[No Variations]"
Add component (AddParameter): Name = "LatestRevisionDate"; Value = "17-Jul-2002"; VariantName = "[No Variations]"
Add component (AddParameter): Name = "LatestRevisionNote"; Value = "Re-released for DXP Platform."; VariantName = "[No Variations]"
Add component (AddParameter): Name = "PackageReference"; Value = "AXIAL-0.4"; VariantName = "[No Variations]"
Add component (AddParameter): Name = "Published"; Value = "8-Jun-2000"; VariantName = "[No Variations]"
Add component (AddParameter): Name = "Publisher"; Value = "Altium Limited"; VariantName = "[No Variations]"
Add component (AddParameter): Name = "Value"; Value = "12k"; VariantName = "[No Variations]"
Added Component: Designator=VRef1_S6(0805 RES)
Add component (AddParameter): Name = "ComponentLink1Description"; Value = "https://nz.mouser.com/datasheet/2/315/AOA0000C304-1149620.pdf"; VariantName = "[No Variations]"
Add component (AddParameter): Name = "LatestRevisionDate"; Value = "17-Jul-2002"; VariantName = "[No Variations]"
Add component (AddParameter): Name = "LatestRevisionNote"; Value = "Re-released for DXP Platform."; VariantName = "[No Variations]"
Add component (AddParameter): Name = "PackageReference"; Value = "AXIAL-0.4"; VariantName = "[No Variations]"
Add component (AddParameter): Name = "Published"; Value = "8-Jun-2000"; VariantName = "[No Variations]"
Add component (AddParameter): Name = "Publisher"; Value = "Altium Limited"; VariantName = "[No Variations]"
Add component (AddParameter): Name = "Value"; Value = "12k"; VariantName = "[No Variations]"
Added Component: Designator=VRef2_S1(0805 RES)
Add component (AddParameter): Name = "ComponentLink1Description"; Value = "https://nz.mouser.com/datasheet/2/315/AOA0000C304-1149620.pdf"; VariantName = "[No Variations]"
Add component (AddParameter): Name = "LatestRevisionDate"; Value = "17-Jul-2002"; VariantName = "[No Variations]"
Add component (AddParameter): Name = "LatestRevisionNote"; Value = "Re-released for DXP Platform."; VariantName = "[No Variations]"
Add component (AddParameter): Name = "PackageReference"; Value = "AXIAL-0.4"; VariantName = "[No Variations]"
Add component (AddParameter): Name = "Published"; Value = "8-Jun-2000"; VariantName = "[No Variations]"
Add component (AddParameter): Name = "Publisher"; Value = "Altium Limited"; VariantName = "[No Variations]"
Add component (AddParameter): Name = "Value"; Value = "220k"; VariantName = "[No Variations]"
Added Component: Designator=VRef2_S2(0805 RES)
Add component (AddParameter): Name = "ComponentLink1Description"; Value = "https://nz.mouser.com/datasheet/2/315/AOA0000C304-1149620.pdf"; VariantName = "[No Variations]"
Add component (AddParameter): Name = "LatestRevisionDate"; Value = "17-Jul-2002"; VariantName = "[No Variations]"
Add component (AddParameter): Name = "LatestRevisionNote"; Value = "Re-released for DXP Platform."; VariantName = "[No Variations]"
Add component (AddParameter): Name = "PackageReference"; Value = "AXIAL-0.4"; VariantName = "[No Variations]"
Add component (AddParameter): Name = "Published"; Value = "8-Jun-2000"; VariantName = "[No Variations]"
Add component (AddParameter): Name = "Publisher"; Value = "Altium Limited"; VariantName = "[No Variations]"
Add component (AddParameter): Name = "Value"; Value = "220k"; VariantName = "[No Variations]"
Added Component: Designator=VRef2_S3(0805 RES)
Add component (AddParameter): Name = "ComponentLink1Description"; Value = "https://nz.mouser.com/datasheet/2/315/AOA0000C304-1149620.pdf"; VariantName = "[No Variations]"
Add component (AddParameter): Name = "LatestRevisionDate"; Value = "17-Jul-2002"; VariantName = "[No Variations]"
Add component (AddParameter): Name = "LatestRevisionNote"; Value = "Re-released for DXP Platform."; VariantName = "[No Variations]"
Add component (AddParameter): Name = "PackageReference"; Value = "AXIAL-0.4"; VariantName = "[No Variations]"
Add component (AddParameter): Name = "Published"; Value = "8-Jun-2000"; VariantName = "[No Variations]"
Add component (AddParameter): Name = "Publisher"; Value = "Altium Limited"; VariantName = "[No Variations]"
Add component (AddParameter): Name = "Value"; Value = "220k"; VariantName = "[No Variations]"
Added Component: Designator=VRef2_S4(0805 RES)
Add component (AddParameter): Name = "ComponentLink1Description"; Value = "https://nz.mouser.com/datasheet/2/315/AOA0000C304-1149620.pdf"; VariantName = "[No Variations]"
Add component (AddParameter): Name = "LatestRevisionDate"; Value = "17-Jul-2002"; VariantName = "[No Variations]"
Add component (AddParameter): Name = "LatestRevisionNote"; Value = "Re-released for DXP Platform."; VariantName = "[No Variations]"
Add component (AddParameter): Name = "PackageReference"; Value = "AXIAL-0.4"; VariantName = "[No Variations]"
Add component (AddParameter): Name = "Published"; Value = "8-Jun-2000"; VariantName = "[No Variations]"
Add component (AddParameter): Name = "Publisher"; Value = "Altium Limited"; VariantName = "[No Variations]"
Add component (AddParameter): Name = "Value"; Value = "220k"; VariantName = "[No Variations]"
Added Component: Designator=VRef2_S5(0805 RES)
Add component (AddParameter): Name = "ComponentLink1Description"; Value = "https://nz.mouser.com/datasheet/2/315/AOA0000C304-1149620.pdf"; VariantName = "[No Variations]"
Add component (AddParameter): Name = "LatestRevisionDate"; Value = "17-Jul-2002"; VariantName = "[No Variations]"
Add component (AddParameter): Name = "LatestRevisionNote"; Value = "Re-released for DXP Platform."; VariantName = "[No Variations]"
Add component (AddParameter): Name = "PackageReference"; Value = "AXIAL-0.4"; VariantName = "[No Variations]"
Add component (AddParameter): Name = "Published"; Value = "8-Jun-2000"; VariantName = "[No Variations]"
Add component (AddParameter): Name = "Publisher"; Value = "Altium Limited"; VariantName = "[No Variations]"
Add component (AddParameter): Name = "Value"; Value = "220k"; VariantName = "[No Variations]"
Added Component: Designator=VRef2_S6(0805 RES)
Add component (AddParameter): Name = "ComponentLink1Description"; Value = "https://nz.mouser.com/datasheet/2/315/AOA0000C304-1149620.pdf"; VariantName = "[No Variations]"
Add component (AddParameter): Name = "LatestRevisionDate"; Value = "17-Jul-2002"; VariantName = "[No Variations]"
Add component (AddParameter): Name = "LatestRevisionNote"; Value = "Re-released for DXP Platform."; VariantName = "[No Variations]"
Add component (AddParameter): Name = "PackageReference"; Value = "AXIAL-0.4"; VariantName = "[No Variations]"
Add component (AddParameter): Name = "Published"; Value = "8-Jun-2000"; VariantName = "[No Variations]"
Add component (AddParameter): Name = "Publisher"; Value = "Altium Limited"; VariantName = "[No Variations]"
Add component (AddParameter): Name = "Value"; Value = "220k"; VariantName = "[No Variations]"
Add Pin To Net: Unknown Pin: Pin Oa12_S1-4
Add Pin To Net: Unknown Pin: Pin Oa12_S1-11
Add Pin To Net: Unknown Pin: Pin Oa12_S2-4
Add Pin To Net: Unknown Pin: Pin Oa12_S2-11
Add Pin To Net: Unknown Pin: Pin Oa12_S3-4
Add Pin To Net: Unknown Pin: Pin Oa12_S3-11
Add Pin To Net: Unknown Pin: Pin Oa12_S4-4
Add Pin To Net: Unknown Pin: Pin Oa12_S4-11
Add Pin To Net: Unknown Pin: Pin Oa12_S5-4
Add Pin To Net: Unknown Pin: Pin Oa12_S5-11
Add Pin To Net: Unknown Pin: Pin Oa12_S6-4
Add Pin To Net: Unknown Pin: Pin Oa12_S6-11
Added Pin To Net: NetName=5V_S1-S2 Pin=Qsense2_S1-1
Added Pin To Net: NetName=5V_S1-S2 Pin=Qsense2_S2-1
Added Pin To Net: NetName=5V_S1-S2 Pin=Qsense2_S3-1
Added Pin To Net: NetName=5V_S1-S2 Pin=Qsense2_S4-1
Added Pin To Net: NetName=5V_S1-S2 Pin=Qsense2_S5-1
Added Pin To Net: NetName=5V_S1-S2 Pin=Qsense2_S6-1
Added Pin To Net: NetName=GND Pin=Rhp_S1-2
Added Pin To Net: NetName=GND Pin=Rhp_S2-2
Added Pin To Net: NetName=GND Pin=Rhp_S3-2
Added Pin To Net: NetName=GND Pin=Rhp_S4-2
Added Pin To Net: NetName=GND Pin=Rhp_S5-2
Added Pin To Net: NetName=GND Pin=Rhp_S6-2
Added Pin To Net: NetName=GND Pin=Rs_S1-2
Added Pin To Net: NetName=GND Pin=Rs_S2-2
Added Pin To Net: NetName=GND Pin=Rs_S3-2
Added Pin To Net: NetName=GND Pin=Rs_S4-2
Added Pin To Net: NetName=GND Pin=Rs_S5-2
Added Pin To Net: NetName=GND Pin=Rs_S6-2
Added Pin To Net: NetName=GND Pin=Vamp1_S1-4
Added Pin To Net: NetName=5V_S1-S2 Pin=Vamp1_S1-8
Added Pin To Net: NetName=GND Pin=Vamp1_S2-4
Added Pin To Net: NetName=5V_S1-S2 Pin=Vamp1_S2-8
Added Pin To Net: NetName=GND Pin=Vamp1_S3-4
Added Pin To Net: NetName=5V_S1-S2 Pin=Vamp1_S3-8
Added Pin To Net: NetName=GND Pin=Vamp1_S4-4
Added Pin To Net: NetName=5V_S1-S2 Pin=Vamp1_S4-8
Added Pin To Net: NetName=GND Pin=Vamp1_S5-4
Added Pin To Net: NetName=5V_S1-S2 Pin=Vamp1_S5-8
Added Pin To Net: NetName=GND Pin=Vamp1_S6-4
Added Pin To Net: NetName=5V_S1-S2 Pin=Vamp1_S6-8
Added Pin To Net: NetName=S1Out Pin=Vcomp_S1-1
Added Pin To Net: NetName=GND Pin=Vcomp_S1-4
Added Pin To Net: NetName=5V_S1-S2 Pin=Vcomp_S1-8
Added Pin To Net: NetName=S2Out Pin=Vcomp_S2-1
Added Pin To Net: NetName=GND Pin=Vcomp_S2-4
Added Pin To Net: NetName=5V_S1-S2 Pin=Vcomp_S2-8
Added Pin To Net: NetName=S3Out Pin=Vcomp_S3-1
Added Pin To Net: NetName=GND Pin=Vcomp_S3-4
Added Pin To Net: NetName=5V_S1-S2 Pin=Vcomp_S3-8
Added Pin To Net: NetName=S4Out Pin=Vcomp_S4-1
Added Pin To Net: NetName=GND Pin=Vcomp_S4-4
Added Pin To Net: NetName=5V_S1-S2 Pin=Vcomp_S4-8
Added Pin To Net: NetName=S5Out Pin=Vcomp_S5-1
Added Pin To Net: NetName=GND Pin=Vcomp_S5-4
Added Pin To Net: NetName=5V_S1-S2 Pin=Vcomp_S5-8
Added Pin To Net: NetName=S6Out Pin=Vcomp_S6-1
Added Pin To Net: NetName=GND Pin=Vcomp_S6-4
Added Pin To Net: NetName=5V_S1-S2 Pin=Vcomp_S6-8
Added Pin To Net: NetName=GND Pin=VRamp1_S1-2
Added Pin To Net: NetName=GND Pin=VRamp1_S2-2
Added Pin To Net: NetName=GND Pin=VRamp1_S3-2
Added Pin To Net: NetName=GND Pin=VRamp1_S4-2
Added Pin To Net: NetName=GND Pin=VRamp1_S5-2
Added Pin To Net: NetName=GND Pin=VRamp1_S6-2
Added Pin To Net: NetName=GND Pin=VRef1_S1-2
Added Pin To Net: NetName=GND Pin=VRef1_S2-2
Added Pin To Net: NetName=GND Pin=VRef1_S3-2
Added Pin To Net: NetName=GND Pin=VRef1_S4-2
Added Pin To Net: NetName=GND Pin=VRef1_S5-2
Added Pin To Net: NetName=GND Pin=VRef1_S6-2
Added Pin To Net: NetName=5V_S1-S2 Pin=VRef2_S1-1
Added Pin To Net: NetName=5V_S1-S2 Pin=VRef2_S2-1
Added Pin To Net: NetName=5V_S1-S2 Pin=VRef2_S3-1
Added Pin To Net: NetName=5V_S1-S2 Pin=VRef2_S4-1
Added Pin To Net: NetName=5V_S1-S2 Pin=VRef2_S5-1
Added Pin To Net: NetName=5V_S1-S2 Pin=VRef2_S6-1
Change Net Name : Old Net Name=5V_S1-S2 New Net Name=5V_S1
Added Pin To Net: NetName=NetC_S1_1 Pin=C_S1-1
Added Pin To Net: NetName=NetC_S1_1 Pin=Qsense2_S1-2
Added Pin To Net: NetName=NetC_S1_1 Pin=Rs_S1-1
Added Net: Name=NetC_S1_1
Added Pin To Net: NetName=NetC_S1_2 Pin=C_S1-2
Added Pin To Net: NetName=NetC_S1_2 Pin=Rhp_S1-1
Added Pin To Net: NetName=NetC_S1_2 Pin=Vamp1_S1-3
Added Net: Name=NetC_S1_2
Added Pin To Net: NetName=NetC_S2_1 Pin=C_S2-1
Added Pin To Net: NetName=NetC_S2_1 Pin=Qsense2_S2-2
Added Pin To Net: NetName=NetC_S2_1 Pin=Rs_S2-1
Added Net: Name=NetC_S2_1
Added Pin To Net: NetName=NetC_S2_2 Pin=C_S2-2
Added Pin To Net: NetName=NetC_S2_2 Pin=Rhp_S2-1
Added Pin To Net: NetName=NetC_S2_2 Pin=Vamp1_S2-3
Added Net: Name=NetC_S2_2
Added Pin To Net: NetName=NetC_S3_1 Pin=C_S3-1
Added Pin To Net: NetName=NetC_S3_1 Pin=Qsense2_S3-2
Added Pin To Net: NetName=NetC_S3_1 Pin=Rs_S3-1
Added Net: Name=NetC_S3_1
Added Pin To Net: NetName=NetC_S3_2 Pin=C_S3-2
Added Pin To Net: NetName=NetC_S3_2 Pin=Rhp_S3-1
Added Pin To Net: NetName=NetC_S3_2 Pin=Vamp1_S3-3
Added Net: Name=NetC_S3_2
Added Pin To Net: NetName=NetC_S4_1 Pin=C_S4-1
Added Pin To Net: NetName=NetC_S4_1 Pin=Qsense2_S4-2
Added Pin To Net: NetName=NetC_S4_1 Pin=Rs_S4-1
Added Net: Name=NetC_S4_1
Added Pin To Net: NetName=NetC_S4_2 Pin=C_S4-2
Added Pin To Net: NetName=NetC_S4_2 Pin=Rhp_S4-1
Added Pin To Net: NetName=NetC_S4_2 Pin=Vamp1_S4-3
Added Net: Name=NetC_S4_2
Added Pin To Net: NetName=NetC_S5_1 Pin=C_S5-1
Added Pin To Net: NetName=NetC_S5_1 Pin=Qsense2_S5-2
Added Pin To Net: NetName=NetC_S5_1 Pin=Rs_S5-1
Added Net: Name=NetC_S5_1
Added Pin To Net: NetName=NetC_S5_2 Pin=C_S5-2
Added Pin To Net: NetName=NetC_S5_2 Pin=Rhp_S5-1
Added Pin To Net: NetName=NetC_S5_2 Pin=Vamp1_S5-3
Added Net: Name=NetC_S5_2
Added Pin To Net: NetName=NetC_S6_1 Pin=C_S6-1
Added Pin To Net: NetName=NetC_S6_1 Pin=Qsense2_S6-2
Added Pin To Net: NetName=NetC_S6_1 Pin=Rs_S6-1
Added Net: Name=NetC_S6_1
Added Pin To Net: NetName=NetC_S6_2 Pin=C_S6-2
Added Pin To Net: NetName=NetC_S6_2 Pin=Rhp_S6-1
Added Pin To Net: NetName=NetC_S6_2 Pin=Vamp1_S6-3
Added Net: Name=NetC_S6_2
Added Pin To Net: NetName=NetVamp1_S1_1 Pin=Vamp1_S1-1
Added Pin To Net: NetName=NetVamp1_S1_1 Pin=Vcomp_S1-3
Added Pin To Net: NetName=NetVamp1_S1_1 Pin=VRamp2_S1-2
Added Net: Name=NetVamp1_S1_1
Added Pin To Net: NetName=NetVamp1_S1_2 Pin=Vamp1_S1-2
Added Pin To Net: NetName=NetVamp1_S1_2 Pin=VRamp1_S1-1
Added Pin To Net: NetName=NetVamp1_S1_2 Pin=VRamp2_S1-1
Added Net: Name=NetVamp1_S1_2
Added Pin To Net: NetName=NetVamp1_S2_1 Pin=Vamp1_S2-1
Added Pin To Net: NetName=NetVamp1_S2_1 Pin=Vcomp_S2-3
Added Pin To Net: NetName=NetVamp1_S2_1 Pin=VRamp2_S2-2
Added Net: Name=NetVamp1_S2_1
Added Pin To Net: NetName=NetVamp1_S2_2 Pin=Vamp1_S2-2
Added Pin To Net: NetName=NetVamp1_S2_2 Pin=VRamp1_S2-1
Added Pin To Net: NetName=NetVamp1_S2_2 Pin=VRamp2_S2-1
Added Net: Name=NetVamp1_S2_2
Added Pin To Net: NetName=NetVamp1_S3_1 Pin=Vamp1_S3-1
Added Pin To Net: NetName=NetVamp1_S3_1 Pin=Vcomp_S3-3
Added Pin To Net: NetName=NetVamp1_S3_1 Pin=VRamp2_S3-2
Added Net: Name=NetVamp1_S3_1
Added Pin To Net: NetName=NetVamp1_S3_2 Pin=Vamp1_S3-2
Added Pin To Net: NetName=NetVamp1_S3_2 Pin=VRamp1_S3-1
Added Pin To Net: NetName=NetVamp1_S3_2 Pin=VRamp2_S3-1
Added Net: Name=NetVamp1_S3_2
Added Pin To Net: NetName=NetVamp1_S4_1 Pin=Vamp1_S4-1
Added Pin To Net: NetName=NetVamp1_S4_1 Pin=Vcomp_S4-3
Added Pin To Net: NetName=NetVamp1_S4_1 Pin=VRamp2_S4-2
Added Net: Name=NetVamp1_S4_1
Added Pin To Net: NetName=NetVamp1_S4_2 Pin=Vamp1_S4-2
Added Pin To Net: NetName=NetVamp1_S4_2 Pin=VRamp1_S4-1
Added Pin To Net: NetName=NetVamp1_S4_2 Pin=VRamp2_S4-1
Added Net: Name=NetVamp1_S4_2
Added Pin To Net: NetName=NetVamp1_S5_1 Pin=Vamp1_S5-1
Added Pin To Net: NetName=NetVamp1_S5_1 Pin=Vcomp_S5-3
Added Pin To Net: NetName=NetVamp1_S5_1 Pin=VRamp2_S5-2
Added Net: Name=NetVamp1_S5_1
Added Pin To Net: NetName=NetVamp1_S5_2 Pin=Vamp1_S5-2
Added Pin To Net: NetName=NetVamp1_S5_2 Pin=VRamp1_S5-1
Added Pin To Net: NetName=NetVamp1_S5_2 Pin=VRamp2_S5-1
Added Net: Name=NetVamp1_S5_2
Added Pin To Net: NetName=NetVamp1_S6_1 Pin=Vamp1_S6-1
Added Pin To Net: NetName=NetVamp1_S6_1 Pin=Vcomp_S6-3
Added Pin To Net: NetName=NetVamp1_S6_1 Pin=VRamp2_S6-2
Added Net: Name=NetVamp1_S6_1
Added Pin To Net: NetName=NetVamp1_S6_2 Pin=Vamp1_S6-2
Added Pin To Net: NetName=NetVamp1_S6_2 Pin=VRamp1_S6-1
Added Pin To Net: NetName=NetVamp1_S6_2 Pin=VRamp2_S6-1
Added Net: Name=NetVamp1_S6_2
Added Pin To Net: NetName=NetVcomp_S1_2 Pin=Vcomp_S1-2
Added Pin To Net: NetName=NetVcomp_S1_2 Pin=VRef1_S1-1
Added Pin To Net: NetName=NetVcomp_S1_2 Pin=VRef2_S1-2
Added Net: Name=NetVcomp_S1_2
Added Pin To Net: NetName=NetVcomp_S2_2 Pin=Vcomp_S2-2
Added Pin To Net: NetName=NetVcomp_S2_2 Pin=VRef1_S2-1
Added Pin To Net: NetName=NetVcomp_S2_2 Pin=VRef2_S2-2
Added Net: Name=NetVcomp_S2_2
Added Pin To Net: NetName=NetVcomp_S3_2 Pin=Vcomp_S3-2
Added Pin To Net: NetName=NetVcomp_S3_2 Pin=VRef1_S3-1
Added Pin To Net: NetName=NetVcomp_S3_2 Pin=VRef2_S3-2
Added Net: Name=NetVcomp_S3_2
Added Pin To Net: NetName=NetVcomp_S4_2 Pin=Vcomp_S4-2
Added Pin To Net: NetName=NetVcomp_S4_2 Pin=VRef1_S4-1
Added Pin To Net: NetName=NetVcomp_S4_2 Pin=VRef2_S4-2
Added Net: Name=NetVcomp_S4_2
Added Pin To Net: NetName=NetVcomp_S5_2 Pin=Vcomp_S5-2
Added Pin To Net: NetName=NetVcomp_S5_2 Pin=VRef1_S5-1
Added Pin To Net: NetName=NetVcomp_S5_2 Pin=VRef2_S5-2
Added Net: Name=NetVcomp_S5_2
Added Pin To Net: NetName=NetVcomp_S6_2 Pin=Vcomp_S6-2
Added Pin To Net: NetName=NetVcomp_S6_2 Pin=VRef1_S6-1
Added Pin To Net: NetName=NetVcomp_S6_2 Pin=VRef2_S6-2
Added Net: Name=NetVcomp_S6_2
Added Class: Name=S1
Added Class: Name=S2
Added Class: Name=S3
Added Class: Name=S4
Added Class: Name=S5
Added Class: Name=S6
Added Member To Class: ClassName=SensorDesign Member=S1 (SensorDesign.SchDoc)
Added Member To Class: ClassName=SensorDesign Member=S2 (SensorDesign.SchDoc)
Added Member To Class: ClassName=SensorDesign Member=S3 (SensorDesign.SchDoc)
Added Member To Class: ClassName=SensorDesign Member=S4 (SensorDesign.SchDoc)
Added Member To Class: ClassName=SensorDesign Member=S5 (SensorDesign.SchDoc)
Added Member To Class: ClassName=SensorDesign Member=S6 (SensorDesign.SchDoc)
