Change Component DesignItemId : Designator=R15_S3-S4 Old DesignItemId=CMP-009-00016-5 New DesignItemId=CMP-009-00173-3
Change Component DesignItemId : Designator=R15_S5-S6 Old DesignItemId=CMP-009-00016-5 New DesignItemId=CMP-009-00173-3
Change Component DesignItemId : Designator=VRef21 Old DesignItemId=CMP-009-00016-5 New DesignItemId=CMP-009-00173-3
Change Component DesignItemId : Designator=Rs2 Old DesignItemId=CMP-009-00021-5 New DesignItemId=Res_SMT_0805
Change Component DesignItemId : Designator=Rsen2_S3-S4 Old DesignItemId=CMP-009-00021-5 New DesignItemId=Res_SMT_0805
Change Component DesignItemId : Designator=Rsen2_S5-S6 Old DesignItemId=CMP-009-00021-5 New DesignItemId=Res_SMT_0805
Change Component Footprint: Designator=Rs2 Old Footprint=RESC1005X40X25ML05T05 New Footprint=0805 RES
Change Component Footprint: Designator=Rsen2_S3-S4 Old Footprint=RESC1005X40X25ML05T05 New Footprint=0805 RES
Change Component Footprint: Designator=Rsen2_S5-S6 Old Footprint=RESC1005X40X25ML05T05 New Footprint=0805 RES
Change Component Footprint: Designator=R15_S3-S4 Old Footprint=RESC3216X60X45ML15T20 New Footprint=RESC0402(1005)_L
Change Component Footprint: Designator=R15_S5-S6 Old Footprint=RESC3216X60X45ML15T20 New Footprint=RESC0402(1005)_L
Change Component Footprint: Designator=VRef21 Old Footprint=RESC3216X60X45ML15T20 New Footprint=RESC0402(1005)_L
Change Component Comment : Designator=R15_S3-S4 Old Comment=Resistor 10k +/-1% 1206 250 mW New Comment=Resistor 12K  +/-1 % 0402 63 mW
Change Component Comment : Designator=R15_S5-S6 Old Comment=Resistor 10k +/-1% 1206 250 mW New Comment=Resistor 12K  +/-1 % 0402 63 mW
Change Component Comment : Designator=VRef21 Old Comment=Resistor 10k +/-1% 1206 250 mW New Comment=Resistor 12K  +/-1 % 0402 63 mW
Change Component Comment : Designator=Rs2 Old Comment=Resistor 100k +/-1% 0402 63 mW New Comment=100k
Change Component Comment : Designator=Rsen2_S3-S4 Old Comment=Resistor 100k +/-1% 0402 63 mW New Comment=100k
Change Component Comment : Designator=Rsen2_S5-S6 Old Comment=Resistor 100k +/-1% 0402 63 mW New Comment=100k
Change Component Designator: OldDesignator=C2 NewDesignator=Chp2_S1-S2
Change Component Designator: OldDesignator=OPS12 NewDesignator=Oa12_S1-S2
Change Component Designator: OldDesignator=OPS34 NewDesignator=Oa12_S3-S4
Change Component Designator: OldDesignator=OPS56 NewDesignator=Oa12_S5-S6
Change Component Designator: OldDesignator=R2k NewDesignator=Rhp2_S1-S2
Change Component Designator: OldDesignator=Rs2 NewDesignator=Rsen2_S1-S2
Change Component Designator: OldDesignator=VRef21 NewDesignator=R15_S1-S2
Change Component Designator: OldDesignator=VRef22 NewDesignator=R14_S1-S2
Change Component Designator: OldDesignator=VrefR11 NewDesignator=R5_S1-S2
Change Component Designator: OldDesignator=VrefR21 NewDesignator=R3_S1-S2
Change Component Description : Designator=R15_S3-S4 Old Description=Chip Resistor, 10 KOhm, +/- 1%, 0.25 W, -55 to 155 degC, 1206 (3216 Metric) New Description=Chip Resistor, 12 kOhms, +/-1 %, 63 mW, -55 to 155 degC, 0402
Change Component Description : Designator=R15_S5-S6 Old Description=Chip Resistor, 10 KOhm, +/- 1%, 0.25 W, -55 to 155 degC, 1206 (3216 Metric) New Description=Chip Resistor, 12 kOhms, +/-1 %, 63 mW, -55 to 155 degC, 0402
Change Component Description : Designator=R15_S1-S2 Old Description=Chip Resistor, 10 KOhm, +/- 1%, 0.25 W, -55 to 155 degC, 1206 (3216 Metric) New Description=Chip Resistor, 12 kOhms, +/-1 %, 63 mW, -55 to 155 degC, 0402
Change Component Description : Designator=Rsen2_S1-S2 Old Description=Chip Resistor, 100 KOhm, +/- 1%, 0.063 W, -55 to 155 degC, 0402 (1005 Metric) New Description=0805 resistor
Change Component Description : Designator=Rsen2_S3-S4 Old Description=Chip Resistor, 100 KOhm, +/- 1%, 0.063 W, -55 to 155 degC, 0402 (1005 Metric) New Description=0805 resistor
Change Component Description : Designator=Rsen2_S5-S6 Old Description=Chip Resistor, 100 KOhm, +/- 1%, 0.063 W, -55 to 155 degC, 0402 (1005 Metric) New Description=0805 resistor
Change Component Library : Designator=Rsen2_S1-S2 Old Library=University of Auckland New Library=EE209_Library.IntLib
Change Component Library : Designator=Rsen2_S3-S4 Old Library=University of Auckland New Library=EE209_Library.IntLib
Change Component Library : Designator=Rsen2_S5-S6 Old Library=University of Auckland New Library=EE209_Library.IntLib
Change Managed Component Library Link : Designator=R15_S3-S4 Old VaultGUID=9B9C11B2-B205-4939-AC06-1ABE0D7277A8 New VaultGUID=DF85D370-1A41-4031-ACF6-19CC92E326CA Old ItemGUID=39625818-261D-45D4-9BD0-C5C83A9F13C5 New ItemGUID=1959CD03-59DC-457F-B14D-007CD219B9A9 Old RevisionGUID=69C92EA8-F5DF-4F83-A2B7-82D915CC7F46 New RevisionGUID=5ECDF053-D238-40F7-B966-3F8E2E3EEF6E
Change Managed Component Library Link : Designator=R15_S5-S6 Old VaultGUID=9B9C11B2-B205-4939-AC06-1ABE0D7277A8 New VaultGUID=DF85D370-1A41-4031-ACF6-19CC92E326CA Old ItemGUID=39625818-261D-45D4-9BD0-C5C83A9F13C5 New ItemGUID=1959CD03-59DC-457F-B14D-007CD219B9A9 Old RevisionGUID=69C92EA8-F5DF-4F83-A2B7-82D915CC7F46 New RevisionGUID=5ECDF053-D238-40F7-B966-3F8E2E3EEF6E
Change Managed Component Library Link : Designator=Rsen2_S1-S2 Old VaultGUID= New VaultGUID= Old ItemGUID=E67FBEA3-DD77-4ABB-A26C-AE5865A164F2 New ItemGUID= Old RevisionGUID=EA70936A-2F0E-44AC-9F2B-3C57C99F4A52 New RevisionGUID=
Change Managed Component Library Link : Designator=Rsen2_S3-S4 Old VaultGUID= New VaultGUID= Old ItemGUID=E67FBEA3-DD77-4ABB-A26C-AE5865A164F2 New ItemGUID= Old RevisionGUID=EA70936A-2F0E-44AC-9F2B-3C57C99F4A52 New RevisionGUID=
Change Managed Component Library Link : Designator=Rsen2_S5-S6 Old VaultGUID= New VaultGUID= Old ItemGUID=E67FBEA3-DD77-4ABB-A26C-AE5865A164F2 New ItemGUID= Old RevisionGUID=EA70936A-2F0E-44AC-9F2B-3C57C99F4A52 New RevisionGUID=
Change Managed Component Library Link : Designator=R15_S1-S2 Old VaultGUID=9B9C11B2-B205-4939-AC06-1ABE0D7277A8 New VaultGUID=DF85D370-1A41-4031-ACF6-19CC92E326CA Old ItemGUID=39625818-261D-45D4-9BD0-C5C83A9F13C5 New ItemGUID=1959CD03-59DC-457F-B14D-007CD219B9A9 Old RevisionGUID=69C92EA8-F5DF-4F83-A2B7-82D915CC7F46 New RevisionGUID=5ECDF053-D238-40F7-B966-3F8E2E3EEF6E
Change component parameters: Designator = "R15_S3-S4" ("R15"); Footprint = "RESC3216X60X45ML15T20"; UniqueID = "\SOJBSMZO\WVRCILXF" ("\SOJBSMZO\WVRCILXF")
Change component parameters (AddParameter): Name = "Case/Package"; Value = "0402"; VariantName = "[No Variations]"
Change component parameters (AddParameter): Name = "Max Operating Temperature"; Value = "155°C"; VariantName = "[No Variations]"
Change component parameters (AddParameter): Name = "Min Operating Temperature"; Value = "-55°C"; VariantName = "[No Variations]"
Change component parameters (AddParameter): Name = "Mounting Technology"; Value = ""; VariantName = "[No Variations]"
Change component parameters (AddParameter): Name = "Pins"; Value = "2"; VariantName = "[No Variations]"
Change component parameters (AddParameter): Name = "Power"; Value = "63mW"; VariantName = "[No Variations]"
Change component parameters (AddParameter): Name = "RoHS Compliant"; Value = ""; VariantName = "[No Variations]"
Change component parameters (AddParameter): Name = "Tolerance"; Value = "1%"; VariantName = "[No Variations]"
Change component parameters (AddParameter): Name = "Value"; Value = "12k"; VariantName = "[No Variations]"
Change component parameters (AddParameter): Name = "Voltage Rating"; Value = ""; VariantName = "[No Variations]"
Change component parameters: Designator = "R15_S5-S6" ("R15"); Footprint = "RESC3216X60X45ML15T20"; UniqueID = "\VJDBKBLY\WVRCILXF" ("\VJDBKBLY\WVRCILXF")
Change component parameters (AddParameter): Name = "Case/Package"; Value = "0402"; VariantName = "[No Variations]"
Change component parameters (AddParameter): Name = "Max Operating Temperature"; Value = "155°C"; VariantName = "[No Variations]"
Change component parameters (AddParameter): Name = "Min Operating Temperature"; Value = "-55°C"; VariantName = "[No Variations]"
Change component parameters (AddParameter): Name = "Mounting Technology"; Value = ""; VariantName = "[No Variations]"
Change component parameters (AddParameter): Name = "Pins"; Value = "2"; VariantName = "[No Variations]"
Change component parameters (AddParameter): Name = "Power"; Value = "63mW"; VariantName = "[No Variations]"
Change component parameters (AddParameter): Name = "RoHS Compliant"; Value = ""; VariantName = "[No Variations]"
Change component parameters (AddParameter): Name = "Tolerance"; Value = "1%"; VariantName = "[No Variations]"
Change component parameters (AddParameter): Name = "Value"; Value = "12k"; VariantName = "[No Variations]"
Change component parameters (AddParameter): Name = "Voltage Rating"; Value = ""; VariantName = "[No Variations]"
Change component parameters: Designator = "Rs2" ("Rsen2"); Footprint = "RESC1005X40X25ML05T05"; UniqueID = "\TGENARCW\OLZTMRHK" ("\TGENARCW\OLZTMRHK")
Change component parameters (AddParameter): Name = "ComponentLink1Description"; Value = "https://nz.mouser.com/datasheet/2/315/AOA0000C304-1149620.pdf"; VariantName = "[No Variations]"
Change component parameters (AddParameter): Name = "LatestRevisionDate"; Value = "17-Jul-2002"; VariantName = "[No Variations]"
Change component parameters (AddParameter): Name = "LatestRevisionNote"; Value = "Re-released for DXP Platform."; VariantName = "[No Variations]"
Change component parameters (AddParameter): Name = "PackageReference"; Value = "AXIAL-0.4"; VariantName = "[No Variations]"
Change component parameters (AddParameter): Name = "Published"; Value = "8-Jun-2000"; VariantName = "[No Variations]"
Change component parameters (AddParameter): Name = "Publisher"; Value = "Altium Limited"; VariantName = "[No Variations]"
Change component parameters (AddParameter): Name = "Value"; Value = "100k"; VariantName = "[No Variations]"
Change component parameters: Designator = "Rsen2_S3-S4" ("Rsen2"); Footprint = "RESC1005X40X25ML05T05"; UniqueID = "\SOJBSMZO\OLZTMRHK" ("\SOJBSMZO\OLZTMRHK")
Change component parameters (AddParameter): Name = "ComponentLink1Description"; Value = "https://nz.mouser.com/datasheet/2/315/AOA0000C304-1149620.pdf"; VariantName = "[No Variations]"
Change component parameters (AddParameter): Name = "LatestRevisionDate"; Value = "17-Jul-2002"; VariantName = "[No Variations]"
Change component parameters (AddParameter): Name = "LatestRevisionNote"; Value = "Re-released for DXP Platform."; VariantName = "[No Variations]"
Change component parameters (AddParameter): Name = "PackageReference"; Value = "AXIAL-0.4"; VariantName = "[No Variations]"
Change component parameters (AddParameter): Name = "Published"; Value = "8-Jun-2000"; VariantName = "[No Variations]"
Change component parameters (AddParameter): Name = "Publisher"; Value = "Altium Limited"; VariantName = "[No Variations]"
Change component parameters (AddParameter): Name = "Value"; Value = "100k"; VariantName = "[No Variations]"
Change component parameters: Designator = "Rsen2_S5-S6" ("Rsen2"); Footprint = "RESC1005X40X25ML05T05"; UniqueID = "\VJDBKBLY\OLZTMRHK" ("\VJDBKBLY\OLZTMRHK")
Change component parameters (AddParameter): Name = "ComponentLink1Description"; Value = "https://nz.mouser.com/datasheet/2/315/AOA0000C304-1149620.pdf"; VariantName = "[No Variations]"
Change component parameters (AddParameter): Name = "LatestRevisionDate"; Value = "17-Jul-2002"; VariantName = "[No Variations]"
Change component parameters (AddParameter): Name = "LatestRevisionNote"; Value = "Re-released for DXP Platform."; VariantName = "[No Variations]"
Change component parameters (AddParameter): Name = "PackageReference"; Value = "AXIAL-0.4"; VariantName = "[No Variations]"
Change component parameters (AddParameter): Name = "Published"; Value = "8-Jun-2000"; VariantName = "[No Variations]"
Change component parameters (AddParameter): Name = "Publisher"; Value = "Altium Limited"; VariantName = "[No Variations]"
Change component parameters (AddParameter): Name = "Value"; Value = "100k"; VariantName = "[No Variations]"
Change component parameters: Designator = "VRef21" ("R15"); Footprint = "RESC3216X60X45ML15T20"; UniqueID = "\TGENARCW\WVRCILXF" ("\TGENARCW\WVRCILXF")
Change component parameters (AddParameter): Name = "Case/Package"; Value = "0402"; VariantName = "[No Variations]"
Change component parameters (AddParameter): Name = "Max Operating Temperature"; Value = "155°C"; VariantName = "[No Variations]"
Change component parameters (AddParameter): Name = "Min Operating Temperature"; Value = "-55°C"; VariantName = "[No Variations]"
Change component parameters (AddParameter): Name = "Mounting Technology"; Value = ""; VariantName = "[No Variations]"
Change component parameters (AddParameter): Name = "Pins"; Value = "2"; VariantName = "[No Variations]"
Change component parameters (AddParameter): Name = "Power"; Value = "63mW"; VariantName = "[No Variations]"
Change component parameters (AddParameter): Name = "RoHS Compliant"; Value = ""; VariantName = "[No Variations]"
Change component parameters (AddParameter): Name = "Tolerance"; Value = "1%"; VariantName = "[No Variations]"
Change component parameters (AddParameter): Name = "Value"; Value = "12k"; VariantName = "[No Variations]"
Change component parameters (AddParameter): Name = "Voltage Rating"; Value = ""; VariantName = "[No Variations]"
Added Member To Class: ClassName=S1-S2 Member=Component Rsen1_S1-S2 (Rsen1) Resistor 100k +/-1% 0402 63 mW
