Added Component: Designator=PhotoSensor1_S1(VEMT3700)
Added Component: Designator=PhotoSensor1_S2(VEMT3700)
Added Component: Designator=PhotoSensor1_S3(VEMT3700)
Added Component: Designator=PhotoSensor1_S4(VEMT3700)
Added Component: Designator=PhotoSensor1_S5(VEMT3700)
Added Component: Designator=PhotoSensor1_S6(VEMT3700)
Added Pin To Net: NetName=GND Pin=+5V-3
Added Pin To Net: NetName=GND Pin=+5V-4
Added Pin To Net: NetName=GND Pin=J13-3
Added Pin To Net: NetName=GND Pin=J18-1
Add Pin To Net: Unknown Pin: Pin Ramp1_S1-2
Add Pin To Net: Unknown Pin: Pin Ramp1_S2-2
Add Pin To Net: Unknown Pin: Pin Ramp1_S3-2
Add Pin To Net: Unknown Pin: Pin Ramp1_S4-2
Add Pin To Net: Unknown Pin: Pin Ramp1_S5-2
Add Pin To Net: Unknown Pin: Pin Ramp1_S6-2
Add Pin To Net: Unknown Pin: Pin Rhp2_S1-2
Add Pin To Net: Unknown Pin: Pin Rhp2_S2-2
Add Pin To Net: Unknown Pin: Pin Rhp2_S3-2
Add Pin To Net: Unknown Pin: Pin Rhp2_S4-2
Add Pin To Net: Unknown Pin: Pin Rhp2_S5-2
Add Pin To Net: Unknown Pin: Pin Rhp2_S6-2
Add Pin To Net: Unknown Pin: Pin Rsense_S1-2
Add Pin To Net: Unknown Pin: Pin Rsense_S2-2
Add Pin To Net: Unknown Pin: Pin Rsense_S3-2
Add Pin To Net: Unknown Pin: Pin Rsense_S4-2
Add Pin To Net: Unknown Pin: Pin Rsense_S5-2
Add Pin To Net: Unknown Pin: Pin Rsense_S6-2
Add Pin To Net: Unknown Pin: Pin VrefR2_S1-2
Add Pin To Net: Unknown Pin: Pin VrefR2_S2-2
Add Pin To Net: Unknown Pin: Pin VrefR2_S3-2
Add Pin To Net: Unknown Pin: Pin VrefR2_S4-2
Add Pin To Net: Unknown Pin: Pin VrefR2_S5-2
Add Pin To Net: Unknown Pin: Pin VrefR2_S6-2
Added Pin To Net: NetName=5V_S1 Pin=5V-1
Added Pin To Net: NetName=5V_S1 Pin=5V-2
Added Pin To Net: NetName=5V_S1 Pin=+5V-1
Added Pin To Net: NetName=5V_S1 Pin=+5V-2
Added Pin To Net: NetName=5V_S1 Pin=J13-8
Added Pin To Net: NetName=5V_S1 Pin=J13-9
Added Pin To Net: NetName=5V_S1 Pin=J18-6
Added Pin To Net: NetName=5V_S1 Pin=J18-7
Added Pin To Net: NetName=5V_S1 Pin=PhotoSensor1_S1-1
Added Pin To Net: NetName=5V_S1 Pin=PhotoSensor1_S2-1
Added Pin To Net: NetName=5V_S1 Pin=PhotoSensor1_S3-1
Added Pin To Net: NetName=5V_S1 Pin=PhotoSensor1_S4-1
Added Pin To Net: NetName=5V_S1 Pin=PhotoSensor1_S5-1
Added Pin To Net: NetName=5V_S1 Pin=PhotoSensor1_S6-1
Added Net: Name=5V_S1
Added Pin To Net: NetName=M1IN1 Pin=J13-5
Added Pin To Net: NetName=M1IN1 Pin=P3-6
Added Net: Name=M1IN1
Added Pin To Net: NetName=M1IN2 Pin=J13-4
Added Pin To Net: NetName=M1IN2 Pin=P3-5
Added Net: Name=M1IN2
Added Pin To Net: NetName=M1QA Pin=P15-2
Added Pin To Net: NetName=M1QA Pin=P15-8
Added Net: Name=M1QA
Added Pin To Net: NetName=M1QB Pin=P15-3
Added Pin To Net: NetName=M1QB Pin=P15-7
Added Net: Name=M1QB
Added Pin To Net: NetName=M2IN1 Pin=J18-3
Added Pin To Net: NetName=M2IN1 Pin=P12-3
Added Net: Name=M2IN1
Added Pin To Net: NetName=M2IN2 Pin=J18-2
Added Pin To Net: NetName=M2IN2 Pin=P12-4
Added Net: Name=M2IN2
Added Pin To Net: NetName=M2QA Pin=J18-9
Added Pin To Net: NetName=M2QA Pin=P0-1
Added Net: Name=M2QA
Added Pin To Net: NetName=M2QB Pin=J18-10
Added Pin To Net: NetName=M2QB Pin=P0-2
Added Net: Name=M2QB
Added Pin To Net: NetName=Net5V_3 Pin=5V-3
Added Pin To Net: NetName=Net5V_3 Pin=5V-4
Added Net: Name=Net5V_3
Added Pin To Net: NetName=NetHPC_S1_1 Pin=PhotoSensor1_S1-2
Added Net: Name=NetHPC_S1_1
Added Net: Name=NetHPC_S1_2
Added Pin To Net: NetName=NetHPC_S2_1 Pin=PhotoSensor1_S2-2
Added Net: Name=NetHPC_S2_1
Added Net: Name=NetHPC_S2_2
Added Pin To Net: NetName=NetHPC_S3_1 Pin=PhotoSensor1_S3-2
Added Net: Name=NetHPC_S3_1
Added Net: Name=NetHPC_S3_2
Added Pin To Net: NetName=NetHPC_S4_1 Pin=PhotoSensor1_S4-2
Added Net: Name=NetHPC_S4_1
Added Net: Name=NetHPC_S4_2
Added Pin To Net: NetName=NetHPC_S5_1 Pin=PhotoSensor1_S5-2
Added Net: Name=NetHPC_S5_1
Added Net: Name=NetHPC_S5_2
Added Pin To Net: NetName=NetHPC_S6_1 Pin=PhotoSensor1_S6-2
Added Net: Name=NetHPC_S6_1
Added Net: Name=NetHPC_S6_2
Added Net: Name=NetRamp1_S1_1
Added Net: Name=NetRamp1_S2_1
Added Net: Name=NetRamp1_S3_1
Added Net: Name=NetRamp1_S4_1
Added Net: Name=NetRamp1_S5_1
Added Net: Name=NetRamp1_S6_1
Added Net: Name=NetRamp2_S1_2
Added Net: Name=NetRamp2_S2_2
Added Net: Name=NetRamp2_S3_2
Added Net: Name=NetRamp2_S4_2
Added Net: Name=NetRamp2_S5_2
Added Net: Name=NetRamp2_S6_2
Added Net: Name=NetRcomp1_S1_1
Added Net: Name=NetRcomp1_S2_1
Added Net: Name=NetRcomp1_S3_1
Added Net: Name=NetRcomp1_S4_1
Added Net: Name=NetRcomp1_S5_1
Added Net: Name=NetRcomp1_S6_1
Added Net: Name=NetRhp1_S1_2
Added Net: Name=NetRhp1_S2_2
Added Net: Name=NetRhp1_S3_2
Added Net: Name=NetRhp1_S4_2
Added Net: Name=NetRhp1_S5_2
Added Net: Name=NetRhp1_S6_2
Added Net: Name=NetVamp_S1_2
Added Net: Name=NetVamp_S2_2
Added Net: Name=NetVamp_S3_2
Added Net: Name=NetVamp_S4_2
Added Net: Name=NetVamp_S5_2
Added Net: Name=NetVamp_S6_2
Added Net: Name=NetVcomp_S1_1
Added Net: Name=NetVcomp_S2_1
Added Net: Name=NetVcomp_S3_1
Added Net: Name=NetVcomp_S4_1
Added Net: Name=NetVcomp_S5_1
Added Net: Name=NetVcomp_S6_1
Added Pin To Net: NetName=S1Out Pin=P0-6
Added Net: Name=S1Out
Added Pin To Net: NetName=S2Out Pin=P0-7
Added Net: Name=S2Out
Added Pin To Net: NetName=S3Out Pin=P0-8
Added Net: Name=S3Out
Added Pin To Net: NetName=S4Out Pin=P1-3
Added Net: Name=S4Out
Added Pin To Net: NetName=S5Out Pin=P1-5
Added Net: Name=S5Out
Added Pin To Net: NetName=S6Out Pin=P1-6
Added Net: Name=S6Out
Added Class: Name=cs301_4---------------
Added Class: Name=S1
Added Class: Name=S2
Added Class: Name=S3
Added Class: Name=S4
Added Class: Name=S5
Added Class: Name=S6
Added Class: Name=SensorDesign
Added Room: Name=cs301_4---------------
