Change Component Footprint: Designator=VRamp2_S1 Old Footprint=AXIAL-0.4 New Footprint=0805 RES
Change Component Footprint: Designator=VRamp2_S2 Old Footprint=AXIAL-0.4 New Footprint=0805 RES
Change Component Footprint: Designator=VRamp2_S3 Old Footprint=AXIAL-0.4 New Footprint=0805 RES
Change Component Footprint: Designator=VRamp2_S4 Old Footprint=AXIAL-0.4 New Footprint=0805 RES
Change Component Footprint: Designator=VRamp2_S5 Old Footprint=AXIAL-0.4 New Footprint=0805 RES
Change Component Footprint: Designator=VRamp2_S6 Old Footprint=AXIAL-0.4 New Footprint=0805 RES
Change Component Comment : Designator=VRamp2_S1 Old Comment=220k New Comment=Res_SMT_0805
Change Component Comment : Designator=VRamp2_S2 Old Comment=220k New Comment=Res_SMT_0805
Change Component Comment : Designator=VRamp2_S3 Old Comment=220k New Comment=Res_SMT_0805
Change Component Comment : Designator=VRamp2_S4 Old Comment=220k New Comment=Res_SMT_0805
Change Component Comment : Designator=VRamp2_S5 Old Comment=220k New Comment=Res_SMT_0805
Change Component Comment : Designator=VRamp2_S6 Old Comment=220k New Comment=Res_SMT_0805
Change Managed Component Library Link : Designator=VRamp2_S1 Old VaultGUID= New VaultGUID=9B9C11B2-B205-4939-AC06-1ABE0D7277A8 Old ItemGUID= New ItemGUID=5E82CAD8-B756-47FD-9F59-B353AF49D2A9 Old RevisionGUID= New RevisionGUID=6DBE0C3B-5698-47D0-8F93-99B42BD830D4
Change Managed Component Library Link : Designator=VRamp2_S2 Old VaultGUID= New VaultGUID=9B9C11B2-B205-4939-AC06-1ABE0D7277A8 Old ItemGUID= New ItemGUID=5E82CAD8-B756-47FD-9F59-B353AF49D2A9 Old RevisionGUID= New RevisionGUID=6DBE0C3B-5698-47D0-8F93-99B42BD830D4
Change Managed Component Library Link : Designator=VRamp2_S3 Old VaultGUID= New VaultGUID=9B9C11B2-B205-4939-AC06-1ABE0D7277A8 Old ItemGUID= New ItemGUID=5E82CAD8-B756-47FD-9F59-B353AF49D2A9 Old RevisionGUID= New RevisionGUID=6DBE0C3B-5698-47D0-8F93-99B42BD830D4
Change Managed Component Library Link : Designator=VRamp2_S4 Old VaultGUID= New VaultGUID=9B9C11B2-B205-4939-AC06-1ABE0D7277A8 Old ItemGUID= New ItemGUID=5E82CAD8-B756-47FD-9F59-B353AF49D2A9 Old RevisionGUID= New RevisionGUID=6DBE0C3B-5698-47D0-8F93-99B42BD830D4
Change Managed Component Library Link : Designator=VRamp2_S5 Old VaultGUID= New VaultGUID=9B9C11B2-B205-4939-AC06-1ABE0D7277A8 Old ItemGUID= New ItemGUID=5E82CAD8-B756-47FD-9F59-B353AF49D2A9 Old RevisionGUID= New RevisionGUID=6DBE0C3B-5698-47D0-8F93-99B42BD830D4
Change Managed Component Library Link : Designator=VRamp2_S6 Old VaultGUID= New VaultGUID=9B9C11B2-B205-4939-AC06-1ABE0D7277A8 Old ItemGUID= New ItemGUID=5E82CAD8-B756-47FD-9F59-B353AF49D2A9 Old RevisionGUID= New RevisionGUID=6DBE0C3B-5698-47D0-8F93-99B42BD830D4
Change component parameters: Designator = "VRamp2_S1" ("VRamp2"); Footprint = "AXIAL-0.4"; UniqueID = "\WBJXUISC\YPUVBCNS" ("\WBJXUISC\YPUVBCNS")
Change component parameters (AddParameter): Name = "Component Type"; Value = "Standard"; VariantName = "[No Variations]"
Change component parameters (AddParameter): Name = "Design Item ID"; Value = "Res_SMT_0805"; VariantName = "[No Variations]"
Change component parameters (AddParameter): Name = "LatestRevisionDate"; Value = "17-Jul-2002"; VariantName = "[No Variations]"
Change component parameters (AddParameter): Name = "LatestRevisionNote"; Value = "Re-released for DXP Platform."; VariantName = "[No Variations]"
Change component parameters (AddParameter): Name = "PackageReference"; Value = "AXIAL-0.4"; VariantName = "[No Variations]"
Change component parameters (AddParameter): Name = "Pin Count"; Value = "2"; VariantName = "[No Variations]"
Change component parameters (AddParameter): Name = "Published"; Value = "8-Jun-2000"; VariantName = "[No Variations]"
Change component parameters (AddParameter): Name = "Publisher"; Value = "Altium Limited"; VariantName = "[No Variations]"
Change component parameters (AddParameter): Name = "Source"; Value = "EE209_SchLib.SchLib"; VariantName = "[No Variations]"
Change component parameters (AddParameter): Name = "Value"; Value = "220k"; VariantName = "[No Variations]"
Change component parameters: Designator = "VRamp2_S2" ("VRamp2"); Footprint = "AXIAL-0.4"; UniqueID = "\PJJZPIHH\YPUVBCNS" ("\PJJZPIHH\YPUVBCNS")
Change component parameters (AddParameter): Name = "Component Type"; Value = "Standard"; VariantName = "[No Variations]"
Change component parameters (AddParameter): Name = "Design Item ID"; Value = "Res_SMT_0805"; VariantName = "[No Variations]"
Change component parameters (AddParameter): Name = "LatestRevisionDate"; Value = "17-Jul-2002"; VariantName = "[No Variations]"
Change component parameters (AddParameter): Name = "LatestRevisionNote"; Value = "Re-released for DXP Platform."; VariantName = "[No Variations]"
Change component parameters (AddParameter): Name = "PackageReference"; Value = "AXIAL-0.4"; VariantName = "[No Variations]"
Change component parameters (AddParameter): Name = "Pin Count"; Value = "2"; VariantName = "[No Variations]"
Change component parameters (AddParameter): Name = "Published"; Value = "8-Jun-2000"; VariantName = "[No Variations]"
Change component parameters (AddParameter): Name = "Publisher"; Value = "Altium Limited"; VariantName = "[No Variations]"
Change component parameters (AddParameter): Name = "Source"; Value = "EE209_SchLib.SchLib"; VariantName = "[No Variations]"
Change component parameters (AddParameter): Name = "Value"; Value = "220k"; VariantName = "[No Variations]"
Change component parameters: Designator = "VRamp2_S3" ("VRamp2"); Footprint = "AXIAL-0.4"; UniqueID = "\LQQOXJFY\YPUVBCNS" ("\LQQOXJFY\YPUVBCNS")
Change component parameters (AddParameter): Name = "Component Type"; Value = "Standard"; VariantName = "[No Variations]"
Change component parameters (AddParameter): Name = "Design Item ID"; Value = "Res_SMT_0805"; VariantName = "[No Variations]"
Change component parameters (AddParameter): Name = "LatestRevisionDate"; Value = "17-Jul-2002"; VariantName = "[No Variations]"
Change component parameters (AddParameter): Name = "LatestRevisionNote"; Value = "Re-released for DXP Platform."; VariantName = "[No Variations]"
Change component parameters (AddParameter): Name = "PackageReference"; Value = "AXIAL-0.4"; VariantName = "[No Variations]"
Change component parameters (AddParameter): Name = "Pin Count"; Value = "2"; VariantName = "[No Variations]"
Change component parameters (AddParameter): Name = "Published"; Value = "8-Jun-2000"; VariantName = "[No Variations]"
Change component parameters (AddParameter): Name = "Publisher"; Value = "Altium Limited"; VariantName = "[No Variations]"
Change component parameters (AddParameter): Name = "Source"; Value = "EE209_SchLib.SchLib"; VariantName = "[No Variations]"
Change component parameters (AddParameter): Name = "Value"; Value = "220k"; VariantName = "[No Variations]"
Change component parameters: Designator = "VRamp2_S4" ("VRamp2"); Footprint = "AXIAL-0.4"; UniqueID = "\FQLJHQWN\YPUVBCNS" ("\FQLJHQWN\YPUVBCNS")
Change component parameters (AddParameter): Name = "Component Type"; Value = "Standard"; VariantName = "[No Variations]"
Change component parameters (AddParameter): Name = "Design Item ID"; Value = "Res_SMT_0805"; VariantName = "[No Variations]"
Change component parameters (AddParameter): Name = "LatestRevisionDate"; Value = "17-Jul-2002"; VariantName = "[No Variations]"
Change component parameters (AddParameter): Name = "LatestRevisionNote"; Value = "Re-released for DXP Platform."; VariantName = "[No Variations]"
Change component parameters (AddParameter): Name = "PackageReference"; Value = "AXIAL-0.4"; VariantName = "[No Variations]"
Change component parameters (AddParameter): Name = "Pin Count"; Value = "2"; VariantName = "[No Variations]"
Change component parameters (AddParameter): Name = "Published"; Value = "8-Jun-2000"; VariantName = "[No Variations]"
Change component parameters (AddParameter): Name = "Publisher"; Value = "Altium Limited"; VariantName = "[No Variations]"
Change component parameters (AddParameter): Name = "Source"; Value = "EE209_SchLib.SchLib"; VariantName = "[No Variations]"
Change component parameters (AddParameter): Name = "Value"; Value = "220k"; VariantName = "[No Variations]"
Change component parameters: Designator = "VRamp2_S5" ("VRamp2"); Footprint = "AXIAL-0.4"; UniqueID = "\OBBHFELX\YPUVBCNS" ("\OBBHFELX\YPUVBCNS")
Change component parameters (AddParameter): Name = "Component Type"; Value = "Standard"; VariantName = "[No Variations]"
Change component parameters (AddParameter): Name = "Design Item ID"; Value = "Res_SMT_0805"; VariantName = "[No Variations]"
Change component parameters (AddParameter): Name = "LatestRevisionDate"; Value = "17-Jul-2002"; VariantName = "[No Variations]"
Change component parameters (AddParameter): Name = "LatestRevisionNote"; Value = "Re-released for DXP Platform."; VariantName = "[No Variations]"
Change component parameters (AddParameter): Name = "PackageReference"; Value = "AXIAL-0.4"; VariantName = "[No Variations]"
Change component parameters (AddParameter): Name = "Pin Count"; Value = "2"; VariantName = "[No Variations]"
Change component parameters (AddParameter): Name = "Published"; Value = "8-Jun-2000"; VariantName = "[No Variations]"
Change component parameters (AddParameter): Name = "Publisher"; Value = "Altium Limited"; VariantName = "[No Variations]"
Change component parameters (AddParameter): Name = "Source"; Value = "EE209_SchLib.SchLib"; VariantName = "[No Variations]"
Change component parameters (AddParameter): Name = "Value"; Value = "220k"; VariantName = "[No Variations]"
Change component parameters: Designator = "VRamp2_S6" ("VRamp2"); Footprint = "AXIAL-0.4"; UniqueID = "\YZARHIDP\YPUVBCNS" ("\YZARHIDP\YPUVBCNS")
Change component parameters (AddParameter): Name = "Component Type"; Value = "Standard"; VariantName = "[No Variations]"
Change component parameters (AddParameter): Name = "Design Item ID"; Value = "Res_SMT_0805"; VariantName = "[No Variations]"
Change component parameters (AddParameter): Name = "LatestRevisionDate"; Value = "17-Jul-2002"; VariantName = "[No Variations]"
Change component parameters (AddParameter): Name = "LatestRevisionNote"; Value = "Re-released for DXP Platform."; VariantName = "[No Variations]"
Change component parameters (AddParameter): Name = "PackageReference"; Value = "AXIAL-0.4"; VariantName = "[No Variations]"
Change component parameters (AddParameter): Name = "Pin Count"; Value = "2"; VariantName = "[No Variations]"
Change component parameters (AddParameter): Name = "Published"; Value = "8-Jun-2000"; VariantName = "[No Variations]"
Change component parameters (AddParameter): Name = "Publisher"; Value = "Altium Limited"; VariantName = "[No Variations]"
Change component parameters (AddParameter): Name = "Source"; Value = "EE209_SchLib.SchLib"; VariantName = "[No Variations]"
Change component parameters (AddParameter): Name = "Value"; Value = "220k"; VariantName = "[No Variations]"
