Removed Pin From Net: NetName=NetC_S1_2 Pin=Vamp1_S1-3
Removed Pin From Net: NetName=GND Pin=Vamp1_S1-4
Removed Pin From Net: NetName=5V_S1 Pin=Vamp1_S1-8
Removed Pin From Net: NetName=NetC_S2_2 Pin=Vamp1_S2-3
Removed Pin From Net: NetName=GND Pin=Vamp1_S2-4
Removed Pin From Net: NetName=5V_S1 Pin=Vamp1_S2-8
Removed Pin From Net: NetName=NetC_S3_2 Pin=Vamp1_S3-3
Removed Pin From Net: NetName=GND Pin=Vamp1_S3-4
Removed Pin From Net: NetName=5V_S1 Pin=Vamp1_S3-8
Removed Pin From Net: NetName=NetC_S4_2 Pin=Vamp1_S4-3
Removed Pin From Net: NetName=GND Pin=Vamp1_S4-4
Removed Pin From Net: NetName=5V_S1 Pin=Vamp1_S4-8
Removed Pin From Net: NetName=NetC_S5_2 Pin=Vamp1_S5-3
Removed Pin From Net: NetName=GND Pin=Vamp1_S5-4
Removed Pin From Net: NetName=5V_S1 Pin=Vamp1_S5-8
Removed Pin From Net: NetName=NetC_S6_2 Pin=Vamp1_S6-3
Removed Pin From Net: NetName=GND Pin=Vamp1_S6-4
Removed Pin From Net: NetName=5V_S1 Pin=Vamp1_S6-8
Removed Member From Class: ClassName=S1 Member=Vamp1_S1
Removed Member From Class: ClassName=S2 Member=Vamp1_S2
Removed Member From Class: ClassName=S3 Member=Vamp1_S3
Removed Member From Class: ClassName=S4 Member=Vamp1_S4
Removed Member From Class: ClassName=S5 Member=Vamp1_S5
Removed Member From Class: ClassName=S6 Member=Vamp1_S6
Change Component Designator: OldDesignator=Vcomp_S1 NewDesignator=Op_S1
Change Component Designator: OldDesignator=Vcomp_S2 NewDesignator=Op_S2
Change Component Designator: OldDesignator=Vcomp_S3 NewDesignator=Op_S3
Change Component Designator: OldDesignator=Vcomp_S4 NewDesignator=Op_S4
Change Component Designator: OldDesignator=Vcomp_S5 NewDesignator=Op_S5
Change Component Designator: OldDesignator=Vcomp_S6 NewDesignator=Op_S6
Added Pin To Net: NetName=NetC_S1_2 Pin=Op_S1-3
Added Pin To Net: NetName=GND Pin=Op_S1-4
Added Pin To Net: NetName=5V_S1 Pin=Op_S1-8
Added Pin To Net: NetName=NetC_S2_2 Pin=Op_S2-3
Added Pin To Net: NetName=GND Pin=Op_S2-4
Added Pin To Net: NetName=5V_S1 Pin=Op_S2-8
Added Pin To Net: NetName=NetC_S3_2 Pin=Op_S3-3
Added Pin To Net: NetName=GND Pin=Op_S3-4
Added Pin To Net: NetName=5V_S1 Pin=Op_S3-8
Added Pin To Net: NetName=NetC_S4_2 Pin=Op_S4-3
Added Pin To Net: NetName=GND Pin=Op_S4-4
Added Pin To Net: NetName=5V_S1 Pin=Op_S4-8
Added Pin To Net: NetName=NetC_S5_2 Pin=Op_S5-3
Added Pin To Net: NetName=GND Pin=Op_S5-4
Added Pin To Net: NetName=5V_S1 Pin=Op_S5-8
Added Pin To Net: NetName=NetC_S6_2 Pin=Op_S6-3
Added Pin To Net: NetName=GND Pin=Op_S6-4
Added Pin To Net: NetName=5V_S1 Pin=Op_S6-8
Change Net Name : Old Net Name=NetVcomp_S1_6 New Net Name=NetOp_S1_6
Change Net Name : Old Net Name=NetVcomp_S2_6 New Net Name=NetOp_S2_6
Change Net Name : Old Net Name=NetVcomp_S3_6 New Net Name=NetOp_S3_6
Change Net Name : Old Net Name=NetVcomp_S4_6 New Net Name=NetOp_S4_6
Change Net Name : Old Net Name=NetVcomp_S5_6 New Net Name=NetOp_S5_6
Change Net Name : Old Net Name=NetVcomp_S6_6 New Net Name=NetOp_S6_6
Added Pin To Net: NetName=NetOp_S1_1 Pin=Op_S1-1
Added Pin To Net: NetName=NetOp_S1_1 Pin=Op_S1-5
Added Pin To Net: NetName=NetOp_S1_1 Pin=VRamp2_S1-2
Added Net: Name=NetOp_S1_1
Added Pin To Net: NetName=NetOp_S1_2 Pin=Op_S1-2
Added Pin To Net: NetName=NetOp_S1_2 Pin=VRamp1_S1-1
Added Pin To Net: NetName=NetOp_S1_2 Pin=VRamp2_S1-1
Added Net: Name=NetOp_S1_2
Added Pin To Net: NetName=NetOp_S2_1 Pin=Op_S2-1
Added Pin To Net: NetName=NetOp_S2_1 Pin=Op_S2-5
Added Pin To Net: NetName=NetOp_S2_1 Pin=VRamp2_S2-2
Added Net: Name=NetOp_S2_1
Added Pin To Net: NetName=NetOp_S2_2 Pin=Op_S2-2
Added Pin To Net: NetName=NetOp_S2_2 Pin=VRamp1_S2-1
Added Pin To Net: NetName=NetOp_S2_2 Pin=VRamp2_S2-1
Added Net: Name=NetOp_S2_2
Added Pin To Net: NetName=NetOp_S3_1 Pin=Op_S3-1
Added Pin To Net: NetName=NetOp_S3_1 Pin=Op_S3-5
Added Pin To Net: NetName=NetOp_S3_1 Pin=VRamp2_S3-2
Added Net: Name=NetOp_S3_1
Added Pin To Net: NetName=NetOp_S3_2 Pin=Op_S3-2
Added Pin To Net: NetName=NetOp_S3_2 Pin=VRamp1_S3-1
Added Pin To Net: NetName=NetOp_S3_2 Pin=VRamp2_S3-1
Added Net: Name=NetOp_S3_2
Added Pin To Net: NetName=NetOp_S4_1 Pin=Op_S4-1
Added Pin To Net: NetName=NetOp_S4_1 Pin=Op_S4-5
Added Pin To Net: NetName=NetOp_S4_1 Pin=VRamp2_S4-2
Added Net: Name=NetOp_S4_1
Added Pin To Net: NetName=NetOp_S4_2 Pin=Op_S4-2
Added Pin To Net: NetName=NetOp_S4_2 Pin=VRamp1_S4-1
Added Pin To Net: NetName=NetOp_S4_2 Pin=VRamp2_S4-1
Added Net: Name=NetOp_S4_2
Added Pin To Net: NetName=NetOp_S5_1 Pin=Op_S5-1
Added Pin To Net: NetName=NetOp_S5_1 Pin=Op_S5-5
Added Pin To Net: NetName=NetOp_S5_1 Pin=VRamp2_S5-2
Added Net: Name=NetOp_S5_1
Added Pin To Net: NetName=NetOp_S5_2 Pin=Op_S5-2
Added Pin To Net: NetName=NetOp_S5_2 Pin=VRamp1_S5-1
Added Pin To Net: NetName=NetOp_S5_2 Pin=VRamp2_S5-1
Added Net: Name=NetOp_S5_2
Added Pin To Net: NetName=NetOp_S6_1 Pin=Op_S6-1
Added Pin To Net: NetName=NetOp_S6_1 Pin=Op_S6-5
Added Pin To Net: NetName=NetOp_S6_1 Pin=VRamp2_S6-2
Added Net: Name=NetOp_S6_1
Added Pin To Net: NetName=NetOp_S6_2 Pin=Op_S6-2
Added Pin To Net: NetName=NetOp_S6_2 Pin=VRamp1_S6-1
Added Pin To Net: NetName=NetOp_S6_2 Pin=VRamp2_S6-1
Added Net: Name=NetOp_S6_2
