Removed Pin From Net: NetName=S1Out Pin=Oa12_S1-S2-7
Removed Pin From Net: NetName=S2Out Pin=Oa12_S1-S2-14
Removed Pin From Net: NetName=S3Out Pin=Oa12_S3-S4-7
Removed Pin From Net: NetName=S4Out Pin=Oa12_S3-S4-14
Removed Pin From Net: NetName=S5Out Pin=Oa12_S5-S6-7
Removed Pin From Net: NetName=S6Out Pin=Oa12_S5-S6-14
Removed Pin From Net: NetName=5V_S1-S2 Pin=Qsense1_S1-S2-1
Removed Pin From Net: NetName=5V_S1-S2 Pin=Qsense1_S3-S4-1
Removed Pin From Net: NetName=5V_S1-S2 Pin=Qsense1_S5-S6-1
Removed Pin From Net: NetName=GND Pin=R1_S1-S2-1
Removed Pin From Net: NetName=GND Pin=R1_S3-S4-1
Removed Pin From Net: NetName=GND Pin=R1_S5-S6-1
Removed Pin From Net: NetName=5V_S1-S2 Pin=R3_S1-S2-1
Removed Pin From Net: NetName=5V_S1-S2 Pin=R3_S3-S4-1
Removed Pin From Net: NetName=5V_S1-S2 Pin=R3_S5-S6-1
Removed Pin From Net: NetName=GND Pin=R5_S1-S2-2
Removed Pin From Net: NetName=GND Pin=R5_S3-S4-2
Removed Pin From Net: NetName=GND Pin=R5_S5-S6-2
Removed Pin From Net: NetName=GND Pin=R11_S1-S2-1
Removed Pin From Net: NetName=GND Pin=R11_S3-S4-1
Removed Pin From Net: NetName=GND Pin=R11_S5-S6-1
Removed Pin From Net: NetName=5V_S1-S2 Pin=R14_S1-S2-1
Removed Pin From Net: NetName=5V_S1-S2 Pin=R14_S3-S4-1
Removed Pin From Net: NetName=5V_S1-S2 Pin=R14_S5-S6-1
Removed Pin From Net: NetName=GND Pin=R15_S1-S2-2
Removed Pin From Net: NetName=GND Pin=R15_S3-S4-2
Removed Pin From Net: NetName=GND Pin=R15_S5-S6-2
Removed Pin From Net: NetName=GND Pin=Rhp1_S1-S2-2
Removed Pin From Net: NetName=GND Pin=Rhp1_S3-S4-2
Removed Pin From Net: NetName=GND Pin=Rhp1_S5-S6-2
Removed Pin From Net: NetName=GND Pin=Rsen1_S1-S2-2
Removed Pin From Net: NetName=GND Pin=Rsen1_S3-S4-2
Removed Pin From Net: NetName=GND Pin=Rsen1_S5-S6-2
Removed Member From Class: ClassName=S1-S2 Member=Chp1_S1-S2
Removed Member From Class: ClassName=S3-S4 Member=Chp1_S3-S4
Removed Member From Class: ClassName=S5-S6 Member=Chp1_S5-S6
Removed Member From Class: ClassName=S1-S2 Member=Qsense1_S1-S2
Removed Member From Class: ClassName=S3-S4 Member=Qsense1_S3-S4
Removed Member From Class: ClassName=S5-S6 Member=Qsense1_S5-S6
Removed Member From Class: ClassName=S1-S2 Member=R1_S1-S2
Removed Member From Class: ClassName=S3-S4 Member=R1_S3-S4
Removed Member From Class: ClassName=S5-S6 Member=R1_S5-S6
Removed Member From Class: ClassName=S1-S2 Member=R2_S1-S2
Removed Member From Class: ClassName=S3-S4 Member=R2_S3-S4
Removed Member From Class: ClassName=S5-S6 Member=R2_S5-S6
Removed Member From Class: ClassName=S1-S2 Member=R3_S1-S2
Removed Member From Class: ClassName=S3-S4 Member=R3_S3-S4
Removed Member From Class: ClassName=S5-S6 Member=R3_S5-S6
Removed Member From Class: ClassName=S1-S2 Member=R5_S1-S2
Removed Member From Class: ClassName=S3-S4 Member=R5_S3-S4
Removed Member From Class: ClassName=S5-S6 Member=R5_S5-S6
Removed Member From Class: ClassName=S1-S2 Member=R11_S1-S2
Removed Member From Class: ClassName=S3-S4 Member=R11_S3-S4
Removed Member From Class: ClassName=S5-S6 Member=R11_S5-S6
Removed Member From Class: ClassName=S1-S2 Member=R14_S1-S2
Removed Member From Class: ClassName=S3-S4 Member=R14_S3-S4
Removed Member From Class: ClassName=S5-S6 Member=R14_S5-S6
Removed Member From Class: ClassName=S3-S4 Member=R15_S3-S4
Removed Member From Class: ClassName=S5-S6 Member=R15_S5-S6
Removed Member From Class: ClassName=S1-S2 Member=Rhp1_S1-S2
Removed Member From Class: ClassName=S3-S4 Member=Rhp1_S3-S4
Removed Member From Class: ClassName=S5-S6 Member=Rhp1_S5-S6
Removed Member From Class: ClassName=S1-S2 Member=Rsen1_S1-S2
Removed Member From Class: ClassName=S3-S4 Member=Rsen1_S3-S4
Removed Member From Class: ClassName=S5-S6 Member=Rsen1_S5-S6
Change Component Footprint: Designator=Chp2_S1-S2 Old Footprint=CAPC0603(1608)100_L New Footprint=0805 CAP
Change Component Footprint: Designator=Chp2_S3-S4 Old Footprint=CAPC0603(1608)100_L New Footprint=0805 CAP
Change Component Footprint: Designator=Chp2_S5-S6 Old Footprint=CAPC0603(1608)100_L New Footprint=0805 CAP
Change Component Footprint: Designator=Rhp2_S1-S2 Old Footprint=RESC0402(1005)_L New Footprint=0805 RES
Change Component Footprint: Designator=Rhp2_S3-S4 Old Footprint=RESC0402(1005)_L New Footprint=0805 RES
Change Component Footprint: Designator=Rhp2_S5-S6 Old Footprint=RESC0402(1005)_L New Footprint=0805 RES
Change Component Footprint: Designator=R12_S1-S2 Old Footprint=RESC0402(1005)_L New Footprint=AXIAL-0.4
Change Component Footprint: Designator=R12_S3-S4 Old Footprint=RESC0402(1005)_L New Footprint=AXIAL-0.4
Change Component Footprint: Designator=R12_S5-S6 Old Footprint=RESC0402(1005)_L New Footprint=AXIAL-0.4
Change Component Comment : Designator=Chp2_S1-S2 Old Comment=Capacitor 470nF +/-20% 25V 0603 New Comment=680n
Change Component Comment : Designator=Chp2_S3-S4 Old Comment=Capacitor 470nF +/-20% 25V 0603 New Comment=680n
Change Component Comment : Designator=Chp2_S5-S6 Old Comment=Capacitor 470nF +/-20% 25V 0603 New Comment=680n
Change Component Comment : Designator=Rhp2_S1-S2 Old Comment=Resistor 2K +/-5 % 0402 63 mW New Comment=2k
Change Component Comment : Designator=Rhp2_S3-S4 Old Comment=Resistor 2K +/-5 % 0402 63 mW New Comment=2k
Change Component Comment : Designator=Rhp2_S5-S6 Old Comment=Resistor 2K +/-5 % 0402 63 mW New Comment=2k
Change Component Comment : Designator=R12_S1-S2 Old Comment=Resistor 200K +/-1 % 0402 63 mW New Comment=220k
Change Component Comment : Designator=R12_S3-S4 Old Comment=Resistor 200K +/-1 % 0402 63 mW New Comment=220k
Change Component Comment : Designator=R12_S5-S6 Old Comment=Resistor 200K +/-1 % 0402 63 mW New Comment=220k
Change Component Designator: OldDesignator=Chp2_S1-S2 NewDesignator=C_S1-S2
Change Component Designator: OldDesignator=Chp2_S3-S4 NewDesignator=C_S3-S4
Change Component Designator: OldDesignator=Chp2_S5-S6 NewDesignator=C_S5-S6
Change Component Designator: OldDesignator=R12_S1-S2 NewDesignator=VRamp2_S1-S2
Change Component Designator: OldDesignator=R12_S3-S4 NewDesignator=VRamp2_S3-S4
Change Component Designator: OldDesignator=R12_S5-S6 NewDesignator=VRamp2_S5-S6
Change Managed Component Library Link : Designator=C_S1-S2 Old VaultGUID=9B9C11B2-B205-4939-AC06-1ABE0D7277A8 New VaultGUID= Old ItemGUID=38019439-2283-4356-B4C0-0C50A5CB3B8B New ItemGUID= Old RevisionGUID=9AF8D6F1-9C4C-4794-84D1-451080BE68ED New RevisionGUID=
Change Managed Component Library Link : Designator=C_S3-S4 Old VaultGUID=9B9C11B2-B205-4939-AC06-1ABE0D7277A8 New VaultGUID= Old ItemGUID=38019439-2283-4356-B4C0-0C50A5CB3B8B New ItemGUID= Old RevisionGUID=9AF8D6F1-9C4C-4794-84D1-451080BE68ED New RevisionGUID=
Change Managed Component Library Link : Designator=C_S5-S6 Old VaultGUID=9B9C11B2-B205-4939-AC06-1ABE0D7277A8 New VaultGUID= Old ItemGUID=38019439-2283-4356-B4C0-0C50A5CB3B8B New ItemGUID= Old RevisionGUID=9AF8D6F1-9C4C-4794-84D1-451080BE68ED New RevisionGUID=
Change Managed Component Library Link : Designator=VRamp2_S1-S2 Old VaultGUID=9B9C11B2-B205-4939-AC06-1ABE0D7277A8 New VaultGUID= Old ItemGUID=57040056-3DB1-4C56-81DD-854F5BA2C118 New ItemGUID= Old RevisionGUID=78F1235C-6E50-48D1-89EC-F62BD2934F3F New RevisionGUID=
Change Managed Component Library Link : Designator=VRamp2_S3-S4 Old VaultGUID=9B9C11B2-B205-4939-AC06-1ABE0D7277A8 New VaultGUID= Old ItemGUID=57040056-3DB1-4C56-81DD-854F5BA2C118 New ItemGUID= Old RevisionGUID=78F1235C-6E50-48D1-89EC-F62BD2934F3F New RevisionGUID=
Change Managed Component Library Link : Designator=VRamp2_S5-S6 Old VaultGUID=9B9C11B2-B205-4939-AC06-1ABE0D7277A8 New VaultGUID= Old ItemGUID=57040056-3DB1-4C56-81DD-854F5BA2C118 New ItemGUID= Old RevisionGUID=78F1235C-6E50-48D1-89EC-F62BD2934F3F New RevisionGUID=
Change Managed Component Library Link : Designator=Rhp2_S1-S2 Old VaultGUID=9B9C11B2-B205-4939-AC06-1ABE0D7277A8 New VaultGUID= Old ItemGUID=F5386770-65E9-42B8-8DAB-FE3EA96EB00F New ItemGUID= Old RevisionGUID=EF32A612-9A4F-4C4B-9F0E-218A83DFAEFF New RevisionGUID=
Change Managed Component Library Link : Designator=Rhp2_S3-S4 Old VaultGUID=9B9C11B2-B205-4939-AC06-1ABE0D7277A8 New VaultGUID= Old ItemGUID=F5386770-65E9-42B8-8DAB-FE3EA96EB00F New ItemGUID= Old RevisionGUID=EF32A612-9A4F-4C4B-9F0E-218A83DFAEFF New RevisionGUID=
Change Managed Component Library Link : Designator=Rhp2_S5-S6 Old VaultGUID=9B9C11B2-B205-4939-AC06-1ABE0D7277A8 New VaultGUID= Old ItemGUID=F5386770-65E9-42B8-8DAB-FE3EA96EB00F New ItemGUID= Old RevisionGUID=EF32A612-9A4F-4C4B-9F0E-218A83DFAEFF New RevisionGUID=
Change component parameters: Designator = "Chp2_S1-S2" ("C"); Footprint = "CAPC0603(1608)100_L"; UniqueID = "\TGENARCW\WIJFVTPA" ("\TGENARCW\WIJFVTPA")
Change component parameters (AddParameter): Name = "Value"; Value = "680n"; VariantName = "[No Variations]"
Change component parameters: Designator = "Chp2_S3-S4" ("C"); Footprint = "CAPC0603(1608)100_L"; UniqueID = "\SOJBSMZO\WIJFVTPA" ("\SOJBSMZO\WIJFVTPA")
Change component parameters (AddParameter): Name = "Value"; Value = "680n"; VariantName = "[No Variations]"
Change component parameters: Designator = "Chp2_S5-S6" ("C"); Footprint = "CAPC0603(1608)100_L"; UniqueID = "\VJDBKBLY\WIJFVTPA" ("\VJDBKBLY\WIJFVTPA")
Change component parameters (AddParameter): Name = "Value"; Value = "680n"; VariantName = "[No Variations]"
Change component parameters: Designator = "R12_S1-S2" ("VRamp2"); Footprint = "RESC0402(1005)_L"; UniqueID = "\TGENARCW\ZHDGNQTH" ("\TGENARCW\ZHDGNQTH")
Change component parameters (AddParameter): Name = "ComponentLink1Description"; Value = "http://www.royalohm.com/pdf/product2017/PrecisionMetalMF.pdf"; VariantName = "[No Variations]"
Change component parameters (AddParameter): Name = "LatestRevisionDate"; Value = "17-Jul-2002"; VariantName = "[No Variations]"
Change component parameters (AddParameter): Name = "LatestRevisionNote"; Value = "Re-released for DXP Platform."; VariantName = "[No Variations]"
Change component parameters (AddParameter): Name = "PackageReference"; Value = "AXIAL-0.4"; VariantName = "[No Variations]"
Change component parameters (AddParameter): Name = "Published"; Value = "8-Jun-2000"; VariantName = "[No Variations]"
Change component parameters (AddParameter): Name = "Publisher"; Value = "Altium Limited"; VariantName = "[No Variations]"
Change component parameters (AddParameter): Name = "Value"; Value = "220k"; VariantName = "[No Variations]"
Change component parameters: Designator = "R12_S3-S4" ("VRamp2"); Footprint = "RESC0402(1005)_L"; UniqueID = "\SOJBSMZO\ZHDGNQTH" ("\SOJBSMZO\ZHDGNQTH")
Change component parameters (AddParameter): Name = "ComponentLink1Description"; Value = "http://www.royalohm.com/pdf/product2017/PrecisionMetalMF.pdf"; VariantName = "[No Variations]"
Change component parameters (AddParameter): Name = "LatestRevisionDate"; Value = "17-Jul-2002"; VariantName = "[No Variations]"
Change component parameters (AddParameter): Name = "LatestRevisionNote"; Value = "Re-released for DXP Platform."; VariantName = "[No Variations]"
Change component parameters (AddParameter): Name = "PackageReference"; Value = "AXIAL-0.4"; VariantName = "[No Variations]"
Change component parameters (AddParameter): Name = "Published"; Value = "8-Jun-2000"; VariantName = "[No Variations]"
Change component parameters (AddParameter): Name = "Publisher"; Value = "Altium Limited"; VariantName = "[No Variations]"
Change component parameters (AddParameter): Name = "Value"; Value = "220k"; VariantName = "[No Variations]"
Change component parameters: Designator = "R12_S5-S6" ("VRamp2"); Footprint = "RESC0402(1005)_L"; UniqueID = "\VJDBKBLY\ZHDGNQTH" ("\VJDBKBLY\ZHDGNQTH")
Change component parameters (AddParameter): Name = "ComponentLink1Description"; Value = "http://www.royalohm.com/pdf/product2017/PrecisionMetalMF.pdf"; VariantName = "[No Variations]"
Change component parameters (AddParameter): Name = "LatestRevisionDate"; Value = "17-Jul-2002"; VariantName = "[No Variations]"
Change component parameters (AddParameter): Name = "LatestRevisionNote"; Value = "Re-released for DXP Platform."; VariantName = "[No Variations]"
Change component parameters (AddParameter): Name = "PackageReference"; Value = "AXIAL-0.4"; VariantName = "[No Variations]"
Change component parameters (AddParameter): Name = "Published"; Value = "8-Jun-2000"; VariantName = "[No Variations]"
Change component parameters (AddParameter): Name = "Publisher"; Value = "Altium Limited"; VariantName = "[No Variations]"
Change component parameters (AddParameter): Name = "Value"; Value = "220k"; VariantName = "[No Variations]"
Change component parameters: Designator = "Rhp2_S1-S2" ("Rhp2"); Footprint = "RESC0402(1005)_L"; UniqueID = "\TGENARCW\LGIQKBJD" ("\TGENARCW\LGIQKBJD")
Change component parameters (AddParameter): Name = "ComponentLink1Description"; Value = "https://nz.mouser.com/datasheet/2/315/AOA0000C304-1149620.pdf"; VariantName = "[No Variations]"
Change component parameters (AddParameter): Name = "LatestRevisionDate"; Value = "17-Jul-2002"; VariantName = "[No Variations]"
Change component parameters (AddParameter): Name = "LatestRevisionNote"; Value = "Re-released for DXP Platform."; VariantName = "[No Variations]"
Change component parameters (AddParameter): Name = "PackageReference"; Value = "AXIAL-0.4"; VariantName = "[No Variations]"
Change component parameters (AddParameter): Name = "Published"; Value = "8-Jun-2000"; VariantName = "[No Variations]"
Change component parameters (AddParameter): Name = "Publisher"; Value = "Altium Limited"; VariantName = "[No Variations]"
Change component parameters (AddParameter): Name = "Value"; Value = "2k"; VariantName = "[No Variations]"
Change component parameters: Designator = "Rhp2_S3-S4" ("Rhp2"); Footprint = "RESC0402(1005)_L"; UniqueID = "\SOJBSMZO\LGIQKBJD" ("\SOJBSMZO\LGIQKBJD")
Change component parameters (AddParameter): Name = "ComponentLink1Description"; Value = "https://nz.mouser.com/datasheet/2/315/AOA0000C304-1149620.pdf"; VariantName = "[No Variations]"
Change component parameters (AddParameter): Name = "LatestRevisionDate"; Value = "17-Jul-2002"; VariantName = "[No Variations]"
Change component parameters (AddParameter): Name = "LatestRevisionNote"; Value = "Re-released for DXP Platform."; VariantName = "[No Variations]"
Change component parameters (AddParameter): Name = "PackageReference"; Value = "AXIAL-0.4"; VariantName = "[No Variations]"
Change component parameters (AddParameter): Name = "Published"; Value = "8-Jun-2000"; VariantName = "[No Variations]"
Change component parameters (AddParameter): Name = "Publisher"; Value = "Altium Limited"; VariantName = "[No Variations]"
Change component parameters (AddParameter): Name = "Value"; Value = "2k"; VariantName = "[No Variations]"
Change component parameters: Designator = "Rhp2_S5-S6" ("Rhp2"); Footprint = "RESC0402(1005)_L"; UniqueID = "\VJDBKBLY\LGIQKBJD" ("\VJDBKBLY\LGIQKBJD")
Change component parameters (AddParameter): Name = "ComponentLink1Description"; Value = "https://nz.mouser.com/datasheet/2/315/AOA0000C304-1149620.pdf"; VariantName = "[No Variations]"
Change component parameters (AddParameter): Name = "LatestRevisionDate"; Value = "17-Jul-2002"; VariantName = "[No Variations]"
Change component parameters (AddParameter): Name = "LatestRevisionNote"; Value = "Re-released for DXP Platform."; VariantName = "[No Variations]"
Change component parameters (AddParameter): Name = "PackageReference"; Value = "AXIAL-0.4"; VariantName = "[No Variations]"
Change component parameters (AddParameter): Name = "Published"; Value = "8-Jun-2000"; VariantName = "[No Variations]"
Change component parameters (AddParameter): Name = "Publisher"; Value = "Altium Limited"; VariantName = "[No Variations]"
Change component parameters (AddParameter): Name = "Value"; Value = "2k"; VariantName = "[No Variations]"
Added Component: Designator=Vamp1_S1-S2(SO - 8)
Add component (AddParameter): Name = "ComponentLink1Description"; Value = "http://www.ti.com/lit/ds/symlink/tlc080a.pdf"; VariantName = "[No Variations]"
Add component (AddParameter): Name = "ComponentLink1URL"; Value = "http://www.ti.com/lit/ds/symlink/tlc080a.pdf"; VariantName = "[No Variations]"
Add component (AddParameter): Name = "Supplier 1"; Value = "Digi-Key"; VariantName = "[No Variations]"
Add component (AddParameter): Name = "Supplier Part Number 1"; Value = "296-1014-1-ND"; VariantName = "[No Variations]"
Added Component: Designator=Vamp1_S3-S4(SO - 8)
Add component (AddParameter): Name = "ComponentLink1Description"; Value = "http://www.ti.com/lit/ds/symlink/tlc080a.pdf"; VariantName = "[No Variations]"
Add component (AddParameter): Name = "ComponentLink1URL"; Value = "http://www.ti.com/lit/ds/symlink/tlc080a.pdf"; VariantName = "[No Variations]"
Add component (AddParameter): Name = "Supplier 1"; Value = "Digi-Key"; VariantName = "[No Variations]"
Add component (AddParameter): Name = "Supplier Part Number 1"; Value = "296-1014-1-ND"; VariantName = "[No Variations]"
Added Component: Designator=Vamp1_S5-S6(SO - 8)
Add component (AddParameter): Name = "ComponentLink1Description"; Value = "http://www.ti.com/lit/ds/symlink/tlc080a.pdf"; VariantName = "[No Variations]"
Add component (AddParameter): Name = "ComponentLink1URL"; Value = "http://www.ti.com/lit/ds/symlink/tlc080a.pdf"; VariantName = "[No Variations]"
Add component (AddParameter): Name = "Supplier 1"; Value = "Digi-Key"; VariantName = "[No Variations]"
Add component (AddParameter): Name = "Supplier Part Number 1"; Value = "296-1014-1-ND"; VariantName = "[No Variations]"
Added Component: Designator=Vcomp_S1-S2(SO - 8)
Add component (AddParameter): Name = "ComponentLink1Description"; Value = "http://www.ti.com/lit/ds/symlink/tlc080a.pdf"; VariantName = "[No Variations]"
Add component (AddParameter): Name = "ComponentLink1URL"; Value = "http://www.ti.com/lit/ds/symlink/tlc080a.pdf"; VariantName = "[No Variations]"
Add component (AddParameter): Name = "Supplier 1"; Value = "Digi-Key"; VariantName = "[No Variations]"
Add component (AddParameter): Name = "Supplier Part Number 1"; Value = "296-1014-1-ND"; VariantName = "[No Variations]"
Added Component: Designator=Vcomp_S3-S4(SO - 8)
Add component (AddParameter): Name = "ComponentLink1Description"; Value = "http://www.ti.com/lit/ds/symlink/tlc080a.pdf"; VariantName = "[No Variations]"
Add component (AddParameter): Name = "ComponentLink1URL"; Value = "http://www.ti.com/lit/ds/symlink/tlc080a.pdf"; VariantName = "[No Variations]"
Add component (AddParameter): Name = "Supplier 1"; Value = "Digi-Key"; VariantName = "[No Variations]"
Add component (AddParameter): Name = "Supplier Part Number 1"; Value = "296-1014-1-ND"; VariantName = "[No Variations]"
Added Component: Designator=Vcomp_S5-S6(SO - 8)
Add component (AddParameter): Name = "ComponentLink1Description"; Value = "http://www.ti.com/lit/ds/symlink/tlc080a.pdf"; VariantName = "[No Variations]"
Add component (AddParameter): Name = "ComponentLink1URL"; Value = "http://www.ti.com/lit/ds/symlink/tlc080a.pdf"; VariantName = "[No Variations]"
Add component (AddParameter): Name = "Supplier 1"; Value = "Digi-Key"; VariantName = "[No Variations]"
Add component (AddParameter): Name = "Supplier Part Number 1"; Value = "296-1014-1-ND"; VariantName = "[No Variations]"
Added Component: Designator=VRamp1_S1-S2(0805 RES)
Add component (AddParameter): Name = "ComponentLink1Description"; Value = "https://nz.mouser.com/datasheet/2/315/AOA0000C304-1149620.pdf"; VariantName = "[No Variations]"
Add component (AddParameter): Name = "LatestRevisionDate"; Value = "17-Jul-2002"; VariantName = "[No Variations]"
Add component (AddParameter): Name = "LatestRevisionNote"; Value = "Re-released for DXP Platform."; VariantName = "[No Variations]"
Add component (AddParameter): Name = "PackageReference"; Value = "AXIAL-0.4"; VariantName = "[No Variations]"
Add component (AddParameter): Name = "Published"; Value = "8-Jun-2000"; VariantName = "[No Variations]"
Add component (AddParameter): Name = "Publisher"; Value = "Altium Limited"; VariantName = "[No Variations]"
Add component (AddParameter): Name = "Value"; Value = "12k"; VariantName = "[No Variations]"
Added Component: Designator=VRamp1_S3-S4(0805 RES)
Add component (AddParameter): Name = "ComponentLink1Description"; Value = "https://nz.mouser.com/datasheet/2/315/AOA0000C304-1149620.pdf"; VariantName = "[No Variations]"
Add component (AddParameter): Name = "LatestRevisionDate"; Value = "17-Jul-2002"; VariantName = "[No Variations]"
Add component (AddParameter): Name = "LatestRevisionNote"; Value = "Re-released for DXP Platform."; VariantName = "[No Variations]"
Add component (AddParameter): Name = "PackageReference"; Value = "AXIAL-0.4"; VariantName = "[No Variations]"
Add component (AddParameter): Name = "Published"; Value = "8-Jun-2000"; VariantName = "[No Variations]"
Add component (AddParameter): Name = "Publisher"; Value = "Altium Limited"; VariantName = "[No Variations]"
Add component (AddParameter): Name = "Value"; Value = "12k"; VariantName = "[No Variations]"
Added Component: Designator=VRamp1_S5-S6(0805 RES)
Add component (AddParameter): Name = "ComponentLink1Description"; Value = "https://nz.mouser.com/datasheet/2/315/AOA0000C304-1149620.pdf"; VariantName = "[No Variations]"
Add component (AddParameter): Name = "LatestRevisionDate"; Value = "17-Jul-2002"; VariantName = "[No Variations]"
Add component (AddParameter): Name = "LatestRevisionNote"; Value = "Re-released for DXP Platform."; VariantName = "[No Variations]"
Add component (AddParameter): Name = "PackageReference"; Value = "AXIAL-0.4"; VariantName = "[No Variations]"
Add component (AddParameter): Name = "Published"; Value = "8-Jun-2000"; VariantName = "[No Variations]"
Add component (AddParameter): Name = "Publisher"; Value = "Altium Limited"; VariantName = "[No Variations]"
Add component (AddParameter): Name = "Value"; Value = "12k"; VariantName = "[No Variations]"
Added Component: Designator=VRef1_S1-S2(0805 RES)
Add component (AddParameter): Name = "ComponentLink1Description"; Value = "https://nz.mouser.com/datasheet/2/315/AOA0000C304-1149620.pdf"; VariantName = "[No Variations]"
Add component (AddParameter): Name = "LatestRevisionDate"; Value = "17-Jul-2002"; VariantName = "[No Variations]"
Add component (AddParameter): Name = "LatestRevisionNote"; Value = "Re-released for DXP Platform."; VariantName = "[No Variations]"
Add component (AddParameter): Name = "PackageReference"; Value = "AXIAL-0.4"; VariantName = "[No Variations]"
Add component (AddParameter): Name = "Published"; Value = "8-Jun-2000"; VariantName = "[No Variations]"
Add component (AddParameter): Name = "Publisher"; Value = "Altium Limited"; VariantName = "[No Variations]"
Add component (AddParameter): Name = "Value"; Value = "12k"; VariantName = "[No Variations]"
Added Component: Designator=VRef1_S3-S4(0805 RES)
Add component (AddParameter): Name = "ComponentLink1Description"; Value = "https://nz.mouser.com/datasheet/2/315/AOA0000C304-1149620.pdf"; VariantName = "[No Variations]"
Add component (AddParameter): Name = "LatestRevisionDate"; Value = "17-Jul-2002"; VariantName = "[No Variations]"
Add component (AddParameter): Name = "LatestRevisionNote"; Value = "Re-released for DXP Platform."; VariantName = "[No Variations]"
Add component (AddParameter): Name = "PackageReference"; Value = "AXIAL-0.4"; VariantName = "[No Variations]"
Add component (AddParameter): Name = "Published"; Value = "8-Jun-2000"; VariantName = "[No Variations]"
Add component (AddParameter): Name = "Publisher"; Value = "Altium Limited"; VariantName = "[No Variations]"
Add component (AddParameter): Name = "Value"; Value = "12k"; VariantName = "[No Variations]"
Added Component: Designator=VRef1_S5-S6(0805 RES)
Add component (AddParameter): Name = "ComponentLink1Description"; Value = "https://nz.mouser.com/datasheet/2/315/AOA0000C304-1149620.pdf"; VariantName = "[No Variations]"
Add component (AddParameter): Name = "LatestRevisionDate"; Value = "17-Jul-2002"; VariantName = "[No Variations]"
Add component (AddParameter): Name = "LatestRevisionNote"; Value = "Re-released for DXP Platform."; VariantName = "[No Variations]"
Add component (AddParameter): Name = "PackageReference"; Value = "AXIAL-0.4"; VariantName = "[No Variations]"
Add component (AddParameter): Name = "Published"; Value = "8-Jun-2000"; VariantName = "[No Variations]"
Add component (AddParameter): Name = "Publisher"; Value = "Altium Limited"; VariantName = "[No Variations]"
Add component (AddParameter): Name = "Value"; Value = "12k"; VariantName = "[No Variations]"
Added Component: Designator=VRef2_S1-S2(0805 RES)
Add component (AddParameter): Name = "ComponentLink1Description"; Value = "https://nz.mouser.com/datasheet/2/315/AOA0000C304-1149620.pdf"; VariantName = "[No Variations]"
Add component (AddParameter): Name = "LatestRevisionDate"; Value = "17-Jul-2002"; VariantName = "[No Variations]"
Add component (AddParameter): Name = "LatestRevisionNote"; Value = "Re-released for DXP Platform."; VariantName = "[No Variations]"
Add component (AddParameter): Name = "PackageReference"; Value = "AXIAL-0.4"; VariantName = "[No Variations]"
Add component (AddParameter): Name = "Published"; Value = "8-Jun-2000"; VariantName = "[No Variations]"
Add component (AddParameter): Name = "Publisher"; Value = "Altium Limited"; VariantName = "[No Variations]"
Add component (AddParameter): Name = "Value"; Value = "220k"; VariantName = "[No Variations]"
Added Component: Designator=VRef2_S3-S4(0805 RES)
Add component (AddParameter): Name = "ComponentLink1Description"; Value = "https://nz.mouser.com/datasheet/2/315/AOA0000C304-1149620.pdf"; VariantName = "[No Variations]"
Add component (AddParameter): Name = "LatestRevisionDate"; Value = "17-Jul-2002"; VariantName = "[No Variations]"
Add component (AddParameter): Name = "LatestRevisionNote"; Value = "Re-released for DXP Platform."; VariantName = "[No Variations]"
Add component (AddParameter): Name = "PackageReference"; Value = "AXIAL-0.4"; VariantName = "[No Variations]"
Add component (AddParameter): Name = "Published"; Value = "8-Jun-2000"; VariantName = "[No Variations]"
Add component (AddParameter): Name = "Publisher"; Value = "Altium Limited"; VariantName = "[No Variations]"
Add component (AddParameter): Name = "Value"; Value = "220k"; VariantName = "[No Variations]"
Added Component: Designator=VRef2_S5-S6(0805 RES)
Add component (AddParameter): Name = "ComponentLink1Description"; Value = "https://nz.mouser.com/datasheet/2/315/AOA0000C304-1149620.pdf"; VariantName = "[No Variations]"
Add component (AddParameter): Name = "LatestRevisionDate"; Value = "17-Jul-2002"; VariantName = "[No Variations]"
Add component (AddParameter): Name = "LatestRevisionNote"; Value = "Re-released for DXP Platform."; VariantName = "[No Variations]"
Add component (AddParameter): Name = "PackageReference"; Value = "AXIAL-0.4"; VariantName = "[No Variations]"
Add component (AddParameter): Name = "Published"; Value = "8-Jun-2000"; VariantName = "[No Variations]"
Add component (AddParameter): Name = "Publisher"; Value = "Altium Limited"; VariantName = "[No Variations]"
Add component (AddParameter): Name = "Value"; Value = "220k"; VariantName = "[No Variations]"
Added Pin To Net: NetName=GND Pin=Vamp1_S1-S2-4
Added Pin To Net: NetName=5V_S1-S2 Pin=Vamp1_S1-S2-8
Added Pin To Net: NetName=GND Pin=Vamp1_S3-S4-4
Added Pin To Net: NetName=5V_S1-S2 Pin=Vamp1_S3-S4-8
Added Pin To Net: NetName=GND Pin=Vamp1_S5-S6-4
Added Pin To Net: NetName=5V_S1-S2 Pin=Vamp1_S5-S6-8
Added Pin To Net: NetName=S2Out Pin=Vcomp_S1-S2-1
Added Pin To Net: NetName=GND Pin=Vcomp_S1-S2-4
Added Pin To Net: NetName=5V_S1-S2 Pin=Vcomp_S1-S2-8
Added Pin To Net: NetName=S4Out Pin=Vcomp_S3-S4-1
Added Pin To Net: NetName=GND Pin=Vcomp_S3-S4-4
Added Pin To Net: NetName=5V_S1-S2 Pin=Vcomp_S3-S4-8
Added Pin To Net: NetName=S6Out Pin=Vcomp_S5-S6-1
Added Pin To Net: NetName=GND Pin=Vcomp_S5-S6-4
Added Pin To Net: NetName=5V_S1-S2 Pin=Vcomp_S5-S6-8
Added Pin To Net: NetName=GND Pin=VRamp1_S1-S2-2
Added Pin To Net: NetName=GND Pin=VRamp1_S3-S4-2
Added Pin To Net: NetName=GND Pin=VRamp1_S5-S6-2
Added Pin To Net: NetName=GND Pin=VRef1_S1-S2-2
Added Pin To Net: NetName=GND Pin=VRef1_S3-S4-2
Added Pin To Net: NetName=GND Pin=VRef1_S5-S6-2
Added Pin To Net: NetName=5V_S1-S2 Pin=VRef2_S1-S2-1
Added Pin To Net: NetName=5V_S1-S2 Pin=VRef2_S3-S4-1
Added Pin To Net: NetName=5V_S1-S2 Pin=VRef2_S5-S6-1
Change Net Name : Old Net Name=NetChp2_S1-S2_1 New Net Name=NetC_S1-S2_1
Change Net Name : Old Net Name=NetChp2_S3-S4_1 New Net Name=NetC_S3-S4_1
Change Net Name : Old Net Name=NetChp2_S5-S6_1 New Net Name=NetC_S5-S6_1
Added Pin To Net: NetName=NetC_S1-S2_2 Pin=C_S1-S2-2
Added Pin To Net: NetName=NetC_S1-S2_2 Pin=Rhp2_S1-S2-1
Added Pin To Net: NetName=NetC_S1-S2_2 Pin=Vamp1_S1-S2-3
Added Net: Name=NetC_S1-S2_2
Added Pin To Net: NetName=NetC_S3-S4_2 Pin=C_S3-S4-2
Added Pin To Net: NetName=NetC_S3-S4_2 Pin=Rhp2_S3-S4-1
Added Pin To Net: NetName=NetC_S3-S4_2 Pin=Vamp1_S3-S4-3
Added Net: Name=NetC_S3-S4_2
Added Pin To Net: NetName=NetC_S5-S6_2 Pin=C_S5-S6-2
Added Pin To Net: NetName=NetC_S5-S6_2 Pin=Rhp2_S5-S6-1
Added Pin To Net: NetName=NetC_S5-S6_2 Pin=Vamp1_S5-S6-3
Added Net: Name=NetC_S5-S6_2
Added Pin To Net: NetName=NetVamp1_S1-S2_1 Pin=Vamp1_S1-S2-1
Added Pin To Net: NetName=NetVamp1_S1-S2_1 Pin=Vcomp_S1-S2-3
Added Pin To Net: NetName=NetVamp1_S1-S2_1 Pin=VRamp2_S1-S2-2
Added Net: Name=NetVamp1_S1-S2_1
Added Pin To Net: NetName=NetVamp1_S1-S2_2 Pin=Vamp1_S1-S2-2
Added Pin To Net: NetName=NetVamp1_S1-S2_2 Pin=VRamp1_S1-S2-1
Added Pin To Net: NetName=NetVamp1_S1-S2_2 Pin=VRamp2_S1-S2-1
Added Net: Name=NetVamp1_S1-S2_2
Added Pin To Net: NetName=NetVamp1_S3-S4_1 Pin=Vamp1_S3-S4-1
Added Pin To Net: NetName=NetVamp1_S3-S4_1 Pin=Vcomp_S3-S4-3
Added Pin To Net: NetName=NetVamp1_S3-S4_1 Pin=VRamp2_S3-S4-2
Added Net: Name=NetVamp1_S3-S4_1
Added Pin To Net: NetName=NetVamp1_S3-S4_2 Pin=Vamp1_S3-S4-2
Added Pin To Net: NetName=NetVamp1_S3-S4_2 Pin=VRamp1_S3-S4-1
Added Pin To Net: NetName=NetVamp1_S3-S4_2 Pin=VRamp2_S3-S4-1
Added Net: Name=NetVamp1_S3-S4_2
Added Pin To Net: NetName=NetVamp1_S5-S6_1 Pin=Vamp1_S5-S6-1
Added Pin To Net: NetName=NetVamp1_S5-S6_1 Pin=Vcomp_S5-S6-3
Added Pin To Net: NetName=NetVamp1_S5-S6_1 Pin=VRamp2_S5-S6-2
Added Net: Name=NetVamp1_S5-S6_1
Added Pin To Net: NetName=NetVamp1_S5-S6_2 Pin=Vamp1_S5-S6-2
Added Pin To Net: NetName=NetVamp1_S5-S6_2 Pin=VRamp1_S5-S6-1
Added Pin To Net: NetName=NetVamp1_S5-S6_2 Pin=VRamp2_S5-S6-1
Added Net: Name=NetVamp1_S5-S6_2
Added Pin To Net: NetName=NetVcomp_S1-S2_2 Pin=Vcomp_S1-S2-2
Added Pin To Net: NetName=NetVcomp_S1-S2_2 Pin=VRef1_S1-S2-1
Added Pin To Net: NetName=NetVcomp_S1-S2_2 Pin=VRef2_S1-S2-2
Added Net: Name=NetVcomp_S1-S2_2
Added Pin To Net: NetName=NetVcomp_S3-S4_2 Pin=Vcomp_S3-S4-2
Added Pin To Net: NetName=NetVcomp_S3-S4_2 Pin=VRef1_S3-S4-1
Added Pin To Net: NetName=NetVcomp_S3-S4_2 Pin=VRef2_S3-S4-2
Added Net: Name=NetVcomp_S3-S4_2
Added Pin To Net: NetName=NetVcomp_S5-S6_2 Pin=Vcomp_S5-S6-2
Added Pin To Net: NetName=NetVcomp_S5-S6_2 Pin=VRef1_S5-S6-1
Added Pin To Net: NetName=NetVcomp_S5-S6_2 Pin=VRef2_S5-S6-2
Added Net: Name=NetVcomp_S5-S6_2
Added Member To Class: ClassName=S1-S2 Member=Component Rsen2_S1-S2 (Rsen2) 100k
Added Member To Class: ClassName=S1-S2 Member=Component Vamp1_S1-S2 (Vamp1A) LM358
Added Member To Class: ClassName=S3-S4 Member=Component Vamp1_S3-S4 (Vamp1A) LM358
Added Member To Class: ClassName=S5-S6 Member=Component Vamp1_S5-S6 (Vamp1A) LM358
Added Member To Class: ClassName=S1-S2 Member=Component Vcomp_S1-S2 (VcompA) LM358
Added Member To Class: ClassName=S3-S4 Member=Component Vcomp_S3-S4 (VcompA) LM358
Added Member To Class: ClassName=S5-S6 Member=Component Vcomp_S5-S6 (VcompA) LM358
Added Member To Class: ClassName=S1-S2 Member=Component VRamp1_S1-S2 (VRamp1) 12k
Added Member To Class: ClassName=S3-S4 Member=Component VRamp1_S3-S4 (VRamp1) 12k
Added Member To Class: ClassName=S5-S6 Member=Component VRamp1_S5-S6 (VRamp1) 12k
Added Member To Class: ClassName=S1-S2 Member=Component VRef1_S1-S2 (VRef1) 12k
Added Member To Class: ClassName=S3-S4 Member=Component VRef1_S3-S4 (VRef1) 12k
Added Member To Class: ClassName=S5-S6 Member=Component VRef1_S5-S6 (VRef1) 12k
Added Member To Class: ClassName=S1-S2 Member=Component VRef2_S1-S2 (VRef2) 220k
Added Member To Class: ClassName=S3-S4 Member=Component VRef2_S3-S4 (VRef2) 220k
Added Member To Class: ClassName=S5-S6 Member=Component VRef2_S5-S6 (VRef2) 220k
