Removed Pin From Net: NetName=S1Out Pin=Vcomp_S1-1
Removed Pin From Net: NetName=NetVamp1_S1_1 Pin=Vcomp_S1-3
Removed Pin From Net: NetName=GND Pin=Vcomp_S1-4
Removed Pin From Net: NetName=5V_S1 Pin=Vcomp_S1-8
Removed Pin From Net: NetName=S2Out Pin=Vcomp_S2-1
Removed Pin From Net: NetName=NetVamp1_S2_1 Pin=Vcomp_S2-3
Removed Pin From Net: NetName=GND Pin=Vcomp_S2-4
Removed Pin From Net: NetName=5V_S1 Pin=Vcomp_S2-8
Removed Pin From Net: NetName=S3Out Pin=Vcomp_S3-1
Removed Pin From Net: NetName=NetVamp1_S3_1 Pin=Vcomp_S3-3
Removed Pin From Net: NetName=GND Pin=Vcomp_S3-4
Removed Pin From Net: NetName=5V_S1 Pin=Vcomp_S3-8
Removed Pin From Net: NetName=S4Out Pin=Vcomp_S4-1
Removed Pin From Net: NetName=NetVamp1_S4_1 Pin=Vcomp_S4-3
Removed Pin From Net: NetName=GND Pin=Vcomp_S4-4
Removed Pin From Net: NetName=5V_S1 Pin=Vcomp_S4-8
Removed Pin From Net: NetName=S5Out Pin=Vcomp_S5-1
Removed Pin From Net: NetName=NetVamp1_S5_1 Pin=Vcomp_S5-3
Removed Pin From Net: NetName=GND Pin=Vcomp_S5-4
Removed Pin From Net: NetName=5V_S1 Pin=Vcomp_S5-8
Removed Pin From Net: NetName=S6Out Pin=Vcomp_S6-1
Removed Pin From Net: NetName=NetVamp1_S6_1 Pin=Vcomp_S6-3
Removed Pin From Net: NetName=GND Pin=Vcomp_S6-4
Removed Pin From Net: NetName=5V_S1 Pin=Vcomp_S6-8
Added Pin To Net: NetName=NetVamp1_S1_1 Pin=Vcomp_S1-5
Added Pin To Net: NetName=S1Out Pin=Vcomp_S1-7
Added Pin To Net: NetName=NetVamp1_S2_1 Pin=Vcomp_S2-5
Added Pin To Net: NetName=S2Out Pin=Vcomp_S2-7
Added Pin To Net: NetName=NetVamp1_S3_1 Pin=Vcomp_S3-5
Added Pin To Net: NetName=S3Out Pin=Vcomp_S3-7
Added Pin To Net: NetName=NetVamp1_S4_1 Pin=Vcomp_S4-5
Added Pin To Net: NetName=S4Out Pin=Vcomp_S4-7
Added Pin To Net: NetName=NetVamp1_S5_1 Pin=Vcomp_S5-5
Added Pin To Net: NetName=S5Out Pin=Vcomp_S5-7
Added Pin To Net: NetName=NetVamp1_S6_1 Pin=Vcomp_S6-5
Added Pin To Net: NetName=S6Out Pin=Vcomp_S6-7
Added Pin To Net: NetName=NetVcomp_S1_6 Pin=Vcomp_S1-6
Added Pin To Net: NetName=NetVcomp_S1_6 Pin=VRef1_S1-1
Added Pin To Net: NetName=NetVcomp_S1_6 Pin=VRef2_S1-2
Added Net: Name=NetVcomp_S1_6
Added Pin To Net: NetName=NetVcomp_S2_6 Pin=Vcomp_S2-6
Added Pin To Net: NetName=NetVcomp_S2_6 Pin=VRef1_S2-1
Added Pin To Net: NetName=NetVcomp_S2_6 Pin=VRef2_S2-2
Added Net: Name=NetVcomp_S2_6
Added Pin To Net: NetName=NetVcomp_S3_6 Pin=Vcomp_S3-6
Added Pin To Net: NetName=NetVcomp_S3_6 Pin=VRef1_S3-1
Added Pin To Net: NetName=NetVcomp_S3_6 Pin=VRef2_S3-2
Added Net: Name=NetVcomp_S3_6
Added Pin To Net: NetName=NetVcomp_S4_6 Pin=Vcomp_S4-6
Added Pin To Net: NetName=NetVcomp_S4_6 Pin=VRef1_S4-1
Added Pin To Net: NetName=NetVcomp_S4_6 Pin=VRef2_S4-2
Added Net: Name=NetVcomp_S4_6
Added Pin To Net: NetName=NetVcomp_S5_6 Pin=Vcomp_S5-6
Added Pin To Net: NetName=NetVcomp_S5_6 Pin=VRef1_S5-1
Added Pin To Net: NetName=NetVcomp_S5_6 Pin=VRef2_S5-2
Added Net: Name=NetVcomp_S5_6
Added Pin To Net: NetName=NetVcomp_S6_6 Pin=Vcomp_S6-6
Added Pin To Net: NetName=NetVcomp_S6_6 Pin=VRef1_S6-1
Added Pin To Net: NetName=NetVcomp_S6_6 Pin=VRef2_S6-2
Added Net: Name=NetVcomp_S6_6
