Added Component: Designator=Chp1_S1-S2(CAPC0603(1608)100_L)
Add component (AddParameter): Name = "Capacitor Type"; Value = ""; VariantName = "[No Variations]"
Add component (AddParameter): Name = "Case/Package"; Value = "0603"; VariantName = "[No Variations]"
Add component (AddParameter): Name = "Max Operating Temperature"; Value = "85°C"; VariantName = "[No Variations]"
Add component (AddParameter): Name = "Min Operating Temperature"; Value = "-55°C"; VariantName = "[No Variations]"
Add component (AddParameter): Name = "Mounting Technology"; Value = "SMT"; VariantName = "[No Variations]"
Add component (AddParameter): Name = "Pins"; Value = "2"; VariantName = "[No Variations]"
Add component (AddParameter): Name = "Ripple Current"; Value = ""; VariantName = "[No Variations]"
Add component (AddParameter): Name = "Ripple Current (AC)"; Value = ""; VariantName = "[No Variations]"
Add component (AddParameter): Name = "RoHS Compliant"; Value = ""; VariantName = "[No Variations]"
Add component (AddParameter): Name = "Tolerance"; Value = "10%"; VariantName = "[No Variations]"
Add component (AddParameter): Name = "Value"; Value = "470nF"; VariantName = "[No Variations]"
Add component (AddParameter): Name = "Voltage Rating"; Value = "25V"; VariantName = "[No Variations]"
Added Component: Designator=Chp1_S3-S4(CAPC0603(1608)100_L)
Add component (AddParameter): Name = "Capacitor Type"; Value = ""; VariantName = "[No Variations]"
Add component (AddParameter): Name = "Case/Package"; Value = "0603"; VariantName = "[No Variations]"
Add component (AddParameter): Name = "Max Operating Temperature"; Value = "85°C"; VariantName = "[No Variations]"
Add component (AddParameter): Name = "Min Operating Temperature"; Value = "-55°C"; VariantName = "[No Variations]"
Add component (AddParameter): Name = "Mounting Technology"; Value = "SMT"; VariantName = "[No Variations]"
Add component (AddParameter): Name = "Pins"; Value = "2"; VariantName = "[No Variations]"
Add component (AddParameter): Name = "Ripple Current"; Value = ""; VariantName = "[No Variations]"
Add component (AddParameter): Name = "Ripple Current (AC)"; Value = ""; VariantName = "[No Variations]"
Add component (AddParameter): Name = "RoHS Compliant"; Value = ""; VariantName = "[No Variations]"
Add component (AddParameter): Name = "Tolerance"; Value = "10%"; VariantName = "[No Variations]"
Add component (AddParameter): Name = "Value"; Value = "470nF"; VariantName = "[No Variations]"
Add component (AddParameter): Name = "Voltage Rating"; Value = "25V"; VariantName = "[No Variations]"
Added Component: Designator=Chp1_S5-S6(CAPC0603(1608)100_L)
Add component (AddParameter): Name = "Capacitor Type"; Value = ""; VariantName = "[No Variations]"
Add component (AddParameter): Name = "Case/Package"; Value = "0603"; VariantName = "[No Variations]"
Add component (AddParameter): Name = "Max Operating Temperature"; Value = "85°C"; VariantName = "[No Variations]"
Add component (AddParameter): Name = "Min Operating Temperature"; Value = "-55°C"; VariantName = "[No Variations]"
Add component (AddParameter): Name = "Mounting Technology"; Value = "SMT"; VariantName = "[No Variations]"
Add component (AddParameter): Name = "Pins"; Value = "2"; VariantName = "[No Variations]"
Add component (AddParameter): Name = "Ripple Current"; Value = ""; VariantName = "[No Variations]"
Add component (AddParameter): Name = "Ripple Current (AC)"; Value = ""; VariantName = "[No Variations]"
Add component (AddParameter): Name = "RoHS Compliant"; Value = ""; VariantName = "[No Variations]"
Add component (AddParameter): Name = "Tolerance"; Value = "10%"; VariantName = "[No Variations]"
Add component (AddParameter): Name = "Value"; Value = "470nF"; VariantName = "[No Variations]"
Add component (AddParameter): Name = "Voltage Rating"; Value = "25V"; VariantName = "[No Variations]"
Added Component: Designator=Chp2_S1-S2(CAPC0603(1608)100_L)
Add component (AddParameter): Name = "Capacitor Type"; Value = ""; VariantName = "[No Variations]"
Add component (AddParameter): Name = "Case/Package"; Value = "0603"; VariantName = "[No Variations]"
Add component (AddParameter): Name = "Max Operating Temperature"; Value = "85°C"; VariantName = "[No Variations]"
Add component (AddParameter): Name = "Min Operating Temperature"; Value = "-55°C"; VariantName = "[No Variations]"
Add component (AddParameter): Name = "Mounting Technology"; Value = "SMT"; VariantName = "[No Variations]"
Add component (AddParameter): Name = "Pins"; Value = "2"; VariantName = "[No Variations]"
Add component (AddParameter): Name = "Ripple Current"; Value = ""; VariantName = "[No Variations]"
Add component (AddParameter): Name = "Ripple Current (AC)"; Value = ""; VariantName = "[No Variations]"
Add component (AddParameter): Name = "RoHS Compliant"; Value = ""; VariantName = "[No Variations]"
Add component (AddParameter): Name = "Tolerance"; Value = "10%"; VariantName = "[No Variations]"
Add component (AddParameter): Name = "Value"; Value = "470nF"; VariantName = "[No Variations]"
Add component (AddParameter): Name = "Voltage Rating"; Value = "25V"; VariantName = "[No Variations]"
Added Component: Designator=Chp2_S3-S4(CAPC0603(1608)100_L)
Add component (AddParameter): Name = "Capacitor Type"; Value = ""; VariantName = "[No Variations]"
Add component (AddParameter): Name = "Case/Package"; Value = "0603"; VariantName = "[No Variations]"
Add component (AddParameter): Name = "Max Operating Temperature"; Value = "85°C"; VariantName = "[No Variations]"
Add component (AddParameter): Name = "Min Operating Temperature"; Value = "-55°C"; VariantName = "[No Variations]"
Add component (AddParameter): Name = "Mounting Technology"; Value = "SMT"; VariantName = "[No Variations]"
Add component (AddParameter): Name = "Pins"; Value = "2"; VariantName = "[No Variations]"
Add component (AddParameter): Name = "Ripple Current"; Value = ""; VariantName = "[No Variations]"
Add component (AddParameter): Name = "Ripple Current (AC)"; Value = ""; VariantName = "[No Variations]"
Add component (AddParameter): Name = "RoHS Compliant"; Value = ""; VariantName = "[No Variations]"
Add component (AddParameter): Name = "Tolerance"; Value = "10%"; VariantName = "[No Variations]"
Add component (AddParameter): Name = "Value"; Value = "470nF"; VariantName = "[No Variations]"
Add component (AddParameter): Name = "Voltage Rating"; Value = "25V"; VariantName = "[No Variations]"
Added Component: Designator=Chp2_S5-S6(CAPC0603(1608)100_L)
Add component (AddParameter): Name = "Capacitor Type"; Value = ""; VariantName = "[No Variations]"
Add component (AddParameter): Name = "Case/Package"; Value = "0603"; VariantName = "[No Variations]"
Add component (AddParameter): Name = "Max Operating Temperature"; Value = "85°C"; VariantName = "[No Variations]"
Add component (AddParameter): Name = "Min Operating Temperature"; Value = "-55°C"; VariantName = "[No Variations]"
Add component (AddParameter): Name = "Mounting Technology"; Value = "SMT"; VariantName = "[No Variations]"
Add component (AddParameter): Name = "Pins"; Value = "2"; VariantName = "[No Variations]"
Add component (AddParameter): Name = "Ripple Current"; Value = ""; VariantName = "[No Variations]"
Add component (AddParameter): Name = "Ripple Current (AC)"; Value = ""; VariantName = "[No Variations]"
Add component (AddParameter): Name = "RoHS Compliant"; Value = ""; VariantName = "[No Variations]"
Add component (AddParameter): Name = "Tolerance"; Value = "10%"; VariantName = "[No Variations]"
Add component (AddParameter): Name = "Value"; Value = "470nF"; VariantName = "[No Variations]"
Add component (AddParameter): Name = "Voltage Rating"; Value = "25V"; VariantName = "[No Variations]"
Added Component: Designator=Oa12_S1-S2(TI-N0014A)
Add component (AddParameter): Name = "Band"; Value = ""; VariantName = "[No Variations]"
Add component (AddParameter): Name = "Case/Package"; Value = "DIP"; VariantName = "[No Variations]"
Add component (AddParameter): Name = "Channels"; Value = ""; VariantName = "[No Variations]"
Add component (AddParameter): Name = "Datasheet URL"; Value = "http://www.ti.com/lit/ds/symlink/lm324a.pdf"; VariantName = "[No Variations]"
Add component (AddParameter): Name = "Datasheet Version"; Value = "SLOS066W, 03/2015"; VariantName = "[No Variations]"
Add component (AddParameter): Name = "Frequency"; Value = ""; VariantName = "[No Variations]"
Add component (AddParameter): Name = "Manufacturer"; Value = "Texas Instruments (TI)"; VariantName = "[No Variations]"
Add component (AddParameter): Name = "Manufacturer URL"; Value = "http://www.ti.com/"; VariantName = "[No Variations]"
Add component (AddParameter): Name = "Max Dual Supply Voltage"; Value = "16V"; VariantName = "[No Variations]"
Add component (AddParameter): Name = "Max Operating Temperature"; Value = "70°C"; VariantName = "[No Variations]"
Add component (AddParameter): Name = "Max Supply Voltage"; Value = "16V"; VariantName = "[No Variations]"
Add component (AddParameter): Name = "Min Dual Supply Voltage"; Value = "1.5V"; VariantName = "[No Variations]"
Add component (AddParameter): Name = "Min Operating Temperature"; Value = "0°C"; VariantName = "[No Variations]"
Add component (AddParameter): Name = "Min Supply Voltage"; Value = "1.5V"; VariantName = "[No Variations]"
Add component (AddParameter): Name = "Mounting Technology"; Value = "TH"; VariantName = "[No Variations]"
Add component (AddParameter): Name = "Nominal Dual Supply"; Value = ""; VariantName = "[No Variations]"
Add component (AddParameter): Name = "Nominal Dual Supply Voltage"; Value = "12V"; VariantName = "[No Variations]"
Add component (AddParameter): Name = "Nominal Gain Bandwidth Product"; Value = ""; VariantName = "[No Variations]"
Add component (AddParameter): Name = "Nominal Supply Current"; Value = "3mA"; VariantName = "[No Variations]"
Add component (AddParameter): Name = "Nominal Supply Voltage"; Value = "12V"; VariantName = "[No Variations]"
Add component (AddParameter): Name = "Nominal Voltage Gain"; Value = "100dB"; VariantName = "[No Variations]"
Add component (AddParameter): Name = "Output Current"; Value = "30mA"; VariantName = "[No Variations]"
Add component (AddParameter): Name = "Output Type"; Value = ""; VariantName = "[No Variations]"
Add component (AddParameter): Name = "Package Description"; Value = "14-Pin Double In-line Package, Body 19.305 x 6.35 mm, Pitch 2.54 mm"; VariantName = "[No Variations]"
Add component (AddParameter): Name = "Package Quantity"; Value = "25"; VariantName = "[No Variations]"
Add component (AddParameter): Name = "Package Reference"; Value = "N-14"; VariantName = "[No Variations]"
Add component (AddParameter): Name = "Package URL"; Value = "http://www.ti.com/lit/ml/mpdi002c/mpdi002c.pdf"; VariantName = "[No Variations]"
Add component (AddParameter): Name = "Pins"; Value = "14"; VariantName = "[No Variations]"
Add component (AddParameter): Name = "Power"; Value = ""; VariantName = "[No Variations]"
Add component (AddParameter): Name = "RoHS Compliant"; Value = "True"; VariantName = "[No Variations]"
Add component (AddParameter): Name = "Unity Gain Bandwidth Product"; Value = "1.2MHz"; VariantName = "[No Variations]"
Added Component: Designator=Oa12_S3-S4(TI-N0014A)
Add component (AddParameter): Name = "Band"; Value = ""; VariantName = "[No Variations]"
Add component (AddParameter): Name = "Case/Package"; Value = "DIP"; VariantName = "[No Variations]"
Add component (AddParameter): Name = "Channels"; Value = ""; VariantName = "[No Variations]"
Add component (AddParameter): Name = "Datasheet URL"; Value = "http://www.ti.com/lit/ds/symlink/lm324a.pdf"; VariantName = "[No Variations]"
Add component (AddParameter): Name = "Datasheet Version"; Value = "SLOS066W, 03/2015"; VariantName = "[No Variations]"
Add component (AddParameter): Name = "Frequency"; Value = ""; VariantName = "[No Variations]"
Add component (AddParameter): Name = "Manufacturer"; Value = "Texas Instruments (TI)"; VariantName = "[No Variations]"
Add component (AddParameter): Name = "Manufacturer URL"; Value = "http://www.ti.com/"; VariantName = "[No Variations]"
Add component (AddParameter): Name = "Max Dual Supply Voltage"; Value = "16V"; VariantName = "[No Variations]"
Add component (AddParameter): Name = "Max Operating Temperature"; Value = "70°C"; VariantName = "[No Variations]"
Add component (AddParameter): Name = "Max Supply Voltage"; Value = "16V"; VariantName = "[No Variations]"
Add component (AddParameter): Name = "Min Dual Supply Voltage"; Value = "1.5V"; VariantName = "[No Variations]"
Add component (AddParameter): Name = "Min Operating Temperature"; Value = "0°C"; VariantName = "[No Variations]"
Add component (AddParameter): Name = "Min Supply Voltage"; Value = "1.5V"; VariantName = "[No Variations]"
Add component (AddParameter): Name = "Mounting Technology"; Value = "TH"; VariantName = "[No Variations]"
Add component (AddParameter): Name = "Nominal Dual Supply"; Value = ""; VariantName = "[No Variations]"
Add component (AddParameter): Name = "Nominal Dual Supply Voltage"; Value = "12V"; VariantName = "[No Variations]"
Add component (AddParameter): Name = "Nominal Gain Bandwidth Product"; Value = ""; VariantName = "[No Variations]"
Add component (AddParameter): Name = "Nominal Supply Current"; Value = "3mA"; VariantName = "[No Variations]"
Add component (AddParameter): Name = "Nominal Supply Voltage"; Value = "12V"; VariantName = "[No Variations]"
Add component (AddParameter): Name = "Nominal Voltage Gain"; Value = "100dB"; VariantName = "[No Variations]"
Add component (AddParameter): Name = "Output Current"; Value = "30mA"; VariantName = "[No Variations]"
Add component (AddParameter): Name = "Output Type"; Value = ""; VariantName = "[No Variations]"
Add component (AddParameter): Name = "Package Description"; Value = "14-Pin Double In-line Package, Body 19.305 x 6.35 mm, Pitch 2.54 mm"; VariantName = "[No Variations]"
Add component (AddParameter): Name = "Package Quantity"; Value = "25"; VariantName = "[No Variations]"
Add component (AddParameter): Name = "Package Reference"; Value = "N-14"; VariantName = "[No Variations]"
Add component (AddParameter): Name = "Package URL"; Value = "http://www.ti.com/lit/ml/mpdi002c/mpdi002c.pdf"; VariantName = "[No Variations]"
Add component (AddParameter): Name = "Pins"; Value = "14"; VariantName = "[No Variations]"
Add component (AddParameter): Name = "Power"; Value = ""; VariantName = "[No Variations]"
Add component (AddParameter): Name = "RoHS Compliant"; Value = "True"; VariantName = "[No Variations]"
Add component (AddParameter): Name = "Unity Gain Bandwidth Product"; Value = "1.2MHz"; VariantName = "[No Variations]"
Added Component: Designator=Oa12_S5-S6(TI-N0014A)
Add component (AddParameter): Name = "Band"; Value = ""; VariantName = "[No Variations]"
Add component (AddParameter): Name = "Case/Package"; Value = "DIP"; VariantName = "[No Variations]"
Add component (AddParameter): Name = "Channels"; Value = ""; VariantName = "[No Variations]"
Add component (AddParameter): Name = "Datasheet URL"; Value = "http://www.ti.com/lit/ds/symlink/lm324a.pdf"; VariantName = "[No Variations]"
Add component (AddParameter): Name = "Datasheet Version"; Value = "SLOS066W, 03/2015"; VariantName = "[No Variations]"
Add component (AddParameter): Name = "Frequency"; Value = ""; VariantName = "[No Variations]"
Add component (AddParameter): Name = "Manufacturer"; Value = "Texas Instruments (TI)"; VariantName = "[No Variations]"
Add component (AddParameter): Name = "Manufacturer URL"; Value = "http://www.ti.com/"; VariantName = "[No Variations]"
Add component (AddParameter): Name = "Max Dual Supply Voltage"; Value = "16V"; VariantName = "[No Variations]"
Add component (AddParameter): Name = "Max Operating Temperature"; Value = "70°C"; VariantName = "[No Variations]"
Add component (AddParameter): Name = "Max Supply Voltage"; Value = "16V"; VariantName = "[No Variations]"
Add component (AddParameter): Name = "Min Dual Supply Voltage"; Value = "1.5V"; VariantName = "[No Variations]"
Add component (AddParameter): Name = "Min Operating Temperature"; Value = "0°C"; VariantName = "[No Variations]"
Add component (AddParameter): Name = "Min Supply Voltage"; Value = "1.5V"; VariantName = "[No Variations]"
Add component (AddParameter): Name = "Mounting Technology"; Value = "TH"; VariantName = "[No Variations]"
Add component (AddParameter): Name = "Nominal Dual Supply"; Value = ""; VariantName = "[No Variations]"
Add component (AddParameter): Name = "Nominal Dual Supply Voltage"; Value = "12V"; VariantName = "[No Variations]"
Add component (AddParameter): Name = "Nominal Gain Bandwidth Product"; Value = ""; VariantName = "[No Variations]"
Add component (AddParameter): Name = "Nominal Supply Current"; Value = "3mA"; VariantName = "[No Variations]"
Add component (AddParameter): Name = "Nominal Supply Voltage"; Value = "12V"; VariantName = "[No Variations]"
Add component (AddParameter): Name = "Nominal Voltage Gain"; Value = "100dB"; VariantName = "[No Variations]"
Add component (AddParameter): Name = "Output Current"; Value = "30mA"; VariantName = "[No Variations]"
Add component (AddParameter): Name = "Output Type"; Value = ""; VariantName = "[No Variations]"
Add component (AddParameter): Name = "Package Description"; Value = "14-Pin Double In-line Package, Body 19.305 x 6.35 mm, Pitch 2.54 mm"; VariantName = "[No Variations]"
Add component (AddParameter): Name = "Package Quantity"; Value = "25"; VariantName = "[No Variations]"
Add component (AddParameter): Name = "Package Reference"; Value = "N-14"; VariantName = "[No Variations]"
Add component (AddParameter): Name = "Package URL"; Value = "http://www.ti.com/lit/ml/mpdi002c/mpdi002c.pdf"; VariantName = "[No Variations]"
Add component (AddParameter): Name = "Pins"; Value = "14"; VariantName = "[No Variations]"
Add component (AddParameter): Name = "Power"; Value = ""; VariantName = "[No Variations]"
Add component (AddParameter): Name = "RoHS Compliant"; Value = "True"; VariantName = "[No Variations]"
Add component (AddParameter): Name = "Unity Gain Bandwidth Product"; Value = "1.2MHz"; VariantName = "[No Variations]"
Added Component: Designator=Qsense1_S1-S2(VEMT3700)
Added Component: Designator=Qsense1_S3-S4(VEMT3700)
Added Component: Designator=Qsense1_S5-S6(VEMT3700)
Added Component: Designator=Qsense2_S1-S2(VEMT3700)
Added Component: Designator=Qsense2_S3-S4(VEMT3700)
Added Component: Designator=Qsense2_S5-S6(VEMT3700)
Added Component: Designator=R1_S1-S2(RESC0402(1005)_L)
Add component (AddParameter): Name = "Case/Package"; Value = "0402"; VariantName = "[No Variations]"
Add component (AddParameter): Name = "Max Operating Temperature"; Value = "155°C"; VariantName = "[No Variations]"
Add component (AddParameter): Name = "Min Operating Temperature"; Value = "-55°C"; VariantName = "[No Variations]"
Add component (AddParameter): Name = "Mounting Technology"; Value = ""; VariantName = "[No Variations]"
Add component (AddParameter): Name = "Pins"; Value = "2"; VariantName = "[No Variations]"
Add component (AddParameter): Name = "Power"; Value = "63mW"; VariantName = "[No Variations]"
Add component (AddParameter): Name = "RoHS Compliant"; Value = ""; VariantName = "[No Variations]"
Add component (AddParameter): Name = "Tolerance"; Value = "1%"; VariantName = "[No Variations]"
Add component (AddParameter): Name = "Value"; Value = "12k"; VariantName = "[No Variations]"
Add component (AddParameter): Name = "Voltage Rating"; Value = ""; VariantName = "[No Variations]"
Added Component: Designator=R1_S3-S4(RESC0402(1005)_L)
Add component (AddParameter): Name = "Case/Package"; Value = "0402"; VariantName = "[No Variations]"
Add component (AddParameter): Name = "Max Operating Temperature"; Value = "155°C"; VariantName = "[No Variations]"
Add component (AddParameter): Name = "Min Operating Temperature"; Value = "-55°C"; VariantName = "[No Variations]"
Add component (AddParameter): Name = "Mounting Technology"; Value = ""; VariantName = "[No Variations]"
Add component (AddParameter): Name = "Pins"; Value = "2"; VariantName = "[No Variations]"
Add component (AddParameter): Name = "Power"; Value = "63mW"; VariantName = "[No Variations]"
Add component (AddParameter): Name = "RoHS Compliant"; Value = ""; VariantName = "[No Variations]"
Add component (AddParameter): Name = "Tolerance"; Value = "1%"; VariantName = "[No Variations]"
Add component (AddParameter): Name = "Value"; Value = "12k"; VariantName = "[No Variations]"
Add component (AddParameter): Name = "Voltage Rating"; Value = ""; VariantName = "[No Variations]"
Added Component: Designator=R1_S5-S6(RESC0402(1005)_L)
Add component (AddParameter): Name = "Case/Package"; Value = "0402"; VariantName = "[No Variations]"
Add component (AddParameter): Name = "Max Operating Temperature"; Value = "155°C"; VariantName = "[No Variations]"
Add component (AddParameter): Name = "Min Operating Temperature"; Value = "-55°C"; VariantName = "[No Variations]"
Add component (AddParameter): Name = "Mounting Technology"; Value = ""; VariantName = "[No Variations]"
Add component (AddParameter): Name = "Pins"; Value = "2"; VariantName = "[No Variations]"
Add component (AddParameter): Name = "Power"; Value = "63mW"; VariantName = "[No Variations]"
Add component (AddParameter): Name = "RoHS Compliant"; Value = ""; VariantName = "[No Variations]"
Add component (AddParameter): Name = "Tolerance"; Value = "1%"; VariantName = "[No Variations]"
Add component (AddParameter): Name = "Value"; Value = "12k"; VariantName = "[No Variations]"
Add component (AddParameter): Name = "Voltage Rating"; Value = ""; VariantName = "[No Variations]"
Added Component: Designator=R2_S1-S2(RESC0402(1005)_L)
Add component (AddParameter): Name = "Case/Package"; Value = "0402"; VariantName = "[No Variations]"
Add component (AddParameter): Name = "Max Operating Temperature"; Value = "155°C"; VariantName = "[No Variations]"
Add component (AddParameter): Name = "Min Operating Temperature"; Value = "-55°C"; VariantName = "[No Variations]"
Add component (AddParameter): Name = "Mounting Technology"; Value = ""; VariantName = "[No Variations]"
Add component (AddParameter): Name = "Pins"; Value = "2"; VariantName = "[No Variations]"
Add component (AddParameter): Name = "Power"; Value = "63mW"; VariantName = "[No Variations]"
Add component (AddParameter): Name = "RoHS Compliant"; Value = ""; VariantName = "[No Variations]"
Add component (AddParameter): Name = "Tolerance"; Value = "1%"; VariantName = "[No Variations]"
Add component (AddParameter): Name = "Value"; Value = "220k"; VariantName = "[No Variations]"
Add component (AddParameter): Name = "Voltage Rating"; Value = ""; VariantName = "[No Variations]"
Added Component: Designator=R2_S3-S4(RESC0402(1005)_L)
Add component (AddParameter): Name = "Case/Package"; Value = "0402"; VariantName = "[No Variations]"
Add component (AddParameter): Name = "Max Operating Temperature"; Value = "155°C"; VariantName = "[No Variations]"
Add component (AddParameter): Name = "Min Operating Temperature"; Value = "-55°C"; VariantName = "[No Variations]"
Add component (AddParameter): Name = "Mounting Technology"; Value = ""; VariantName = "[No Variations]"
Add component (AddParameter): Name = "Pins"; Value = "2"; VariantName = "[No Variations]"
Add component (AddParameter): Name = "Power"; Value = "63mW"; VariantName = "[No Variations]"
Add component (AddParameter): Name = "RoHS Compliant"; Value = ""; VariantName = "[No Variations]"
Add component (AddParameter): Name = "Tolerance"; Value = "1%"; VariantName = "[No Variations]"
Add component (AddParameter): Name = "Value"; Value = "220k"; VariantName = "[No Variations]"
Add component (AddParameter): Name = "Voltage Rating"; Value = ""; VariantName = "[No Variations]"
Added Component: Designator=R2_S5-S6(RESC0402(1005)_L)
Add component (AddParameter): Name = "Case/Package"; Value = "0402"; VariantName = "[No Variations]"
Add component (AddParameter): Name = "Max Operating Temperature"; Value = "155°C"; VariantName = "[No Variations]"
Add component (AddParameter): Name = "Min Operating Temperature"; Value = "-55°C"; VariantName = "[No Variations]"
Add component (AddParameter): Name = "Mounting Technology"; Value = ""; VariantName = "[No Variations]"
Add component (AddParameter): Name = "Pins"; Value = "2"; VariantName = "[No Variations]"
Add component (AddParameter): Name = "Power"; Value = "63mW"; VariantName = "[No Variations]"
Add component (AddParameter): Name = "RoHS Compliant"; Value = ""; VariantName = "[No Variations]"
Add component (AddParameter): Name = "Tolerance"; Value = "1%"; VariantName = "[No Variations]"
Add component (AddParameter): Name = "Value"; Value = "220k"; VariantName = "[No Variations]"
Add component (AddParameter): Name = "Voltage Rating"; Value = ""; VariantName = "[No Variations]"
Added Component: Designator=R3_S1-S2(RESC0402(1005)_L)
Add component (AddParameter): Name = "Case/Package"; Value = "0402"; VariantName = "[No Variations]"
Add component (AddParameter): Name = "Max Operating Temperature"; Value = "155°C"; VariantName = "[No Variations]"
Add component (AddParameter): Name = "Min Operating Temperature"; Value = "-55°C"; VariantName = "[No Variations]"
Add component (AddParameter): Name = "Mounting Technology"; Value = ""; VariantName = "[No Variations]"
Add component (AddParameter): Name = "Pins"; Value = "2"; VariantName = "[No Variations]"
Add component (AddParameter): Name = "Power"; Value = "63mW"; VariantName = "[No Variations]"
Add component (AddParameter): Name = "RoHS Compliant"; Value = ""; VariantName = "[No Variations]"
Add component (AddParameter): Name = "Tolerance"; Value = "1%"; VariantName = "[No Variations]"
Add component (AddParameter): Name = "Value"; Value = "12k"; VariantName = "[No Variations]"
Add component (AddParameter): Name = "Voltage Rating"; Value = ""; VariantName = "[No Variations]"
Added Component: Designator=R3_S3-S4(RESC0402(1005)_L)
Add component (AddParameter): Name = "Case/Package"; Value = "0402"; VariantName = "[No Variations]"
Add component (AddParameter): Name = "Max Operating Temperature"; Value = "155°C"; VariantName = "[No Variations]"
Add component (AddParameter): Name = "Min Operating Temperature"; Value = "-55°C"; VariantName = "[No Variations]"
Add component (AddParameter): Name = "Mounting Technology"; Value = ""; VariantName = "[No Variations]"
Add component (AddParameter): Name = "Pins"; Value = "2"; VariantName = "[No Variations]"
Add component (AddParameter): Name = "Power"; Value = "63mW"; VariantName = "[No Variations]"
Add component (AddParameter): Name = "RoHS Compliant"; Value = ""; VariantName = "[No Variations]"
Add component (AddParameter): Name = "Tolerance"; Value = "1%"; VariantName = "[No Variations]"
Add component (AddParameter): Name = "Value"; Value = "12k"; VariantName = "[No Variations]"
Add component (AddParameter): Name = "Voltage Rating"; Value = ""; VariantName = "[No Variations]"
Added Component: Designator=R3_S5-S6(RESC0402(1005)_L)
Add component (AddParameter): Name = "Case/Package"; Value = "0402"; VariantName = "[No Variations]"
Add component (AddParameter): Name = "Max Operating Temperature"; Value = "155°C"; VariantName = "[No Variations]"
Add component (AddParameter): Name = "Min Operating Temperature"; Value = "-55°C"; VariantName = "[No Variations]"
Add component (AddParameter): Name = "Mounting Technology"; Value = ""; VariantName = "[No Variations]"
Add component (AddParameter): Name = "Pins"; Value = "2"; VariantName = "[No Variations]"
Add component (AddParameter): Name = "Power"; Value = "63mW"; VariantName = "[No Variations]"
Add component (AddParameter): Name = "RoHS Compliant"; Value = ""; VariantName = "[No Variations]"
Add component (AddParameter): Name = "Tolerance"; Value = "1%"; VariantName = "[No Variations]"
Add component (AddParameter): Name = "Value"; Value = "12k"; VariantName = "[No Variations]"
Add component (AddParameter): Name = "Voltage Rating"; Value = ""; VariantName = "[No Variations]"
Added Component: Designator=R4_S1-S2(RESC0402(1005)_L)
Add component (AddParameter): Name = "Case/Package"; Value = "0402"; VariantName = "[No Variations]"
Add component (AddParameter): Name = "Max Operating Temperature"; Value = "155°C"; VariantName = "[No Variations]"
Add component (AddParameter): Name = "Min Operating Temperature"; Value = "-55°C"; VariantName = "[No Variations]"
Add component (AddParameter): Name = "Mounting Technology"; Value = ""; VariantName = "[No Variations]"
Add component (AddParameter): Name = "Pins"; Value = "2"; VariantName = "[No Variations]"
Add component (AddParameter): Name = "Power"; Value = "63mW"; VariantName = "[No Variations]"
Add component (AddParameter): Name = "RoHS Compliant"; Value = ""; VariantName = "[No Variations]"
Add component (AddParameter): Name = "Tolerance"; Value = "1%"; VariantName = "[No Variations]"
Add component (AddParameter): Name = "Value"; Value = "240k"; VariantName = "[No Variations]"
Add component (AddParameter): Name = "Voltage Rating"; Value = ""; VariantName = "[No Variations]"
Added Component: Designator=R4_S3-S4(RESC0402(1005)_L)
Add component (AddParameter): Name = "Case/Package"; Value = "0402"; VariantName = "[No Variations]"
Add component (AddParameter): Name = "Max Operating Temperature"; Value = "155°C"; VariantName = "[No Variations]"
Add component (AddParameter): Name = "Min Operating Temperature"; Value = "-55°C"; VariantName = "[No Variations]"
Add component (AddParameter): Name = "Mounting Technology"; Value = ""; VariantName = "[No Variations]"
Add component (AddParameter): Name = "Pins"; Value = "2"; VariantName = "[No Variations]"
Add component (AddParameter): Name = "Power"; Value = "63mW"; VariantName = "[No Variations]"
Add component (AddParameter): Name = "RoHS Compliant"; Value = ""; VariantName = "[No Variations]"
Add component (AddParameter): Name = "Tolerance"; Value = "1%"; VariantName = "[No Variations]"
Add component (AddParameter): Name = "Value"; Value = "240k"; VariantName = "[No Variations]"
Add component (AddParameter): Name = "Voltage Rating"; Value = ""; VariantName = "[No Variations]"
Added Component: Designator=R4_S5-S6(RESC0402(1005)_L)
Add component (AddParameter): Name = "Case/Package"; Value = "0402"; VariantName = "[No Variations]"
Add component (AddParameter): Name = "Max Operating Temperature"; Value = "155°C"; VariantName = "[No Variations]"
Add component (AddParameter): Name = "Min Operating Temperature"; Value = "-55°C"; VariantName = "[No Variations]"
Add component (AddParameter): Name = "Mounting Technology"; Value = ""; VariantName = "[No Variations]"
Add component (AddParameter): Name = "Pins"; Value = "2"; VariantName = "[No Variations]"
Add component (AddParameter): Name = "Power"; Value = "63mW"; VariantName = "[No Variations]"
Add component (AddParameter): Name = "RoHS Compliant"; Value = ""; VariantName = "[No Variations]"
Add component (AddParameter): Name = "Tolerance"; Value = "1%"; VariantName = "[No Variations]"
Add component (AddParameter): Name = "Value"; Value = "240k"; VariantName = "[No Variations]"
Add component (AddParameter): Name = "Voltage Rating"; Value = ""; VariantName = "[No Variations]"
Added Component: Designator=R5_S1-S2(RESC3216X60X45ML15T20)
Add component (AddParameter): Name = "Case/Package"; Value = "1206"; VariantName = "[No Variations]"
Add component (AddParameter): Name = "Max Operating Temperature"; Value = "155°C"; VariantName = "[No Variations]"
Add component (AddParameter): Name = "Min Operating Temperature"; Value = "-55°C"; VariantName = "[No Variations]"
Add component (AddParameter): Name = "Mounting Technology"; Value = "SM"; VariantName = "[No Variations]"
Add component (AddParameter): Name = "Pins"; Value = "2"; VariantName = "[No Variations]"
Add component (AddParameter): Name = "Power"; Value = "250mW"; VariantName = "[No Variations]"
Add component (AddParameter): Name = "RoHS Compliant"; Value = "True"; VariantName = "[No Variations]"
Add component (AddParameter): Name = "Tolerance"; Value = "1%"; VariantName = "[No Variations]"
Add component (AddParameter): Name = "Value"; Value = "10k"; VariantName = "[No Variations]"
Add component (AddParameter): Name = "Voltage Rating"; Value = "200V"; VariantName = "[No Variations]"
Added Component: Designator=R5_S3-S4(RESC3216X60X45ML15T20)
Add component (AddParameter): Name = "Case/Package"; Value = "1206"; VariantName = "[No Variations]"
Add component (AddParameter): Name = "Max Operating Temperature"; Value = "155°C"; VariantName = "[No Variations]"
Add component (AddParameter): Name = "Min Operating Temperature"; Value = "-55°C"; VariantName = "[No Variations]"
Add component (AddParameter): Name = "Mounting Technology"; Value = "SM"; VariantName = "[No Variations]"
Add component (AddParameter): Name = "Pins"; Value = "2"; VariantName = "[No Variations]"
Add component (AddParameter): Name = "Power"; Value = "250mW"; VariantName = "[No Variations]"
Add component (AddParameter): Name = "RoHS Compliant"; Value = "True"; VariantName = "[No Variations]"
Add component (AddParameter): Name = "Tolerance"; Value = "1%"; VariantName = "[No Variations]"
Add component (AddParameter): Name = "Value"; Value = "10k"; VariantName = "[No Variations]"
Add component (AddParameter): Name = "Voltage Rating"; Value = "200V"; VariantName = "[No Variations]"
Added Component: Designator=R5_S5-S6(RESC3216X60X45ML15T20)
Add component (AddParameter): Name = "Case/Package"; Value = "1206"; VariantName = "[No Variations]"
Add component (AddParameter): Name = "Max Operating Temperature"; Value = "155°C"; VariantName = "[No Variations]"
Add component (AddParameter): Name = "Min Operating Temperature"; Value = "-55°C"; VariantName = "[No Variations]"
Add component (AddParameter): Name = "Mounting Technology"; Value = "SM"; VariantName = "[No Variations]"
Add component (AddParameter): Name = "Pins"; Value = "2"; VariantName = "[No Variations]"
Add component (AddParameter): Name = "Power"; Value = "250mW"; VariantName = "[No Variations]"
Add component (AddParameter): Name = "RoHS Compliant"; Value = "True"; VariantName = "[No Variations]"
Add component (AddParameter): Name = "Tolerance"; Value = "1%"; VariantName = "[No Variations]"
Add component (AddParameter): Name = "Value"; Value = "10k"; VariantName = "[No Variations]"
Add component (AddParameter): Name = "Voltage Rating"; Value = "200V"; VariantName = "[No Variations]"
Added Component: Designator=R11_S1-S2(RESC0402(1005)_L)
Add component (AddParameter): Name = "Case/Package"; Value = "0402"; VariantName = "[No Variations]"
Add component (AddParameter): Name = "Max Operating Temperature"; Value = "155°C"; VariantName = "[No Variations]"
Add component (AddParameter): Name = "Min Operating Temperature"; Value = "-55°C"; VariantName = "[No Variations]"
Add component (AddParameter): Name = "Mounting Technology"; Value = ""; VariantName = "[No Variations]"
Add component (AddParameter): Name = "Pins"; Value = "2"; VariantName = "[No Variations]"
Add component (AddParameter): Name = "Power"; Value = "63mW"; VariantName = "[No Variations]"
Add component (AddParameter): Name = "RoHS Compliant"; Value = ""; VariantName = "[No Variations]"
Add component (AddParameter): Name = "Tolerance"; Value = "1%"; VariantName = "[No Variations]"
Add component (AddParameter): Name = "Value"; Value = "12k"; VariantName = "[No Variations]"
Add component (AddParameter): Name = "Voltage Rating"; Value = ""; VariantName = "[No Variations]"
Added Component: Designator=R11_S3-S4(RESC0402(1005)_L)
Add component (AddParameter): Name = "Case/Package"; Value = "0402"; VariantName = "[No Variations]"
Add component (AddParameter): Name = "Max Operating Temperature"; Value = "155°C"; VariantName = "[No Variations]"
Add component (AddParameter): Name = "Min Operating Temperature"; Value = "-55°C"; VariantName = "[No Variations]"
Add component (AddParameter): Name = "Mounting Technology"; Value = ""; VariantName = "[No Variations]"
Add component (AddParameter): Name = "Pins"; Value = "2"; VariantName = "[No Variations]"
Add component (AddParameter): Name = "Power"; Value = "63mW"; VariantName = "[No Variations]"
Add component (AddParameter): Name = "RoHS Compliant"; Value = ""; VariantName = "[No Variations]"
Add component (AddParameter): Name = "Tolerance"; Value = "1%"; VariantName = "[No Variations]"
Add component (AddParameter): Name = "Value"; Value = "12k"; VariantName = "[No Variations]"
Add component (AddParameter): Name = "Voltage Rating"; Value = ""; VariantName = "[No Variations]"
Added Component: Designator=R11_S5-S6(RESC0402(1005)_L)
Add component (AddParameter): Name = "Case/Package"; Value = "0402"; VariantName = "[No Variations]"
Add component (AddParameter): Name = "Max Operating Temperature"; Value = "155°C"; VariantName = "[No Variations]"
Add component (AddParameter): Name = "Min Operating Temperature"; Value = "-55°C"; VariantName = "[No Variations]"
Add component (AddParameter): Name = "Mounting Technology"; Value = ""; VariantName = "[No Variations]"
Add component (AddParameter): Name = "Pins"; Value = "2"; VariantName = "[No Variations]"
Add component (AddParameter): Name = "Power"; Value = "63mW"; VariantName = "[No Variations]"
Add component (AddParameter): Name = "RoHS Compliant"; Value = ""; VariantName = "[No Variations]"
Add component (AddParameter): Name = "Tolerance"; Value = "1%"; VariantName = "[No Variations]"
Add component (AddParameter): Name = "Value"; Value = "12k"; VariantName = "[No Variations]"
Add component (AddParameter): Name = "Voltage Rating"; Value = ""; VariantName = "[No Variations]"
Added Component: Designator=R12_S1-S2(RESC0402(1005)_L)
Add component (AddParameter): Name = "Case/Package"; Value = "0402"; VariantName = "[No Variations]"
Add component (AddParameter): Name = "Max Operating Temperature"; Value = "155°C"; VariantName = "[No Variations]"
Add component (AddParameter): Name = "Min Operating Temperature"; Value = "-55°C"; VariantName = "[No Variations]"
Add component (AddParameter): Name = "Mounting Technology"; Value = ""; VariantName = "[No Variations]"
Add component (AddParameter): Name = "Pins"; Value = "2"; VariantName = "[No Variations]"
Add component (AddParameter): Name = "Power"; Value = "63mW"; VariantName = "[No Variations]"
Add component (AddParameter): Name = "RoHS Compliant"; Value = ""; VariantName = "[No Variations]"
Add component (AddParameter): Name = "Tolerance"; Value = "1%"; VariantName = "[No Variations]"
Add component (AddParameter): Name = "Value"; Value = "220k"; VariantName = "[No Variations]"
Add component (AddParameter): Name = "Voltage Rating"; Value = ""; VariantName = "[No Variations]"
Added Component: Designator=R12_S3-S4(RESC0402(1005)_L)
Add component (AddParameter): Name = "Case/Package"; Value = "0402"; VariantName = "[No Variations]"
Add component (AddParameter): Name = "Max Operating Temperature"; Value = "155°C"; VariantName = "[No Variations]"
Add component (AddParameter): Name = "Min Operating Temperature"; Value = "-55°C"; VariantName = "[No Variations]"
Add component (AddParameter): Name = "Mounting Technology"; Value = ""; VariantName = "[No Variations]"
Add component (AddParameter): Name = "Pins"; Value = "2"; VariantName = "[No Variations]"
Add component (AddParameter): Name = "Power"; Value = "63mW"; VariantName = "[No Variations]"
Add component (AddParameter): Name = "RoHS Compliant"; Value = ""; VariantName = "[No Variations]"
Add component (AddParameter): Name = "Tolerance"; Value = "1%"; VariantName = "[No Variations]"
Add component (AddParameter): Name = "Value"; Value = "220k"; VariantName = "[No Variations]"
Add component (AddParameter): Name = "Voltage Rating"; Value = ""; VariantName = "[No Variations]"
Added Component: Designator=R12_S5-S6(RESC0402(1005)_L)
Add component (AddParameter): Name = "Case/Package"; Value = "0402"; VariantName = "[No Variations]"
Add component (AddParameter): Name = "Max Operating Temperature"; Value = "155°C"; VariantName = "[No Variations]"
Add component (AddParameter): Name = "Min Operating Temperature"; Value = "-55°C"; VariantName = "[No Variations]"
Add component (AddParameter): Name = "Mounting Technology"; Value = ""; VariantName = "[No Variations]"
Add component (AddParameter): Name = "Pins"; Value = "2"; VariantName = "[No Variations]"
Add component (AddParameter): Name = "Power"; Value = "63mW"; VariantName = "[No Variations]"
Add component (AddParameter): Name = "RoHS Compliant"; Value = ""; VariantName = "[No Variations]"
Add component (AddParameter): Name = "Tolerance"; Value = "1%"; VariantName = "[No Variations]"
Add component (AddParameter): Name = "Value"; Value = "220k"; VariantName = "[No Variations]"
Add component (AddParameter): Name = "Voltage Rating"; Value = ""; VariantName = "[No Variations]"
Added Component: Designator=R13_S1-S2(RESC0402(1005)_L)
Add component (AddParameter): Name = "Case/Package"; Value = "0402"; VariantName = "[No Variations]"
Add component (AddParameter): Name = "Max Operating Temperature"; Value = "155°C"; VariantName = "[No Variations]"
Add component (AddParameter): Name = "Min Operating Temperature"; Value = "-55°C"; VariantName = "[No Variations]"
Add component (AddParameter): Name = "Mounting Technology"; Value = ""; VariantName = "[No Variations]"
Add component (AddParameter): Name = "Pins"; Value = "2"; VariantName = "[No Variations]"
Add component (AddParameter): Name = "Power"; Value = "63mW"; VariantName = "[No Variations]"
Add component (AddParameter): Name = "RoHS Compliant"; Value = ""; VariantName = "[No Variations]"
Add component (AddParameter): Name = "Tolerance"; Value = "1%"; VariantName = "[No Variations]"
Add component (AddParameter): Name = "Value"; Value = "56k"; VariantName = "[No Variations]"
Add component (AddParameter): Name = "Voltage Rating"; Value = ""; VariantName = "[No Variations]"
Added Component: Designator=R13_S3-S4(RESC0402(1005)_L)
Add component (AddParameter): Name = "Case/Package"; Value = "0402"; VariantName = "[No Variations]"
Add component (AddParameter): Name = "Max Operating Temperature"; Value = "155°C"; VariantName = "[No Variations]"
Add component (AddParameter): Name = "Min Operating Temperature"; Value = "-55°C"; VariantName = "[No Variations]"
Add component (AddParameter): Name = "Mounting Technology"; Value = ""; VariantName = "[No Variations]"
Add component (AddParameter): Name = "Pins"; Value = "2"; VariantName = "[No Variations]"
Add component (AddParameter): Name = "Power"; Value = "63mW"; VariantName = "[No Variations]"
Add component (AddParameter): Name = "RoHS Compliant"; Value = ""; VariantName = "[No Variations]"
Add component (AddParameter): Name = "Tolerance"; Value = "1%"; VariantName = "[No Variations]"
Add component (AddParameter): Name = "Value"; Value = "56k"; VariantName = "[No Variations]"
Add component (AddParameter): Name = "Voltage Rating"; Value = ""; VariantName = "[No Variations]"
Added Component: Designator=R13_S5-S6(RESC0402(1005)_L)
Add component (AddParameter): Name = "Case/Package"; Value = "0402"; VariantName = "[No Variations]"
Add component (AddParameter): Name = "Max Operating Temperature"; Value = "155°C"; VariantName = "[No Variations]"
Add component (AddParameter): Name = "Min Operating Temperature"; Value = "-55°C"; VariantName = "[No Variations]"
Add component (AddParameter): Name = "Mounting Technology"; Value = ""; VariantName = "[No Variations]"
Add component (AddParameter): Name = "Pins"; Value = "2"; VariantName = "[No Variations]"
Add component (AddParameter): Name = "Power"; Value = "63mW"; VariantName = "[No Variations]"
Add component (AddParameter): Name = "RoHS Compliant"; Value = ""; VariantName = "[No Variations]"
Add component (AddParameter): Name = "Tolerance"; Value = "1%"; VariantName = "[No Variations]"
Add component (AddParameter): Name = "Value"; Value = "56k"; VariantName = "[No Variations]"
Add component (AddParameter): Name = "Voltage Rating"; Value = ""; VariantName = "[No Variations]"
Added Component: Designator=R14_S1-S2(RESC0402(1005)_L)
Add component (AddParameter): Name = "Case/Package"; Value = "0402"; VariantName = "[No Variations]"
Add component (AddParameter): Name = "Max Operating Temperature"; Value = "155°C"; VariantName = "[No Variations]"
Add component (AddParameter): Name = "Min Operating Temperature"; Value = "-55°C"; VariantName = "[No Variations]"
Add component (AddParameter): Name = "Mounting Technology"; Value = ""; VariantName = "[No Variations]"
Add component (AddParameter): Name = "Pins"; Value = "2"; VariantName = "[No Variations]"
Add component (AddParameter): Name = "Power"; Value = "63mW"; VariantName = "[No Variations]"
Add component (AddParameter): Name = "RoHS Compliant"; Value = ""; VariantName = "[No Variations]"
Add component (AddParameter): Name = "Tolerance"; Value = "1%"; VariantName = "[No Variations]"
Add component (AddParameter): Name = "Value"; Value = "240k"; VariantName = "[No Variations]"
Add component (AddParameter): Name = "Voltage Rating"; Value = ""; VariantName = "[No Variations]"
Added Component: Designator=R14_S3-S4(RESC0402(1005)_L)
Add component (AddParameter): Name = "Case/Package"; Value = "0402"; VariantName = "[No Variations]"
Add component (AddParameter): Name = "Max Operating Temperature"; Value = "155°C"; VariantName = "[No Variations]"
Add component (AddParameter): Name = "Min Operating Temperature"; Value = "-55°C"; VariantName = "[No Variations]"
Add component (AddParameter): Name = "Mounting Technology"; Value = ""; VariantName = "[No Variations]"
Add component (AddParameter): Name = "Pins"; Value = "2"; VariantName = "[No Variations]"
Add component (AddParameter): Name = "Power"; Value = "63mW"; VariantName = "[No Variations]"
Add component (AddParameter): Name = "RoHS Compliant"; Value = ""; VariantName = "[No Variations]"
Add component (AddParameter): Name = "Tolerance"; Value = "1%"; VariantName = "[No Variations]"
Add component (AddParameter): Name = "Value"; Value = "240k"; VariantName = "[No Variations]"
Add component (AddParameter): Name = "Voltage Rating"; Value = ""; VariantName = "[No Variations]"
Added Component: Designator=R14_S5-S6(RESC0402(1005)_L)
Add component (AddParameter): Name = "Case/Package"; Value = "0402"; VariantName = "[No Variations]"
Add component (AddParameter): Name = "Max Operating Temperature"; Value = "155°C"; VariantName = "[No Variations]"
Add component (AddParameter): Name = "Min Operating Temperature"; Value = "-55°C"; VariantName = "[No Variations]"
Add component (AddParameter): Name = "Mounting Technology"; Value = ""; VariantName = "[No Variations]"
Add component (AddParameter): Name = "Pins"; Value = "2"; VariantName = "[No Variations]"
Add component (AddParameter): Name = "Power"; Value = "63mW"; VariantName = "[No Variations]"
Add component (AddParameter): Name = "RoHS Compliant"; Value = ""; VariantName = "[No Variations]"
Add component (AddParameter): Name = "Tolerance"; Value = "1%"; VariantName = "[No Variations]"
Add component (AddParameter): Name = "Value"; Value = "240k"; VariantName = "[No Variations]"
Add component (AddParameter): Name = "Voltage Rating"; Value = ""; VariantName = "[No Variations]"
Added Component: Designator=R15_S1-S2(RESC3216X60X45ML15T20)
Add component (AddParameter): Name = "Case/Package"; Value = "1206"; VariantName = "[No Variations]"
Add component (AddParameter): Name = "Max Operating Temperature"; Value = "155°C"; VariantName = "[No Variations]"
Add component (AddParameter): Name = "Min Operating Temperature"; Value = "-55°C"; VariantName = "[No Variations]"
Add component (AddParameter): Name = "Mounting Technology"; Value = "SM"; VariantName = "[No Variations]"
Add component (AddParameter): Name = "Pins"; Value = "2"; VariantName = "[No Variations]"
Add component (AddParameter): Name = "Power"; Value = "250mW"; VariantName = "[No Variations]"
Add component (AddParameter): Name = "RoHS Compliant"; Value = "True"; VariantName = "[No Variations]"
Add component (AddParameter): Name = "Tolerance"; Value = "1%"; VariantName = "[No Variations]"
Add component (AddParameter): Name = "Value"; Value = "10k"; VariantName = "[No Variations]"
Add component (AddParameter): Name = "Voltage Rating"; Value = "200V"; VariantName = "[No Variations]"
Added Component: Designator=R15_S3-S4(RESC3216X60X45ML15T20)
Add component (AddParameter): Name = "Case/Package"; Value = "1206"; VariantName = "[No Variations]"
Add component (AddParameter): Name = "Max Operating Temperature"; Value = "155°C"; VariantName = "[No Variations]"
Add component (AddParameter): Name = "Min Operating Temperature"; Value = "-55°C"; VariantName = "[No Variations]"
Add component (AddParameter): Name = "Mounting Technology"; Value = "SM"; VariantName = "[No Variations]"
Add component (AddParameter): Name = "Pins"; Value = "2"; VariantName = "[No Variations]"
Add component (AddParameter): Name = "Power"; Value = "250mW"; VariantName = "[No Variations]"
Add component (AddParameter): Name = "RoHS Compliant"; Value = "True"; VariantName = "[No Variations]"
Add component (AddParameter): Name = "Tolerance"; Value = "1%"; VariantName = "[No Variations]"
Add component (AddParameter): Name = "Value"; Value = "10k"; VariantName = "[No Variations]"
Add component (AddParameter): Name = "Voltage Rating"; Value = "200V"; VariantName = "[No Variations]"
Added Component: Designator=R15_S5-S6(RESC3216X60X45ML15T20)
Add component (AddParameter): Name = "Case/Package"; Value = "1206"; VariantName = "[No Variations]"
Add component (AddParameter): Name = "Max Operating Temperature"; Value = "155°C"; VariantName = "[No Variations]"
Add component (AddParameter): Name = "Min Operating Temperature"; Value = "-55°C"; VariantName = "[No Variations]"
Add component (AddParameter): Name = "Mounting Technology"; Value = "SM"; VariantName = "[No Variations]"
Add component (AddParameter): Name = "Pins"; Value = "2"; VariantName = "[No Variations]"
Add component (AddParameter): Name = "Power"; Value = "250mW"; VariantName = "[No Variations]"
Add component (AddParameter): Name = "RoHS Compliant"; Value = "True"; VariantName = "[No Variations]"
Add component (AddParameter): Name = "Tolerance"; Value = "1%"; VariantName = "[No Variations]"
Add component (AddParameter): Name = "Value"; Value = "10k"; VariantName = "[No Variations]"
Add component (AddParameter): Name = "Voltage Rating"; Value = "200V"; VariantName = "[No Variations]"
Added Component: Designator=Rhp1_S1-S2(RESC0402(1005)_L)
Add component (AddParameter): Name = "Case/Package"; Value = "0402"; VariantName = "[No Variations]"
Add component (AddParameter): Name = "Max Operating Temperature"; Value = "155°C"; VariantName = "[No Variations]"
Add component (AddParameter): Name = "Min Operating Temperature"; Value = "-55°C"; VariantName = "[No Variations]"
Add component (AddParameter): Name = "Mounting Technology"; Value = ""; VariantName = "[No Variations]"
Add component (AddParameter): Name = "Pins"; Value = "2"; VariantName = "[No Variations]"
Add component (AddParameter): Name = "Power"; Value = "63mW"; VariantName = "[No Variations]"
Add component (AddParameter): Name = "RoHS Compliant"; Value = ""; VariantName = "[No Variations]"
Add component (AddParameter): Name = "Tolerance"; Value = "5%"; VariantName = "[No Variations]"
Add component (AddParameter): Name = "Value"; Value = "2k"; VariantName = "[No Variations]"
Add component (AddParameter): Name = "Voltage Rating"; Value = ""; VariantName = "[No Variations]"
Added Component: Designator=Rhp1_S3-S4(RESC0402(1005)_L)
Add component (AddParameter): Name = "Case/Package"; Value = "0402"; VariantName = "[No Variations]"
Add component (AddParameter): Name = "Max Operating Temperature"; Value = "155°C"; VariantName = "[No Variations]"
Add component (AddParameter): Name = "Min Operating Temperature"; Value = "-55°C"; VariantName = "[No Variations]"
Add component (AddParameter): Name = "Mounting Technology"; Value = ""; VariantName = "[No Variations]"
Add component (AddParameter): Name = "Pins"; Value = "2"; VariantName = "[No Variations]"
Add component (AddParameter): Name = "Power"; Value = "63mW"; VariantName = "[No Variations]"
Add component (AddParameter): Name = "RoHS Compliant"; Value = ""; VariantName = "[No Variations]"
Add component (AddParameter): Name = "Tolerance"; Value = "5%"; VariantName = "[No Variations]"
Add component (AddParameter): Name = "Value"; Value = "2k"; VariantName = "[No Variations]"
Add component (AddParameter): Name = "Voltage Rating"; Value = ""; VariantName = "[No Variations]"
Added Component: Designator=Rhp1_S5-S6(RESC0402(1005)_L)
Add component (AddParameter): Name = "Case/Package"; Value = "0402"; VariantName = "[No Variations]"
Add component (AddParameter): Name = "Max Operating Temperature"; Value = "155°C"; VariantName = "[No Variations]"
Add component (AddParameter): Name = "Min Operating Temperature"; Value = "-55°C"; VariantName = "[No Variations]"
Add component (AddParameter): Name = "Mounting Technology"; Value = ""; VariantName = "[No Variations]"
Add component (AddParameter): Name = "Pins"; Value = "2"; VariantName = "[No Variations]"
Add component (AddParameter): Name = "Power"; Value = "63mW"; VariantName = "[No Variations]"
Add component (AddParameter): Name = "RoHS Compliant"; Value = ""; VariantName = "[No Variations]"
Add component (AddParameter): Name = "Tolerance"; Value = "5%"; VariantName = "[No Variations]"
Add component (AddParameter): Name = "Value"; Value = "2k"; VariantName = "[No Variations]"
Add component (AddParameter): Name = "Voltage Rating"; Value = ""; VariantName = "[No Variations]"
Added Component: Designator=Rhp2_S1-S2(RESC0402(1005)_L)
Add component (AddParameter): Name = "Case/Package"; Value = "0402"; VariantName = "[No Variations]"
Add component (AddParameter): Name = "Max Operating Temperature"; Value = "155°C"; VariantName = "[No Variations]"
Add component (AddParameter): Name = "Min Operating Temperature"; Value = "-55°C"; VariantName = "[No Variations]"
Add component (AddParameter): Name = "Mounting Technology"; Value = ""; VariantName = "[No Variations]"
Add component (AddParameter): Name = "Pins"; Value = "2"; VariantName = "[No Variations]"
Add component (AddParameter): Name = "Power"; Value = "63mW"; VariantName = "[No Variations]"
Add component (AddParameter): Name = "RoHS Compliant"; Value = ""; VariantName = "[No Variations]"
Add component (AddParameter): Name = "Tolerance"; Value = "5%"; VariantName = "[No Variations]"
Add component (AddParameter): Name = "Value"; Value = "2k"; VariantName = "[No Variations]"
Add component (AddParameter): Name = "Voltage Rating"; Value = ""; VariantName = "[No Variations]"
Added Component: Designator=Rhp2_S3-S4(RESC0402(1005)_L)
Add component (AddParameter): Name = "Case/Package"; Value = "0402"; VariantName = "[No Variations]"
Add component (AddParameter): Name = "Max Operating Temperature"; Value = "155°C"; VariantName = "[No Variations]"
Add component (AddParameter): Name = "Min Operating Temperature"; Value = "-55°C"; VariantName = "[No Variations]"
Add component (AddParameter): Name = "Mounting Technology"; Value = ""; VariantName = "[No Variations]"
Add component (AddParameter): Name = "Pins"; Value = "2"; VariantName = "[No Variations]"
Add component (AddParameter): Name = "Power"; Value = "63mW"; VariantName = "[No Variations]"
Add component (AddParameter): Name = "RoHS Compliant"; Value = ""; VariantName = "[No Variations]"
Add component (AddParameter): Name = "Tolerance"; Value = "5%"; VariantName = "[No Variations]"
Add component (AddParameter): Name = "Value"; Value = "2k"; VariantName = "[No Variations]"
Add component (AddParameter): Name = "Voltage Rating"; Value = ""; VariantName = "[No Variations]"
Added Component: Designator=Rhp2_S5-S6(RESC0402(1005)_L)
Add component (AddParameter): Name = "Case/Package"; Value = "0402"; VariantName = "[No Variations]"
Add component (AddParameter): Name = "Max Operating Temperature"; Value = "155°C"; VariantName = "[No Variations]"
Add component (AddParameter): Name = "Min Operating Temperature"; Value = "-55°C"; VariantName = "[No Variations]"
Add component (AddParameter): Name = "Mounting Technology"; Value = ""; VariantName = "[No Variations]"
Add component (AddParameter): Name = "Pins"; Value = "2"; VariantName = "[No Variations]"
Add component (AddParameter): Name = "Power"; Value = "63mW"; VariantName = "[No Variations]"
Add component (AddParameter): Name = "RoHS Compliant"; Value = ""; VariantName = "[No Variations]"
Add component (AddParameter): Name = "Tolerance"; Value = "5%"; VariantName = "[No Variations]"
Add component (AddParameter): Name = "Value"; Value = "2k"; VariantName = "[No Variations]"
Add component (AddParameter): Name = "Voltage Rating"; Value = ""; VariantName = "[No Variations]"
Added Component: Designator=Rsen1_S1-S2(RESC1005X40X25ML05T05)
Add component (AddParameter): Name = "Case/Package"; Value = "0402"; VariantName = "[No Variations]"
Add component (AddParameter): Name = "Max Operating Temperature"; Value = "155°C"; VariantName = "[No Variations]"
Add component (AddParameter): Name = "Min Operating Temperature"; Value = "-55°C"; VariantName = "[No Variations]"
Add component (AddParameter): Name = "Mounting Technology"; Value = "SM"; VariantName = "[No Variations]"
Add component (AddParameter): Name = "Pins"; Value = "2"; VariantName = "[No Variations]"
Add component (AddParameter): Name = "Power"; Value = "63mW"; VariantName = "[No Variations]"
Add component (AddParameter): Name = "RoHS Compliant"; Value = "True"; VariantName = "[No Variations]"
Add component (AddParameter): Name = "Tolerance"; Value = "1%"; VariantName = "[No Variations]"
Add component (AddParameter): Name = "Value"; Value = "100k"; VariantName = "[No Variations]"
Add component (AddParameter): Name = "Voltage Rating"; Value = "50V"; VariantName = "[No Variations]"
Added Component: Designator=Rsen1_S3-S4(RESC1005X40X25ML05T05)
Add component (AddParameter): Name = "Case/Package"; Value = "0402"; VariantName = "[No Variations]"
Add component (AddParameter): Name = "Max Operating Temperature"; Value = "155°C"; VariantName = "[No Variations]"
Add component (AddParameter): Name = "Min Operating Temperature"; Value = "-55°C"; VariantName = "[No Variations]"
Add component (AddParameter): Name = "Mounting Technology"; Value = "SM"; VariantName = "[No Variations]"
Add component (AddParameter): Name = "Pins"; Value = "2"; VariantName = "[No Variations]"
Add component (AddParameter): Name = "Power"; Value = "63mW"; VariantName = "[No Variations]"
Add component (AddParameter): Name = "RoHS Compliant"; Value = "True"; VariantName = "[No Variations]"
Add component (AddParameter): Name = "Tolerance"; Value = "1%"; VariantName = "[No Variations]"
Add component (AddParameter): Name = "Value"; Value = "100k"; VariantName = "[No Variations]"
Add component (AddParameter): Name = "Voltage Rating"; Value = "50V"; VariantName = "[No Variations]"
Added Component: Designator=Rsen1_S5-S6(RESC1005X40X25ML05T05)
Add component (AddParameter): Name = "Case/Package"; Value = "0402"; VariantName = "[No Variations]"
Add component (AddParameter): Name = "Max Operating Temperature"; Value = "155°C"; VariantName = "[No Variations]"
Add component (AddParameter): Name = "Min Operating Temperature"; Value = "-55°C"; VariantName = "[No Variations]"
Add component (AddParameter): Name = "Mounting Technology"; Value = "SM"; VariantName = "[No Variations]"
Add component (AddParameter): Name = "Pins"; Value = "2"; VariantName = "[No Variations]"
Add component (AddParameter): Name = "Power"; Value = "63mW"; VariantName = "[No Variations]"
Add component (AddParameter): Name = "RoHS Compliant"; Value = "True"; VariantName = "[No Variations]"
Add component (AddParameter): Name = "Tolerance"; Value = "1%"; VariantName = "[No Variations]"
Add component (AddParameter): Name = "Value"; Value = "100k"; VariantName = "[No Variations]"
Add component (AddParameter): Name = "Voltage Rating"; Value = "50V"; VariantName = "[No Variations]"
Added Component: Designator=Rsen2_S1-S2(RESC1005X40X25ML05T05)
Add component (AddParameter): Name = "Case/Package"; Value = "0402"; VariantName = "[No Variations]"
Add component (AddParameter): Name = "Max Operating Temperature"; Value = "155°C"; VariantName = "[No Variations]"
Add component (AddParameter): Name = "Min Operating Temperature"; Value = "-55°C"; VariantName = "[No Variations]"
Add component (AddParameter): Name = "Mounting Technology"; Value = "SM"; VariantName = "[No Variations]"
Add component (AddParameter): Name = "Pins"; Value = "2"; VariantName = "[No Variations]"
Add component (AddParameter): Name = "Power"; Value = "63mW"; VariantName = "[No Variations]"
Add component (AddParameter): Name = "RoHS Compliant"; Value = "True"; VariantName = "[No Variations]"
Add component (AddParameter): Name = "Tolerance"; Value = "1%"; VariantName = "[No Variations]"
Add component (AddParameter): Name = "Value"; Value = "100k"; VariantName = "[No Variations]"
Add component (AddParameter): Name = "Voltage Rating"; Value = "50V"; VariantName = "[No Variations]"
Added Component: Designator=Rsen2_S3-S4(RESC1005X40X25ML05T05)
Add component (AddParameter): Name = "Case/Package"; Value = "0402"; VariantName = "[No Variations]"
Add component (AddParameter): Name = "Max Operating Temperature"; Value = "155°C"; VariantName = "[No Variations]"
Add component (AddParameter): Name = "Min Operating Temperature"; Value = "-55°C"; VariantName = "[No Variations]"
Add component (AddParameter): Name = "Mounting Technology"; Value = "SM"; VariantName = "[No Variations]"
Add component (AddParameter): Name = "Pins"; Value = "2"; VariantName = "[No Variations]"
Add component (AddParameter): Name = "Power"; Value = "63mW"; VariantName = "[No Variations]"
Add component (AddParameter): Name = "RoHS Compliant"; Value = "True"; VariantName = "[No Variations]"
Add component (AddParameter): Name = "Tolerance"; Value = "1%"; VariantName = "[No Variations]"
Add component (AddParameter): Name = "Value"; Value = "100k"; VariantName = "[No Variations]"
Add component (AddParameter): Name = "Voltage Rating"; Value = "50V"; VariantName = "[No Variations]"
Added Component: Designator=Rsen2_S5-S6(RESC1005X40X25ML05T05)
Add component (AddParameter): Name = "Case/Package"; Value = "0402"; VariantName = "[No Variations]"
Add component (AddParameter): Name = "Max Operating Temperature"; Value = "155°C"; VariantName = "[No Variations]"
Add component (AddParameter): Name = "Min Operating Temperature"; Value = "-55°C"; VariantName = "[No Variations]"
Add component (AddParameter): Name = "Mounting Technology"; Value = "SM"; VariantName = "[No Variations]"
Add component (AddParameter): Name = "Pins"; Value = "2"; VariantName = "[No Variations]"
Add component (AddParameter): Name = "Power"; Value = "63mW"; VariantName = "[No Variations]"
Add component (AddParameter): Name = "RoHS Compliant"; Value = "True"; VariantName = "[No Variations]"
Add component (AddParameter): Name = "Tolerance"; Value = "1%"; VariantName = "[No Variations]"
Add component (AddParameter): Name = "Value"; Value = "100k"; VariantName = "[No Variations]"
Add component (AddParameter): Name = "Voltage Rating"; Value = "50V"; VariantName = "[No Variations]"
Added Pin To Net: NetName=GND Pin=+5V-3
Added Pin To Net: NetName=GND Pin=+5V-4
Added Pin To Net: NetName=NetD1_A Pin=D1-A
Added Pin To Net: NetName=GND Pin=D1-K
Added Pin To Net: NetName=NetD2_A Pin=D2-A
Added Pin To Net: NetName=GND Pin=D2-K
Added Pin To Net: NetName=NetD3_A Pin=D3-A
Added Pin To Net: NetName=GND Pin=D3-K
Added Pin To Net: NetName=GND Pin=Oa12_S1-S2-11
Added Pin To Net: NetName=GND Pin=Oa12_S3-S4-11
Added Pin To Net: NetName=GND Pin=Oa12_S5-S6-11
Added Pin To Net: NetName=GND Pin=R1_S1-S2-1
Added Pin To Net: NetName=GND Pin=R1_S3-S4-1
Added Pin To Net: NetName=GND Pin=R1_S5-S6-1
Added Pin To Net: NetName=GND Pin=R5_S1-S2-2
Added Pin To Net: NetName=GND Pin=R5_S3-S4-2
Added Pin To Net: NetName=GND Pin=R5_S5-S6-2
Add Pin To Net: Unknown Pin: Pin R6-2
Add Pin To Net: Unknown Pin: Pin R7-2
Add Pin To Net: Unknown Pin: Pin R8-2
Added Pin To Net: NetName=GND Pin=R11_S1-S2-1
Added Pin To Net: NetName=GND Pin=R11_S3-S4-1
Added Pin To Net: NetName=GND Pin=R11_S5-S6-1
Added Pin To Net: NetName=GND Pin=R15_S1-S2-2
Added Pin To Net: NetName=GND Pin=R15_S3-S4-2
Added Pin To Net: NetName=GND Pin=R15_S5-S6-2
Added Pin To Net: NetName=GND Pin=Rhp1_S1-S2-2
Added Pin To Net: NetName=GND Pin=Rhp1_S3-S4-2
Added Pin To Net: NetName=GND Pin=Rhp1_S5-S6-2
Added Pin To Net: NetName=GND Pin=Rhp2_S1-S2-2
Added Pin To Net: NetName=GND Pin=Rhp2_S3-S4-2
Added Pin To Net: NetName=GND Pin=Rhp2_S5-S6-2
Added Pin To Net: NetName=GND Pin=Rsen1_S1-S2-2
Added Pin To Net: NetName=GND Pin=Rsen1_S3-S4-2
Added Pin To Net: NetName=GND Pin=Rsen1_S5-S6-2
Added Pin To Net: NetName=GND Pin=Rsen2_S1-S2-2
Added Pin To Net: NetName=GND Pin=Rsen2_S3-S4-2
Added Pin To Net: NetName=GND Pin=Rsen2_S5-S6-2
Added Pin To Net: NetName=5V_S1-S2 Pin=5V-1
Added Pin To Net: NetName=5V_S1-S2 Pin=5V-2
Added Pin To Net: NetName=5V_S1-S2 Pin=+5V-1
Added Pin To Net: NetName=5V_S1-S2 Pin=+5V-2
Added Pin To Net: NetName=5V_S1-S2 Pin=J13-8
Added Pin To Net: NetName=5V_S1-S2 Pin=J13-9
Added Pin To Net: NetName=5V_S1-S2 Pin=J18-6
Added Pin To Net: NetName=5V_S1-S2 Pin=J18-7
Added Pin To Net: NetName=5V_S1-S2 Pin=Oa12_S1-S2-4
Added Pin To Net: NetName=5V_S1-S2 Pin=Oa12_S3-S4-4
Added Pin To Net: NetName=5V_S1-S2 Pin=Oa12_S5-S6-4
Added Pin To Net: NetName=5V_S1-S2 Pin=Qsense1_S1-S2-1
Added Pin To Net: NetName=5V_S1-S2 Pin=Qsense1_S3-S4-1
Added Pin To Net: NetName=5V_S1-S2 Pin=Qsense1_S5-S6-1
Added Pin To Net: NetName=5V_S1-S2 Pin=Qsense2_S1-S2-1
Added Pin To Net: NetName=5V_S1-S2 Pin=Qsense2_S3-S4-1
Added Pin To Net: NetName=5V_S1-S2 Pin=Qsense2_S5-S6-1
Added Pin To Net: NetName=5V_S1-S2 Pin=R3_S1-S2-1
Added Pin To Net: NetName=5V_S1-S2 Pin=R3_S3-S4-1
Added Pin To Net: NetName=5V_S1-S2 Pin=R3_S5-S6-1
Added Pin To Net: NetName=5V_S1-S2 Pin=R4_S1-S2-1
Added Pin To Net: NetName=5V_S1-S2 Pin=R4_S3-S4-1
Added Pin To Net: NetName=5V_S1-S2 Pin=R4_S5-S6-1
Added Pin To Net: NetName=5V_S1-S2 Pin=R13_S1-S2-1
Added Pin To Net: NetName=5V_S1-S2 Pin=R13_S3-S4-1
Added Pin To Net: NetName=5V_S1-S2 Pin=R13_S5-S6-1
Added Pin To Net: NetName=5V_S1-S2 Pin=R14_S1-S2-1
Added Pin To Net: NetName=5V_S1-S2 Pin=R14_S3-S4-1
Added Pin To Net: NetName=5V_S1-S2 Pin=R14_S5-S6-1
Added Net: Name=5V_S1-S2
Added Pin To Net: NetName=M1IN1 Pin=J13-5
Added Pin To Net: NetName=M1IN1 Pin=P3-6
Added Net: Name=M1IN1
Added Pin To Net: NetName=M1IN2 Pin=J13-4
Added Pin To Net: NetName=M1IN2 Pin=P3-5
Added Net: Name=M1IN2
Added Pin To Net: NetName=M1QA Pin=P15-2
Added Pin To Net: NetName=M1QA Pin=P15-8
Added Net: Name=M1QA
Added Pin To Net: NetName=M1QB Pin=P15-3
Added Pin To Net: NetName=M1QB Pin=P15-7
Added Net: Name=M1QB
Added Pin To Net: NetName=M2IN1 Pin=J18-3
Added Pin To Net: NetName=M2IN1 Pin=P12-3
Added Net: Name=M2IN1
Added Pin To Net: NetName=M2IN2 Pin=J18-2
Added Pin To Net: NetName=M2IN2 Pin=P12-4
Added Net: Name=M2IN2
Added Pin To Net: NetName=M2QA Pin=J18-9
Added Pin To Net: NetName=M2QA Pin=P0-1
Added Net: Name=M2QA
Added Pin To Net: NetName=M2QB Pin=J18-10
Added Pin To Net: NetName=M2QB Pin=P0-2
Added Net: Name=M2QB
Added Pin To Net: NetName=Net5V_3 Pin=5V-3
Added Pin To Net: NetName=Net5V_3 Pin=5V-4
Added Net: Name=Net5V_3
Added Pin To Net: NetName=NetChp1_S1-S2_1 Pin=Chp1_S1-S2-1
Added Pin To Net: NetName=NetChp1_S1-S2_1 Pin=Qsense1_S1-S2-2
Added Pin To Net: NetName=NetChp1_S1-S2_1 Pin=Rsen1_S1-S2-1
Added Net: Name=NetChp1_S1-S2_1
Added Pin To Net: NetName=NetChp1_S1-S2_2 Pin=Chp1_S1-S2-2
Added Pin To Net: NetName=NetChp1_S1-S2_2 Pin=Oa12_S1-S2-3
Added Pin To Net: NetName=NetChp1_S1-S2_2 Pin=Rhp1_S1-S2-1
Added Net: Name=NetChp1_S1-S2_2
Added Pin To Net: NetName=NetChp1_S3-S4_1 Pin=Chp1_S3-S4-1
Added Pin To Net: NetName=NetChp1_S3-S4_1 Pin=Qsense1_S3-S4-2
Added Pin To Net: NetName=NetChp1_S3-S4_1 Pin=Rsen1_S3-S4-1
Added Net: Name=NetChp1_S3-S4_1
Added Pin To Net: NetName=NetChp1_S3-S4_2 Pin=Chp1_S3-S4-2
Added Pin To Net: NetName=NetChp1_S3-S4_2 Pin=Oa12_S3-S4-3
Added Pin To Net: NetName=NetChp1_S3-S4_2 Pin=Rhp1_S3-S4-1
Added Net: Name=NetChp1_S3-S4_2
Added Pin To Net: NetName=NetChp1_S5-S6_1 Pin=Chp1_S5-S6-1
Added Pin To Net: NetName=NetChp1_S5-S6_1 Pin=Qsense1_S5-S6-2
Added Pin To Net: NetName=NetChp1_S5-S6_1 Pin=Rsen1_S5-S6-1
Added Net: Name=NetChp1_S5-S6_1
Added Pin To Net: NetName=NetChp1_S5-S6_2 Pin=Chp1_S5-S6-2
Added Pin To Net: NetName=NetChp1_S5-S6_2 Pin=Oa12_S5-S6-3
Added Pin To Net: NetName=NetChp1_S5-S6_2 Pin=Rhp1_S5-S6-1
Added Net: Name=NetChp1_S5-S6_2
Added Pin To Net: NetName=NetChp2_S1-S2_1 Pin=Chp2_S1-S2-1
Added Pin To Net: NetName=NetChp2_S1-S2_1 Pin=Qsense2_S1-S2-2
Added Pin To Net: NetName=NetChp2_S1-S2_1 Pin=Rsen2_S1-S2-1
Added Net: Name=NetChp2_S1-S2_1
Added Pin To Net: NetName=NetChp2_S1-S2_2 Pin=Chp2_S1-S2-2
Added Pin To Net: NetName=NetChp2_S1-S2_2 Pin=Oa12_S1-S2-10
Added Pin To Net: NetName=NetChp2_S1-S2_2 Pin=Rhp2_S1-S2-1
Added Net: Name=NetChp2_S1-S2_2
Added Pin To Net: NetName=NetChp2_S3-S4_1 Pin=Chp2_S3-S4-1
Added Pin To Net: NetName=NetChp2_S3-S4_1 Pin=Qsense2_S3-S4-2
Added Pin To Net: NetName=NetChp2_S3-S4_1 Pin=Rsen2_S3-S4-1
Added Net: Name=NetChp2_S3-S4_1
Added Pin To Net: NetName=NetChp2_S3-S4_2 Pin=Chp2_S3-S4-2
Added Pin To Net: NetName=NetChp2_S3-S4_2 Pin=Oa12_S3-S4-10
Added Pin To Net: NetName=NetChp2_S3-S4_2 Pin=Rhp2_S3-S4-1
Added Net: Name=NetChp2_S3-S4_2
Added Pin To Net: NetName=NetChp2_S5-S6_1 Pin=Chp2_S5-S6-1
Added Pin To Net: NetName=NetChp2_S5-S6_1 Pin=Qsense2_S5-S6-2
Added Pin To Net: NetName=NetChp2_S5-S6_1 Pin=Rsen2_S5-S6-1
Added Net: Name=NetChp2_S5-S6_1
Added Pin To Net: NetName=NetChp2_S5-S6_2 Pin=Chp2_S5-S6-2
Added Pin To Net: NetName=NetChp2_S5-S6_2 Pin=Oa12_S5-S6-10
Added Pin To Net: NetName=NetChp2_S5-S6_2 Pin=Rhp2_S5-S6-1
Added Net: Name=NetChp2_S5-S6_2
Added Pin To Net: NetName=NetOa12_S1-S2_1 Pin=Oa12_S1-S2-1
Added Pin To Net: NetName=NetOa12_S1-S2_1 Pin=Oa12_S1-S2-5
Added Pin To Net: NetName=NetOa12_S1-S2_1 Pin=R2_S1-S2-2
Added Net: Name=NetOa12_S1-S2_1
Added Pin To Net: NetName=NetOa12_S1-S2_2 Pin=Oa12_S1-S2-2
Added Pin To Net: NetName=NetOa12_S1-S2_2 Pin=R1_S1-S2-2
Added Pin To Net: NetName=NetOa12_S1-S2_2 Pin=R2_S1-S2-1
Added Net: Name=NetOa12_S1-S2_2
Added Pin To Net: NetName=NetOa12_S1-S2_6 Pin=Oa12_S1-S2-6
Added Pin To Net: NetName=NetOa12_S1-S2_6 Pin=R3_S1-S2-2
Added Pin To Net: NetName=NetOa12_S1-S2_6 Pin=R4_S1-S2-2
Added Pin To Net: NetName=NetOa12_S1-S2_6 Pin=R5_S1-S2-1
Added Net: Name=NetOa12_S1-S2_6
Added Pin To Net: NetName=NetOa12_S1-S2_8 Pin=Oa12_S1-S2-8
Added Pin To Net: NetName=NetOa12_S1-S2_8 Pin=Oa12_S1-S2-12
Added Pin To Net: NetName=NetOa12_S1-S2_8 Pin=R12_S1-S2-2
Added Net: Name=NetOa12_S1-S2_8
Added Pin To Net: NetName=NetOa12_S1-S2_9 Pin=Oa12_S1-S2-9
Added Pin To Net: NetName=NetOa12_S1-S2_9 Pin=R11_S1-S2-2
Added Pin To Net: NetName=NetOa12_S1-S2_9 Pin=R12_S1-S2-1
Added Net: Name=NetOa12_S1-S2_9
Added Pin To Net: NetName=NetOa12_S1-S2_13 Pin=Oa12_S1-S2-13
Added Pin To Net: NetName=NetOa12_S1-S2_13 Pin=R13_S1-S2-2
Added Pin To Net: NetName=NetOa12_S1-S2_13 Pin=R14_S1-S2-2
Added Pin To Net: NetName=NetOa12_S1-S2_13 Pin=R15_S1-S2-1
Added Net: Name=NetOa12_S1-S2_13
Added Pin To Net: NetName=NetOa12_S3-S4_1 Pin=Oa12_S3-S4-1
Added Pin To Net: NetName=NetOa12_S3-S4_1 Pin=Oa12_S3-S4-5
Added Pin To Net: NetName=NetOa12_S3-S4_1 Pin=R2_S3-S4-2
Added Net: Name=NetOa12_S3-S4_1
Added Pin To Net: NetName=NetOa12_S3-S4_2 Pin=Oa12_S3-S4-2
Added Pin To Net: NetName=NetOa12_S3-S4_2 Pin=R1_S3-S4-2
Added Pin To Net: NetName=NetOa12_S3-S4_2 Pin=R2_S3-S4-1
Added Net: Name=NetOa12_S3-S4_2
Added Pin To Net: NetName=NetOa12_S3-S4_6 Pin=Oa12_S3-S4-6
Added Pin To Net: NetName=NetOa12_S3-S4_6 Pin=R3_S3-S4-2
Added Pin To Net: NetName=NetOa12_S3-S4_6 Pin=R4_S3-S4-2
Added Pin To Net: NetName=NetOa12_S3-S4_6 Pin=R5_S3-S4-1
Added Net: Name=NetOa12_S3-S4_6
Added Pin To Net: NetName=NetOa12_S3-S4_8 Pin=Oa12_S3-S4-8
Added Pin To Net: NetName=NetOa12_S3-S4_8 Pin=Oa12_S3-S4-12
Added Pin To Net: NetName=NetOa12_S3-S4_8 Pin=R12_S3-S4-2
Added Net: Name=NetOa12_S3-S4_8
Added Pin To Net: NetName=NetOa12_S3-S4_9 Pin=Oa12_S3-S4-9
Added Pin To Net: NetName=NetOa12_S3-S4_9 Pin=R11_S3-S4-2
Added Pin To Net: NetName=NetOa12_S3-S4_9 Pin=R12_S3-S4-1
Added Net: Name=NetOa12_S3-S4_9
Added Pin To Net: NetName=NetOa12_S3-S4_13 Pin=Oa12_S3-S4-13
Added Pin To Net: NetName=NetOa12_S3-S4_13 Pin=R13_S3-S4-2
Added Pin To Net: NetName=NetOa12_S3-S4_13 Pin=R14_S3-S4-2
Added Pin To Net: NetName=NetOa12_S3-S4_13 Pin=R15_S3-S4-1
Added Net: Name=NetOa12_S3-S4_13
Added Pin To Net: NetName=NetOa12_S5-S6_1 Pin=Oa12_S5-S6-1
Added Pin To Net: NetName=NetOa12_S5-S6_1 Pin=Oa12_S5-S6-5
Added Pin To Net: NetName=NetOa12_S5-S6_1 Pin=R2_S5-S6-2
Added Net: Name=NetOa12_S5-S6_1
Added Pin To Net: NetName=NetOa12_S5-S6_2 Pin=Oa12_S5-S6-2
Added Pin To Net: NetName=NetOa12_S5-S6_2 Pin=R1_S5-S6-2
Added Pin To Net: NetName=NetOa12_S5-S6_2 Pin=R2_S5-S6-1
Added Net: Name=NetOa12_S5-S6_2
Added Pin To Net: NetName=NetOa12_S5-S6_6 Pin=Oa12_S5-S6-6
Added Pin To Net: NetName=NetOa12_S5-S6_6 Pin=R3_S5-S6-2
Added Pin To Net: NetName=NetOa12_S5-S6_6 Pin=R4_S5-S6-2
Added Pin To Net: NetName=NetOa12_S5-S6_6 Pin=R5_S5-S6-1
Added Net: Name=NetOa12_S5-S6_6
Added Pin To Net: NetName=NetOa12_S5-S6_8 Pin=Oa12_S5-S6-8
Added Pin To Net: NetName=NetOa12_S5-S6_8 Pin=Oa12_S5-S6-12
Added Pin To Net: NetName=NetOa12_S5-S6_8 Pin=R12_S5-S6-2
Added Net: Name=NetOa12_S5-S6_8
Added Pin To Net: NetName=NetOa12_S5-S6_9 Pin=Oa12_S5-S6-9
Added Pin To Net: NetName=NetOa12_S5-S6_9 Pin=R11_S5-S6-2
Added Pin To Net: NetName=NetOa12_S5-S6_9 Pin=R12_S5-S6-1
Added Net: Name=NetOa12_S5-S6_9
Added Pin To Net: NetName=NetOa12_S5-S6_13 Pin=Oa12_S5-S6-13
Added Pin To Net: NetName=NetOa12_S5-S6_13 Pin=R13_S5-S6-2
Added Pin To Net: NetName=NetOa12_S5-S6_13 Pin=R14_S5-S6-2
Added Pin To Net: NetName=NetOa12_S5-S6_13 Pin=R15_S5-S6-1
Added Net: Name=NetOa12_S5-S6_13
Added Pin To Net: NetName=S1Out Pin=Oa12_S1-S2-7
Added Pin To Net: NetName=S1Out Pin=P0-6
Added Net: Name=S1Out
Added Pin To Net: NetName=S2Out Pin=Oa12_S1-S2-14
Added Pin To Net: NetName=S2Out Pin=P0-7
Added Net: Name=S2Out
Added Pin To Net: NetName=S3Out Pin=Oa12_S3-S4-7
Added Pin To Net: NetName=S3Out Pin=P0-8
Added Net: Name=S3Out
Added Pin To Net: NetName=S4Out Pin=Oa12_S3-S4-14
Added Pin To Net: NetName=S4Out Pin=P1-3
Added Net: Name=S4Out
Added Pin To Net: NetName=S5Out Pin=Oa12_S5-S6-7
Added Pin To Net: NetName=S5Out Pin=P1-5
Added Net: Name=S5Out
Added Pin To Net: NetName=S6Out Pin=Oa12_S5-S6-14
Added Pin To Net: NetName=S6Out Pin=P1-6
Added Net: Name=S6Out
Added Member To Class: ClassName=S1-S2 Member=Component Chp1_S1-S2 (Chp1) Capacitor 470nF +/-20% 25V 0603
Added Member To Class: ClassName=S3-S4 Member=Component Chp1_S3-S4 (Chp1) Capacitor 470nF +/-20% 25V 0603
Added Member To Class: ClassName=S5-S6 Member=Component Chp1_S5-S6 (Chp1) Capacitor 470nF +/-20% 25V 0603
Added Member To Class: ClassName=S1-S2 Member=Component Chp2_S1-S2 (Chp2) Capacitor 470nF +/-20% 25V 0603
Added Member To Class: ClassName=S3-S4 Member=Component Chp2_S3-S4 (Chp2) Capacitor 470nF +/-20% 25V 0603
Added Member To Class: ClassName=S5-S6 Member=Component Chp2_S5-S6 (Chp2) Capacitor 470nF +/-20% 25V 0603
Added Member To Class: ClassName=cs301_4--------------- Member=Component D1 LED_S
Added Member To Class: ClassName=cs301_4--------------- Member=Component D2 LED_S
Added Member To Class: ClassName=cs301_4--------------- Member=Component D3 LED_S
Added Member To Class: ClassName=S1-S2 Member=Component Oa12_S1-S2 (Oa12A) LM324AN
Added Member To Class: ClassName=S3-S4 Member=Component Oa12_S3-S4 (Oa12A) LM324AN
Added Member To Class: ClassName=S5-S6 Member=Component Oa12_S5-S6 (Oa12A) LM324AN
Added Member To Class: ClassName=S1-S2 Member=Component Qsense1_S1-S2 (Qsense1) VEMT3700
Added Member To Class: ClassName=S3-S4 Member=Component Qsense1_S3-S4 (Qsense1) VEMT3700
Added Member To Class: ClassName=S5-S6 Member=Component Qsense1_S5-S6 (Qsense1) VEMT3700
Added Member To Class: ClassName=S1-S2 Member=Component Qsense2_S1-S2 (Qsense2) VEMT3700
Added Member To Class: ClassName=S3-S4 Member=Component Qsense2_S3-S4 (Qsense2) VEMT3700
Added Member To Class: ClassName=S5-S6 Member=Component Qsense2_S5-S6 (Qsense2) VEMT3700
Added Member To Class: ClassName=S1-S2 Member=Component R1_S1-S2 (R1) Resistor 53K6 +/-1 % 0402 63 mW
Added Member To Class: ClassName=S3-S4 Member=Component R1_S3-S4 (R1) Resistor 53K6 +/-1 % 0402 63 mW
Added Member To Class: ClassName=S5-S6 Member=Component R1_S5-S6 (R1) Resistor 53K6 +/-1 % 0402 63 mW
Added Member To Class: ClassName=S1-S2 Member=Component R2_S1-S2 (R2) Resistor 200K +/-1 % 0402 63 mW
Added Member To Class: ClassName=S3-S4 Member=Component R2_S3-S4 (R2) Resistor 200K +/-1 % 0402 63 mW
Added Member To Class: ClassName=S5-S6 Member=Component R2_S5-S6 (R2) Resistor 200K +/-1 % 0402 63 mW
Added Member To Class: ClassName=S1-S2 Member=Component R3_S1-S2 (R3) Resistor 53K6 +/-1 % 0402 63 mW
Added Member To Class: ClassName=S3-S4 Member=Component R3_S3-S4 (R3) Resistor 53K6 +/-1 % 0402 63 mW
Added Member To Class: ClassName=S5-S6 Member=Component R3_S5-S6 (R3) Resistor 53K6 +/-1 % 0402 63 mW
Added Member To Class: ClassName=S1-S2 Member=Component R4_S1-S2 (R4) Resistor 768K +/-1 % 0402 63 mW
Added Member To Class: ClassName=S3-S4 Member=Component R4_S3-S4 (R4) Resistor 768K +/-1 % 0402 63 mW
Added Member To Class: ClassName=S5-S6 Member=Component R4_S5-S6 (R4) Resistor 768K +/-1 % 0402 63 mW
Added Member To Class: ClassName=S1-S2 Member=Component R5_S1-S2 (R5) Resistor 10k +/-1% 1206 250 mW
Added Member To Class: ClassName=S3-S4 Member=Component R5_S3-S4 (R5) Resistor 10k +/-1% 1206 250 mW
Added Member To Class: ClassName=S5-S6 Member=Component R5_S5-S6 (R5) Resistor 10k +/-1% 1206 250 mW
Add Class Member: Failed to add class member : Component R6 Resistor
Add Class Member: Failed to add class member : Component R7 Resistor
Add Class Member: Failed to add class member : Component R8 Resistor
Added Member To Class: ClassName=S1-S2 Member=Component R11_S1-S2 (R11) Resistor 53K6 +/-1 % 0402 63 mW
Added Member To Class: ClassName=S3-S4 Member=Component R11_S3-S4 (R11) Resistor 53K6 +/-1 % 0402 63 mW
Added Member To Class: ClassName=S5-S6 Member=Component R11_S5-S6 (R11) Resistor 53K6 +/-1 % 0402 63 mW
Added Member To Class: ClassName=S1-S2 Member=Component R12_S1-S2 (R12) Resistor 200K +/-1 % 0402 63 mW
Added Member To Class: ClassName=S3-S4 Member=Component R12_S3-S4 (R12) Resistor 200K +/-1 % 0402 63 mW
Added Member To Class: ClassName=S5-S6 Member=Component R12_S5-S6 (R12) Resistor 200K +/-1 % 0402 63 mW
Added Member To Class: ClassName=S1-S2 Member=Component R13_S1-S2 (R13) Resistor 53K6 +/-1 % 0402 63 mW
Added Member To Class: ClassName=S3-S4 Member=Component R13_S3-S4 (R13) Resistor 53K6 +/-1 % 0402 63 mW
Added Member To Class: ClassName=S5-S6 Member=Component R13_S5-S6 (R13) Resistor 53K6 +/-1 % 0402 63 mW
Added Member To Class: ClassName=S1-S2 Member=Component R14_S1-S2 (R14) Resistor 768K +/-1 % 0402 63 mW
Added Member To Class: ClassName=S3-S4 Member=Component R14_S3-S4 (R14) Resistor 768K +/-1 % 0402 63 mW
Added Member To Class: ClassName=S5-S6 Member=Component R14_S5-S6 (R14) Resistor 768K +/-1 % 0402 63 mW
Added Member To Class: ClassName=S1-S2 Member=Component R15_S1-S2 (R15) Resistor 10k +/-1% 1206 250 mW
Added Member To Class: ClassName=S3-S4 Member=Component R15_S3-S4 (R15) Resistor 10k +/-1% 1206 250 mW
Added Member To Class: ClassName=S5-S6 Member=Component R15_S5-S6 (R15) Resistor 10k +/-1% 1206 250 mW
Added Member To Class: ClassName=S1-S2 Member=Component Rhp1_S1-S2 (Rhp1) Resistor 2K +/-5 % 0402 63 mW
Added Member To Class: ClassName=S3-S4 Member=Component Rhp1_S3-S4 (Rhp1) Resistor 2K +/-5 % 0402 63 mW
Added Member To Class: ClassName=S5-S6 Member=Component Rhp1_S5-S6 (Rhp1) Resistor 2K +/-5 % 0402 63 mW
Added Member To Class: ClassName=S1-S2 Member=Component Rhp2_S1-S2 (Rhp2) Resistor 2K +/-5 % 0402 63 mW
Added Member To Class: ClassName=S3-S4 Member=Component Rhp2_S3-S4 (Rhp2) Resistor 2K +/-5 % 0402 63 mW
Added Member To Class: ClassName=S5-S6 Member=Component Rhp2_S5-S6 (Rhp2) Resistor 2K +/-5 % 0402 63 mW
Added Member To Class: ClassName=S1-S2 Member=Component Rsen1_S1-S2 (Rsen1) Resistor 100k +/-1% 0402 63 mW
Added Member To Class: ClassName=S3-S4 Member=Component Rsen1_S3-S4 (Rsen1) Resistor 100k +/-1% 0402 63 mW
Added Member To Class: ClassName=S5-S6 Member=Component Rsen1_S5-S6 (Rsen1) Resistor 100k +/-1% 0402 63 mW
Added Member To Class: ClassName=S1-S2 Member=Component Rsen2_S1-S2 (Rsen2) Resistor 100k +/-1% 0402 63 mW
Added Member To Class: ClassName=S3-S4 Member=Component Rsen2_S3-S4 (Rsen2) Resistor 100k +/-1% 0402 63 mW
Added Member To Class: ClassName=S5-S6 Member=Component Rsen2_S5-S6 (Rsen2) Resistor 100k +/-1% 0402 63 mW
Added Room: Name=cs301_4---------------
